ARM GAS  C:\Users\JEANPI~1\AppData\Local\Temp\cc1Bj5GC.s 			page 1


   1              		.syntax unified
   2              		.cpu cortex-m3
   3              		.fpu softvfp
   4              		.eabi_attribute 20, 1
   5              		.eabi_attribute 21, 1
   6              		.eabi_attribute 23, 3
   7              		.eabi_attribute 24, 1
   8              		.eabi_attribute 25, 1
   9              		.eabi_attribute 26, 1
  10              		.eabi_attribute 30, 1
  11              		.eabi_attribute 34, 1
  12              		.eabi_attribute 18, 4
  13              		.thumb
  14              		.syntax unified
  15              		.file	"main.c"
  16              		.text
  17              	.Ltext0:
  18              		.cfi_sections	.debug_frame
  19              		.section	.text.Timer_ISR,"ax",%progbits
  20              		.align	2
  21              		.global	Timer_ISR
  22              		.thumb
  23              		.thumb_func
  24              		.type	Timer_ISR, %function
  25              	Timer_ISR:
  26              	.LFB67:
  27              		.file 1 "main.c"
   1:main.c        **** #include "project.h"
   2:main.c        **** #include "device.h"
   3:main.c        **** #include "string.h"
   4:main.c        **** #include "project.h"
   5:main.c        **** #include <stdio.h>
   6:main.c        **** #include <stdlib.h>
   7:main.c        **** #define VMAX 400;
   8:main.c        **** 
   9:main.c        **** int flag=1;
  10:main.c        **** char valor[4];
  11:main.c        **** uint8 contador;
  12:main.c        **** volatile uint32 counter,event=0;
  13:main.c        **** volatile uint16 tiempo=0;
  14:main.c        **** volatile uint32 temp,diff1=0;
  15:main.c        **** volatile uint16 pwm_Com=0;
  16:main.c        **** volatile uint16 speed,speed_read=0; //default user_speed;
  17:main.c        **** int flag1=0;
  18:main.c        **** int flag_init=0;
  19:main.c        **** char str[16],str2[16];
  20:main.c        **** 
  21:main.c        **** 
  22:main.c        **** char8 Keypad_1_Key[4][4] = {
  23:main.c        **** 					{'1','2','3','A'},		//Row 0
  24:main.c        **** 					
  25:main.c        **** 					{'4','5','6','B'},		//Row 1
  26:main.c        **** 										
  27:main.c        **** 					{'7','8','9','C'},		//Row 2
  28:main.c        **** 					
  29:main.c        **** 					{'*','0','#','D'}		//Row 3
  30:main.c        **** 				  };
ARM GAS  C:\Users\JEANPI~1\AppData\Local\Temp\cc1Bj5GC.s 			page 2


  31:main.c        **** 
  32:main.c        **** 
  33:main.c        **** 
  34:main.c        **** 
  35:main.c        **** /////////////////convertir velocidad usuario a pwm valor//////////////////
  36:main.c        **** void Convert_Speed(){} 
  37:main.c        **** //////////////////////////////////////////////////////////////////////////
  38:main.c        **** 
  39:main.c        **** ///////////colocamos la velocidad/////////////////////////////////////////
  40:main.c        **** void Set_Speed(){ //Proposito Es Colocar la velocidad  
  41:main.c        ****     PWM_WriteCompare(pwm_Com); 
  42:main.c        **** }
  43:main.c        **** //////////////////////////////////////////////////////////////////////////
  44:main.c        **** 
  45:main.c        **** /////////////////////funcion de control///////////////////////////////////
  46:main.c        **** void Control_Motor(){if(speed_read != speed){pwm_Com++;PWM_WriteCompare(pwm_Com);} } 
  47:main.c        **** //////////////////////////////////////////////////////////////////////////
  48:main.c        **** 
  49:main.c        **** /////////////////////////////configuracion del timer//////////////////////
  50:main.c        **** CY_ISR(Timer_ISR){ //AL SEGUNDO
  28              		.loc 1 50 0
  29              		.cfi_startproc
  30              		@ args = 0, pretend = 0, frame = 0
  31              		@ frame_needed = 0, uses_anonymous_args = 0
  32 0000 10B5     		push	{r4, lr}
  33              		.cfi_def_cfa_offset 8
  34              		.cfi_offset 4, -8
  35              		.cfi_offset 14, -4
  51:main.c        **** if(tiempo<1){
  36              		.loc 1 51 0
  37 0002 114B     		ldr	r3, .L5
  38 0004 1B88     		ldrh	r3, [r3]
  39 0006 9BB2     		uxth	r3, r3
  40 0008 93B9     		cbnz	r3, .L2
  52:main.c        ****     tiempo++;
  41              		.loc 1 52 0
  42 000a 0F4A     		ldr	r2, .L5
  43 000c 1388     		ldrh	r3, [r2]
  44 000e 9BB2     		uxth	r3, r3
  45 0010 0133     		adds	r3, r3, #1
  46 0012 9BB2     		uxth	r3, r3
  47 0014 1380     		strh	r3, [r2]	@ movhi
  53:main.c        ****     diff1=0;
  48              		.loc 1 53 0
  49 0016 0023     		movs	r3, #0
  50 0018 5360     		str	r3, [r2, #4]
  54:main.c        ****     temp=counter;
  51              		.loc 1 54 0
  52 001a 0C4B     		ldr	r3, .L5+4
  53 001c 1968     		ldr	r1, [r3]
  54 001e 0C4B     		ldr	r3, .L5+8
  55 0020 1960     		str	r1, [r3]
  55:main.c        ****     speed_read=temp;
  56              		.loc 1 55 0
  57 0022 1B68     		ldr	r3, [r3]
  58 0024 9BB2     		uxth	r3, r3
  59 0026 1381     		strh	r3, [r2, #8]	@ movhi
ARM GAS  C:\Users\JEANPI~1\AppData\Local\Temp\cc1Bj5GC.s 			page 3


  56:main.c        ****     Pin_2_Write(1);
  60              		.loc 1 56 0
  61 0028 0120     		movs	r0, #1
  62 002a FFF7FEFF 		bl	Pin_2_Write
  63              	.LVL0:
  64 002e 07E0     		b	.L3
  65              	.L2:
  57:main.c        **** }else{
  58:main.c        ****     tiempo=0; 
  66              		.loc 1 58 0
  67 0030 0024     		movs	r4, #0
  68 0032 054B     		ldr	r3, .L5
  69 0034 1C80     		strh	r4, [r3]	@ movhi
  59:main.c        ****     Pin_2_Write(0);
  70              		.loc 1 59 0
  71 0036 2046     		mov	r0, r4
  72 0038 FFF7FEFF 		bl	Pin_2_Write
  73              	.LVL1:
  60:main.c        ****     counter=0;
  74              		.loc 1 60 0
  75 003c 034B     		ldr	r3, .L5+4
  76 003e 1C60     		str	r4, [r3]
  77              	.L3:
  61:main.c        **** }
  62:main.c        ****  isr_1_ClearPending();
  78              		.loc 1 62 0
  79 0040 FFF7FEFF 		bl	isr_1_ClearPending
  80              	.LVL2:
  81 0044 10BD     		pop	{r4, pc}
  82              	.L6:
  83 0046 00BF     		.align	2
  84              	.L5:
  85 0048 00000000 		.word	.LANCHOR0
  86 004c 00000000 		.word	counter
  87 0050 00000000 		.word	temp
  88              		.cfi_endproc
  89              	.LFE67:
  90              		.size	Timer_ISR, .-Timer_ISR
  91              		.section	.text.Encoder_ISR,"ax",%progbits
  92              		.align	2
  93              		.global	Encoder_ISR
  94              		.thumb
  95              		.thumb_func
  96              		.type	Encoder_ISR, %function
  97              	Encoder_ISR:
  98              	.LFB68:
  63:main.c        **** }
  64:main.c        **** //////////////////////////////////////////////////////////////////////////
  65:main.c        **** 
  66:main.c        **** //////////////////funcion de lectura del encoder//////////////////////////
  67:main.c        **** CY_ISR(Encoder_ISR){
  99              		.loc 1 67 0
 100              		.cfi_startproc
 101              		@ args = 0, pretend = 0, frame = 0
 102              		@ frame_needed = 0, uses_anonymous_args = 0
 103 0000 08B5     		push	{r3, lr}
 104              		.cfi_def_cfa_offset 8
ARM GAS  C:\Users\JEANPI~1\AppData\Local\Temp\cc1Bj5GC.s 			page 4


 105              		.cfi_offset 3, -8
 106              		.cfi_offset 14, -4
 107              	.LVL3:
  68:main.c        ****  uint8 flag2=0;
  69:main.c        **** if(Encoder_Read()==1){ 
 108              		.loc 1 69 0
 109 0002 FFF7FEFF 		bl	Encoder_Read
 110              	.LVL4:
 111 0006 0128     		cmp	r0, #1
 112 0008 05D1     		bne	.L10
 113              	.LVL5:
  70:main.c        ****      flag2=1;
  71:main.c        ****      CyDelayUs(2000);
 114              		.loc 1 71 0
 115 000a 4FF4FA60 		mov	r0, #2000
 116 000e FFF7FEFF 		bl	CyDelayUs
 117              	.LVL6:
  70:main.c        ****      flag2=1;
 118              		.loc 1 70 0
 119 0012 0123     		movs	r3, #1
 120 0014 00E0     		b	.L8
 121              	.LVL7:
 122              	.L10:
  68:main.c        ****  uint8 flag2=0;
 123              		.loc 1 68 0
 124 0016 0023     		movs	r3, #0
 125              	.LVL8:
 126              	.L8:
  72:main.c        **** }
  73:main.c        ****      if(flag2==1) 
 127              		.loc 1 73 0
 128 0018 1BB1     		cbz	r3, .L9
  74:main.c        ****      counter++;
 129              		.loc 1 74 0
 130 001a 034A     		ldr	r2, .L12
 131 001c 1368     		ldr	r3, [r2]
 132              	.LVL9:
 133 001e 0133     		adds	r3, r3, #1
 134 0020 1360     		str	r3, [r2]
 135              	.L9:
  75:main.c        ****      Encoder_ClearInterrupt();
 136              		.loc 1 75 0
 137 0022 FFF7FEFF 		bl	Encoder_ClearInterrupt
 138              	.LVL10:
 139 0026 08BD     		pop	{r3, pc}
 140              	.L13:
 141              		.align	2
 142              	.L12:
 143 0028 00000000 		.word	counter
 144              		.cfi_endproc
 145              	.LFE68:
 146              		.size	Encoder_ISR, .-Encoder_ISR
 147              		.section	.text.sync,"ax",%progbits
 148              		.align	2
 149              		.global	sync
 150              		.thumb
 151              		.thumb_func
ARM GAS  C:\Users\JEANPI~1\AppData\Local\Temp\cc1Bj5GC.s 			page 5


 152              		.type	sync, %function
 153              	sync:
 154              	.LFB69:
  76:main.c        **** }
  77:main.c        **** //////////////////////////////////////////////////////////////////////////
  78:main.c        **** 
  79:main.c        **** //////////////////funcion de sincronismo y cruce por cero/////////////////
  80:main.c        **** CY_ISR(sync){
 155              		.loc 1 80 0
 156              		.cfi_startproc
 157              		@ args = 0, pretend = 0, frame = 0
 158              		@ frame_needed = 0, uses_anonymous_args = 0
 159 0000 08B5     		push	{r3, lr}
 160              		.cfi_def_cfa_offset 8
 161              		.cfi_offset 3, -8
 162              		.cfi_offset 14, -4
  81:main.c        ****  flag_init=(flag1==1)?1:0;
 163              		.loc 1 81 0
 164 0002 054A     		ldr	r2, .L16
 165 0004 D368     		ldr	r3, [r2, #12]
 166 0006 012B     		cmp	r3, #1
 167 0008 14BF     		ite	ne
 168 000a 0023     		movne	r3, #0
 169 000c 0123     		moveq	r3, #1
 170 000e 1361     		str	r3, [r2, #16]
  82:main.c        ****  sync_ClearInterrupt();
 171              		.loc 1 82 0
 172 0010 FFF7FEFF 		bl	sync_ClearInterrupt
 173              	.LVL11:
 174 0014 08BD     		pop	{r3, pc}
 175              	.L17:
 176 0016 00BF     		.align	2
 177              	.L16:
 178 0018 00000000 		.word	.LANCHOR0
 179              		.cfi_endproc
 180              	.LFE69:
 181              		.size	sync, .-sync
 182              		.section	.text.press_ISR,"ax",%progbits
 183              		.align	2
 184              		.global	press_ISR
 185              		.thumb
 186              		.thumb_func
 187              		.type	press_ISR, %function
 188              	press_ISR:
 189              	.LFB70:
  83:main.c        **** }
  84:main.c        **** //////////////////////////////////////////////////////////////////////////
  85:main.c        **** 
  86:main.c        **** ////////////////////obtenemos de valor de velocidad///////////////////////
  87:main.c        **** CY_ISR(press_ISR){
 190              		.loc 1 87 0
 191              		.cfi_startproc
 192              		@ args = 0, pretend = 0, frame = 0
 193              		@ frame_needed = 0, uses_anonymous_args = 0
 194 0000 70B5     		push	{r4, r5, r6, lr}
 195              		.cfi_def_cfa_offset 16
 196              		.cfi_offset 4, -16
ARM GAS  C:\Users\JEANPI~1\AppData\Local\Temp\cc1Bj5GC.s 			page 6


 197              		.cfi_offset 5, -12
 198              		.cfi_offset 6, -8
 199              		.cfi_offset 14, -4
 200              	.LVL12:
  88:main.c        **** 
  89:main.c        **** int valid=0;  //variable de control de interrupcion  
  90:main.c        **** int cont=0;// variable de conteo
 201              		.loc 1 90 0
 202 0002 0025     		movs	r5, #0
  89:main.c        **** int cont=0;// variable de conteo
 203              		.loc 1 89 0
 204 0004 2E46     		mov	r6, r5
  91:main.c        **** char t;//variable de letra
  92:main.c        ****     while (valid==0 && flag==1){                   
 205              		.loc 1 92 0
 206 0006 38E0     		b	.L20
 207              	.LVL13:
 208              	.L25:
  93:main.c        ****             LCD_Position(0,0);
 209              		.loc 1 93 0
 210 0008 0021     		movs	r1, #0
 211 000a 0846     		mov	r0, r1
 212 000c FFF7FEFF 		bl	LCD_Position
 213              	.LVL14:
  94:main.c        ****             LCD_PrintString("vel de control");
 214              		.loc 1 94 0
 215 0010 1D48     		ldr	r0, .L27
 216 0012 FFF7FEFF 		bl	LCD_PrintString
 217              	.LVL15:
  95:main.c        ****             t=Keypad_1_GetButton();//obtenemos la letra
 218              		.loc 1 95 0
 219 0016 FFF7FEFF 		bl	Keypad_1_GetButton
 220              	.LVL16:
 221 001a 0446     		mov	r4, r0
 222              	.LVL17:
  96:main.c        ****             CyDelay(200);          //delay necesario para leer bien el teclado 
 223              		.loc 1 96 0
 224 001c C820     		movs	r0, #200
 225 001e FFF7FEFF 		bl	CyDelay
 226              	.LVL18:
  97:main.c        ****             LCD_Position(1,0);
 227              		.loc 1 97 0
 228 0022 0021     		movs	r1, #0
 229 0024 0120     		movs	r0, #1
 230 0026 FFF7FEFF 		bl	LCD_Position
 231              	.LVL19:
  98:main.c        ****             LCD_PrintString("valor:");             
 232              		.loc 1 98 0
 233 002a 1848     		ldr	r0, .L27+4
 234 002c FFF7FEFF 		bl	LCD_PrintString
 235              	.LVL20:
  99:main.c        ****             LCD_Position(1,6+cont);       
 236              		.loc 1 99 0
 237 0030 A91D     		adds	r1, r5, #6
 238 0032 C9B2     		uxtb	r1, r1
 239 0034 0120     		movs	r0, #1
 240 0036 FFF7FEFF 		bl	LCD_Position
ARM GAS  C:\Users\JEANPI~1\AppData\Local\Temp\cc1Bj5GC.s 			page 7


 241              	.LVL21:
 100:main.c        ****             LCD_PutChar(t);
 242              		.loc 1 100 0
 243 003a 2046     		mov	r0, r4
 244 003c FFF7FEFF 		bl	LCD_PutChar
 245              	.LVL22:
 101:main.c        ****             if (Keypad_1_GetButton() == 'A'){//aceptacion de valor introducido
 246              		.loc 1 101 0
 247 0040 FFF7FEFF 		bl	Keypad_1_GetButton
 248              	.LVL23:
 249 0044 4128     		cmp	r0, #65
 250 0046 18D1     		bne	.L20
 102:main.c        ****                 valor[cont]=t;// agregamos valor al array
 251              		.loc 1 102 0
 252 0048 114B     		ldr	r3, .L27+8
 253 004a 5C55     		strb	r4, [r3, r5]
 103:main.c        ****                 CyDelay(300);//delay para leer la aceptacion
 254              		.loc 1 103 0
 255 004c 4FF49670 		mov	r0, #300
 256 0050 FFF7FEFF 		bl	CyDelay
 257              	.LVL24:
 104:main.c        ****                 //LCD_Position(1,6+cont);
 105:main.c        ****                 //LCD_PutChar(valor[cont]);                            
 106:main.c        ****                 cont++;   //amentamos contador
 258              		.loc 1 106 0
 259 0054 0135     		adds	r5, r5, #1
 260              	.LVL25:
 107:main.c        ****                 if ((cont>=4 && Keypad_1_GetButton() == 'B')|| flag==0){ //decicion de salir de int
 261              		.loc 1 107 0
 262 0056 032D     		cmp	r5, #3
 263 0058 03DD     		ble	.L21
 264              		.loc 1 107 0 is_stmt 0 discriminator 1
 265 005a FFF7FEFF 		bl	Keypad_1_GetButton
 266              	.LVL26:
 267 005e 4228     		cmp	r0, #66
 268 0060 02D0     		beq	.L22
 269              	.L21:
 270              		.loc 1 107 0 discriminator 3
 271 0062 0C4B     		ldr	r3, .L27+12
 272 0064 1B68     		ldr	r3, [r3]
 273 0066 43B9     		cbnz	r3, .L20
 274              	.L22:
 275              	.LVL27:
 108:main.c        ****                     valid=1;//terminamos control
 109:main.c        ****                     flag=0;//no dejamos que vuelva a entrar a la interrupcion
 276              		.loc 1 109 0 is_stmt 1
 277 0068 0022     		movs	r2, #0
 278 006a 0A4B     		ldr	r3, .L27+12
 279 006c 1A60     		str	r2, [r3]
 110:main.c        ****                     flag1=1;
 280              		.loc 1 110 0
 281 006e 0A4B     		ldr	r3, .L27+16
 282 0070 0126     		movs	r6, #1
 283 0072 DE60     		str	r6, [r3, #12]
 111:main.c        ****                     flag_init=1;
 284              		.loc 1 111 0
 285 0074 1E61     		str	r6, [r3, #16]
ARM GAS  C:\Users\JEANPI~1\AppData\Local\Temp\cc1Bj5GC.s 			page 8


 112:main.c        ****                     isr_press_ClearPending();
 286              		.loc 1 112 0
 287 0076 FFF7FEFF 		bl	isr_press_ClearPending
 288              	.LVL28:
 289              	.L20:
  92:main.c        ****             LCD_Position(0,0);
 290              		.loc 1 92 0
 291 007a 1EB9     		cbnz	r6, .L18
  92:main.c        ****             LCD_Position(0,0);
 292              		.loc 1 92 0 is_stmt 0 discriminator 1
 293 007c 054B     		ldr	r3, .L27+12
 294 007e 1B68     		ldr	r3, [r3]
 295 0080 012B     		cmp	r3, #1
 296 0082 C1D0     		beq	.L25
 297              	.L18:
 298 0084 70BD     		pop	{r4, r5, r6, pc}
 299              	.LVL29:
 300              	.L28:
 301 0086 00BF     		.align	2
 302              	.L27:
 303 0088 00000000 		.word	.LC0
 304 008c 10000000 		.word	.LC1
 305 0090 00000000 		.word	valor
 306 0094 00000000 		.word	.LANCHOR1
 307 0098 00000000 		.word	.LANCHOR0
 308              		.cfi_endproc
 309              	.LFE70:
 310              		.size	press_ISR, .-press_ISR
 311              		.section	.text.Convert_Speed,"ax",%progbits
 312              		.align	2
 313              		.global	Convert_Speed
 314              		.thumb
 315              		.thumb_func
 316              		.type	Convert_Speed, %function
 317              	Convert_Speed:
 318              	.LFB64:
  36:main.c        **** //////////////////////////////////////////////////////////////////////////
 319              		.loc 1 36 0 is_stmt 1
 320              		.cfi_startproc
 321              		@ args = 0, pretend = 0, frame = 0
 322              		@ frame_needed = 0, uses_anonymous_args = 0
 323              		@ link register save eliminated.
 324 0000 7047     		bx	lr
 325              		.cfi_endproc
 326              	.LFE64:
 327              		.size	Convert_Speed, .-Convert_Speed
 328 0002 00BF     		.section	.text.Set_Speed,"ax",%progbits
 329              		.align	2
 330              		.global	Set_Speed
 331              		.thumb
 332              		.thumb_func
 333              		.type	Set_Speed, %function
 334              	Set_Speed:
 335              	.LFB65:
  40:main.c        ****     PWM_WriteCompare(pwm_Com); 
 336              		.loc 1 40 0
 337              		.cfi_startproc
ARM GAS  C:\Users\JEANPI~1\AppData\Local\Temp\cc1Bj5GC.s 			page 9


 338              		@ args = 0, pretend = 0, frame = 0
 339              		@ frame_needed = 0, uses_anonymous_args = 0
  40:main.c        ****     PWM_WriteCompare(pwm_Com); 
 340              		.loc 1 40 0
 341 0000 08B5     		push	{r3, lr}
 342              		.cfi_def_cfa_offset 8
 343              		.cfi_offset 3, -8
 344              		.cfi_offset 14, -4
  41:main.c        **** }
 345              		.loc 1 41 0
 346 0002 034B     		ldr	r3, .L32
 347 0004 988A     		ldrh	r0, [r3, #20]
 348 0006 80B2     		uxth	r0, r0
 349 0008 FFF7FEFF 		bl	PWM_WriteCompare
 350              	.LVL30:
 351 000c 08BD     		pop	{r3, pc}
 352              	.L33:
 353 000e 00BF     		.align	2
 354              	.L32:
 355 0010 00000000 		.word	.LANCHOR0
 356              		.cfi_endproc
 357              	.LFE65:
 358              		.size	Set_Speed, .-Set_Speed
 359              		.section	.text.Control_Motor,"ax",%progbits
 360              		.align	2
 361              		.global	Control_Motor
 362              		.thumb
 363              		.thumb_func
 364              		.type	Control_Motor, %function
 365              	Control_Motor:
 366              	.LFB66:
  46:main.c        **** //////////////////////////////////////////////////////////////////////////
 367              		.loc 1 46 0
 368              		.cfi_startproc
 369              		@ args = 0, pretend = 0, frame = 0
 370              		@ frame_needed = 0, uses_anonymous_args = 0
 371 0000 08B5     		push	{r3, lr}
 372              		.cfi_def_cfa_offset 8
 373              		.cfi_offset 3, -8
 374              		.cfi_offset 14, -4
  46:main.c        **** //////////////////////////////////////////////////////////////////////////
 375              		.loc 1 46 0
 376 0002 094B     		ldr	r3, .L37
 377 0004 1A89     		ldrh	r2, [r3, #8]
 378 0006 92B2     		uxth	r2, r2
 379 0008 084B     		ldr	r3, .L37+4
 380 000a 1B88     		ldrh	r3, [r3]
 381 000c 9BB2     		uxth	r3, r3
 382 000e 9A42     		cmp	r2, r3
 383 0010 09D0     		beq	.L34
  46:main.c        **** //////////////////////////////////////////////////////////////////////////
 384              		.loc 1 46 0 is_stmt 0 discriminator 1
 385 0012 054A     		ldr	r2, .L37
 386 0014 938A     		ldrh	r3, [r2, #20]
 387 0016 9BB2     		uxth	r3, r3
 388 0018 0133     		adds	r3, r3, #1
 389 001a 9BB2     		uxth	r3, r3
ARM GAS  C:\Users\JEANPI~1\AppData\Local\Temp\cc1Bj5GC.s 			page 10


 390 001c 9382     		strh	r3, [r2, #20]	@ movhi
 391 001e 908A     		ldrh	r0, [r2, #20]
 392 0020 80B2     		uxth	r0, r0
 393 0022 FFF7FEFF 		bl	PWM_WriteCompare
 394              	.LVL31:
 395              	.L34:
 396 0026 08BD     		pop	{r3, pc}
 397              	.L38:
 398              		.align	2
 399              	.L37:
 400 0028 00000000 		.word	.LANCHOR0
 401 002c 00000000 		.word	speed
 402              		.cfi_endproc
 403              	.LFE66:
 404              		.size	Control_Motor, .-Control_Motor
 405              		.section	.text.main,"ax",%progbits
 406              		.align	2
 407              		.global	main
 408              		.thumb
 409              		.thumb_func
 410              		.type	main, %function
 411              	main:
 412              	.LFB71:
 113:main.c        ****                 }
 114:main.c        ****             }
 115:main.c        ****            
 116:main.c        ****     }
 117:main.c        ****     
 118:main.c        **** }
 119:main.c        **** //////////////////////////////////////////////////////////////////////////
 120:main.c        **** 
 121:main.c        **** 
 122:main.c        **** int main(void)
 123:main.c        **** {
 413              		.loc 1 123 0 is_stmt 1
 414              		.cfi_startproc
 415              		@ args = 0, pretend = 0, frame = 0
 416              		@ frame_needed = 0, uses_anonymous_args = 0
 417 0000 10B5     		push	{r4, lr}
 418              		.cfi_def_cfa_offset 8
 419              		.cfi_offset 4, -8
 420              		.cfi_offset 14, -4
 124:main.c        ****     //--------------interrupcione-----------
 125:main.c        ****     CyGlobalIntEnable;
 421              		.loc 1 125 0
 422              		.syntax unified
 423              	@ 125 "main.c" 1
 424 0002 62B6     		CPSIE   i
 425              	@ 0 "" 2
 126:main.c        ****     isr_press_StartEx(press_ISR);
 426              		.loc 1 126 0
 427              		.thumb
 428              		.syntax unified
 429 0004 2248     		ldr	r0, .L43
 430 0006 FFF7FEFF 		bl	isr_press_StartEx
 431              	.LVL32:
 127:main.c        ****     isr_1_StartEx(Timer_ISR);
ARM GAS  C:\Users\JEANPI~1\AppData\Local\Temp\cc1Bj5GC.s 			page 11


 432              		.loc 1 127 0
 433 000a 2248     		ldr	r0, .L43+4
 434 000c FFF7FEFF 		bl	isr_1_StartEx
 435              	.LVL33:
 128:main.c        ****     isr_Encoder_StartEx(Encoder_ISR);
 436              		.loc 1 128 0
 437 0010 2148     		ldr	r0, .L43+8
 438 0012 FFF7FEFF 		bl	isr_Encoder_StartEx
 439              	.LVL34:
 129:main.c        ****     isr_sync_StartEx(sync); 
 440              		.loc 1 129 0
 441 0016 2148     		ldr	r0, .L43+12
 442 0018 FFF7FEFF 		bl	isr_sync_StartEx
 443              	.LVL35:
 130:main.c        ****     
 131:main.c        ****    //--------incio de LCD---------------
 132:main.c        ****     LCD_Start();
 444              		.loc 1 132 0
 445 001c FFF7FEFF 		bl	LCD_Start
 446              	.LVL36:
 133:main.c        ****     
 134:main.c        ****     //----variables--------------      
 135:main.c        ****     event=0;
 447              		.loc 1 135 0
 448 0020 0022     		movs	r2, #0
 449 0022 1F4B     		ldr	r3, .L43+16
 450 0024 9A61     		str	r2, [r3, #24]
 451              	.L41:
 136:main.c        ****     char8 i;
 137:main.c        ****     
 138:main.c        ****     for(;;)
 139:main.c        ****     {
 140:main.c        ****         if(flag_init==1){
 452              		.loc 1 140 0
 453 0026 1E4B     		ldr	r3, .L43+16
 454 0028 1B69     		ldr	r3, [r3, #16]
 455 002a 012B     		cmp	r3, #1
 456 002c 03D1     		bne	.L40
 141:main.c        ****             PWM_Start();
 457              		.loc 1 141 0
 458 002e FFF7FEFF 		bl	PWM_Start
 459              	.LVL37:
 142:main.c        ****             Timer_Start();
 460              		.loc 1 142 0
 461 0032 FFF7FEFF 		bl	Timer_Start
 462              	.LVL38:
 463              	.L40:
 143:main.c        ****         }        
 144:main.c        ****         //LCD_Position(1,2);
 145:main.c        ****         sprintf(str,"%u",speed_read);
 464              		.loc 1 145 0
 465 0036 1A4B     		ldr	r3, .L43+16
 466 0038 1A89     		ldrh	r2, [r3, #8]
 467 003a 1A4C     		ldr	r4, .L43+20
 468 003c 92B2     		uxth	r2, r2
 469 003e 1A49     		ldr	r1, .L43+24
 470 0040 2046     		mov	r0, r4
ARM GAS  C:\Users\JEANPI~1\AppData\Local\Temp\cc1Bj5GC.s 			page 12


 471 0042 FFF7FEFF 		bl	sprintf
 472              	.LVL39:
 146:main.c        ****         //LCD_PrintString(str); 
 147:main.c        ****         //LCD_Position(0,2);       
 148:main.c        ****         //sprintf(str2,"%lu",diff1);
 149:main.c        ****        // LCD_PrintString(str2);
 150:main.c        ****         Set_Speed();
 473              		.loc 1 150 0
 474 0046 FFF7FEFF 		bl	Set_Speed
 475              	.LVL40:
 151:main.c        ****        
 152:main.c        ****         i=speed;   
 476              		.loc 1 152 0
 477 004a 184B     		ldr	r3, .L43+28
 478 004c 1B88     		ldrh	r3, [r3]
 479              	.LVL41:
 153:main.c        ****         CyDelay(200);
 480              		.loc 1 153 0
 481 004e C820     		movs	r0, #200
 482 0050 FFF7FEFF 		bl	CyDelay
 483              	.LVL42:
 154:main.c        ****         LCD_Position(0,0);
 484              		.loc 1 154 0
 485 0054 0021     		movs	r1, #0
 486 0056 0846     		mov	r0, r1
 487 0058 FFF7FEFF 		bl	LCD_Position
 488              	.LVL43:
 155:main.c        ****         LCD_PrintString("Vel control:");
 489              		.loc 1 155 0
 490 005c 1448     		ldr	r0, .L43+32
 491 005e FFF7FEFF 		bl	LCD_PrintString
 492              	.LVL44:
 156:main.c        ****         LCD_Position(0,12);
 493              		.loc 1 156 0
 494 0062 0C21     		movs	r1, #12
 495 0064 0020     		movs	r0, #0
 496 0066 FFF7FEFF 		bl	LCD_Position
 497              	.LVL45:
 157:main.c        ****         LCD_PrintString(valor);//velocidad de control
 498              		.loc 1 157 0
 499 006a 1248     		ldr	r0, .L43+36
 500 006c FFF7FEFF 		bl	LCD_PrintString
 501              	.LVL46:
 158:main.c        ****         LCD_Position(1,0);
 502              		.loc 1 158 0
 503 0070 0021     		movs	r1, #0
 504 0072 0120     		movs	r0, #1
 505 0074 FFF7FEFF 		bl	LCD_Position
 506              	.LVL47:
 159:main.c        ****         LCD_PrintString("Vel sensor:");
 507              		.loc 1 159 0
 508 0078 0F48     		ldr	r0, .L43+40
 509 007a FFF7FEFF 		bl	LCD_PrintString
 510              	.LVL48:
 160:main.c        ****         LCD_Position(01,11);
 511              		.loc 1 160 0
 512 007e 0B21     		movs	r1, #11
ARM GAS  C:\Users\JEANPI~1\AppData\Local\Temp\cc1Bj5GC.s 			page 13


 513 0080 0120     		movs	r0, #1
 514 0082 FFF7FEFF 		bl	LCD_Position
 515              	.LVL49:
 161:main.c        ****         LCD_PrintString(str);//velocidad medida por el sensor
 516              		.loc 1 161 0
 517 0086 2046     		mov	r0, r4
 518 0088 FFF7FEFF 		bl	LCD_PrintString
 519              	.LVL50:
 162:main.c        ****     }
 520              		.loc 1 162 0
 521 008c CBE7     		b	.L41
 522              	.L44:
 523 008e 00BF     		.align	2
 524              	.L43:
 525 0090 00000000 		.word	press_ISR
 526 0094 00000000 		.word	Timer_ISR
 527 0098 00000000 		.word	Encoder_ISR
 528 009c 00000000 		.word	sync
 529 00a0 00000000 		.word	.LANCHOR0
 530 00a4 00000000 		.word	str
 531 00a8 18000000 		.word	.LC2
 532 00ac 00000000 		.word	speed
 533 00b0 1C000000 		.word	.LC3
 534 00b4 00000000 		.word	valor
 535 00b8 2C000000 		.word	.LC4
 536              		.cfi_endproc
 537              	.LFE71:
 538              		.size	main, .-main
 539              		.comm	str2,16,4
 540              		.comm	str,16,4
 541              		.global	flag_init
 542              		.global	flag1
 543              		.global	speed_read
 544              		.comm	speed,2,2
 545              		.global	pwm_Com
 546              		.global	diff1
 547              		.comm	temp,4,4
 548              		.global	tiempo
 549              		.global	event
 550              		.comm	counter,4,4
 551              		.comm	contador,1,1
 552              		.comm	valor,4,4
 553              		.global	flag
 554              		.global	Keypad_1_Key
 555              		.data
 556              		.align	2
 557              		.set	.LANCHOR1,. + 0
 558              		.type	flag, %object
 559              		.size	flag, 4
 560              	flag:
 561 0000 01000000 		.word	1
 562              		.type	Keypad_1_Key, %object
 563              		.size	Keypad_1_Key, 16
 564              	Keypad_1_Key:
 565 0004 31       		.byte	49
 566 0005 32       		.byte	50
 567 0006 33       		.byte	51
ARM GAS  C:\Users\JEANPI~1\AppData\Local\Temp\cc1Bj5GC.s 			page 14


 568 0007 41       		.byte	65
 569 0008 34       		.byte	52
 570 0009 35       		.byte	53
 571 000a 36       		.byte	54
 572 000b 42       		.byte	66
 573 000c 37       		.byte	55
 574 000d 38       		.byte	56
 575 000e 39       		.byte	57
 576 000f 43       		.byte	67
 577 0010 2A       		.byte	42
 578 0011 30       		.byte	48
 579 0012 23       		.byte	35
 580 0013 44       		.byte	68
 581              		.section	.rodata.str1.4,"aMS",%progbits,1
 582              		.align	2
 583              	.LC0:
 584 0000 76656C20 		.ascii	"vel de control\000"
 584      64652063 
 584      6F6E7472 
 584      6F6C00
 585 000f 00       		.space	1
 586              	.LC1:
 587 0010 76616C6F 		.ascii	"valor:\000"
 587      723A00
 588 0017 00       		.space	1
 589              	.LC2:
 590 0018 257500   		.ascii	"%u\000"
 591 001b 00       		.space	1
 592              	.LC3:
 593 001c 56656C20 		.ascii	"Vel control:\000"
 593      636F6E74 
 593      726F6C3A 
 593      00
 594 0029 000000   		.space	3
 595              	.LC4:
 596 002c 56656C20 		.ascii	"Vel sensor:\000"
 596      73656E73 
 596      6F723A00 
 597              		.bss
 598              		.align	2
 599              		.set	.LANCHOR0,. + 0
 600              		.type	tiempo, %object
 601              		.size	tiempo, 2
 602              	tiempo:
 603 0000 0000     		.space	2
 604 0002 0000     		.space	2
 605              		.type	diff1, %object
 606              		.size	diff1, 4
 607              	diff1:
 608 0004 00000000 		.space	4
 609              		.type	speed_read, %object
 610              		.size	speed_read, 2
 611              	speed_read:
 612 0008 0000     		.space	2
 613 000a 0000     		.space	2
 614              		.type	flag1, %object
 615              		.size	flag1, 4
ARM GAS  C:\Users\JEANPI~1\AppData\Local\Temp\cc1Bj5GC.s 			page 15


 616              	flag1:
 617 000c 00000000 		.space	4
 618              		.type	flag_init, %object
 619              		.size	flag_init, 4
 620              	flag_init:
 621 0010 00000000 		.space	4
 622              		.type	pwm_Com, %object
 623              		.size	pwm_Com, 2
 624              	pwm_Com:
 625 0014 0000     		.space	2
 626 0016 0000     		.space	2
 627              		.type	event, %object
 628              		.size	event, 4
 629              	event:
 630 0018 00000000 		.space	4
 631              		.text
 632              	.Letext0:
 633              		.file 2 "c:\\program files (x86)\\cypress\\psoc creator\\4.2\\psoc creator\\import\\gnu\\arm\\5.4.
 634              		.file 3 "c:\\program files (x86)\\cypress\\psoc creator\\4.2\\psoc creator\\import\\gnu\\arm\\5.4.
 635              		.file 4 "Generated_Source\\PSoC5/cytypes.h"
 636              		.file 5 "Generated_Source\\PSoC5/core_cm3.h"
 637              		.file 6 "Generated_Source\\PSoC5/Pin_2.h"
 638              		.file 7 "Generated_Source\\PSoC5/isr_1.h"
 639              		.file 8 "Generated_Source\\PSoC5/Encoder.h"
 640              		.file 9 "Generated_Source\\PSoC5/CyLib.h"
 641              		.file 10 "Generated_Source\\PSoC5/sync.h"
 642              		.file 11 "Generated_Source\\PSoC5/LCD.h"
 643              		.file 12 "Generated_Source\\PSoC5/Keypad_1_Keypad1.h"
 644              		.file 13 "Generated_Source\\PSoC5/isr_press.h"
 645              		.file 14 "Generated_Source\\PSoC5/PWM.h"
 646              		.file 15 "Generated_Source\\PSoC5/isr_Encoder.h"
 647              		.file 16 "Generated_Source\\PSoC5/isr_sync.h"
 648              		.file 17 "Generated_Source\\PSoC5/Timer.h"
 649              		.file 18 "c:\\program files (x86)\\cypress\\psoc creator\\4.2\\psoc creator\\import\\gnu\\arm\\5.4
 650              		.section	.debug_info,"",%progbits
 651              	.Ldebug_info0:
 652 0000 BB060000 		.4byte	0x6bb
 653 0004 0400     		.2byte	0x4
 654 0006 00000000 		.4byte	.Ldebug_abbrev0
 655 000a 04       		.byte	0x4
 656 000b 01       		.uleb128 0x1
 657 000c 17030000 		.4byte	.LASF66
 658 0010 0C       		.byte	0xc
 659 0011 4E020000 		.4byte	.LASF67
 660 0015 D9000000 		.4byte	.LASF68
 661 0019 00000000 		.4byte	.Ldebug_ranges0+0
 662 001d 00000000 		.4byte	0
 663 0021 00000000 		.4byte	.Ldebug_line0
 664 0025 02       		.uleb128 0x2
 665 0026 01       		.byte	0x1
 666 0027 06       		.byte	0x6
 667 0028 A5010000 		.4byte	.LASF0
 668 002c 02       		.uleb128 0x2
 669 002d 01       		.byte	0x1
 670 002e 08       		.byte	0x8
 671 002f 31010000 		.4byte	.LASF1
 672 0033 02       		.uleb128 0x2
ARM GAS  C:\Users\JEANPI~1\AppData\Local\Temp\cc1Bj5GC.s 			page 16


 673 0034 02       		.byte	0x2
 674 0035 05       		.byte	0x5
 675 0036 0B000000 		.4byte	.LASF2
 676 003a 02       		.uleb128 0x2
 677 003b 02       		.byte	0x2
 678 003c 07       		.byte	0x7
 679 003d 28020000 		.4byte	.LASF3
 680 0041 03       		.uleb128 0x3
 681 0042 84020000 		.4byte	.LASF9
 682 0046 02       		.byte	0x2
 683 0047 3F       		.byte	0x3f
 684 0048 4C000000 		.4byte	0x4c
 685 004c 02       		.uleb128 0x2
 686 004d 04       		.byte	0x4
 687 004e 05       		.byte	0x5
 688 004f D0000000 		.4byte	.LASF4
 689 0053 02       		.uleb128 0x2
 690 0054 04       		.byte	0x4
 691 0055 07       		.byte	0x7
 692 0056 55020000 		.4byte	.LASF5
 693 005a 02       		.uleb128 0x2
 694 005b 08       		.byte	0x8
 695 005c 05       		.byte	0x5
 696 005d B6000000 		.4byte	.LASF6
 697 0061 02       		.uleb128 0x2
 698 0062 08       		.byte	0x8
 699 0063 07       		.byte	0x7
 700 0064 B1010000 		.4byte	.LASF7
 701 0068 04       		.uleb128 0x4
 702 0069 04       		.byte	0x4
 703 006a 05       		.byte	0x5
 704 006b 696E7400 		.ascii	"int\000"
 705 006f 02       		.uleb128 0x2
 706 0070 04       		.byte	0x4
 707 0071 07       		.byte	0x7
 708 0072 C8010000 		.4byte	.LASF8
 709 0076 03       		.uleb128 0x3
 710 0077 20020000 		.4byte	.LASF10
 711 007b 03       		.byte	0x3
 712 007c 2C       		.byte	0x2c
 713 007d 41000000 		.4byte	0x41
 714 0081 05       		.uleb128 0x5
 715 0082 7E000000 		.4byte	.LASF11
 716 0086 04       		.byte	0x4
 717 0087 E401     		.2byte	0x1e4
 718 0089 2C000000 		.4byte	0x2c
 719 008d 05       		.uleb128 0x5
 720 008e 6C000000 		.4byte	.LASF12
 721 0092 04       		.byte	0x4
 722 0093 E501     		.2byte	0x1e5
 723 0095 3A000000 		.4byte	0x3a
 724 0099 05       		.uleb128 0x5
 725 009a 47020000 		.4byte	.LASF13
 726 009e 04       		.byte	0x4
 727 009f E601     		.2byte	0x1e6
 728 00a1 53000000 		.4byte	0x53
 729 00a5 02       		.uleb128 0x2
ARM GAS  C:\Users\JEANPI~1\AppData\Local\Temp\cc1Bj5GC.s 			page 17


 730 00a6 04       		.byte	0x4
 731 00a7 04       		.byte	0x4
 732 00a8 A6000000 		.4byte	.LASF14
 733 00ac 02       		.uleb128 0x2
 734 00ad 08       		.byte	0x8
 735 00ae 04       		.byte	0x4
 736 00af 67020000 		.4byte	.LASF15
 737 00b3 05       		.uleb128 0x5
 738 00b4 30000000 		.4byte	.LASF16
 739 00b8 04       		.byte	0x4
 740 00b9 F501     		.2byte	0x1f5
 741 00bb BF000000 		.4byte	0xbf
 742 00bf 02       		.uleb128 0x2
 743 00c0 01       		.byte	0x1
 744 00c1 08       		.byte	0x8
 745 00c2 04020000 		.4byte	.LASF17
 746 00c6 06       		.uleb128 0x6
 747 00c7 8D000000 		.4byte	0x8d
 748 00cb 06       		.uleb128 0x6
 749 00cc 99000000 		.4byte	0x99
 750 00d0 02       		.uleb128 0x2
 751 00d1 08       		.byte	0x8
 752 00d2 04       		.byte	0x4
 753 00d3 61010000 		.4byte	.LASF18
 754 00d7 02       		.uleb128 0x2
 755 00d8 04       		.byte	0x4
 756 00d9 07       		.byte	0x7
 757 00da 27000000 		.4byte	.LASF19
 758 00de 07       		.uleb128 0x7
 759 00df 7A020000 		.4byte	.LASF20
 760 00e3 01       		.byte	0x1
 761 00e4 32       		.byte	0x32
 762 00e5 00000000 		.4byte	.LFB67
 763 00e9 54000000 		.4byte	.LFE67-.LFB67
 764 00ed 01       		.uleb128 0x1
 765 00ee 9C       		.byte	0x9c
 766 00ef 24010000 		.4byte	0x124
 767 00f3 08       		.uleb128 0x8
 768 00f4 2E000000 		.4byte	.LVL0
 769 00f8 D7050000 		.4byte	0x5d7
 770 00fc 06010000 		.4byte	0x106
 771 0100 09       		.uleb128 0x9
 772 0101 01       		.uleb128 0x1
 773 0102 50       		.byte	0x50
 774 0103 01       		.uleb128 0x1
 775 0104 31       		.byte	0x31
 776 0105 00       		.byte	0
 777 0106 08       		.uleb128 0x8
 778 0107 3C000000 		.4byte	.LVL1
 779 010b D7050000 		.4byte	0x5d7
 780 010f 1A010000 		.4byte	0x11a
 781 0113 09       		.uleb128 0x9
 782 0114 01       		.uleb128 0x1
 783 0115 50       		.byte	0x50
 784 0116 02       		.uleb128 0x2
 785 0117 74       		.byte	0x74
 786 0118 00       		.sleb128 0
ARM GAS  C:\Users\JEANPI~1\AppData\Local\Temp\cc1Bj5GC.s 			page 18


 787 0119 00       		.byte	0
 788 011a 0A       		.uleb128 0xa
 789 011b 44000000 		.4byte	.LVL2
 790 011f E2050000 		.4byte	0x5e2
 791 0123 00       		.byte	0
 792 0124 07       		.uleb128 0x7
 793 0125 D5010000 		.4byte	.LASF21
 794 0129 01       		.byte	0x1
 795 012a 43       		.byte	0x43
 796 012b 00000000 		.4byte	.LFB68
 797 012f 2C000000 		.4byte	.LFE68-.LFB68
 798 0133 01       		.uleb128 0x1
 799 0134 9C       		.byte	0x9c
 800 0135 70010000 		.4byte	0x170
 801 0139 0B       		.uleb128 0xb
 802 013a 8A000000 		.4byte	.LASF24
 803 013e 01       		.byte	0x1
 804 013f 44       		.byte	0x44
 805 0140 81000000 		.4byte	0x81
 806 0144 00000000 		.4byte	.LLST0
 807 0148 0A       		.uleb128 0xa
 808 0149 06000000 		.4byte	.LVL4
 809 014d ED050000 		.4byte	0x5ed
 810 0151 08       		.uleb128 0x8
 811 0152 12000000 		.4byte	.LVL6
 812 0156 F8050000 		.4byte	0x5f8
 813 015a 66010000 		.4byte	0x166
 814 015e 09       		.uleb128 0x9
 815 015f 01       		.uleb128 0x1
 816 0160 50       		.byte	0x50
 817 0161 03       		.uleb128 0x3
 818 0162 0A       		.byte	0xa
 819 0163 D007     		.2byte	0x7d0
 820 0165 00       		.byte	0
 821 0166 0A       		.uleb128 0xa
 822 0167 26000000 		.4byte	.LVL10
 823 016b 03060000 		.4byte	0x603
 824 016f 00       		.byte	0
 825 0170 07       		.uleb128 0x7
 826 0171 42020000 		.4byte	.LASF22
 827 0175 01       		.byte	0x1
 828 0176 50       		.byte	0x50
 829 0177 00000000 		.4byte	.LFB69
 830 017b 1C000000 		.4byte	.LFE69-.LFB69
 831 017f 01       		.uleb128 0x1
 832 0180 9C       		.byte	0x9c
 833 0181 8F010000 		.4byte	0x18f
 834 0185 0A       		.uleb128 0xa
 835 0186 14000000 		.4byte	.LVL11
 836 018a 0E060000 		.4byte	0x60e
 837 018e 00       		.byte	0
 838 018f 07       		.uleb128 0x7
 839 0190 AC000000 		.4byte	.LASF23
 840 0194 01       		.byte	0x1
 841 0195 57       		.byte	0x57
 842 0196 00000000 		.4byte	.LFB70
 843 019a 9C000000 		.4byte	.LFE70-.LFB70
ARM GAS  C:\Users\JEANPI~1\AppData\Local\Temp\cc1Bj5GC.s 			page 19


 844 019e 01       		.uleb128 0x1
 845 019f 9C       		.byte	0x9c
 846 01a0 A8020000 		.4byte	0x2a8
 847 01a4 0B       		.uleb128 0xb
 848 01a5 00000000 		.4byte	.LASF25
 849 01a9 01       		.byte	0x1
 850 01aa 59       		.byte	0x59
 851 01ab 68000000 		.4byte	0x68
 852 01af 37000000 		.4byte	.LLST1
 853 01b3 0B       		.uleb128 0xb
 854 01b4 A1000000 		.4byte	.LASF26
 855 01b8 01       		.byte	0x1
 856 01b9 5A       		.byte	0x5a
 857 01ba 68000000 		.4byte	0x68
 858 01be 6D000000 		.4byte	.LLST2
 859 01c2 0C       		.uleb128 0xc
 860 01c3 7400     		.ascii	"t\000"
 861 01c5 01       		.byte	0x1
 862 01c6 5B       		.byte	0x5b
 863 01c7 BF000000 		.4byte	0xbf
 864 01cb 8C000000 		.4byte	.LLST3
 865 01cf 08       		.uleb128 0x8
 866 01d0 10000000 		.4byte	.LVL14
 867 01d4 19060000 		.4byte	0x619
 868 01d8 E7010000 		.4byte	0x1e7
 869 01dc 09       		.uleb128 0x9
 870 01dd 01       		.uleb128 0x1
 871 01de 50       		.byte	0x50
 872 01df 01       		.uleb128 0x1
 873 01e0 30       		.byte	0x30
 874 01e1 09       		.uleb128 0x9
 875 01e2 01       		.uleb128 0x1
 876 01e3 51       		.byte	0x51
 877 01e4 01       		.uleb128 0x1
 878 01e5 30       		.byte	0x30
 879 01e6 00       		.byte	0
 880 01e7 08       		.uleb128 0x8
 881 01e8 16000000 		.4byte	.LVL15
 882 01ec 24060000 		.4byte	0x624
 883 01f0 FE010000 		.4byte	0x1fe
 884 01f4 09       		.uleb128 0x9
 885 01f5 01       		.uleb128 0x1
 886 01f6 50       		.byte	0x50
 887 01f7 05       		.uleb128 0x5
 888 01f8 03       		.byte	0x3
 889 01f9 00000000 		.4byte	.LC0
 890 01fd 00       		.byte	0
 891 01fe 0A       		.uleb128 0xa
 892 01ff 1A000000 		.4byte	.LVL16
 893 0203 2F060000 		.4byte	0x62f
 894 0207 08       		.uleb128 0x8
 895 0208 22000000 		.4byte	.LVL18
 896 020c 3A060000 		.4byte	0x63a
 897 0210 1B020000 		.4byte	0x21b
 898 0214 09       		.uleb128 0x9
 899 0215 01       		.uleb128 0x1
 900 0216 50       		.byte	0x50
ARM GAS  C:\Users\JEANPI~1\AppData\Local\Temp\cc1Bj5GC.s 			page 20


 901 0217 02       		.uleb128 0x2
 902 0218 08       		.byte	0x8
 903 0219 C8       		.byte	0xc8
 904 021a 00       		.byte	0
 905 021b 08       		.uleb128 0x8
 906 021c 2A000000 		.4byte	.LVL19
 907 0220 19060000 		.4byte	0x619
 908 0224 33020000 		.4byte	0x233
 909 0228 09       		.uleb128 0x9
 910 0229 01       		.uleb128 0x1
 911 022a 50       		.byte	0x50
 912 022b 01       		.uleb128 0x1
 913 022c 31       		.byte	0x31
 914 022d 09       		.uleb128 0x9
 915 022e 01       		.uleb128 0x1
 916 022f 51       		.byte	0x51
 917 0230 01       		.uleb128 0x1
 918 0231 30       		.byte	0x30
 919 0232 00       		.byte	0
 920 0233 08       		.uleb128 0x8
 921 0234 30000000 		.4byte	.LVL20
 922 0238 24060000 		.4byte	0x624
 923 023c 4A020000 		.4byte	0x24a
 924 0240 09       		.uleb128 0x9
 925 0241 01       		.uleb128 0x1
 926 0242 50       		.byte	0x50
 927 0243 05       		.uleb128 0x5
 928 0244 03       		.byte	0x3
 929 0245 10000000 		.4byte	.LC1
 930 0249 00       		.byte	0
 931 024a 08       		.uleb128 0x8
 932 024b 3A000000 		.4byte	.LVL21
 933 024f 19060000 		.4byte	0x619
 934 0253 63020000 		.4byte	0x263
 935 0257 09       		.uleb128 0x9
 936 0258 01       		.uleb128 0x1
 937 0259 50       		.byte	0x50
 938 025a 01       		.uleb128 0x1
 939 025b 31       		.byte	0x31
 940 025c 09       		.uleb128 0x9
 941 025d 01       		.uleb128 0x1
 942 025e 51       		.byte	0x51
 943 025f 02       		.uleb128 0x2
 944 0260 75       		.byte	0x75
 945 0261 06       		.sleb128 6
 946 0262 00       		.byte	0
 947 0263 08       		.uleb128 0x8
 948 0264 40000000 		.4byte	.LVL22
 949 0268 45060000 		.4byte	0x645
 950 026c 77020000 		.4byte	0x277
 951 0270 09       		.uleb128 0x9
 952 0271 01       		.uleb128 0x1
 953 0272 50       		.byte	0x50
 954 0273 02       		.uleb128 0x2
 955 0274 74       		.byte	0x74
 956 0275 00       		.sleb128 0
 957 0276 00       		.byte	0
ARM GAS  C:\Users\JEANPI~1\AppData\Local\Temp\cc1Bj5GC.s 			page 21


 958 0277 0A       		.uleb128 0xa
 959 0278 44000000 		.4byte	.LVL23
 960 027c 2F060000 		.4byte	0x62f
 961 0280 08       		.uleb128 0x8
 962 0281 54000000 		.4byte	.LVL24
 963 0285 3A060000 		.4byte	0x63a
 964 0289 95020000 		.4byte	0x295
 965 028d 09       		.uleb128 0x9
 966 028e 01       		.uleb128 0x1
 967 028f 50       		.byte	0x50
 968 0290 03       		.uleb128 0x3
 969 0291 0A       		.byte	0xa
 970 0292 2C01     		.2byte	0x12c
 971 0294 00       		.byte	0
 972 0295 0A       		.uleb128 0xa
 973 0296 5E000000 		.4byte	.LVL26
 974 029a 2F060000 		.4byte	0x62f
 975 029e 0A       		.uleb128 0xa
 976 029f 7A000000 		.4byte	.LVL28
 977 02a3 50060000 		.4byte	0x650
 978 02a7 00       		.byte	0
 979 02a8 0D       		.uleb128 0xd
 980 02a9 87010000 		.4byte	.LASF69
 981 02ad 01       		.byte	0x1
 982 02ae 24       		.byte	0x24
 983 02af 00000000 		.4byte	.LFB64
 984 02b3 02000000 		.4byte	.LFE64-.LFB64
 985 02b7 01       		.uleb128 0x1
 986 02b8 9C       		.byte	0x9c
 987 02b9 0E       		.uleb128 0xe
 988 02ba D9020000 		.4byte	.LASF27
 989 02be 01       		.byte	0x1
 990 02bf 28       		.byte	0x28
 991 02c0 00000000 		.4byte	.LFB65
 992 02c4 14000000 		.4byte	.LFE65-.LFB65
 993 02c8 01       		.uleb128 0x1
 994 02c9 9C       		.byte	0x9c
 995 02ca D8020000 		.4byte	0x2d8
 996 02ce 0A       		.uleb128 0xa
 997 02cf 0C000000 		.4byte	.LVL30
 998 02d3 5B060000 		.4byte	0x65b
 999 02d7 00       		.byte	0
 1000 02d8 0E       		.uleb128 0xe
 1001 02d9 E3020000 		.4byte	.LASF28
 1002 02dd 01       		.byte	0x1
 1003 02de 2E       		.byte	0x2e
 1004 02df 00000000 		.4byte	.LFB66
 1005 02e3 30000000 		.4byte	.LFE66-.LFB66
 1006 02e7 01       		.uleb128 0x1
 1007 02e8 9C       		.byte	0x9c
 1008 02e9 F7020000 		.4byte	0x2f7
 1009 02ed 0A       		.uleb128 0xa
 1010 02ee 26000000 		.4byte	.LVL31
 1011 02f2 5B060000 		.4byte	0x65b
 1012 02f6 00       		.byte	0
 1013 02f7 0F       		.uleb128 0xf
 1014 02f8 36000000 		.4byte	.LASF70
ARM GAS  C:\Users\JEANPI~1\AppData\Local\Temp\cc1Bj5GC.s 			page 22


 1015 02fc 01       		.byte	0x1
 1016 02fd 7A       		.byte	0x7a
 1017 02fe 68000000 		.4byte	0x68
 1018 0302 00000000 		.4byte	.LFB71
 1019 0306 BC000000 		.4byte	.LFE71-.LFB71
 1020 030a 01       		.uleb128 0x1
 1021 030b 9C       		.byte	0x9c
 1022 030c 80040000 		.4byte	0x480
 1023 0310 10       		.uleb128 0x10
 1024 0311 6900     		.ascii	"i\000"
 1025 0313 01       		.byte	0x1
 1026 0314 88       		.byte	0x88
 1027 0315 B3000000 		.4byte	0xb3
 1028 0319 08       		.uleb128 0x8
 1029 031a 0A000000 		.4byte	.LVL32
 1030 031e 66060000 		.4byte	0x666
 1031 0322 30030000 		.4byte	0x330
 1032 0326 09       		.uleb128 0x9
 1033 0327 01       		.uleb128 0x1
 1034 0328 50       		.byte	0x50
 1035 0329 05       		.uleb128 0x5
 1036 032a 03       		.byte	0x3
 1037 032b 00000000 		.4byte	press_ISR
 1038 032f 00       		.byte	0
 1039 0330 08       		.uleb128 0x8
 1040 0331 10000000 		.4byte	.LVL33
 1041 0335 71060000 		.4byte	0x671
 1042 0339 47030000 		.4byte	0x347
 1043 033d 09       		.uleb128 0x9
 1044 033e 01       		.uleb128 0x1
 1045 033f 50       		.byte	0x50
 1046 0340 05       		.uleb128 0x5
 1047 0341 03       		.byte	0x3
 1048 0342 00000000 		.4byte	Timer_ISR
 1049 0346 00       		.byte	0
 1050 0347 08       		.uleb128 0x8
 1051 0348 16000000 		.4byte	.LVL34
 1052 034c 7C060000 		.4byte	0x67c
 1053 0350 5E030000 		.4byte	0x35e
 1054 0354 09       		.uleb128 0x9
 1055 0355 01       		.uleb128 0x1
 1056 0356 50       		.byte	0x50
 1057 0357 05       		.uleb128 0x5
 1058 0358 03       		.byte	0x3
 1059 0359 00000000 		.4byte	Encoder_ISR
 1060 035d 00       		.byte	0
 1061 035e 08       		.uleb128 0x8
 1062 035f 1C000000 		.4byte	.LVL35
 1063 0363 87060000 		.4byte	0x687
 1064 0367 75030000 		.4byte	0x375
 1065 036b 09       		.uleb128 0x9
 1066 036c 01       		.uleb128 0x1
 1067 036d 50       		.byte	0x50
 1068 036e 05       		.uleb128 0x5
 1069 036f 03       		.byte	0x3
 1070 0370 00000000 		.4byte	sync
 1071 0374 00       		.byte	0
ARM GAS  C:\Users\JEANPI~1\AppData\Local\Temp\cc1Bj5GC.s 			page 23


 1072 0375 0A       		.uleb128 0xa
 1073 0376 20000000 		.4byte	.LVL36
 1074 037a 92060000 		.4byte	0x692
 1075 037e 0A       		.uleb128 0xa
 1076 037f 32000000 		.4byte	.LVL37
 1077 0383 9D060000 		.4byte	0x69d
 1078 0387 0A       		.uleb128 0xa
 1079 0388 36000000 		.4byte	.LVL38
 1080 038c A8060000 		.4byte	0x6a8
 1081 0390 08       		.uleb128 0x8
 1082 0391 46000000 		.4byte	.LVL39
 1083 0395 B3060000 		.4byte	0x6b3
 1084 0399 AD030000 		.4byte	0x3ad
 1085 039d 09       		.uleb128 0x9
 1086 039e 01       		.uleb128 0x1
 1087 039f 50       		.byte	0x50
 1088 03a0 02       		.uleb128 0x2
 1089 03a1 74       		.byte	0x74
 1090 03a2 00       		.sleb128 0
 1091 03a3 09       		.uleb128 0x9
 1092 03a4 01       		.uleb128 0x1
 1093 03a5 51       		.byte	0x51
 1094 03a6 05       		.uleb128 0x5
 1095 03a7 03       		.byte	0x3
 1096 03a8 18000000 		.4byte	.LC2
 1097 03ac 00       		.byte	0
 1098 03ad 0A       		.uleb128 0xa
 1099 03ae 4A000000 		.4byte	.LVL40
 1100 03b2 B9020000 		.4byte	0x2b9
 1101 03b6 08       		.uleb128 0x8
 1102 03b7 54000000 		.4byte	.LVL42
 1103 03bb 3A060000 		.4byte	0x63a
 1104 03bf CA030000 		.4byte	0x3ca
 1105 03c3 09       		.uleb128 0x9
 1106 03c4 01       		.uleb128 0x1
 1107 03c5 50       		.byte	0x50
 1108 03c6 02       		.uleb128 0x2
 1109 03c7 08       		.byte	0x8
 1110 03c8 C8       		.byte	0xc8
 1111 03c9 00       		.byte	0
 1112 03ca 08       		.uleb128 0x8
 1113 03cb 5C000000 		.4byte	.LVL43
 1114 03cf 19060000 		.4byte	0x619
 1115 03d3 E2030000 		.4byte	0x3e2
 1116 03d7 09       		.uleb128 0x9
 1117 03d8 01       		.uleb128 0x1
 1118 03d9 50       		.byte	0x50
 1119 03da 01       		.uleb128 0x1
 1120 03db 30       		.byte	0x30
 1121 03dc 09       		.uleb128 0x9
 1122 03dd 01       		.uleb128 0x1
 1123 03de 51       		.byte	0x51
 1124 03df 01       		.uleb128 0x1
 1125 03e0 30       		.byte	0x30
 1126 03e1 00       		.byte	0
 1127 03e2 08       		.uleb128 0x8
 1128 03e3 62000000 		.4byte	.LVL44
ARM GAS  C:\Users\JEANPI~1\AppData\Local\Temp\cc1Bj5GC.s 			page 24


 1129 03e7 24060000 		.4byte	0x624
 1130 03eb F9030000 		.4byte	0x3f9
 1131 03ef 09       		.uleb128 0x9
 1132 03f0 01       		.uleb128 0x1
 1133 03f1 50       		.byte	0x50
 1134 03f2 05       		.uleb128 0x5
 1135 03f3 03       		.byte	0x3
 1136 03f4 1C000000 		.4byte	.LC3
 1137 03f8 00       		.byte	0
 1138 03f9 08       		.uleb128 0x8
 1139 03fa 6A000000 		.4byte	.LVL45
 1140 03fe 19060000 		.4byte	0x619
 1141 0402 11040000 		.4byte	0x411
 1142 0406 09       		.uleb128 0x9
 1143 0407 01       		.uleb128 0x1
 1144 0408 50       		.byte	0x50
 1145 0409 01       		.uleb128 0x1
 1146 040a 30       		.byte	0x30
 1147 040b 09       		.uleb128 0x9
 1148 040c 01       		.uleb128 0x1
 1149 040d 51       		.byte	0x51
 1150 040e 01       		.uleb128 0x1
 1151 040f 3C       		.byte	0x3c
 1152 0410 00       		.byte	0
 1153 0411 08       		.uleb128 0x8
 1154 0412 70000000 		.4byte	.LVL46
 1155 0416 24060000 		.4byte	0x624
 1156 041a 28040000 		.4byte	0x428
 1157 041e 09       		.uleb128 0x9
 1158 041f 01       		.uleb128 0x1
 1159 0420 50       		.byte	0x50
 1160 0421 05       		.uleb128 0x5
 1161 0422 03       		.byte	0x3
 1162 0423 00000000 		.4byte	valor
 1163 0427 00       		.byte	0
 1164 0428 08       		.uleb128 0x8
 1165 0429 78000000 		.4byte	.LVL47
 1166 042d 19060000 		.4byte	0x619
 1167 0431 40040000 		.4byte	0x440
 1168 0435 09       		.uleb128 0x9
 1169 0436 01       		.uleb128 0x1
 1170 0437 50       		.byte	0x50
 1171 0438 01       		.uleb128 0x1
 1172 0439 31       		.byte	0x31
 1173 043a 09       		.uleb128 0x9
 1174 043b 01       		.uleb128 0x1
 1175 043c 51       		.byte	0x51
 1176 043d 01       		.uleb128 0x1
 1177 043e 30       		.byte	0x30
 1178 043f 00       		.byte	0
 1179 0440 08       		.uleb128 0x8
 1180 0441 7E000000 		.4byte	.LVL48
 1181 0445 24060000 		.4byte	0x624
 1182 0449 57040000 		.4byte	0x457
 1183 044d 09       		.uleb128 0x9
 1184 044e 01       		.uleb128 0x1
 1185 044f 50       		.byte	0x50
ARM GAS  C:\Users\JEANPI~1\AppData\Local\Temp\cc1Bj5GC.s 			page 25


 1186 0450 05       		.uleb128 0x5
 1187 0451 03       		.byte	0x3
 1188 0452 2C000000 		.4byte	.LC4
 1189 0456 00       		.byte	0
 1190 0457 08       		.uleb128 0x8
 1191 0458 86000000 		.4byte	.LVL49
 1192 045c 19060000 		.4byte	0x619
 1193 0460 6F040000 		.4byte	0x46f
 1194 0464 09       		.uleb128 0x9
 1195 0465 01       		.uleb128 0x1
 1196 0466 50       		.byte	0x50
 1197 0467 01       		.uleb128 0x1
 1198 0468 31       		.byte	0x31
 1199 0469 09       		.uleb128 0x9
 1200 046a 01       		.uleb128 0x1
 1201 046b 51       		.byte	0x51
 1202 046c 01       		.uleb128 0x1
 1203 046d 3B       		.byte	0x3b
 1204 046e 00       		.byte	0
 1205 046f 11       		.uleb128 0x11
 1206 0470 8C000000 		.4byte	.LVL50
 1207 0474 24060000 		.4byte	0x624
 1208 0478 09       		.uleb128 0x9
 1209 0479 01       		.uleb128 0x1
 1210 047a 50       		.byte	0x50
 1211 047b 02       		.uleb128 0x2
 1212 047c 74       		.byte	0x74
 1213 047d 00       		.sleb128 0
 1214 047e 00       		.byte	0
 1215 047f 00       		.byte	0
 1216 0480 12       		.uleb128 0x12
 1217 0481 B3000000 		.4byte	0xb3
 1218 0485 96040000 		.4byte	0x496
 1219 0489 13       		.uleb128 0x13
 1220 048a D7000000 		.4byte	0xd7
 1221 048e 03       		.byte	0x3
 1222 048f 13       		.uleb128 0x13
 1223 0490 D7000000 		.4byte	0xd7
 1224 0494 03       		.byte	0x3
 1225 0495 00       		.byte	0
 1226 0496 14       		.uleb128 0x14
 1227 0497 CC020000 		.4byte	.LASF29
 1228 049b 01       		.byte	0x1
 1229 049c 16       		.byte	0x16
 1230 049d 80040000 		.4byte	0x480
 1231 04a1 05       		.uleb128 0x5
 1232 04a2 03       		.byte	0x3
 1233 04a3 00000000 		.4byte	Keypad_1_Key
 1234 04a7 15       		.uleb128 0x15
 1235 04a8 0A030000 		.4byte	.LASF30
 1236 04ac 05       		.byte	0x5
 1237 04ad 1207     		.2byte	0x712
 1238 04af B3040000 		.4byte	0x4b3
 1239 04b3 06       		.uleb128 0x6
 1240 04b4 76000000 		.4byte	0x76
 1241 04b8 14       		.uleb128 0x14
 1242 04b9 F1020000 		.4byte	.LASF31
ARM GAS  C:\Users\JEANPI~1\AppData\Local\Temp\cc1Bj5GC.s 			page 26


 1243 04bd 01       		.byte	0x1
 1244 04be 09       		.byte	0x9
 1245 04bf 68000000 		.4byte	0x68
 1246 04c3 05       		.uleb128 0x5
 1247 04c4 03       		.byte	0x3
 1248 04c5 00000000 		.4byte	flag
 1249 04c9 12       		.uleb128 0x12
 1250 04ca BF000000 		.4byte	0xbf
 1251 04ce D9040000 		.4byte	0x4d9
 1252 04d2 13       		.uleb128 0x13
 1253 04d3 D7000000 		.4byte	0xd7
 1254 04d7 03       		.byte	0x3
 1255 04d8 00       		.byte	0
 1256 04d9 14       		.uleb128 0x14
 1257 04da 8E020000 		.4byte	.LASF32
 1258 04de 01       		.byte	0x1
 1259 04df 0A       		.byte	0xa
 1260 04e0 C9040000 		.4byte	0x4c9
 1261 04e4 05       		.uleb128 0x5
 1262 04e5 03       		.byte	0x3
 1263 04e6 00000000 		.4byte	valor
 1264 04ea 14       		.uleb128 0x14
 1265 04eb 1A010000 		.4byte	.LASF33
 1266 04ef 01       		.byte	0x1
 1267 04f0 0B       		.byte	0xb
 1268 04f1 81000000 		.4byte	0x81
 1269 04f5 05       		.uleb128 0x5
 1270 04f6 03       		.byte	0x3
 1271 04f7 00000000 		.4byte	contador
 1272 04fb 14       		.uleb128 0x14
 1273 04fc 95010000 		.4byte	.LASF34
 1274 0500 01       		.byte	0x1
 1275 0501 0C       		.byte	0xc
 1276 0502 CB000000 		.4byte	0xcb
 1277 0506 05       		.uleb128 0x5
 1278 0507 03       		.byte	0x3
 1279 0508 00000000 		.4byte	counter
 1280 050c 14       		.uleb128 0x14
 1281 050d 4E000000 		.4byte	.LASF35
 1282 0511 01       		.byte	0x1
 1283 0512 0C       		.byte	0xc
 1284 0513 CB000000 		.4byte	0xcb
 1285 0517 05       		.uleb128 0x5
 1286 0518 03       		.byte	0x3
 1287 0519 00000000 		.4byte	event
 1288 051d 14       		.uleb128 0x14
 1289 051e 3B020000 		.4byte	.LASF36
 1290 0522 01       		.byte	0x1
 1291 0523 0D       		.byte	0xd
 1292 0524 C6000000 		.4byte	0xc6
 1293 0528 05       		.uleb128 0x5
 1294 0529 03       		.byte	0x3
 1295 052a 00000000 		.4byte	tiempo
 1296 052e 14       		.uleb128 0x14
 1297 052f 06000000 		.4byte	.LASF37
 1298 0533 01       		.byte	0x1
 1299 0534 0E       		.byte	0xe
ARM GAS  C:\Users\JEANPI~1\AppData\Local\Temp\cc1Bj5GC.s 			page 27


 1300 0535 CB000000 		.4byte	0xcb
 1301 0539 05       		.uleb128 0x5
 1302 053a 03       		.byte	0x3
 1303 053b 00000000 		.4byte	temp
 1304 053f 14       		.uleb128 0x14
 1305 0540 3F010000 		.4byte	.LASF38
 1306 0544 01       		.byte	0x1
 1307 0545 0E       		.byte	0xe
 1308 0546 CB000000 		.4byte	0xcb
 1309 054a 05       		.uleb128 0x5
 1310 054b 03       		.byte	0x3
 1311 054c 00000000 		.4byte	diff1
 1312 0550 14       		.uleb128 0x14
 1313 0551 F2010000 		.4byte	.LASF39
 1314 0555 01       		.byte	0x1
 1315 0556 0F       		.byte	0xf
 1316 0557 C6000000 		.4byte	0xc6
 1317 055b 05       		.uleb128 0x5
 1318 055c 03       		.byte	0x3
 1319 055d 00000000 		.4byte	pwm_Com
 1320 0561 14       		.uleb128 0x14
 1321 0562 5B010000 		.4byte	.LASF40
 1322 0566 01       		.byte	0x1
 1323 0567 10       		.byte	0x10
 1324 0568 C6000000 		.4byte	0xc6
 1325 056c 05       		.uleb128 0x5
 1326 056d 03       		.byte	0x3
 1327 056e 00000000 		.4byte	speed
 1328 0572 14       		.uleb128 0x14
 1329 0573 73000000 		.4byte	.LASF41
 1330 0577 01       		.byte	0x1
 1331 0578 10       		.byte	0x10
 1332 0579 C6000000 		.4byte	0xc6
 1333 057d 05       		.uleb128 0x5
 1334 057e 03       		.byte	0x3
 1335 057f 00000000 		.4byte	speed_read
 1336 0583 14       		.uleb128 0x14
 1337 0584 84000000 		.4byte	.LASF42
 1338 0588 01       		.byte	0x1
 1339 0589 11       		.byte	0x11
 1340 058a 68000000 		.4byte	0x68
 1341 058e 05       		.uleb128 0x5
 1342 058f 03       		.byte	0x3
 1343 0590 00000000 		.4byte	flag1
 1344 0594 14       		.uleb128 0x14
 1345 0595 FA010000 		.4byte	.LASF43
 1346 0599 01       		.byte	0x1
 1347 059a 12       		.byte	0x12
 1348 059b 68000000 		.4byte	0x68
 1349 059f 05       		.uleb128 0x5
 1350 05a0 03       		.byte	0x3
 1351 05a1 00000000 		.4byte	flag_init
 1352 05a5 12       		.uleb128 0x12
 1353 05a6 BF000000 		.4byte	0xbf
 1354 05aa B5050000 		.4byte	0x5b5
 1355 05ae 13       		.uleb128 0x13
 1356 05af D7000000 		.4byte	0xd7
ARM GAS  C:\Users\JEANPI~1\AppData\Local\Temp\cc1Bj5GC.s 			page 28


 1357 05b3 0F       		.byte	0xf
 1358 05b4 00       		.byte	0
 1359 05b5 16       		.uleb128 0x16
 1360 05b6 73747200 		.ascii	"str\000"
 1361 05ba 01       		.byte	0x1
 1362 05bb 13       		.byte	0x13
 1363 05bc A5050000 		.4byte	0x5a5
 1364 05c0 05       		.uleb128 0x5
 1365 05c1 03       		.byte	0x3
 1366 05c2 00000000 		.4byte	str
 1367 05c6 14       		.uleb128 0x14
 1368 05c7 54000000 		.4byte	.LASF44
 1369 05cb 01       		.byte	0x1
 1370 05cc 13       		.byte	0x13
 1371 05cd A5050000 		.4byte	0x5a5
 1372 05d1 05       		.uleb128 0x5
 1373 05d2 03       		.byte	0x3
 1374 05d3 00000000 		.4byte	str2
 1375 05d7 17       		.uleb128 0x17
 1376 05d8 45010000 		.4byte	.LASF45
 1377 05dc 45010000 		.4byte	.LASF45
 1378 05e0 06       		.byte	0x6
 1379 05e1 26       		.byte	0x26
 1380 05e2 17       		.uleb128 0x17
 1381 05e3 59000000 		.4byte	.LASF46
 1382 05e7 59000000 		.4byte	.LASF46
 1383 05eb 07       		.byte	0x7
 1384 05ec 28       		.byte	0x28
 1385 05ed 17       		.uleb128 0x17
 1386 05ee 94020000 		.4byte	.LASF47
 1387 05f2 94020000 		.4byte	.LASF47
 1388 05f6 08       		.byte	0x8
 1389 05f7 29       		.byte	0x29
 1390 05f8 17       		.uleb128 0x17
 1391 05f9 7D010000 		.4byte	.LASF48
 1392 05fd 7D010000 		.4byte	.LASF48
 1393 0601 09       		.byte	0x9
 1394 0602 77       		.byte	0x77
 1395 0603 17       		.uleb128 0x17
 1396 0604 AD030000 		.4byte	.LASF49
 1397 0608 AD030000 		.4byte	.LASF49
 1398 060c 08       		.byte	0x8
 1399 060d 2B       		.byte	0x2b
 1400 060e 17       		.uleb128 0x17
 1401 060f AB020000 		.4byte	.LASF50
 1402 0613 AB020000 		.4byte	.LASF50
 1403 0617 0A       		.byte	0xa
 1404 0618 2B       		.byte	0x2b
 1405 0619 17       		.uleb128 0x17
 1406 061a BF020000 		.4byte	.LASF51
 1407 061e BF020000 		.4byte	.LASF51
 1408 0622 0B       		.byte	0xb
 1409 0623 3D       		.byte	0x3d
 1410 0624 17       		.uleb128 0x17
 1411 0625 6D010000 		.4byte	.LASF52
 1412 0629 6D010000 		.4byte	.LASF52
 1413 062d 0B       		.byte	0xb
ARM GAS  C:\Users\JEANPI~1\AppData\Local\Temp\cc1Bj5GC.s 			page 29


 1414 062e 3C       		.byte	0x3c
 1415 062f 17       		.uleb128 0x17
 1416 0630 3B000000 		.4byte	.LASF53
 1417 0634 3B000000 		.4byte	.LASF53
 1418 0638 0C       		.byte	0xc
 1419 0639 14       		.byte	0x14
 1420 063a 17       		.uleb128 0x17
 1421 063b A5030000 		.4byte	.LASF54
 1422 063f A5030000 		.4byte	.LASF54
 1423 0643 09       		.byte	0x9
 1424 0644 76       		.byte	0x76
 1425 0645 17       		.uleb128 0x17
 1426 0646 6E020000 		.4byte	.LASF55
 1427 064a 6E020000 		.4byte	.LASF55
 1428 064e 0B       		.byte	0xb
 1429 064f 3E       		.byte	0x3e
 1430 0650 17       		.uleb128 0x17
 1431 0651 09020000 		.4byte	.LASF56
 1432 0655 09020000 		.4byte	.LASF56
 1433 0659 0D       		.byte	0xd
 1434 065a 28       		.byte	0x28
 1435 065b 17       		.uleb128 0x17
 1436 065c E1010000 		.4byte	.LASF57
 1437 0660 E1010000 		.4byte	.LASF57
 1438 0664 0E       		.byte	0xe
 1439 0665 C3       		.byte	0xc3
 1440 0666 17       		.uleb128 0x17
 1441 0667 15000000 		.4byte	.LASF58
 1442 066b 15000000 		.4byte	.LASF58
 1443 066f 0D       		.byte	0xd
 1444 0670 18       		.byte	0x18
 1445 0671 17       		.uleb128 0x17
 1446 0672 23010000 		.4byte	.LASF59
 1447 0676 23010000 		.4byte	.LASF59
 1448 067a 07       		.byte	0x7
 1449 067b 18       		.byte	0x18
 1450 067c 17       		.uleb128 0x17
 1451 067d F6020000 		.4byte	.LASF60
 1452 0681 F6020000 		.4byte	.LASF60
 1453 0685 0F       		.byte	0xf
 1454 0686 18       		.byte	0x18
 1455 0687 17       		.uleb128 0x17
 1456 0688 90000000 		.4byte	.LASF61
 1457 068c 90000000 		.4byte	.LASF61
 1458 0690 10       		.byte	0x10
 1459 0691 18       		.byte	0x18
 1460 0692 17       		.uleb128 0x17
 1461 0693 51010000 		.4byte	.LASF62
 1462 0697 51010000 		.4byte	.LASF62
 1463 069b 0B       		.byte	0xb
 1464 069c 38       		.byte	0x38
 1465 069d 17       		.uleb128 0x17
 1466 069e A1020000 		.4byte	.LASF63
 1467 06a2 A1020000 		.4byte	.LASF63
 1468 06a6 0E       		.byte	0xe
 1469 06a7 92       		.byte	0x92
 1470 06a8 17       		.uleb128 0x17
ARM GAS  C:\Users\JEANPI~1\AppData\Local\Temp\cc1Bj5GC.s 			page 30


 1471 06a9 C4000000 		.4byte	.LASF64
 1472 06ad C4000000 		.4byte	.LASF64
 1473 06b1 11       		.byte	0x11
 1474 06b2 5A       		.byte	0x5a
 1475 06b3 17       		.uleb128 0x17
 1476 06b4 9D010000 		.4byte	.LASF65
 1477 06b8 9D010000 		.4byte	.LASF65
 1478 06bc 12       		.byte	0x12
 1479 06bd E7       		.byte	0xe7
 1480 06be 00       		.byte	0
 1481              		.section	.debug_abbrev,"",%progbits
 1482              	.Ldebug_abbrev0:
 1483 0000 01       		.uleb128 0x1
 1484 0001 11       		.uleb128 0x11
 1485 0002 01       		.byte	0x1
 1486 0003 25       		.uleb128 0x25
 1487 0004 0E       		.uleb128 0xe
 1488 0005 13       		.uleb128 0x13
 1489 0006 0B       		.uleb128 0xb
 1490 0007 03       		.uleb128 0x3
 1491 0008 0E       		.uleb128 0xe
 1492 0009 1B       		.uleb128 0x1b
 1493 000a 0E       		.uleb128 0xe
 1494 000b 55       		.uleb128 0x55
 1495 000c 17       		.uleb128 0x17
 1496 000d 11       		.uleb128 0x11
 1497 000e 01       		.uleb128 0x1
 1498 000f 10       		.uleb128 0x10
 1499 0010 17       		.uleb128 0x17
 1500 0011 00       		.byte	0
 1501 0012 00       		.byte	0
 1502 0013 02       		.uleb128 0x2
 1503 0014 24       		.uleb128 0x24
 1504 0015 00       		.byte	0
 1505 0016 0B       		.uleb128 0xb
 1506 0017 0B       		.uleb128 0xb
 1507 0018 3E       		.uleb128 0x3e
 1508 0019 0B       		.uleb128 0xb
 1509 001a 03       		.uleb128 0x3
 1510 001b 0E       		.uleb128 0xe
 1511 001c 00       		.byte	0
 1512 001d 00       		.byte	0
 1513 001e 03       		.uleb128 0x3
 1514 001f 16       		.uleb128 0x16
 1515 0020 00       		.byte	0
 1516 0021 03       		.uleb128 0x3
 1517 0022 0E       		.uleb128 0xe
 1518 0023 3A       		.uleb128 0x3a
 1519 0024 0B       		.uleb128 0xb
 1520 0025 3B       		.uleb128 0x3b
 1521 0026 0B       		.uleb128 0xb
 1522 0027 49       		.uleb128 0x49
 1523 0028 13       		.uleb128 0x13
 1524 0029 00       		.byte	0
 1525 002a 00       		.byte	0
 1526 002b 04       		.uleb128 0x4
 1527 002c 24       		.uleb128 0x24
ARM GAS  C:\Users\JEANPI~1\AppData\Local\Temp\cc1Bj5GC.s 			page 31


 1528 002d 00       		.byte	0
 1529 002e 0B       		.uleb128 0xb
 1530 002f 0B       		.uleb128 0xb
 1531 0030 3E       		.uleb128 0x3e
 1532 0031 0B       		.uleb128 0xb
 1533 0032 03       		.uleb128 0x3
 1534 0033 08       		.uleb128 0x8
 1535 0034 00       		.byte	0
 1536 0035 00       		.byte	0
 1537 0036 05       		.uleb128 0x5
 1538 0037 16       		.uleb128 0x16
 1539 0038 00       		.byte	0
 1540 0039 03       		.uleb128 0x3
 1541 003a 0E       		.uleb128 0xe
 1542 003b 3A       		.uleb128 0x3a
 1543 003c 0B       		.uleb128 0xb
 1544 003d 3B       		.uleb128 0x3b
 1545 003e 05       		.uleb128 0x5
 1546 003f 49       		.uleb128 0x49
 1547 0040 13       		.uleb128 0x13
 1548 0041 00       		.byte	0
 1549 0042 00       		.byte	0
 1550 0043 06       		.uleb128 0x6
 1551 0044 35       		.uleb128 0x35
 1552 0045 00       		.byte	0
 1553 0046 49       		.uleb128 0x49
 1554 0047 13       		.uleb128 0x13
 1555 0048 00       		.byte	0
 1556 0049 00       		.byte	0
 1557 004a 07       		.uleb128 0x7
 1558 004b 2E       		.uleb128 0x2e
 1559 004c 01       		.byte	0x1
 1560 004d 3F       		.uleb128 0x3f
 1561 004e 19       		.uleb128 0x19
 1562 004f 03       		.uleb128 0x3
 1563 0050 0E       		.uleb128 0xe
 1564 0051 3A       		.uleb128 0x3a
 1565 0052 0B       		.uleb128 0xb
 1566 0053 3B       		.uleb128 0x3b
 1567 0054 0B       		.uleb128 0xb
 1568 0055 27       		.uleb128 0x27
 1569 0056 19       		.uleb128 0x19
 1570 0057 11       		.uleb128 0x11
 1571 0058 01       		.uleb128 0x1
 1572 0059 12       		.uleb128 0x12
 1573 005a 06       		.uleb128 0x6
 1574 005b 40       		.uleb128 0x40
 1575 005c 18       		.uleb128 0x18
 1576 005d 9742     		.uleb128 0x2117
 1577 005f 19       		.uleb128 0x19
 1578 0060 01       		.uleb128 0x1
 1579 0061 13       		.uleb128 0x13
 1580 0062 00       		.byte	0
 1581 0063 00       		.byte	0
 1582 0064 08       		.uleb128 0x8
 1583 0065 898201   		.uleb128 0x4109
 1584 0068 01       		.byte	0x1
ARM GAS  C:\Users\JEANPI~1\AppData\Local\Temp\cc1Bj5GC.s 			page 32


 1585 0069 11       		.uleb128 0x11
 1586 006a 01       		.uleb128 0x1
 1587 006b 31       		.uleb128 0x31
 1588 006c 13       		.uleb128 0x13
 1589 006d 01       		.uleb128 0x1
 1590 006e 13       		.uleb128 0x13
 1591 006f 00       		.byte	0
 1592 0070 00       		.byte	0
 1593 0071 09       		.uleb128 0x9
 1594 0072 8A8201   		.uleb128 0x410a
 1595 0075 00       		.byte	0
 1596 0076 02       		.uleb128 0x2
 1597 0077 18       		.uleb128 0x18
 1598 0078 9142     		.uleb128 0x2111
 1599 007a 18       		.uleb128 0x18
 1600 007b 00       		.byte	0
 1601 007c 00       		.byte	0
 1602 007d 0A       		.uleb128 0xa
 1603 007e 898201   		.uleb128 0x4109
 1604 0081 00       		.byte	0
 1605 0082 11       		.uleb128 0x11
 1606 0083 01       		.uleb128 0x1
 1607 0084 31       		.uleb128 0x31
 1608 0085 13       		.uleb128 0x13
 1609 0086 00       		.byte	0
 1610 0087 00       		.byte	0
 1611 0088 0B       		.uleb128 0xb
 1612 0089 34       		.uleb128 0x34
 1613 008a 00       		.byte	0
 1614 008b 03       		.uleb128 0x3
 1615 008c 0E       		.uleb128 0xe
 1616 008d 3A       		.uleb128 0x3a
 1617 008e 0B       		.uleb128 0xb
 1618 008f 3B       		.uleb128 0x3b
 1619 0090 0B       		.uleb128 0xb
 1620 0091 49       		.uleb128 0x49
 1621 0092 13       		.uleb128 0x13
 1622 0093 02       		.uleb128 0x2
 1623 0094 17       		.uleb128 0x17
 1624 0095 00       		.byte	0
 1625 0096 00       		.byte	0
 1626 0097 0C       		.uleb128 0xc
 1627 0098 34       		.uleb128 0x34
 1628 0099 00       		.byte	0
 1629 009a 03       		.uleb128 0x3
 1630 009b 08       		.uleb128 0x8
 1631 009c 3A       		.uleb128 0x3a
 1632 009d 0B       		.uleb128 0xb
 1633 009e 3B       		.uleb128 0x3b
 1634 009f 0B       		.uleb128 0xb
 1635 00a0 49       		.uleb128 0x49
 1636 00a1 13       		.uleb128 0x13
 1637 00a2 02       		.uleb128 0x2
 1638 00a3 17       		.uleb128 0x17
 1639 00a4 00       		.byte	0
 1640 00a5 00       		.byte	0
 1641 00a6 0D       		.uleb128 0xd
ARM GAS  C:\Users\JEANPI~1\AppData\Local\Temp\cc1Bj5GC.s 			page 33


 1642 00a7 2E       		.uleb128 0x2e
 1643 00a8 00       		.byte	0
 1644 00a9 3F       		.uleb128 0x3f
 1645 00aa 19       		.uleb128 0x19
 1646 00ab 03       		.uleb128 0x3
 1647 00ac 0E       		.uleb128 0xe
 1648 00ad 3A       		.uleb128 0x3a
 1649 00ae 0B       		.uleb128 0xb
 1650 00af 3B       		.uleb128 0x3b
 1651 00b0 0B       		.uleb128 0xb
 1652 00b1 11       		.uleb128 0x11
 1653 00b2 01       		.uleb128 0x1
 1654 00b3 12       		.uleb128 0x12
 1655 00b4 06       		.uleb128 0x6
 1656 00b5 40       		.uleb128 0x40
 1657 00b6 18       		.uleb128 0x18
 1658 00b7 9742     		.uleb128 0x2117
 1659 00b9 19       		.uleb128 0x19
 1660 00ba 00       		.byte	0
 1661 00bb 00       		.byte	0
 1662 00bc 0E       		.uleb128 0xe
 1663 00bd 2E       		.uleb128 0x2e
 1664 00be 01       		.byte	0x1
 1665 00bf 3F       		.uleb128 0x3f
 1666 00c0 19       		.uleb128 0x19
 1667 00c1 03       		.uleb128 0x3
 1668 00c2 0E       		.uleb128 0xe
 1669 00c3 3A       		.uleb128 0x3a
 1670 00c4 0B       		.uleb128 0xb
 1671 00c5 3B       		.uleb128 0x3b
 1672 00c6 0B       		.uleb128 0xb
 1673 00c7 11       		.uleb128 0x11
 1674 00c8 01       		.uleb128 0x1
 1675 00c9 12       		.uleb128 0x12
 1676 00ca 06       		.uleb128 0x6
 1677 00cb 40       		.uleb128 0x40
 1678 00cc 18       		.uleb128 0x18
 1679 00cd 9742     		.uleb128 0x2117
 1680 00cf 19       		.uleb128 0x19
 1681 00d0 01       		.uleb128 0x1
 1682 00d1 13       		.uleb128 0x13
 1683 00d2 00       		.byte	0
 1684 00d3 00       		.byte	0
 1685 00d4 0F       		.uleb128 0xf
 1686 00d5 2E       		.uleb128 0x2e
 1687 00d6 01       		.byte	0x1
 1688 00d7 3F       		.uleb128 0x3f
 1689 00d8 19       		.uleb128 0x19
 1690 00d9 03       		.uleb128 0x3
 1691 00da 0E       		.uleb128 0xe
 1692 00db 3A       		.uleb128 0x3a
 1693 00dc 0B       		.uleb128 0xb
 1694 00dd 3B       		.uleb128 0x3b
 1695 00de 0B       		.uleb128 0xb
 1696 00df 27       		.uleb128 0x27
 1697 00e0 19       		.uleb128 0x19
 1698 00e1 49       		.uleb128 0x49
ARM GAS  C:\Users\JEANPI~1\AppData\Local\Temp\cc1Bj5GC.s 			page 34


 1699 00e2 13       		.uleb128 0x13
 1700 00e3 8701     		.uleb128 0x87
 1701 00e5 19       		.uleb128 0x19
 1702 00e6 11       		.uleb128 0x11
 1703 00e7 01       		.uleb128 0x1
 1704 00e8 12       		.uleb128 0x12
 1705 00e9 06       		.uleb128 0x6
 1706 00ea 40       		.uleb128 0x40
 1707 00eb 18       		.uleb128 0x18
 1708 00ec 9742     		.uleb128 0x2117
 1709 00ee 19       		.uleb128 0x19
 1710 00ef 01       		.uleb128 0x1
 1711 00f0 13       		.uleb128 0x13
 1712 00f1 00       		.byte	0
 1713 00f2 00       		.byte	0
 1714 00f3 10       		.uleb128 0x10
 1715 00f4 34       		.uleb128 0x34
 1716 00f5 00       		.byte	0
 1717 00f6 03       		.uleb128 0x3
 1718 00f7 08       		.uleb128 0x8
 1719 00f8 3A       		.uleb128 0x3a
 1720 00f9 0B       		.uleb128 0xb
 1721 00fa 3B       		.uleb128 0x3b
 1722 00fb 0B       		.uleb128 0xb
 1723 00fc 49       		.uleb128 0x49
 1724 00fd 13       		.uleb128 0x13
 1725 00fe 00       		.byte	0
 1726 00ff 00       		.byte	0
 1727 0100 11       		.uleb128 0x11
 1728 0101 898201   		.uleb128 0x4109
 1729 0104 01       		.byte	0x1
 1730 0105 11       		.uleb128 0x11
 1731 0106 01       		.uleb128 0x1
 1732 0107 31       		.uleb128 0x31
 1733 0108 13       		.uleb128 0x13
 1734 0109 00       		.byte	0
 1735 010a 00       		.byte	0
 1736 010b 12       		.uleb128 0x12
 1737 010c 01       		.uleb128 0x1
 1738 010d 01       		.byte	0x1
 1739 010e 49       		.uleb128 0x49
 1740 010f 13       		.uleb128 0x13
 1741 0110 01       		.uleb128 0x1
 1742 0111 13       		.uleb128 0x13
 1743 0112 00       		.byte	0
 1744 0113 00       		.byte	0
 1745 0114 13       		.uleb128 0x13
 1746 0115 21       		.uleb128 0x21
 1747 0116 00       		.byte	0
 1748 0117 49       		.uleb128 0x49
 1749 0118 13       		.uleb128 0x13
 1750 0119 2F       		.uleb128 0x2f
 1751 011a 0B       		.uleb128 0xb
 1752 011b 00       		.byte	0
 1753 011c 00       		.byte	0
 1754 011d 14       		.uleb128 0x14
 1755 011e 34       		.uleb128 0x34
ARM GAS  C:\Users\JEANPI~1\AppData\Local\Temp\cc1Bj5GC.s 			page 35


 1756 011f 00       		.byte	0
 1757 0120 03       		.uleb128 0x3
 1758 0121 0E       		.uleb128 0xe
 1759 0122 3A       		.uleb128 0x3a
 1760 0123 0B       		.uleb128 0xb
 1761 0124 3B       		.uleb128 0x3b
 1762 0125 0B       		.uleb128 0xb
 1763 0126 49       		.uleb128 0x49
 1764 0127 13       		.uleb128 0x13
 1765 0128 3F       		.uleb128 0x3f
 1766 0129 19       		.uleb128 0x19
 1767 012a 02       		.uleb128 0x2
 1768 012b 18       		.uleb128 0x18
 1769 012c 00       		.byte	0
 1770 012d 00       		.byte	0
 1771 012e 15       		.uleb128 0x15
 1772 012f 34       		.uleb128 0x34
 1773 0130 00       		.byte	0
 1774 0131 03       		.uleb128 0x3
 1775 0132 0E       		.uleb128 0xe
 1776 0133 3A       		.uleb128 0x3a
 1777 0134 0B       		.uleb128 0xb
 1778 0135 3B       		.uleb128 0x3b
 1779 0136 05       		.uleb128 0x5
 1780 0137 49       		.uleb128 0x49
 1781 0138 13       		.uleb128 0x13
 1782 0139 3F       		.uleb128 0x3f
 1783 013a 19       		.uleb128 0x19
 1784 013b 3C       		.uleb128 0x3c
 1785 013c 19       		.uleb128 0x19
 1786 013d 00       		.byte	0
 1787 013e 00       		.byte	0
 1788 013f 16       		.uleb128 0x16
 1789 0140 34       		.uleb128 0x34
 1790 0141 00       		.byte	0
 1791 0142 03       		.uleb128 0x3
 1792 0143 08       		.uleb128 0x8
 1793 0144 3A       		.uleb128 0x3a
 1794 0145 0B       		.uleb128 0xb
 1795 0146 3B       		.uleb128 0x3b
 1796 0147 0B       		.uleb128 0xb
 1797 0148 49       		.uleb128 0x49
 1798 0149 13       		.uleb128 0x13
 1799 014a 3F       		.uleb128 0x3f
 1800 014b 19       		.uleb128 0x19
 1801 014c 02       		.uleb128 0x2
 1802 014d 18       		.uleb128 0x18
 1803 014e 00       		.byte	0
 1804 014f 00       		.byte	0
 1805 0150 17       		.uleb128 0x17
 1806 0151 2E       		.uleb128 0x2e
 1807 0152 00       		.byte	0
 1808 0153 3F       		.uleb128 0x3f
 1809 0154 19       		.uleb128 0x19
 1810 0155 3C       		.uleb128 0x3c
 1811 0156 19       		.uleb128 0x19
 1812 0157 6E       		.uleb128 0x6e
ARM GAS  C:\Users\JEANPI~1\AppData\Local\Temp\cc1Bj5GC.s 			page 36


 1813 0158 0E       		.uleb128 0xe
 1814 0159 03       		.uleb128 0x3
 1815 015a 0E       		.uleb128 0xe
 1816 015b 3A       		.uleb128 0x3a
 1817 015c 0B       		.uleb128 0xb
 1818 015d 3B       		.uleb128 0x3b
 1819 015e 0B       		.uleb128 0xb
 1820 015f 00       		.byte	0
 1821 0160 00       		.byte	0
 1822 0161 00       		.byte	0
 1823              		.section	.debug_loc,"",%progbits
 1824              	.Ldebug_loc0:
 1825              	.LLST0:
 1826 0000 02000000 		.4byte	.LVL3
 1827 0004 0A000000 		.4byte	.LVL5
 1828 0008 0200     		.2byte	0x2
 1829 000a 30       		.byte	0x30
 1830 000b 9F       		.byte	0x9f
 1831 000c 0A000000 		.4byte	.LVL5
 1832 0010 16000000 		.4byte	.LVL7
 1833 0014 0200     		.2byte	0x2
 1834 0016 31       		.byte	0x31
 1835 0017 9F       		.byte	0x9f
 1836 0018 16000000 		.4byte	.LVL7
 1837 001c 18000000 		.4byte	.LVL8
 1838 0020 0200     		.2byte	0x2
 1839 0022 30       		.byte	0x30
 1840 0023 9F       		.byte	0x9f
 1841 0024 18000000 		.4byte	.LVL8
 1842 0028 1E000000 		.4byte	.LVL9
 1843 002c 0100     		.2byte	0x1
 1844 002e 53       		.byte	0x53
 1845 002f 00000000 		.4byte	0
 1846 0033 00000000 		.4byte	0
 1847              	.LLST1:
 1848 0037 02000000 		.4byte	.LVL12
 1849 003b 08000000 		.4byte	.LVL13
 1850 003f 0200     		.2byte	0x2
 1851 0041 30       		.byte	0x30
 1852 0042 9F       		.byte	0x9f
 1853 0043 08000000 		.4byte	.LVL13
 1854 0047 68000000 		.4byte	.LVL27
 1855 004b 0100     		.2byte	0x1
 1856 004d 56       		.byte	0x56
 1857 004e 68000000 		.4byte	.LVL27
 1858 0052 7A000000 		.4byte	.LVL28
 1859 0056 0200     		.2byte	0x2
 1860 0058 31       		.byte	0x31
 1861 0059 9F       		.byte	0x9f
 1862 005a 7A000000 		.4byte	.LVL28
 1863 005e 86000000 		.4byte	.LVL29
 1864 0062 0100     		.2byte	0x1
 1865 0064 56       		.byte	0x56
 1866 0065 00000000 		.4byte	0
 1867 0069 00000000 		.4byte	0
 1868              	.LLST2:
 1869 006d 02000000 		.4byte	.LVL12
ARM GAS  C:\Users\JEANPI~1\AppData\Local\Temp\cc1Bj5GC.s 			page 37


 1870 0071 08000000 		.4byte	.LVL13
 1871 0075 0200     		.2byte	0x2
 1872 0077 30       		.byte	0x30
 1873 0078 9F       		.byte	0x9f
 1874 0079 08000000 		.4byte	.LVL13
 1875 007d 86000000 		.4byte	.LVL29
 1876 0081 0100     		.2byte	0x1
 1877 0083 55       		.byte	0x55
 1878 0084 00000000 		.4byte	0
 1879 0088 00000000 		.4byte	0
 1880              	.LLST3:
 1881 008c 1C000000 		.4byte	.LVL17
 1882 0090 7A000000 		.4byte	.LVL28
 1883 0094 0100     		.2byte	0x1
 1884 0096 54       		.byte	0x54
 1885 0097 00000000 		.4byte	0
 1886 009b 00000000 		.4byte	0
 1887              		.section	.debug_aranges,"",%progbits
 1888 0000 54000000 		.4byte	0x54
 1889 0004 0200     		.2byte	0x2
 1890 0006 00000000 		.4byte	.Ldebug_info0
 1891 000a 04       		.byte	0x4
 1892 000b 00       		.byte	0
 1893 000c 0000     		.2byte	0
 1894 000e 0000     		.2byte	0
 1895 0010 00000000 		.4byte	.LFB67
 1896 0014 54000000 		.4byte	.LFE67-.LFB67
 1897 0018 00000000 		.4byte	.LFB68
 1898 001c 2C000000 		.4byte	.LFE68-.LFB68
 1899 0020 00000000 		.4byte	.LFB69
 1900 0024 1C000000 		.4byte	.LFE69-.LFB69
 1901 0028 00000000 		.4byte	.LFB70
 1902 002c 9C000000 		.4byte	.LFE70-.LFB70
 1903 0030 00000000 		.4byte	.LFB64
 1904 0034 02000000 		.4byte	.LFE64-.LFB64
 1905 0038 00000000 		.4byte	.LFB65
 1906 003c 14000000 		.4byte	.LFE65-.LFB65
 1907 0040 00000000 		.4byte	.LFB66
 1908 0044 30000000 		.4byte	.LFE66-.LFB66
 1909 0048 00000000 		.4byte	.LFB71
 1910 004c BC000000 		.4byte	.LFE71-.LFB71
 1911 0050 00000000 		.4byte	0
 1912 0054 00000000 		.4byte	0
 1913              		.section	.debug_ranges,"",%progbits
 1914              	.Ldebug_ranges0:
 1915 0000 00000000 		.4byte	.LFB67
 1916 0004 54000000 		.4byte	.LFE67
 1917 0008 00000000 		.4byte	.LFB68
 1918 000c 2C000000 		.4byte	.LFE68
 1919 0010 00000000 		.4byte	.LFB69
 1920 0014 1C000000 		.4byte	.LFE69
 1921 0018 00000000 		.4byte	.LFB70
 1922 001c 9C000000 		.4byte	.LFE70
 1923 0020 00000000 		.4byte	.LFB64
 1924 0024 02000000 		.4byte	.LFE64
 1925 0028 00000000 		.4byte	.LFB65
 1926 002c 14000000 		.4byte	.LFE65
ARM GAS  C:\Users\JEANPI~1\AppData\Local\Temp\cc1Bj5GC.s 			page 38


 1927 0030 00000000 		.4byte	.LFB66
 1928 0034 30000000 		.4byte	.LFE66
 1929 0038 00000000 		.4byte	.LFB71
 1930 003c BC000000 		.4byte	.LFE71
 1931 0040 00000000 		.4byte	0
 1932 0044 00000000 		.4byte	0
 1933              		.section	.debug_line,"",%progbits
 1934              	.Ldebug_line0:
 1935 0000 36030000 		.section	.debug_str,"MS",%progbits,1
 1935      02005802 
 1935      00000201 
 1935      FB0E0D00 
 1935      01010101 
 1936              	.LASF25:
 1937 0000 76616C69 		.ascii	"valid\000"
 1937      6400
 1938              	.LASF37:
 1939 0006 74656D70 		.ascii	"temp\000"
 1939      00
 1940              	.LASF2:
 1941 000b 73686F72 		.ascii	"short int\000"
 1941      7420696E 
 1941      7400
 1942              	.LASF58:
 1943 0015 6973725F 		.ascii	"isr_press_StartEx\000"
 1943      70726573 
 1943      735F5374 
 1943      61727445 
 1943      7800
 1944              	.LASF19:
 1945 0027 73697A65 		.ascii	"sizetype\000"
 1945      74797065 
 1945      00
 1946              	.LASF16:
 1947 0030 63686172 		.ascii	"char8\000"
 1947      3800
 1948              	.LASF70:
 1949 0036 6D61696E 		.ascii	"main\000"
 1949      00
 1950              	.LASF53:
 1951 003b 4B657970 		.ascii	"Keypad_1_GetButton\000"
 1951      61645F31 
 1951      5F476574 
 1951      42757474 
 1951      6F6E00
 1952              	.LASF35:
 1953 004e 6576656E 		.ascii	"event\000"
 1953      7400
 1954              	.LASF44:
 1955 0054 73747232 		.ascii	"str2\000"
 1955      00
 1956              	.LASF46:
 1957 0059 6973725F 		.ascii	"isr_1_ClearPending\000"
 1957      315F436C 
 1957      65617250 
 1957      656E6469 
 1957      6E6700
ARM GAS  C:\Users\JEANPI~1\AppData\Local\Temp\cc1Bj5GC.s 			page 39


 1958              	.LASF12:
 1959 006c 75696E74 		.ascii	"uint16\000"
 1959      313600
 1960              	.LASF41:
 1961 0073 73706565 		.ascii	"speed_read\000"
 1961      645F7265 
 1961      616400
 1962              	.LASF11:
 1963 007e 75696E74 		.ascii	"uint8\000"
 1963      3800
 1964              	.LASF42:
 1965 0084 666C6167 		.ascii	"flag1\000"
 1965      3100
 1966              	.LASF24:
 1967 008a 666C6167 		.ascii	"flag2\000"
 1967      3200
 1968              	.LASF61:
 1969 0090 6973725F 		.ascii	"isr_sync_StartEx\000"
 1969      73796E63 
 1969      5F537461 
 1969      72744578 
 1969      00
 1970              	.LASF26:
 1971 00a1 636F6E74 		.ascii	"cont\000"
 1971      00
 1972              	.LASF14:
 1973 00a6 666C6F61 		.ascii	"float\000"
 1973      7400
 1974              	.LASF23:
 1975 00ac 70726573 		.ascii	"press_ISR\000"
 1975      735F4953 
 1975      5200
 1976              	.LASF6:
 1977 00b6 6C6F6E67 		.ascii	"long long int\000"
 1977      206C6F6E 
 1977      6720696E 
 1977      7400
 1978              	.LASF64:
 1979 00c4 54696D65 		.ascii	"Timer_Start\000"
 1979      725F5374 
 1979      61727400 
 1980              	.LASF4:
 1981 00d0 6C6F6E67 		.ascii	"long int\000"
 1981      20696E74 
 1981      00
 1982              	.LASF68:
 1983 00d9 433A5C55 		.ascii	"C:\\Users\\jeanpierre\\Documents\\PSoC Creator\\tec"
 1983      73657273 
 1983      5C6A6561 
 1983      6E706965 
 1983      7272655C 
 1984 0107 6C61646F 		.ascii	"lado\\teclado.cydsn\000"
 1984      5C746563 
 1984      6C61646F 
 1984      2E637964 
 1984      736E00
 1985              	.LASF33:
ARM GAS  C:\Users\JEANPI~1\AppData\Local\Temp\cc1Bj5GC.s 			page 40


 1986 011a 636F6E74 		.ascii	"contador\000"
 1986      61646F72 
 1986      00
 1987              	.LASF59:
 1988 0123 6973725F 		.ascii	"isr_1_StartEx\000"
 1988      315F5374 
 1988      61727445 
 1988      7800
 1989              	.LASF1:
 1990 0131 756E7369 		.ascii	"unsigned char\000"
 1990      676E6564 
 1990      20636861 
 1990      7200
 1991              	.LASF38:
 1992 013f 64696666 		.ascii	"diff1\000"
 1992      3100
 1993              	.LASF45:
 1994 0145 50696E5F 		.ascii	"Pin_2_Write\000"
 1994      325F5772 
 1994      69746500 
 1995              	.LASF62:
 1996 0151 4C43445F 		.ascii	"LCD_Start\000"
 1996      53746172 
 1996      7400
 1997              	.LASF40:
 1998 015b 73706565 		.ascii	"speed\000"
 1998      6400
 1999              	.LASF18:
 2000 0161 6C6F6E67 		.ascii	"long double\000"
 2000      20646F75 
 2000      626C6500 
 2001              	.LASF52:
 2002 016d 4C43445F 		.ascii	"LCD_PrintString\000"
 2002      5072696E 
 2002      74537472 
 2002      696E6700 
 2003              	.LASF48:
 2004 017d 43794465 		.ascii	"CyDelayUs\000"
 2004      6C617955 
 2004      7300
 2005              	.LASF69:
 2006 0187 436F6E76 		.ascii	"Convert_Speed\000"
 2006      6572745F 
 2006      53706565 
 2006      6400
 2007              	.LASF34:
 2008 0195 636F756E 		.ascii	"counter\000"
 2008      74657200 
 2009              	.LASF65:
 2010 019d 73707269 		.ascii	"sprintf\000"
 2010      6E746600 
 2011              	.LASF0:
 2012 01a5 7369676E 		.ascii	"signed char\000"
 2012      65642063 
 2012      68617200 
 2013              	.LASF7:
 2014 01b1 6C6F6E67 		.ascii	"long long unsigned int\000"
ARM GAS  C:\Users\JEANPI~1\AppData\Local\Temp\cc1Bj5GC.s 			page 41


 2014      206C6F6E 
 2014      6720756E 
 2014      7369676E 
 2014      65642069 
 2015              	.LASF8:
 2016 01c8 756E7369 		.ascii	"unsigned int\000"
 2016      676E6564 
 2016      20696E74 
 2016      00
 2017              	.LASF21:
 2018 01d5 456E636F 		.ascii	"Encoder_ISR\000"
 2018      6465725F 
 2018      49535200 
 2019              	.LASF57:
 2020 01e1 50574D5F 		.ascii	"PWM_WriteCompare\000"
 2020      57726974 
 2020      65436F6D 
 2020      70617265 
 2020      00
 2021              	.LASF39:
 2022 01f2 70776D5F 		.ascii	"pwm_Com\000"
 2022      436F6D00 
 2023              	.LASF43:
 2024 01fa 666C6167 		.ascii	"flag_init\000"
 2024      5F696E69 
 2024      7400
 2025              	.LASF17:
 2026 0204 63686172 		.ascii	"char\000"
 2026      00
 2027              	.LASF56:
 2028 0209 6973725F 		.ascii	"isr_press_ClearPending\000"
 2028      70726573 
 2028      735F436C 
 2028      65617250 
 2028      656E6469 
 2029              	.LASF10:
 2030 0220 696E7433 		.ascii	"int32_t\000"
 2030      325F7400 
 2031              	.LASF3:
 2032 0228 73686F72 		.ascii	"short unsigned int\000"
 2032      7420756E 
 2032      7369676E 
 2032      65642069 
 2032      6E7400
 2033              	.LASF36:
 2034 023b 7469656D 		.ascii	"tiempo\000"
 2034      706F00
 2035              	.LASF22:
 2036 0242 73796E63 		.ascii	"sync\000"
 2036      00
 2037              	.LASF13:
 2038 0247 75696E74 		.ascii	"uint32\000"
 2038      333200
 2039              	.LASF67:
 2040 024e 6D61696E 		.ascii	"main.c\000"
 2040      2E6300
 2041              	.LASF5:
ARM GAS  C:\Users\JEANPI~1\AppData\Local\Temp\cc1Bj5GC.s 			page 42


 2042 0255 6C6F6E67 		.ascii	"long unsigned int\000"
 2042      20756E73 
 2042      69676E65 
 2042      6420696E 
 2042      7400
 2043              	.LASF15:
 2044 0267 646F7562 		.ascii	"double\000"
 2044      6C6500
 2045              	.LASF55:
 2046 026e 4C43445F 		.ascii	"LCD_PutChar\000"
 2046      50757443 
 2046      68617200 
 2047              	.LASF20:
 2048 027a 54696D65 		.ascii	"Timer_ISR\000"
 2048      725F4953 
 2048      5200
 2049              	.LASF9:
 2050 0284 5F5F696E 		.ascii	"__int32_t\000"
 2050      7433325F 
 2050      7400
 2051              	.LASF32:
 2052 028e 76616C6F 		.ascii	"valor\000"
 2052      7200
 2053              	.LASF47:
 2054 0294 456E636F 		.ascii	"Encoder_Read\000"
 2054      6465725F 
 2054      52656164 
 2054      00
 2055              	.LASF63:
 2056 02a1 50574D5F 		.ascii	"PWM_Start\000"
 2056      53746172 
 2056      7400
 2057              	.LASF50:
 2058 02ab 73796E63 		.ascii	"sync_ClearInterrupt\000"
 2058      5F436C65 
 2058      6172496E 
 2058      74657272 
 2058      75707400 
 2059              	.LASF51:
 2060 02bf 4C43445F 		.ascii	"LCD_Position\000"
 2060      506F7369 
 2060      74696F6E 
 2060      00
 2061              	.LASF29:
 2062 02cc 4B657970 		.ascii	"Keypad_1_Key\000"
 2062      61645F31 
 2062      5F4B6579 
 2062      00
 2063              	.LASF27:
 2064 02d9 5365745F 		.ascii	"Set_Speed\000"
 2064      53706565 
 2064      6400
 2065              	.LASF28:
 2066 02e3 436F6E74 		.ascii	"Control_Motor\000"
 2066      726F6C5F 
 2066      4D6F746F 
 2066      7200
ARM GAS  C:\Users\JEANPI~1\AppData\Local\Temp\cc1Bj5GC.s 			page 43


 2067              	.LASF31:
 2068 02f1 666C6167 		.ascii	"flag\000"
 2068      00
 2069              	.LASF60:
 2070 02f6 6973725F 		.ascii	"isr_Encoder_StartEx\000"
 2070      456E636F 
 2070      6465725F 
 2070      53746172 
 2070      74457800 
 2071              	.LASF30:
 2072 030a 49544D5F 		.ascii	"ITM_RxBuffer\000"
 2072      52784275 
 2072      66666572 
 2072      00
 2073              	.LASF66:
 2074 0317 474E5520 		.ascii	"GNU C11 5.4.1 20160609 (release) [ARM/embedded-5-br"
 2074      43313120 
 2074      352E342E 
 2074      31203230 
 2074      31363036 
 2075 034a 616E6368 		.ascii	"anch revision 237715] -mcpu=cortex-m3 -mthumb -g -O"
 2075      20726576 
 2075      6973696F 
 2075      6E203233 
 2075      37373135 
 2076 037d 67202D66 		.ascii	"g -ffunction-sections -ffat-lto-objects\000"
 2076      66756E63 
 2076      74696F6E 
 2076      2D736563 
 2076      74696F6E 
 2077              	.LASF54:
 2078 03a5 43794465 		.ascii	"CyDelay\000"
 2078      6C617900 
 2079              	.LASF49:
 2080 03ad 456E636F 		.ascii	"Encoder_ClearInterrupt\000"
 2080      6465725F 
 2080      436C6561 
 2080      72496E74 
 2080      65727275 
 2081              		.ident	"GCC: (GNU Tools for ARM Embedded Processors) 5.4.1 20160609 (release) [ARM/embedded-5-bran
