<<<<<<< HEAD
--------------- Build Started: 02/17/2020 15:31:14 Project: teclado, Configuration: ARM GCC 5.4-2016-q2-update Debug ---------------
The code generation step is up to date.
arm-none-eabi-gcc.exe -mcpu=cortex-m3 -mthumb -I. -IGenerated_Source\PSoC5 -Wa,-alh=.\CortexM3\ARM_GCC_541\Debug/main.lst -g -D DEBUG -D CY_CORE_ID=0 -Wall -ffunction-sections -ffat-lto-objects -Og -c main.c -o .\CortexM3\ARM_GCC_541\Debug\main.o
main.c: In function 'main':
main.c:154:11: warning: variable 'i' set but not used [-Wunused-but-set-variable]
     char8 i;
           ^
arm-none-eabi-ar.exe -rs .\CortexM3\ARM_GCC_541\Debug\teclado.a .\CortexM3\ARM_GCC_541\Debug\Keypad_1_Keypad1.o .\CortexM3\ARM_GCC_541\Debug\Keypad_1_Status_Reg.o .\CortexM3\ARM_GCC_541\Debug\Keypad_1_Clock.o .\CortexM3\ARM_GCC_541\Debug\cy_em_eeprom.o .\CortexM3\ARM_GCC_541\Debug\CyDmac.o .\CortexM3\ARM_GCC_541\Debug\CyFlash.o .\CortexM3\ARM_GCC_541\Debug\CyLib.o .\CortexM3\ARM_GCC_541\Debug\cyPm.o .\CortexM3\ARM_GCC_541\Debug\CySpc.o .\CortexM3\ARM_GCC_541\Debug\cyutils.o .\CortexM3\ARM_GCC_541\Debug\LCD.o .\CortexM3\ARM_GCC_541\Debug\LCD_PM.o .\CortexM3\ARM_GCC_541\Debug\LCD_LCDPort.o .\CortexM3\ARM_GCC_541\Debug\isr_press.o .\CortexM3\ARM_GCC_541\Debug\Pin_2.o .\CortexM3\ARM_GCC_541\Debug\Encoder.o .\CortexM3\ARM_GCC_541\Debug\timer_clock.o .\CortexM3\ARM_GCC_541\Debug\Timer.o .\CortexM3\ARM_GCC_541\Debug\Timer_PM.o .\CortexM3\ARM_GCC_541\Debug\isr_1.o .\CortexM3\ARM_GCC_541\Debug\isr_Encoder.o .\CortexM3\ARM_GCC_541\Debug\PWM.o .\CortexM3\ARM_GCC_541\Debug\PWM_PM.o .\CortexM3\ARM_GCC_541\Debug\salida.o .\CortexM3\ARM_GCC_541\Debug\Pin_1.o .\CortexM3\ARM_GCC_541\Debug\cruce_por_cero.o .\CortexM3\ARM_GCC_541\Debug\num_control.o .\CortexM3\ARM_GCC_541\Debug\CyBootAsmGnu.o
arm-none-eabi-ar.exe: creating .\CortexM3\ARM_GCC_541\Debug\teclado.a
arm-none-eabi-gcc.exe -Wl,--start-group -o "C:\Users\jeanpierre\Documents\PSoC Creator\teclado\Lab5_VelocidadMotor\teclado.cydsn\CortexM3\ARM_GCC_541\Debug\teclado.elf" .\CortexM3\ARM_GCC_541\Debug\main.o .\CortexM3\ARM_GCC_541\Debug\cyfitter_cfg.o .\CortexM3\ARM_GCC_541\Debug\cymetadata.o .\CortexM3\ARM_GCC_541\Debug\Cm3Start.o .\CortexM3\ARM_GCC_541\Debug\teclado.a "C:\Program Files (x86)\Cypress\PSoC Creator\4.2\PSoC Creator\psoc\content\cycomponentlibrary\CyComponentLibrary.cylib\CortexM3\ARM_GCC_541\Debug\CyComponentLibrary.a" -mcpu=cortex-m3 -mthumb -L Generated_Source\PSoC5 -Wl,-Map,.\CortexM3\ARM_GCC_541\Debug/teclado.map -T Generated_Source\PSoC5\cm3gcc.ld -specs=nano.specs -u _printf_float -Wl,--gc-sections -g -ffunction-sections -Og -ffat-lto-objects -Wl,--end-group
cyelftool.exe -C "C:\Users\jeanpierre\Documents\PSoC Creator\teclado\Lab5_VelocidadMotor\teclado.cydsn\CortexM3\ARM_GCC_541\Debug\teclado.elf" --flash_row_size 256 --flash_size 262144 --flash_offset 0x00000000
No ELF section .cychecksum found, creating one
Application checksum calculated and stored in ELF section .cychecksum
Checksum calculated and stored in ELF section .cymeta
cyelftool.exe -S "C:\Users\jeanpierre\Documents\PSoC Creator\teclado\Lab5_VelocidadMotor\teclado.cydsn\CortexM3\ARM_GCC_541\Debug\teclado.elf"
Flash used: 14484 of 262144 bytes (5,5 %).
SRAM used: 2705 of 65536 bytes (4,1 %). Stack: 2048 bytes. Heap: 128 bytes.
--------------- Build Succeeded: 02/17/2020 15:31:16 ---------------
=======
--------------- Build Started: 01/31/2020 13:23:02 Project: teclado, Configuration: ARM GCC 5.4-2016-q2-update Debug ---------------
The code generation step is up to date.
arm-none-eabi-gcc.exe -mcpu=cortex-m3 -mthumb -I. -IGenerated_Source\PSoC5 -Wa,-alh=.\CortexM3\ARM_GCC_541\Debug/main.lst -g -D DEBUG -D CY_CORE_ID=0 -Wall -ffunction-sections -ffat-lto-objects -Og -c main.c -o .\CortexM3\ARM_GCC_541\Debug\main.o
main.c: In function 'main':
main.c:151:11: warning: variable 'i' set but not used [-Wunused-but-set-variable]
     char8 i;
           ^
arm-none-eabi-ar.exe -rs .\CortexM3\ARM_GCC_541\Debug\teclado.a .\CortexM3\ARM_GCC_541\Debug\Keypad_1_Keypad1.o .\CortexM3\ARM_GCC_541\Debug\Keypad_1_Status_Reg.o .\CortexM3\ARM_GCC_541\Debug\Keypad_1_Clock.o .\CortexM3\ARM_GCC_541\Debug\cy_em_eeprom.o .\CortexM3\ARM_GCC_541\Debug\CyDmac.o .\CortexM3\ARM_GCC_541\Debug\CyFlash.o .\CortexM3\ARM_GCC_541\Debug\CyLib.o .\CortexM3\ARM_GCC_541\Debug\cyPm.o .\CortexM3\ARM_GCC_541\Debug\CySpc.o .\CortexM3\ARM_GCC_541\Debug\cyutils.o .\CortexM3\ARM_GCC_541\Debug\LCD.o .\CortexM3\ARM_GCC_541\Debug\LCD_PM.o .\CortexM3\ARM_GCC_541\Debug\LCD_LCDPort.o .\CortexM3\ARM_GCC_541\Debug\isr_press.o .\CortexM3\ARM_GCC_541\Debug\Pin_2.o .\CortexM3\ARM_GCC_541\Debug\Encoder.o .\CortexM3\ARM_GCC_541\Debug\timer_clock.o .\CortexM3\ARM_GCC_541\Debug\Timer.o .\CortexM3\ARM_GCC_541\Debug\Timer_PM.o .\CortexM3\ARM_GCC_541\Debug\isr_1.o .\CortexM3\ARM_GCC_541\Debug\isr_Encoder.o .\CortexM3\ARM_GCC_541\Debug\PWM.o .\CortexM3\ARM_GCC_541\Debug\PWM_PM.o .\CortexM3\ARM_GCC_541\Debug\salida.o .\CortexM3\ARM_GCC_541\Debug\sync.o .\CortexM3\ARM_GCC_541\Debug\isr_sync.o .\CortexM3\ARM_GCC_541\Debug\Pin_1.o .\CortexM3\ARM_GCC_541\Debug\CyBootAsmGnu.o
arm-none-eabi-ar.exe: creating .\CortexM3\ARM_GCC_541\Debug\teclado.a
arm-none-eabi-gcc.exe -Wl,--start-group -o "C:\Users\jeanpierre\Documents\PSoC Creator\teclado\teclado.cydsn\CortexM3\ARM_GCC_541\Debug\teclado.elf" .\CortexM3\ARM_GCC_541\Debug\main.o .\CortexM3\ARM_GCC_541\Debug\cyfitter_cfg.o .\CortexM3\ARM_GCC_541\Debug\cymetadata.o .\CortexM3\ARM_GCC_541\Debug\Cm3Start.o .\CortexM3\ARM_GCC_541\Debug\teclado.a "C:\Program Files (x86)\Cypress\PSoC Creator\4.2\PSoC Creator\psoc\content\cycomponentlibrary\CyComponentLibrary.cylib\CortexM3\ARM_GCC_541\Debug\CyComponentLibrary.a" -mcpu=cortex-m3 -mthumb -L Generated_Source\PSoC5 -Wl,-Map,.\CortexM3\ARM_GCC_541\Debug/teclado.map -T Generated_Source\PSoC5\cm3gcc.ld -specs=nano.specs -u _printf_float -Wl,--gc-sections -g -ffunction-sections -Og -ffat-lto-objects -Wl,--end-group
cyelftool.exe -C "C:\Users\jeanpierre\Documents\PSoC Creator\teclado\teclado.cydsn\CortexM3\ARM_GCC_541\Debug\teclado.elf" --flash_row_size 256 --flash_size 262144 --flash_offset 0x00000000
No ELF section .cychecksum found, creating one
Application checksum calculated and stored in ELF section .cychecksum
Checksum calculated and stored in ELF section .cymeta
cyelftool.exe -S "C:\Users\jeanpierre\Documents\PSoC Creator\teclado\teclado.cydsn\CortexM3\ARM_GCC_541\Debug\teclado.elf"
Flash used: 14612 of 262144 bytes (5,6 %).
SRAM used: 2697 of 65536 bytes (4,1 %). Stack: 2048 bytes. Heap: 128 bytes.
--------------- Build Succeeded: 01/31/2020 13:23:03 ---------------
>>>>>>> 3fa70c016b72230f56fb1d61b64031d5e62add14
