ARM GAS  C:\Users\santa\AppData\Local\Temp\ccBrfRoH.s 			page 1


   1              		.syntax unified
   2              		.cpu cortex-m3
   3              		.fpu softvfp
   4              		.eabi_attribute 20, 1
   5              		.eabi_attribute 21, 1
   6              		.eabi_attribute 23, 3
   7              		.eabi_attribute 24, 1
   8              		.eabi_attribute 25, 1
   9              		.eabi_attribute 26, 1
  10              		.eabi_attribute 30, 1
  11              		.eabi_attribute 34, 1
  12              		.eabi_attribute 18, 4
  13              		.thumb
  14              		.syntax unified
  15              		.file	"cymetadata.c"
  16              		.text
  17              	.Ltext0:
  18              		.cfi_sections	.debug_frame
  19              		.global	cy_metadata
  20              		.global	cy_meta_flashprotect
  21              		.global	cy_meta_wonvl
  22              		.global	cy_meta_custnvl
  23              		.global	cy_meta_configecc
  24              		.section	.cyconfigecc,"a",%progbits
  25              		.align	2
  26              		.type	cy_meta_configecc, %object
  27              		.size	cy_meta_configecc, 464
  28              	cy_meta_configecc:
  29 0000 02       		.byte	2
  30 0001 45       		.byte	69
  31 0002 00       		.byte	0
  32 0003 40       		.byte	64
  33 0004 01       		.byte	1
  34 0005 52       		.byte	82
  35 0006 00       		.byte	0
  36 0007 40       		.byte	64
  37 0008 02       		.byte	2
  38 0009 64       		.byte	100
  39 000a 00       		.byte	0
  40 000b 40       		.byte	64
  41 000c 01       		.byte	1
  42 000d 07       		.byte	7
  43 000e 01       		.byte	1
  44 000f 40       		.byte	64
  45 0010 01       		.byte	1
  46 0011 09       		.byte	9
  47 0012 01       		.byte	1
  48 0013 40       		.byte	64
  49 0014 30       		.byte	48
  50 0015 0A       		.byte	10
  51 0016 01       		.byte	1
  52 0017 40       		.byte	64
  53 0018 17       		.byte	23
  54 0019 0B       		.byte	11
  55 001a 01       		.byte	1
  56 001b 40       		.byte	64
  57 001c 3C       		.byte	60
ARM GAS  C:\Users\santa\AppData\Local\Temp\ccBrfRoH.s 			page 2


  58 001d 0C       		.byte	12
  59 001e 01       		.byte	1
  60 001f 40       		.byte	64
  61 0020 1A       		.byte	26
  62 0021 0D       		.byte	13
  63 0022 01       		.byte	1
  64 0023 40       		.byte	64
  65 0024 02       		.byte	2
  66 0025 40       		.byte	64
  67 0026 01       		.byte	1
  68 0027 40       		.byte	64
  69 0028 01       		.byte	1
  70 0029 41       		.byte	65
  71 002a 01       		.byte	1
  72 002b 40       		.byte	64
  73 002c 01       		.byte	1
  74 002d 42       		.byte	66
  75 002e 01       		.byte	1
  76 002f 40       		.byte	64
  77 0030 02       		.byte	2
  78 0031 43       		.byte	67
  79 0032 01       		.byte	1
  80 0033 40       		.byte	64
  81 0034 02       		.byte	2
  82 0035 45       		.byte	69
  83 0036 01       		.byte	1
  84 0037 40       		.byte	64
  85 0038 01       		.byte	1
  86 0039 46       		.byte	70
  87 003a 01       		.byte	1
  88 003b 40       		.byte	64
  89 003c 03       		.byte	3
  90 003d 50       		.byte	80
  91 003e 01       		.byte	1
  92 003f 40       		.byte	64
  93 0040 01       		.byte	1
  94 0041 51       		.byte	81
  95 0042 01       		.byte	1
  96 0043 40       		.byte	64
  97 0044 01       		.byte	1
  98 0045 03       		.byte	3
  99 0046 13       		.byte	19
 100 0047 01       		.byte	1
 101 0048 10       		.byte	16
 102 0049 10       		.byte	16
 103 004a 8B       		.byte	-117
 104 004b 0D       		.byte	13
 105 004c 8D       		.byte	-115
 106 004d 0D       		.byte	13
 107 004e EE       		.byte	-18
 108 004f 08       		.byte	8
 109 0050 AF       		.byte	-81
 110 0051 20       		.byte	32
 111 0052 40       		.byte	64
 112 0053 54       		.byte	84
 113 0054 49       		.byte	73
 114 0055 FF       		.byte	-1
ARM GAS  C:\Users\santa\AppData\Local\Temp\ccBrfRoH.s 			page 3


 115 0056 4A       		.byte	74
 116 0057 FF       		.byte	-1
 117 0058 4B       		.byte	75
 118 0059 FF       		.byte	-1
 119 005a 4F       		.byte	79
 120 005b 01       		.byte	1
 121 005c 50       		.byte	80
 122 005d 18       		.byte	24
 123 005e 5A       		.byte	90
 124 005f 04       		.byte	4
 125 0060 5F       		.byte	95
 126 0061 01       		.byte	1
 127 0062 60       		.byte	96
 128 0063 40       		.byte	64
 129 0064 62       		.byte	98
 130 0065 40       		.byte	64
 131 0066 64       		.byte	100
 132 0067 40       		.byte	64
 133 0068 65       		.byte	101
 134 0069 40       		.byte	64
 135 006a 66       		.byte	102
 136 006b 80       		.byte	-128
 137 006c 68       		.byte	104
 138 006d 80       		.byte	-128
 139 006e 6A       		.byte	106
 140 006f 80       		.byte	-128
 141 0070 6C       		.byte	108
 142 0071 80       		.byte	-128
 143 0072 6E       		.byte	110
 144 0073 80       		.byte	-128
 145 0074 92       		.byte	-110
 146 0075 01       		.byte	1
 147 0076 AE       		.byte	-82
 148 0077 01       		.byte	1
 149 0078 B0       		.byte	-80
 150 0079 01       		.byte	1
 151 007a B4       		.byte	-76
 152 007b 01       		.byte	1
 153 007c BE       		.byte	-66
 154 007d 01       		.byte	1
 155 007e C0       		.byte	-64
 156 007f 15       		.byte	21
 157 0080 C5       		.byte	-59
 158 0081 EC       		.byte	-20
 159 0082 C6       		.byte	-58
 160 0083 02       		.byte	2
 161 0084 C8       		.byte	-56
 162 0085 07       		.byte	7
 163 0086 C9       		.byte	-55
 164 0087 FF       		.byte	-1
 165 0088 CA       		.byte	-54
 166 0089 FF       		.byte	-1
 167 008a CB       		.byte	-53
 168 008b FF       		.byte	-1
 169 008c CD       		.byte	-51
 170 008d 83       		.byte	-125
 171 008e CE       		.byte	-50
ARM GAS  C:\Users\santa\AppData\Local\Temp\ccBrfRoH.s 			page 4


 172 008f 03       		.byte	3
 173 0090 CF       		.byte	-49
 174 0091 01       		.byte	1
 175 0092 D0       		.byte	-48
 176 0093 18       		.byte	24
 177 0094 D2       		.byte	-46
 178 0095 80       		.byte	-128
 179 0096 D4       		.byte	-44
 180 0097 01       		.byte	1
 181 0098 D8       		.byte	-40
 182 0099 04       		.byte	4
 183 009a DA       		.byte	-38
 184 009b 04       		.byte	4
 185 009c DB       		.byte	-37
 186 009d 04       		.byte	4
 187 009e DF       		.byte	-33
 188 009f 01       		.byte	1
 189 00a0 E0       		.byte	-32
 190 00a1 40       		.byte	64
 191 00a2 E2       		.byte	-30
 192 00a3 40       		.byte	64
 193 00a4 E4       		.byte	-28
 194 00a5 40       		.byte	64
 195 00a6 E5       		.byte	-27
 196 00a7 40       		.byte	64
 197 00a8 E6       		.byte	-26
 198 00a9 80       		.byte	-128
 199 00aa E8       		.byte	-24
 200 00ab 80       		.byte	-128
 201 00ac EA       		.byte	-22
 202 00ad 80       		.byte	-128
 203 00ae EC       		.byte	-20
 204 00af 80       		.byte	-128
 205 00b0 EE       		.byte	-18
 206 00b1 80       		.byte	-128
 207 00b2 0F       		.byte	15
 208 00b3 80       		.byte	-128
 209 00b4 17       		.byte	23
 210 00b5 80       		.byte	-128
 211 00b6 1E       		.byte	30
 212 00b7 80       		.byte	-128
 213 00b8 1F       		.byte	31
 214 00b9 20       		.byte	32
 215 00ba 42       		.byte	66
 216 00bb 80       		.byte	-128
 217 00bc 47       		.byte	71
 218 00bd 80       		.byte	-128
 219 00be 48       		.byte	72
 220 00bf 01       		.byte	1
 221 00c0 4D       		.byte	77
 222 00c1 04       		.byte	4
 223 00c2 4F       		.byte	79
 224 00c3 81       		.byte	-127
 225 00c4 56       		.byte	86
 226 00c5 80       		.byte	-128
 227 00c6 57       		.byte	87
 228 00c7 40       		.byte	64
ARM GAS  C:\Users\santa\AppData\Local\Temp\ccBrfRoH.s 			page 5


 229 00c8 5D       		.byte	93
 230 00c9 04       		.byte	4
 231 00ca 5E       		.byte	94
 232 00cb 80       		.byte	-128
 233 00cc 5F       		.byte	95
 234 00cd 01       		.byte	1
 235 00ce 74       		.byte	116
 236 00cf 01       		.byte	1
 237 00d0 77       		.byte	119
 238 00d1 80       		.byte	-128
 239 00d2 AC       		.byte	-84
 240 00d3 10       		.byte	16
 241 00d4 C2       		.byte	-62
 242 00d5 10       		.byte	16
 243 00d6 C4       		.byte	-60
 244 00d7 80       		.byte	-128
 245 00d8 D0       		.byte	-48
 246 00d9 11       		.byte	17
 247 00da D2       		.byte	-46
 248 00db 18       		.byte	24
 249 00dc D6       		.byte	-42
 250 00dd D0       		.byte	-48
 251 00de E8       		.byte	-24
 252 00df 08       		.byte	8
 253 00e0 02       		.byte	2
 254 00e1 01       		.byte	1
 255 00e2 12       		.byte	18
 256 00e3 02       		.byte	2
 257 00e4 22       		.byte	34
 258 00e5 02       		.byte	2
 259 00e6 30       		.byte	48
 260 00e7 01       		.byte	1
 261 00e8 32       		.byte	50
 262 00e9 02       		.byte	2
 263 00ea 34       		.byte	52
 264 00eb 02       		.byte	2
 265 00ec 36       		.byte	54
 266 00ed 01       		.byte	1
 267 00ee 3E       		.byte	62
 268 00ef 10       		.byte	16
 269 00f0 40       		.byte	64
 270 00f1 10       		.byte	16
 271 00f2 41       		.byte	65
 272 00f3 05       		.byte	5
 273 00f4 49       		.byte	73
 274 00f5 FF       		.byte	-1
 275 00f6 4A       		.byte	74
 276 00f7 FF       		.byte	-1
 277 00f8 4B       		.byte	75
 278 00f9 FF       		.byte	-1
 279 00fa 4D       		.byte	77
 280 00fb A0       		.byte	-96
 281 00fc 4F       		.byte	79
 282 00fd 04       		.byte	4
 283 00fe 50       		.byte	80
 284 00ff 18       		.byte	24
 285 0100 52       		.byte	82
ARM GAS  C:\Users\santa\AppData\Local\Temp\ccBrfRoH.s 			page 6


 286 0101 80       		.byte	-128
 287 0102 58       		.byte	88
 288 0103 04       		.byte	4
 289 0104 5A       		.byte	90
 290 0105 04       		.byte	4
 291 0106 5B       		.byte	91
 292 0107 04       		.byte	4
 293 0108 5F       		.byte	95
 294 0109 01       		.byte	1
 295 010a 60       		.byte	96
 296 010b 40       		.byte	64
 297 010c 62       		.byte	98
 298 010d C0       		.byte	-64
 299 010e 64       		.byte	100
 300 010f 40       		.byte	64
 301 0110 65       		.byte	101
 302 0111 40       		.byte	64
 303 0112 66       		.byte	102
 304 0113 C0       		.byte	-64
 305 0114 68       		.byte	104
 306 0115 C0       		.byte	-64
 307 0116 6A       		.byte	106
 308 0117 C0       		.byte	-64
 309 0118 6C       		.byte	108
 310 0119 C0       		.byte	-64
 311 011a 6E       		.byte	110
 312 011b C0       		.byte	-64
 313 011c 80       		.byte	-128
 314 011d 02       		.byte	2
 315 011e A6       		.byte	-90
 316 011f 03       		.byte	3
 317 0120 B0       		.byte	-80
 318 0121 01       		.byte	1
 319 0122 B6       		.byte	-74
 320 0123 02       		.byte	2
 321 0124 C0       		.byte	-64
 322 0125 40       		.byte	64
 323 0126 C1       		.byte	-63
 324 0127 05       		.byte	5
 325 0128 C5       		.byte	-59
 326 0129 D0       		.byte	-48
 327 012a C7       		.byte	-57
 328 012b 20       		.byte	32
 329 012c C8       		.byte	-56
 330 012d 23       		.byte	35
 331 012e C9       		.byte	-55
 332 012f FF       		.byte	-1
 333 0130 CA       		.byte	-54
 334 0131 FF       		.byte	-1
 335 0132 CB       		.byte	-53
 336 0133 FF       		.byte	-1
 337 0134 CD       		.byte	-51
 338 0135 AF       		.byte	-81
 339 0136 CE       		.byte	-50
 340 0137 0F       		.byte	15
 341 0138 CF       		.byte	-49
 342 0139 04       		.byte	4
ARM GAS  C:\Users\santa\AppData\Local\Temp\ccBrfRoH.s 			page 7


 343 013a D0       		.byte	-48
 344 013b 18       		.byte	24
 345 013c D4       		.byte	-44
 346 013d 05       		.byte	5
 347 013e D8       		.byte	-40
 348 013f 04       		.byte	4
 349 0140 DA       		.byte	-38
 350 0141 04       		.byte	4
 351 0142 DB       		.byte	-37
 352 0143 04       		.byte	4
 353 0144 DF       		.byte	-33
 354 0145 01       		.byte	1
 355 0146 E0       		.byte	-32
 356 0147 40       		.byte	64
 357 0148 E2       		.byte	-30
 358 0149 C0       		.byte	-64
 359 014a E4       		.byte	-28
 360 014b 40       		.byte	64
 361 014c E5       		.byte	-27
 362 014d 40       		.byte	64
 363 014e E6       		.byte	-26
 364 014f C0       		.byte	-64
 365 0150 E8       		.byte	-24
 366 0151 C0       		.byte	-64
 367 0152 EA       		.byte	-22
 368 0153 C0       		.byte	-64
 369 0154 EC       		.byte	-20
 370 0155 C0       		.byte	-64
 371 0156 EE       		.byte	-18
 372 0157 C0       		.byte	-64
 373 0158 01       		.byte	1
 374 0159 02       		.byte	2
 375 015a 07       		.byte	7
 376 015b 80       		.byte	-128
 377 015c 0E       		.byte	14
 378 015d 80       		.byte	-128
 379 015e 10       		.byte	16
 380 015f 20       		.byte	32
 381 0160 15       		.byte	21
 382 0161 02       		.byte	2
 383 0162 19       		.byte	25
 384 0163 42       		.byte	66
 385 0164 1C       		.byte	28
 386 0165 60       		.byte	96
 387 0166 1D       		.byte	29
 388 0167 80       		.byte	-128
 389 0168 1E       		.byte	30
 390 0169 84       		.byte	-124
 391 016a 40       		.byte	64
 392 016b 40       		.byte	64
 393 016c 45       		.byte	69
 394 016d 80       		.byte	-128
 395 016e 48       		.byte	72
 396 016f 20       		.byte	32
 397 0170 49       		.byte	73
 398 0171 01       		.byte	1
 399 0172 4A       		.byte	74
ARM GAS  C:\Users\santa\AppData\Local\Temp\ccBrfRoH.s 			page 8


 400 0173 02       		.byte	2
 401 0174 4E       		.byte	78
 402 0175 02       		.byte	2
 403 0176 51       		.byte	81
 404 0177 01       		.byte	1
 405 0178 52       		.byte	82
 406 0179 02       		.byte	2
 407 017a 59       		.byte	89
 408 017b 41       		.byte	65
 409 017c 5A       		.byte	90
 410 017d 04       		.byte	4
 411 017e 77       		.byte	119
 412 017f 80       		.byte	-128
 413 0180 C0       		.byte	-64
 414 0181 18       		.byte	24
 415 0182 C2       		.byte	-62
 416 0183 10       		.byte	16
 417 0184 C4       		.byte	-60
 418 0185 14       		.byte	20
 419 0186 D0       		.byte	-48
 420 0187 11       		.byte	17
 421 0188 D2       		.byte	-46
 422 0189 18       		.byte	24
 423 018a D6       		.byte	-42
 424 018b 0B       		.byte	11
 425 018c 33       		.byte	51
 426 018d 20       		.byte	32
 427 018e CC       		.byte	-52
 428 018f 10       		.byte	16
 429 0190 A7       		.byte	-89
 430 0191 20       		.byte	32
 431 0192 A7       		.byte	-89
 432 0193 20       		.byte	32
 433 0194 AF       		.byte	-81
 434 0195 20       		.byte	32
 435 0196 EE       		.byte	-18
 436 0197 10       		.byte	16
 437 0198 5D       		.byte	93
 438 0199 01       		.byte	1
 439 019a D6       		.byte	-42
 440 019b 01       		.byte	1
 441 019c AD       		.byte	-83
 442 019d 01       		.byte	1
 443 019e 00       		.byte	0
 444 019f 01       		.byte	1
 445 01a0 0C       		.byte	12
 446 01a1 01       		.byte	1
 447 01a2 0E       		.byte	14
 448 01a3 01       		.byte	1
 449 01a4 00       		.byte	0
 450 01a5 03       		.byte	3
 451 01a6 00       		.byte	0
 452 01a7 00       		.byte	0
 453 01a8 02       		.byte	2
 454 01a9 00       		.byte	0
 455 01aa 00       		.byte	0
 456 01ab 02       		.byte	2
ARM GAS  C:\Users\santa\AppData\Local\Temp\ccBrfRoH.s 			page 9


 457 01ac 00       		.byte	0
 458 01ad 00       		.byte	0
 459 01ae 00       		.byte	0
 460 01af 00       		.byte	0
 461 01b0 00       		.byte	0
 462 01b1 00       		.byte	0
 463 01b2 00       		.byte	0
 464 01b3 00       		.byte	0
 465 01b4 00       		.byte	0
 466 01b5 7F       		.byte	127
 467 01b6 7F       		.byte	127
 468 01b7 00       		.byte	0
 469 01b8 00       		.byte	0
 470 01b9 00       		.byte	0
 471 01ba 00       		.byte	0
 472 01bb 00       		.byte	0
 473 01bc 00       		.byte	0
 474 01bd 0B       		.byte	11
 475 01be 0B       		.byte	11
 476 01bf 00       		.byte	0
 477 01c0 00       		.byte	0
 478 01c1 00       		.byte	0
 479 01c2 00       		.byte	0
 480 01c3 00       		.byte	0
 481 01c4 08       		.byte	8
 482 01c5 00       		.byte	0
 483 01c6 00       		.byte	0
 484 01c7 1A       		.byte	26
 485 01c8 12       		.byte	18
 486 01c9 00       		.byte	0
 487 01ca 10       		.byte	16
 488 01cb 00       		.byte	0
 489 01cc 00       		.byte	0
 490 01cd 00       		.byte	0
 491 01ce 00       		.byte	0
 492 01cf 00       		.byte	0
 493              		.section	.cywolatch,"a",%progbits
 494              		.align	2
 495              		.type	cy_meta_wonvl, %object
 496              		.size	cy_meta_wonvl, 4
 497              	cy_meta_wonvl:
 498 0000 BC       		.byte	-68
 499 0001 90       		.byte	-112
 500 0002 AC       		.byte	-84
 501 0003 AF       		.byte	-81
 502              		.section	.cycustnvl,"a",%progbits
 503              		.align	2
 504              		.type	cy_meta_custnvl, %object
 505              		.size	cy_meta_custnvl, 4
 506              	cy_meta_custnvl:
 507 0000 00       		.byte	0
 508 0001 00       		.byte	0
 509 0002 40       		.byte	64
 510 0003 05       		.byte	5
 511              		.section	.cymeta,"a",%progbits
 512              		.align	2
 513              		.type	cy_metadata, %object
ARM GAS  C:\Users\santa\AppData\Local\Temp\ccBrfRoH.s 			page 10


 514              		.size	cy_metadata, 12
 515              	cy_metadata:
 516 0000 00       		.byte	0
 517 0001 01       		.byte	1
 518 0002 2E       		.byte	46
 519 0003 16       		.byte	22
 520 0004 10       		.byte	16
 521 0005 69       		.byte	105
 522 0006 00       		.byte	0
 523 0007 01       		.byte	1
 524 0008 00       		.byte	0
 525 0009 00       		.byte	0
 526 000a 00       		.byte	0
 527 000b 00       		.byte	0
 528              		.section	.cyflashprotect,"a",%progbits
 529              		.align	2
 530              		.type	cy_meta_flashprotect, %object
 531              		.size	cy_meta_flashprotect, 256
 532              	cy_meta_flashprotect:
 533 0000 00000000 		.space	256
 533      00000000 
 533      00000000 
 533      00000000 
 533      00000000 
 534              		.text
 535              	.Letext0:
 536              		.file 1 "c:\\program files (x86)\\cypress\\psoc creator\\4.2\\psoc creator\\import\\gnu\\arm\\5.4.
 537              		.file 2 "c:\\program files (x86)\\cypress\\psoc creator\\4.2\\psoc creator\\import\\gnu\\arm\\5.4.
 538              		.file 3 "Generated_Source\\PSoC5\\cymetadata.c"
 539              		.section	.debug_info,"",%progbits
 540              	.Ldebug_info0:
 541 0000 31010000 		.4byte	0x131
 542 0004 0400     		.2byte	0x4
 543 0006 00000000 		.4byte	.Ldebug_abbrev0
 544 000a 04       		.byte	0x4
 545 000b 01       		.uleb128 0x1
 546 000c 24000000 		.4byte	.LASF17
 547 0010 0C       		.byte	0xc
 548 0011 C2010000 		.4byte	.LASF18
 549 0015 7E010000 		.4byte	.LASF19
 550 0019 00000000 		.4byte	.Ldebug_line0
 551 001d 02       		.uleb128 0x2
 552 001e 01       		.byte	0x1
 553 001f 06       		.byte	0x6
 554 0020 72010000 		.4byte	.LASF0
 555 0024 03       		.uleb128 0x3
 556 0025 00000000 		.4byte	.LASF9
 557 0029 01       		.byte	0x1
 558 002a 1D       		.byte	0x1d
 559 002b 2F000000 		.4byte	0x2f
 560 002f 02       		.uleb128 0x2
 561 0030 01       		.byte	0x1
 562 0031 08       		.byte	0x8
 563 0032 16000000 		.4byte	.LASF1
 564 0036 02       		.uleb128 0x2
 565 0037 02       		.byte	0x2
 566 0038 05       		.byte	0x5
ARM GAS  C:\Users\santa\AppData\Local\Temp\ccBrfRoH.s 			page 11


 567 0039 5F010000 		.4byte	.LASF2
 568 003d 02       		.uleb128 0x2
 569 003e 02       		.byte	0x2
 570 003f 07       		.byte	0x7
 571 0040 C4000000 		.4byte	.LASF3
 572 0044 02       		.uleb128 0x2
 573 0045 04       		.byte	0x4
 574 0046 05       		.byte	0x5
 575 0047 69010000 		.4byte	.LASF4
 576 004b 02       		.uleb128 0x2
 577 004c 04       		.byte	0x4
 578 004d 07       		.byte	0x7
 579 004e B2000000 		.4byte	.LASF5
 580 0052 02       		.uleb128 0x2
 581 0053 08       		.byte	0x8
 582 0054 05       		.byte	0x5
 583 0055 51010000 		.4byte	.LASF6
 584 0059 02       		.uleb128 0x2
 585 005a 08       		.byte	0x8
 586 005b 07       		.byte	0x7
 587 005c 06010000 		.4byte	.LASF7
 588 0060 04       		.uleb128 0x4
 589 0061 04       		.byte	0x4
 590 0062 05       		.byte	0x5
 591 0063 696E7400 		.ascii	"int\000"
 592 0067 02       		.uleb128 0x2
 593 0068 04       		.byte	0x4
 594 0069 07       		.byte	0x7
 595 006a F9000000 		.4byte	.LASF8
 596 006e 03       		.uleb128 0x3
 597 006f 1D010000 		.4byte	.LASF10
 598 0073 02       		.byte	0x2
 599 0074 18       		.byte	0x18
 600 0075 24000000 		.4byte	0x24
 601 0079 05       		.uleb128 0x5
 602 007a 91000000 		.4byte	0x91
 603 007e 8A000000 		.4byte	0x8a
 604 0082 06       		.uleb128 0x6
 605 0083 8A000000 		.4byte	0x8a
 606 0087 CF01     		.2byte	0x1cf
 607 0089 00       		.byte	0
 608 008a 02       		.uleb128 0x2
 609 008b 04       		.byte	0x4
 610 008c 07       		.byte	0x7
 611 008d 48010000 		.4byte	.LASF11
 612 0091 07       		.uleb128 0x7
 613 0092 6E000000 		.4byte	0x6e
 614 0096 08       		.uleb128 0x8
 615 0097 E7000000 		.4byte	.LASF12
 616 009b 03       		.byte	0x3
 617 009c 1F       		.byte	0x1f
 618 009d A7000000 		.4byte	0xa7
 619 00a1 05       		.uleb128 0x5
 620 00a2 03       		.byte	0x3
 621 00a3 00000000 		.4byte	cy_meta_configecc
 622 00a7 07       		.uleb128 0x7
 623 00a8 79000000 		.4byte	0x79
ARM GAS  C:\Users\santa\AppData\Local\Temp\ccBrfRoH.s 			page 12


 624 00ac 05       		.uleb128 0x5
 625 00ad 91000000 		.4byte	0x91
 626 00b1 BC000000 		.4byte	0xbc
 627 00b5 09       		.uleb128 0x9
 628 00b6 8A000000 		.4byte	0x8a
 629 00ba 03       		.byte	0x3
 630 00bb 00       		.byte	0
 631 00bc 08       		.uleb128 0x8
 632 00bd D7000000 		.4byte	.LASF13
 633 00c1 03       		.byte	0x3
 634 00c2 66       		.byte	0x66
 635 00c3 CD000000 		.4byte	0xcd
 636 00c7 05       		.uleb128 0x5
 637 00c8 03       		.byte	0x3
 638 00c9 00000000 		.4byte	cy_meta_custnvl
 639 00cd 07       		.uleb128 0x7
 640 00ce AC000000 		.4byte	0xac
 641 00d2 08       		.uleb128 0x8
 642 00d3 3A010000 		.4byte	.LASF14
 643 00d7 03       		.byte	0x3
 644 00d8 74       		.byte	0x74
 645 00d9 E3000000 		.4byte	0xe3
 646 00dd 05       		.uleb128 0x5
 647 00de 03       		.byte	0x3
 648 00df 00000000 		.4byte	cy_meta_wonvl
 649 00e3 07       		.uleb128 0x7
 650 00e4 AC000000 		.4byte	0xac
 651 00e8 05       		.uleb128 0x5
 652 00e9 91000000 		.4byte	0x91
 653 00ed F8000000 		.4byte	0xf8
 654 00f1 09       		.uleb128 0x9
 655 00f2 8A000000 		.4byte	0x8a
 656 00f6 FF       		.byte	0xff
 657 00f7 00       		.byte	0
 658 00f8 08       		.uleb128 0x8
 659 00f9 25010000 		.4byte	.LASF15
 660 00fd 03       		.byte	0x3
 661 00fe 82       		.byte	0x82
 662 00ff 09010000 		.4byte	0x109
 663 0103 05       		.uleb128 0x5
 664 0104 03       		.byte	0x3
 665 0105 00000000 		.4byte	cy_meta_flashprotect
 666 0109 07       		.uleb128 0x7
 667 010a E8000000 		.4byte	0xe8
 668 010e 05       		.uleb128 0x5
 669 010f 91000000 		.4byte	0x91
 670 0113 1E010000 		.4byte	0x11e
 671 0117 09       		.uleb128 0x9
 672 0118 8A000000 		.4byte	0x8a
 673 011c 0B       		.byte	0xb
 674 011d 00       		.byte	0
 675 011e 08       		.uleb128 0x8
 676 011f 0A000000 		.4byte	.LASF16
 677 0123 03       		.byte	0x3
 678 0124 AF       		.byte	0xaf
 679 0125 2F010000 		.4byte	0x12f
 680 0129 05       		.uleb128 0x5
ARM GAS  C:\Users\santa\AppData\Local\Temp\ccBrfRoH.s 			page 13


 681 012a 03       		.byte	0x3
 682 012b 00000000 		.4byte	cy_metadata
 683 012f 07       		.uleb128 0x7
 684 0130 0E010000 		.4byte	0x10e
 685 0134 00       		.byte	0
 686              		.section	.debug_abbrev,"",%progbits
 687              	.Ldebug_abbrev0:
 688 0000 01       		.uleb128 0x1
 689 0001 11       		.uleb128 0x11
 690 0002 01       		.byte	0x1
 691 0003 25       		.uleb128 0x25
 692 0004 0E       		.uleb128 0xe
 693 0005 13       		.uleb128 0x13
 694 0006 0B       		.uleb128 0xb
 695 0007 03       		.uleb128 0x3
 696 0008 0E       		.uleb128 0xe
 697 0009 1B       		.uleb128 0x1b
 698 000a 0E       		.uleb128 0xe
 699 000b 10       		.uleb128 0x10
 700 000c 17       		.uleb128 0x17
 701 000d 00       		.byte	0
 702 000e 00       		.byte	0
 703 000f 02       		.uleb128 0x2
 704 0010 24       		.uleb128 0x24
 705 0011 00       		.byte	0
 706 0012 0B       		.uleb128 0xb
 707 0013 0B       		.uleb128 0xb
 708 0014 3E       		.uleb128 0x3e
 709 0015 0B       		.uleb128 0xb
 710 0016 03       		.uleb128 0x3
 711 0017 0E       		.uleb128 0xe
 712 0018 00       		.byte	0
 713 0019 00       		.byte	0
 714 001a 03       		.uleb128 0x3
 715 001b 16       		.uleb128 0x16
 716 001c 00       		.byte	0
 717 001d 03       		.uleb128 0x3
 718 001e 0E       		.uleb128 0xe
 719 001f 3A       		.uleb128 0x3a
 720 0020 0B       		.uleb128 0xb
 721 0021 3B       		.uleb128 0x3b
 722 0022 0B       		.uleb128 0xb
 723 0023 49       		.uleb128 0x49
 724 0024 13       		.uleb128 0x13
 725 0025 00       		.byte	0
 726 0026 00       		.byte	0
 727 0027 04       		.uleb128 0x4
 728 0028 24       		.uleb128 0x24
 729 0029 00       		.byte	0
 730 002a 0B       		.uleb128 0xb
 731 002b 0B       		.uleb128 0xb
 732 002c 3E       		.uleb128 0x3e
 733 002d 0B       		.uleb128 0xb
 734 002e 03       		.uleb128 0x3
 735 002f 08       		.uleb128 0x8
 736 0030 00       		.byte	0
 737 0031 00       		.byte	0
ARM GAS  C:\Users\santa\AppData\Local\Temp\ccBrfRoH.s 			page 14


 738 0032 05       		.uleb128 0x5
 739 0033 01       		.uleb128 0x1
 740 0034 01       		.byte	0x1
 741 0035 49       		.uleb128 0x49
 742 0036 13       		.uleb128 0x13
 743 0037 01       		.uleb128 0x1
 744 0038 13       		.uleb128 0x13
 745 0039 00       		.byte	0
 746 003a 00       		.byte	0
 747 003b 06       		.uleb128 0x6
 748 003c 21       		.uleb128 0x21
 749 003d 00       		.byte	0
 750 003e 49       		.uleb128 0x49
 751 003f 13       		.uleb128 0x13
 752 0040 2F       		.uleb128 0x2f
 753 0041 05       		.uleb128 0x5
 754 0042 00       		.byte	0
 755 0043 00       		.byte	0
 756 0044 07       		.uleb128 0x7
 757 0045 26       		.uleb128 0x26
 758 0046 00       		.byte	0
 759 0047 49       		.uleb128 0x49
 760 0048 13       		.uleb128 0x13
 761 0049 00       		.byte	0
 762 004a 00       		.byte	0
 763 004b 08       		.uleb128 0x8
 764 004c 34       		.uleb128 0x34
 765 004d 00       		.byte	0
 766 004e 03       		.uleb128 0x3
 767 004f 0E       		.uleb128 0xe
 768 0050 3A       		.uleb128 0x3a
 769 0051 0B       		.uleb128 0xb
 770 0052 3B       		.uleb128 0x3b
 771 0053 0B       		.uleb128 0xb
 772 0054 49       		.uleb128 0x49
 773 0055 13       		.uleb128 0x13
 774 0056 3F       		.uleb128 0x3f
 775 0057 19       		.uleb128 0x19
 776 0058 02       		.uleb128 0x2
 777 0059 18       		.uleb128 0x18
 778 005a 00       		.byte	0
 779 005b 00       		.byte	0
 780 005c 09       		.uleb128 0x9
 781 005d 21       		.uleb128 0x21
 782 005e 00       		.byte	0
 783 005f 49       		.uleb128 0x49
 784 0060 13       		.uleb128 0x13
 785 0061 2F       		.uleb128 0x2f
 786 0062 0B       		.uleb128 0xb
 787 0063 00       		.byte	0
 788 0064 00       		.byte	0
 789 0065 00       		.byte	0
 790              		.section	.debug_aranges,"",%progbits
 791 0000 14000000 		.4byte	0x14
 792 0004 0200     		.2byte	0x2
 793 0006 00000000 		.4byte	.Ldebug_info0
 794 000a 04       		.byte	0x4
ARM GAS  C:\Users\santa\AppData\Local\Temp\ccBrfRoH.s 			page 15


 795 000b 00       		.byte	0
 796 000c 0000     		.2byte	0
 797 000e 0000     		.2byte	0
 798 0010 00000000 		.4byte	0
 799 0014 00000000 		.4byte	0
 800              		.section	.debug_line,"",%progbits
 801              	.Ldebug_line0:
 802 0000 3D010000 		.section	.debug_str,"MS",%progbits,1
 802      02003701 
 802      00000201 
 802      FB0E0D00 
 802      01010101 
 803              	.LASF9:
 804 0000 5F5F7569 		.ascii	"__uint8_t\000"
 804      6E74385F 
 804      7400
 805              	.LASF16:
 806 000a 63795F6D 		.ascii	"cy_metadata\000"
 806      65746164 
 806      61746100 
 807              	.LASF1:
 808 0016 756E7369 		.ascii	"unsigned char\000"
 808      676E6564 
 808      20636861 
 808      7200
 809              	.LASF17:
 810 0024 474E5520 		.ascii	"GNU C11 5.4.1 20160609 (release) [ARM/embedded-5-br"
 810      43313120 
 810      352E342E 
 810      31203230 
 810      31363036 
 811 0057 616E6368 		.ascii	"anch revision 237715] -mcpu=cortex-m3 -mthumb -g -O"
 811      20726576 
 811      6973696F 
 811      6E203233 
 811      37373135 
 812 008a 67202D66 		.ascii	"g -ffunction-sections -ffat-lto-objects\000"
 812      66756E63 
 812      74696F6E 
 812      2D736563 
 812      74696F6E 
 813              	.LASF5:
 814 00b2 6C6F6E67 		.ascii	"long unsigned int\000"
 814      20756E73 
 814      69676E65 
 814      6420696E 
 814      7400
 815              	.LASF3:
 816 00c4 73686F72 		.ascii	"short unsigned int\000"
 816      7420756E 
 816      7369676E 
 816      65642069 
 816      6E7400
 817              	.LASF13:
 818 00d7 63795F6D 		.ascii	"cy_meta_custnvl\000"
 818      6574615F 
 818      63757374 
ARM GAS  C:\Users\santa\AppData\Local\Temp\ccBrfRoH.s 			page 16


 818      6E766C00 
 819              	.LASF12:
 820 00e7 63795F6D 		.ascii	"cy_meta_configecc\000"
 820      6574615F 
 820      636F6E66 
 820      69676563 
 820      6300
 821              	.LASF8:
 822 00f9 756E7369 		.ascii	"unsigned int\000"
 822      676E6564 
 822      20696E74 
 822      00
 823              	.LASF7:
 824 0106 6C6F6E67 		.ascii	"long long unsigned int\000"
 824      206C6F6E 
 824      6720756E 
 824      7369676E 
 824      65642069 
 825              	.LASF10:
 826 011d 75696E74 		.ascii	"uint8_t\000"
 826      385F7400 
 827              	.LASF15:
 828 0125 63795F6D 		.ascii	"cy_meta_flashprotect\000"
 828      6574615F 
 828      666C6173 
 828      6870726F 
 828      74656374 
 829              	.LASF14:
 830 013a 63795F6D 		.ascii	"cy_meta_wonvl\000"
 830      6574615F 
 830      776F6E76 
 830      6C00
 831              	.LASF11:
 832 0148 73697A65 		.ascii	"sizetype\000"
 832      74797065 
 832      00
 833              	.LASF6:
 834 0151 6C6F6E67 		.ascii	"long long int\000"
 834      206C6F6E 
 834      6720696E 
 834      7400
 835              	.LASF2:
 836 015f 73686F72 		.ascii	"short int\000"
 836      7420696E 
 836      7400
 837              	.LASF4:
 838 0169 6C6F6E67 		.ascii	"long int\000"
 838      20696E74 
 838      00
 839              	.LASF0:
 840 0172 7369676E 		.ascii	"signed char\000"
 840      65642063 
 840      68617200 
 841              	.LASF19:
 842 017e 433A5C55 		.ascii	"C:\\Users\\santa\\OneDrive\\Documentos\\PSoC Creato"
 842      73657273 
 842      5C73616E 
ARM GAS  C:\Users\santa\AppData\Local\Temp\ccBrfRoH.s 			page 17


 842      74615C4F 
 842      6E654472 
 843 01ac 725C4C61 		.ascii	"r\\Lab5\\Design01.cydsn\000"
 843      62355C44 
 843      65736967 
 843      6E30312E 
 843      63796473 
 844              	.LASF18:
 845 01c2 47656E65 		.ascii	"Generated_Source\\PSoC5\\cymetadata.c\000"
 845      72617465 
 845      645F536F 
 845      75726365 
 845      5C50536F 
 846              		.ident	"GCC: (GNU Tools for ARM Embedded Processors) 5.4.1 20160609 (release) [ARM/embedded-5-bran
