ARM GAS  C:\Users\santa\AppData\Local\Temp\ccbLqrN9.s 			page 1


   1              		.syntax unified
   2              		.cpu cortex-m3
   3              		.fpu softvfp
   4              		.eabi_attribute 20, 1
   5              		.eabi_attribute 21, 1
   6              		.eabi_attribute 23, 3
   7              		.eabi_attribute 24, 1
   8              		.eabi_attribute 25, 1
   9              		.eabi_attribute 26, 1
  10              		.eabi_attribute 30, 1
  11              		.eabi_attribute 34, 1
  12              		.eabi_attribute 18, 4
  13              		.thumb
  14              		.syntax unified
  15              		.file	"main.c"
  16              		.text
  17              	.Ltext0:
  18              		.cfi_sections	.debug_frame
  19              		.section	.text.Timer_ISR,"ax",%progbits
  20              		.align	2
  21              		.global	Timer_ISR
  22              		.thumb
  23              		.thumb_func
  24              		.type	Timer_ISR, %function
  25              	Timer_ISR:
  26              	.LFB65:
  27              		.file 1 "main.c"
   1:main.c        **** /* ========================================
   2:main.c        ****  *
   3:main.c        ****  * Copyright YOUR COMPANY, THE YEAR
   4:main.c        ****  * All Rights Reserved
   5:main.c        ****  * UNPUBLISHED, LICENSED SOFTWARE.
   6:main.c        ****  *
   7:main.c        ****  * CONFIDENTIAL AND PROPRIETARY INFORMATION
   8:main.c        ****  * WHICH IS THE PROPERTY OF your company.
   9:main.c        ****  *<
  10:main.c        ****  * ========================================
  11:main.c        **** */
  12:main.c        **** #include "project.h"
  13:main.c        **** #include <stdio.h>
  14:main.c        **** #include <stdlib.h>
  15:main.c        **** #define VMAX 400;
  16:main.c        **** volatile uint32 counter,event=0;
  17:main.c        **** volatile uint16 tiempo=0;
  18:main.c        **** volatile uint32 temp,diff1=0;
  19:main.c        **** volatile uint16 pwm_Com=0;
  20:main.c        **** volatile uint16 speed=0; //default user_speed;
  21:main.c        **** int flag_init=0;
  22:main.c        **** char str[16],str2[16];
  23:main.c        **** void Set_Speed(){
  24:main.c        ****  //while(PWM_ReadCompare)   
  25:main.c        ****     if(PWM_ReadCompare()<=255 && flag_init==1){
  26:main.c        ****     PWM_WriteCompare(pwm_Com);
  27:main.c        ****     pwm_Com++;
  28:main.c        ****     CyDelay(1000);
  29:main.c        ****    }else{
  30:main.c        ****     pwm_Com=0;
ARM GAS  C:\Users\santa\AppData\Local\Temp\ccbLqrN9.s 			page 2


  31:main.c        ****    }
  32:main.c        **** }
  33:main.c        **** CY_ISR(Timer_ISR){ //AL SEGUNDO
  28              		.loc 1 33 0
  29              		.cfi_startproc
  30              		@ args = 0, pretend = 0, frame = 0
  31              		@ frame_needed = 0, uses_anonymous_args = 0
  32 0000 08B5     		push	{r3, lr}
  33              		.cfi_def_cfa_offset 8
  34              		.cfi_offset 3, -8
  35              		.cfi_offset 14, -4
  34:main.c        ****  if(tiempo<1){
  36              		.loc 1 34 0
  37 0002 144B     		ldr	r3, .L7
  38 0004 1B88     		ldrh	r3, [r3]
  39 0006 9BB2     		uxth	r3, r3
  40 0008 63B9     		cbnz	r3, .L2
  35:main.c        ****   tiempo++;
  41              		.loc 1 35 0
  42 000a 124A     		ldr	r2, .L7
  43 000c 1388     		ldrh	r3, [r2]
  44 000e 9BB2     		uxth	r3, r3
  45 0010 0133     		adds	r3, r3, #1
  46 0012 9BB2     		uxth	r3, r3
  47 0014 1380     		strh	r3, [r2]	@ movhi
  36:main.c        ****     diff1=0;
  48              		.loc 1 36 0
  49 0016 0023     		movs	r3, #0
  50 0018 5360     		str	r3, [r2, #4]
  37:main.c        **** //  diff1=((counter-temp)>0?(counter-temp):-(counter-temp));
  38:main.c        ****   temp=counter;
  51              		.loc 1 38 0
  52 001a 0F4B     		ldr	r3, .L7+4
  53 001c 1A68     		ldr	r2, [r3]
  54 001e 0F4B     		ldr	r3, .L7+8
  55 0020 1A60     		str	r2, [r3]
  56 0022 14E0     		b	.L3
  57              	.L2:
  39:main.c        **** //  temp=counter;
  40:main.c        **** }else{
  41:main.c        ****   diff1=((counter-temp)>0?(counter-temp):-(counter-temp));;
  58              		.loc 1 41 0
  59 0024 0C4B     		ldr	r3, .L7+4
  60 0026 1A68     		ldr	r2, [r3]
  61 0028 0C4B     		ldr	r3, .L7+8
  62 002a 1B68     		ldr	r3, [r3]
  63 002c 9A42     		cmp	r2, r3
  64 002e 05D0     		beq	.L4
  65              		.loc 1 41 0 is_stmt 0 discriminator 1
  66 0030 094B     		ldr	r3, .L7+4
  67 0032 1B68     		ldr	r3, [r3]
  68 0034 094A     		ldr	r2, .L7+8
  69 0036 1268     		ldr	r2, [r2]
  70 0038 9B1A     		subs	r3, r3, r2
  71 003a 04E0     		b	.L5
  72              	.L4:
  73              		.loc 1 41 0 discriminator 2
ARM GAS  C:\Users\santa\AppData\Local\Temp\ccbLqrN9.s 			page 3


  74 003c 074B     		ldr	r3, .L7+8
  75 003e 1B68     		ldr	r3, [r3]
  76 0040 054A     		ldr	r2, .L7+4
  77 0042 1268     		ldr	r2, [r2]
  78 0044 9B1A     		subs	r3, r3, r2
  79              	.L5:
  80              		.loc 1 41 0 discriminator 4
  81 0046 034A     		ldr	r2, .L7
  82 0048 5360     		str	r3, [r2, #4]
  42:main.c        ****   tiempo=0;
  83              		.loc 1 42 0 is_stmt 1 discriminator 4
  84 004a 0023     		movs	r3, #0
  85 004c 1380     		strh	r3, [r2]	@ movhi
  86              	.L3:
  43:main.c        ****   //uint32 diff1=0;
  44:main.c        **** }
  45:main.c        ****  isr_1_ClearPending();
  87              		.loc 1 45 0
  88 004e FFF7FEFF 		bl	isr_1_ClearPending
  89              	.LVL0:
  90 0052 08BD     		pop	{r3, pc}
  91              	.L8:
  92              		.align	2
  93              	.L7:
  94 0054 00000000 		.word	.LANCHOR0
  95 0058 00000000 		.word	counter
  96 005c 00000000 		.word	temp
  97              		.cfi_endproc
  98              	.LFE65:
  99              		.size	Timer_ISR, .-Timer_ISR
 100              		.section	.text.Encoder_ISR,"ax",%progbits
 101              		.align	2
 102              		.global	Encoder_ISR
 103              		.thumb
 104              		.thumb_func
 105              		.type	Encoder_ISR, %function
 106              	Encoder_ISR:
 107              	.LFB66:
  46:main.c        **** }
  47:main.c        **** 
  48:main.c        **** CY_ISR(Encoder_ISR){
 108              		.loc 1 48 0
 109              		.cfi_startproc
 110              		@ args = 0, pretend = 0, frame = 0
 111              		@ frame_needed = 0, uses_anonymous_args = 0
 112 0000 10B5     		push	{r4, lr}
 113              		.cfi_def_cfa_offset 8
 114              		.cfi_offset 4, -8
 115              		.cfi_offset 14, -4
  49:main.c        ****   pin1_Write(1);
 116              		.loc 1 49 0
 117 0002 0120     		movs	r0, #1
 118 0004 FFF7FEFF 		bl	pin1_Write
 119              	.LVL1:
  50:main.c        **** //  CyDelayUs(3000); 
  51:main.c        ****   uint8 flag=0;
 120              		.loc 1 51 0
ARM GAS  C:\Users\santa\AppData\Local\Temp\ccbLqrN9.s 			page 4


 121 0008 0024     		movs	r4, #0
  52:main.c        **** 
  53:main.c        ****  while(Encoder_Read()==0){ 
 122              		.loc 1 53 0
 123 000a 04E0     		b	.L10
 124              	.LVL2:
 125              	.L11:
  54:main.c        ****  flag=1;
  55:main.c        ****  CyDelayUs(2000);
 126              		.loc 1 55 0
 127 000c 4FF4FA60 		mov	r0, #2000
 128 0010 FFF7FEFF 		bl	CyDelayUs
 129              	.LVL3:
  54:main.c        ****  flag=1;
 130              		.loc 1 54 0
 131 0014 0124     		movs	r4, #1
 132              	.LVL4:
 133              	.L10:
  53:main.c        ****  flag=1;
 134              		.loc 1 53 0
 135 0016 FFF7FEFF 		bl	Encoder_Read
 136              	.LVL5:
 137 001a 0028     		cmp	r0, #0
 138 001c F6D0     		beq	.L11
  56:main.c        **** }
  57:main.c        ****  if(flag==1) 
 139              		.loc 1 57 0
 140 001e 1CB1     		cbz	r4, .L12
  58:main.c        ****  counter++;
 141              		.loc 1 58 0
 142 0020 034A     		ldr	r2, .L14
 143 0022 1368     		ldr	r3, [r2]
 144 0024 0133     		adds	r3, r3, #1
 145 0026 1360     		str	r3, [r2]
 146              	.L12:
  59:main.c        **** 
  60:main.c        ****  Encoder_ClearInterrupt();
 147              		.loc 1 60 0
 148 0028 FFF7FEFF 		bl	Encoder_ClearInterrupt
 149              	.LVL6:
 150 002c 10BD     		pop	{r4, pc}
 151              	.LVL7:
 152              	.L15:
 153 002e 00BF     		.align	2
 154              	.L14:
 155 0030 00000000 		.word	counter
 156              		.cfi_endproc
 157              	.LFE66:
 158              		.size	Encoder_ISR, .-Encoder_ISR
 159              		.section	.text.sync,"ax",%progbits
 160              		.align	2
 161              		.global	sync
 162              		.thumb
 163              		.thumb_func
 164              		.type	sync, %function
 165              	sync:
 166              	.LFB67:
ARM GAS  C:\Users\santa\AppData\Local\Temp\ccbLqrN9.s 			page 5


  61:main.c        **** }
  62:main.c        **** CY_ISR(sync){
 167              		.loc 1 62 0
 168              		.cfi_startproc
 169              		@ args = 0, pretend = 0, frame = 0
 170              		@ frame_needed = 0, uses_anonymous_args = 0
 171 0000 08B5     		push	{r3, lr}
 172              		.cfi_def_cfa_offset 8
 173              		.cfi_offset 3, -8
 174              		.cfi_offset 14, -4
  63:main.c        ****  PWM_WriteCompare(0);
 175              		.loc 1 63 0
 176 0002 0020     		movs	r0, #0
 177 0004 FFF7FEFF 		bl	PWM_WriteCompare
 178              	.LVL8:
  64:main.c        ****  PWM_Start();
 179              		.loc 1 64 0
 180 0008 FFF7FEFF 		bl	PWM_Start
 181              	.LVL9:
  65:main.c        ****  flag_init=1;
 182              		.loc 1 65 0
 183 000c 0122     		movs	r2, #1
 184 000e 024B     		ldr	r3, .L18
 185 0010 9A60     		str	r2, [r3, #8]
  66:main.c        ****  sync_ClearInterrupt();
 186              		.loc 1 66 0
 187 0012 FFF7FEFF 		bl	sync_ClearInterrupt
 188              	.LVL10:
 189 0016 08BD     		pop	{r3, pc}
 190              	.L19:
 191              		.align	2
 192              	.L18:
 193 0018 00000000 		.word	.LANCHOR0
 194              		.cfi_endproc
 195              	.LFE67:
 196              		.size	sync, .-sync
 197              		.section	.text.Set_Speed,"ax",%progbits
 198              		.align	2
 199              		.global	Set_Speed
 200              		.thumb
 201              		.thumb_func
 202              		.type	Set_Speed, %function
 203              	Set_Speed:
 204              	.LFB64:
  23:main.c        ****  //while(PWM_ReadCompare)   
 205              		.loc 1 23 0
 206              		.cfi_startproc
 207              		@ args = 0, pretend = 0, frame = 0
 208              		@ frame_needed = 0, uses_anonymous_args = 0
 209 0000 10B5     		push	{r4, lr}
 210              		.cfi_def_cfa_offset 8
 211              		.cfi_offset 4, -8
 212              		.cfi_offset 14, -4
  25:main.c        ****     PWM_WriteCompare(pwm_Com);
 213              		.loc 1 25 0
 214 0002 FFF7FEFF 		bl	PWM_ReadCompare
 215              	.LVL11:
ARM GAS  C:\Users\santa\AppData\Local\Temp\ccbLqrN9.s 			page 6


 216 0006 FF28     		cmp	r0, #255
 217 0008 12D8     		bhi	.L21
  25:main.c        ****     PWM_WriteCompare(pwm_Com);
 218              		.loc 1 25 0 is_stmt 0 discriminator 1
 219 000a 0B4B     		ldr	r3, .L24
 220 000c 9B68     		ldr	r3, [r3, #8]
 221 000e 012B     		cmp	r3, #1
 222 0010 0ED1     		bne	.L21
  26:main.c        ****     pwm_Com++;
 223              		.loc 1 26 0 is_stmt 1
 224 0012 094C     		ldr	r4, .L24
 225 0014 A089     		ldrh	r0, [r4, #12]
 226 0016 80B2     		uxth	r0, r0
 227 0018 FFF7FEFF 		bl	PWM_WriteCompare
 228              	.LVL12:
  27:main.c        ****     CyDelay(1000);
 229              		.loc 1 27 0
 230 001c A389     		ldrh	r3, [r4, #12]
 231 001e 9BB2     		uxth	r3, r3
 232 0020 0133     		adds	r3, r3, #1
 233 0022 9BB2     		uxth	r3, r3
 234 0024 A381     		strh	r3, [r4, #12]	@ movhi
  28:main.c        ****    }else{
 235              		.loc 1 28 0
 236 0026 4FF47A70 		mov	r0, #1000
 237 002a FFF7FEFF 		bl	CyDelay
 238              	.LVL13:
 239 002e 10BD     		pop	{r4, pc}
 240              	.L21:
  30:main.c        ****    }
 241              		.loc 1 30 0
 242 0030 0022     		movs	r2, #0
 243 0032 014B     		ldr	r3, .L24
 244 0034 9A81     		strh	r2, [r3, #12]	@ movhi
 245 0036 10BD     		pop	{r4, pc}
 246              	.L25:
 247              		.align	2
 248              	.L24:
 249 0038 00000000 		.word	.LANCHOR0
 250              		.cfi_endproc
 251              	.LFE64:
 252              		.size	Set_Speed, .-Set_Speed
 253              		.section	.text.main,"ax",%progbits
 254              		.align	2
 255              		.global	main
 256              		.thumb
 257              		.thumb_func
 258              		.type	main, %function
 259              	main:
 260              	.LFB68:
  67:main.c        **** }
  68:main.c        **** 
  69:main.c        **** int main(void)
  70:main.c        **** {
 261              		.loc 1 70 0
 262              		.cfi_startproc
 263              		@ Volatile: function does not return.
ARM GAS  C:\Users\santa\AppData\Local\Temp\ccbLqrN9.s 			page 7


 264              		@ args = 0, pretend = 0, frame = 0
 265              		@ frame_needed = 0, uses_anonymous_args = 0
 266 0000 08B5     		push	{r3, lr}
 267              		.cfi_def_cfa_offset 8
 268              		.cfi_offset 3, -8
 269              		.cfi_offset 14, -4
  71:main.c        ****     CyGlobalIntEnable; /* Enable global interrupts. */
 270              		.loc 1 71 0
 271              		.syntax unified
 272              	@ 71 "main.c" 1
 273 0002 62B6     		CPSIE   i
 274              	@ 0 "" 2
  72:main.c        ****     isr_1_StartEx(Timer_ISR);
 275              		.loc 1 72 0
 276              		.thumb
 277              		.syntax unified
 278 0004 1948     		ldr	r0, .L29
 279 0006 FFF7FEFF 		bl	isr_1_StartEx
 280              	.LVL14:
  73:main.c        ****     isr_Encoder_StartEx(Encoder_ISR);
 281              		.loc 1 73 0
 282 000a 1948     		ldr	r0, .L29+4
 283 000c FFF7FEFF 		bl	isr_Encoder_StartEx
 284              	.LVL15:
  74:main.c        ****     isr_sync_StartEx(sync);
 285              		.loc 1 74 0
 286 0010 1848     		ldr	r0, .L29+8
 287 0012 FFF7FEFF 		bl	isr_sync_StartEx
 288              	.LVL16:
  75:main.c        ****     /* Place your initialization/startup code here (e.g. MyInst_Start()) */
  76:main.c        ****     LCD_Start();
 289              		.loc 1 76 0
 290 0016 FFF7FEFF 		bl	LCD_Start
 291              	.LVL17:
  77:main.c        ****  //   Timer_EnableTriggerMode;
  78:main.c        ****     //Timer_Start();
  79:main.c        ****     event=0;
 292              		.loc 1 79 0
 293 001a 0022     		movs	r2, #0
 294 001c 164B     		ldr	r3, .L29+12
 295 001e 1A61     		str	r2, [r3, #16]
 296              	.L27:
  80:main.c        **** //    Timer_ISR();
  81:main.c        ****     for(;;)
  82:main.c        ****     {
  83:main.c        ****          pin1_Write(0);  
 297              		.loc 1 83 0 discriminator 1
 298 0020 0020     		movs	r0, #0
 299 0022 FFF7FEFF 		bl	pin1_Write
 300              	.LVL18:
  84:main.c        ****         Timer_Start();
 301              		.loc 1 84 0 discriminator 1
 302 0026 FFF7FEFF 		bl	Timer_Start
 303              	.LVL19:
  85:main.c        ****         LCD_Position(1,2);
 304              		.loc 1 85 0 discriminator 1
 305 002a 0221     		movs	r1, #2
ARM GAS  C:\Users\santa\AppData\Local\Temp\ccbLqrN9.s 			page 8


 306 002c 0120     		movs	r0, #1
 307 002e FFF7FEFF 		bl	LCD_Position
 308              	.LVL20:
  86:main.c        ****         sprintf(str,"%lu",counter);
 309              		.loc 1 86 0 discriminator 1
 310 0032 124B     		ldr	r3, .L29+16
 311 0034 1A68     		ldr	r2, [r3]
 312 0036 124D     		ldr	r5, .L29+20
 313 0038 124C     		ldr	r4, .L29+24
 314 003a 2946     		mov	r1, r5
 315 003c 2046     		mov	r0, r4
 316 003e FFF7FEFF 		bl	sprintf
 317              	.LVL21:
  87:main.c        ****         LCD_PrintString(str);        
 318              		.loc 1 87 0 discriminator 1
 319 0042 2046     		mov	r0, r4
 320 0044 FFF7FEFF 		bl	LCD_PrintString
 321              	.LVL22:
  88:main.c        ****       
  89:main.c        ****         // CyDelay(1000);
  90:main.c        **** //        if(Encoder_Read()==0)
  91:main.c        **** //          counter++;
  92:main.c        **** //        LCD_Position(1,2);
  93:main.c        **** //        LCD_PrintDecUint16(counter);
  94:main.c        ****          LCD_Position(0,2);       
 322              		.loc 1 94 0 discriminator 1
 323 0048 0221     		movs	r1, #2
 324 004a 0020     		movs	r0, #0
 325 004c FFF7FEFF 		bl	LCD_Position
 326              	.LVL23:
  95:main.c        ****         //uint16 num=((counter-temp)>0?(counter-temp):-(counter-temp));
  96:main.c        ****         sprintf(str2,"%lu",diff1);
 327              		.loc 1 96 0 discriminator 1
 328 0050 094B     		ldr	r3, .L29+12
 329 0052 5A68     		ldr	r2, [r3, #4]
 330 0054 0C4C     		ldr	r4, .L29+28
 331 0056 2946     		mov	r1, r5
 332 0058 2046     		mov	r0, r4
 333 005a FFF7FEFF 		bl	sprintf
 334              	.LVL24:
  97:main.c        ****         LCD_PrintString(str2);
 335              		.loc 1 97 0 discriminator 1
 336 005e 2046     		mov	r0, r4
 337 0060 FFF7FEFF 		bl	LCD_PrintString
 338              	.LVL25:
  98:main.c        ****         Set_Speed();
 339              		.loc 1 98 0 discriminator 1
 340 0064 FFF7FEFF 		bl	Set_Speed
 341              	.LVL26:
 342 0068 DAE7     		b	.L27
 343              	.L30:
 344 006a 00BF     		.align	2
 345              	.L29:
 346 006c 00000000 		.word	Timer_ISR
 347 0070 00000000 		.word	Encoder_ISR
 348 0074 00000000 		.word	sync
 349 0078 00000000 		.word	.LANCHOR0
ARM GAS  C:\Users\santa\AppData\Local\Temp\ccbLqrN9.s 			page 9


 350 007c 00000000 		.word	counter
 351 0080 00000000 		.word	.LC0
 352 0084 00000000 		.word	str
 353 0088 00000000 		.word	str2
 354              		.cfi_endproc
 355              	.LFE68:
 356              		.size	main, .-main
 357              		.comm	str2,16,4
 358              		.comm	str,16,4
 359              		.global	flag_init
 360              		.global	speed
 361              		.global	pwm_Com
 362              		.global	diff1
 363              		.comm	temp,4,4
 364              		.global	tiempo
 365              		.global	event
 366              		.comm	counter,4,4
 367              		.section	.rodata.str1.4,"aMS",%progbits,1
 368              		.align	2
 369              	.LC0:
 370 0000 256C7500 		.ascii	"%lu\000"
 371              		.bss
 372              		.align	2
 373              		.set	.LANCHOR0,. + 0
 374              		.type	tiempo, %object
 375              		.size	tiempo, 2
 376              	tiempo:
 377 0000 0000     		.space	2
 378 0002 0000     		.space	2
 379              		.type	diff1, %object
 380              		.size	diff1, 4
 381              	diff1:
 382 0004 00000000 		.space	4
 383              		.type	flag_init, %object
 384              		.size	flag_init, 4
 385              	flag_init:
 386 0008 00000000 		.space	4
 387              		.type	pwm_Com, %object
 388              		.size	pwm_Com, 2
 389              	pwm_Com:
 390 000c 0000     		.space	2
 391 000e 0000     		.space	2
 392              		.type	event, %object
 393              		.size	event, 4
 394              	event:
 395 0010 00000000 		.space	4
 396              		.type	speed, %object
 397              		.size	speed, 2
 398              	speed:
 399 0014 0000     		.space	2
 400              		.text
 401              	.Letext0:
 402              		.file 2 "c:\\program files (x86)\\cypress\\psoc creator\\4.2\\psoc creator\\import\\gnu\\arm\\5.4.
 403              		.file 3 "c:\\program files (x86)\\cypress\\psoc creator\\4.2\\psoc creator\\import\\gnu\\arm\\5.4.
 404              		.file 4 "Generated_Source\\PSoC5/cytypes.h"
 405              		.file 5 "Generated_Source\\PSoC5/core_cm3.h"
 406              		.file 6 "Generated_Source\\PSoC5/isr_1.h"
ARM GAS  C:\Users\santa\AppData\Local\Temp\ccbLqrN9.s 			page 10


 407              		.file 7 "Generated_Source\\PSoC5/pin1.h"
 408              		.file 8 "Generated_Source\\PSoC5/CyLib.h"
 409              		.file 9 "Generated_Source\\PSoC5/Encoder.h"
 410              		.file 10 "Generated_Source\\PSoC5/PWM.h"
 411              		.file 11 "Generated_Source\\PSoC5/sync.h"
 412              		.file 12 "Generated_Source\\PSoC5/isr_Encoder.h"
 413              		.file 13 "Generated_Source\\PSoC5/isr_sync.h"
 414              		.file 14 "Generated_Source\\PSoC5/LCD.h"
 415              		.file 15 "Generated_Source\\PSoC5/Timer.h"
 416              		.file 16 "c:\\program files (x86)\\cypress\\psoc creator\\4.2\\psoc creator\\import\\gnu\\arm\\5.4
 417              		.section	.debug_info,"",%progbits
 418              	.Ldebug_info0:
 419 0000 6B040000 		.4byte	0x46b
 420 0004 0400     		.2byte	0x4
 421 0006 00000000 		.4byte	.Ldebug_abbrev0
 422 000a 04       		.byte	0x4
 423 000b 01       		.uleb128 0x1
 424 000c 8F000000 		.4byte	.LASF50
 425 0010 0C       		.byte	0xc
 426 0011 68020000 		.4byte	.LASF51
 427 0015 D0020000 		.4byte	.LASF52
 428 0019 00000000 		.4byte	.Ldebug_ranges0+0
 429 001d 00000000 		.4byte	0
 430 0021 00000000 		.4byte	.Ldebug_line0
 431 0025 02       		.uleb128 0x2
 432 0026 01       		.byte	0x1
 433 0027 06       		.byte	0x6
 434 0028 6B000000 		.4byte	.LASF0
 435 002c 02       		.uleb128 0x2
 436 002d 01       		.byte	0x1
 437 002e 08       		.byte	0x8
 438 002f 81000000 		.4byte	.LASF1
 439 0033 02       		.uleb128 0x2
 440 0034 02       		.byte	0x2
 441 0035 05       		.byte	0x5
 442 0036 74020000 		.4byte	.LASF2
 443 003a 02       		.uleb128 0x2
 444 003b 02       		.byte	0x2
 445 003c 07       		.byte	0x7
 446 003d 34010000 		.4byte	.LASF3
 447 0041 03       		.uleb128 0x3
 448 0042 3F000000 		.4byte	.LASF9
 449 0046 02       		.byte	0x2
 450 0047 3F       		.byte	0x3f
 451 0048 4C000000 		.4byte	0x4c
 452 004c 02       		.uleb128 0x2
 453 004d 04       		.byte	0x4
 454 004e 05       		.byte	0x5
 455 004f 92020000 		.4byte	.LASF4
 456 0053 02       		.uleb128 0x2
 457 0054 04       		.byte	0x4
 458 0055 07       		.byte	0x7
 459 0056 1D010000 		.4byte	.LASF5
 460 005a 02       		.uleb128 0x2
 461 005b 08       		.byte	0x8
 462 005c 05       		.byte	0x5
 463 005d 5A020000 		.4byte	.LASF6
ARM GAS  C:\Users\santa\AppData\Local\Temp\ccbLqrN9.s 			page 11


 464 0061 02       		.uleb128 0x2
 465 0062 08       		.byte	0x8
 466 0063 07       		.byte	0x7
 467 0064 F2010000 		.4byte	.LASF7
 468 0068 04       		.uleb128 0x4
 469 0069 04       		.byte	0x4
 470 006a 05       		.byte	0x5
 471 006b 696E7400 		.ascii	"int\000"
 472 006f 02       		.uleb128 0x2
 473 0070 04       		.byte	0x4
 474 0071 07       		.byte	0x7
 475 0072 D4010000 		.4byte	.LASF8
 476 0076 03       		.uleb128 0x3
 477 0077 55000000 		.4byte	.LASF10
 478 007b 03       		.byte	0x3
 479 007c 2C       		.byte	0x2c
 480 007d 41000000 		.4byte	0x41
 481 0081 05       		.uleb128 0x5
 482 0082 4F000000 		.4byte	.LASF11
 483 0086 04       		.byte	0x4
 484 0087 E401     		.2byte	0x1e4
 485 0089 2C000000 		.4byte	0x2c
 486 008d 05       		.uleb128 0x5
 487 008e 8A010000 		.4byte	.LASF12
 488 0092 04       		.byte	0x4
 489 0093 E501     		.2byte	0x1e5
 490 0095 3A000000 		.4byte	0x3a
 491 0099 05       		.uleb128 0x5
 492 009a BB010000 		.4byte	.LASF13
 493 009e 04       		.byte	0x4
 494 009f E601     		.2byte	0x1e6
 495 00a1 53000000 		.4byte	0x53
 496 00a5 02       		.uleb128 0x2
 497 00a6 04       		.byte	0x4
 498 00a7 04       		.byte	0x4
 499 00a8 5D000000 		.4byte	.LASF14
 500 00ac 02       		.uleb128 0x2
 501 00ad 08       		.byte	0x8
 502 00ae 04       		.byte	0x4
 503 00af 83010000 		.4byte	.LASF15
 504 00b3 02       		.uleb128 0x2
 505 00b4 01       		.byte	0x1
 506 00b5 08       		.byte	0x8
 507 00b6 6F020000 		.4byte	.LASF16
 508 00ba 06       		.uleb128 0x6
 509 00bb 8D000000 		.4byte	0x8d
 510 00bf 06       		.uleb128 0x6
 511 00c0 99000000 		.4byte	0x99
 512 00c4 02       		.uleb128 0x2
 513 00c5 08       		.byte	0x8
 514 00c6 04       		.byte	0x4
 515 00c7 A5020000 		.4byte	.LASF17
 516 00cb 02       		.uleb128 0x2
 517 00cc 04       		.byte	0x4
 518 00cd 07       		.byte	0x7
 519 00ce 51020000 		.4byte	.LASF18
 520 00d2 07       		.uleb128 0x7
ARM GAS  C:\Users\santa\AppData\Local\Temp\ccbLqrN9.s 			page 12


 521 00d3 9B020000 		.4byte	.LASF19
 522 00d7 01       		.byte	0x1
 523 00d8 21       		.byte	0x21
 524 00d9 00000000 		.4byte	.LFB65
 525 00dd 60000000 		.4byte	.LFE65-.LFB65
 526 00e1 01       		.uleb128 0x1
 527 00e2 9C       		.byte	0x9c
 528 00e3 F1000000 		.4byte	0xf1
 529 00e7 08       		.uleb128 0x8
 530 00e8 52000000 		.4byte	.LVL0
 531 00ec A8030000 		.4byte	0x3a8
 532 00f0 00       		.byte	0
 533 00f1 07       		.uleb128 0x7
 534 00f2 E1010000 		.4byte	.LASF20
 535 00f6 01       		.byte	0x1
 536 00f7 30       		.byte	0x30
 537 00f8 00000000 		.4byte	.LFB66
 538 00fc 34000000 		.4byte	.LFE66-.LFB66
 539 0100 01       		.uleb128 0x1
 540 0101 9C       		.byte	0x9c
 541 0102 50010000 		.4byte	0x150
 542 0106 09       		.uleb128 0x9
 543 0107 ED010000 		.4byte	.LASF53
 544 010b 01       		.byte	0x1
 545 010c 33       		.byte	0x33
 546 010d 81000000 		.4byte	0x81
 547 0111 00000000 		.4byte	.LLST0
 548 0115 0A       		.uleb128 0xa
 549 0116 08000000 		.4byte	.LVL1
 550 011a B3030000 		.4byte	0x3b3
 551 011e 28010000 		.4byte	0x128
 552 0122 0B       		.uleb128 0xb
 553 0123 01       		.uleb128 0x1
 554 0124 50       		.byte	0x50
 555 0125 01       		.uleb128 0x1
 556 0126 31       		.byte	0x31
 557 0127 00       		.byte	0
 558 0128 0A       		.uleb128 0xa
 559 0129 14000000 		.4byte	.LVL3
 560 012d BE030000 		.4byte	0x3be
 561 0131 3D010000 		.4byte	0x13d
 562 0135 0B       		.uleb128 0xb
 563 0136 01       		.uleb128 0x1
 564 0137 50       		.byte	0x50
 565 0138 03       		.uleb128 0x3
 566 0139 0A       		.byte	0xa
 567 013a D007     		.2byte	0x7d0
 568 013c 00       		.byte	0
 569 013d 08       		.uleb128 0x8
 570 013e 1A000000 		.4byte	.LVL5
 571 0142 C9030000 		.4byte	0x3c9
 572 0146 08       		.uleb128 0x8
 573 0147 2C000000 		.4byte	.LVL6
 574 014b D4030000 		.4byte	0x3d4
 575 014f 00       		.byte	0
 576 0150 07       		.uleb128 0x7
 577 0151 AC010000 		.4byte	.LASF21
ARM GAS  C:\Users\santa\AppData\Local\Temp\ccbLqrN9.s 			page 13


 578 0155 01       		.byte	0x1
 579 0156 3E       		.byte	0x3e
 580 0157 00000000 		.4byte	.LFB67
 581 015b 1C000000 		.4byte	.LFE67-.LFB67
 582 015f 01       		.uleb128 0x1
 583 0160 9C       		.byte	0x9c
 584 0161 8B010000 		.4byte	0x18b
 585 0165 0A       		.uleb128 0xa
 586 0166 08000000 		.4byte	.LVL8
 587 016a DF030000 		.4byte	0x3df
 588 016e 78010000 		.4byte	0x178
 589 0172 0B       		.uleb128 0xb
 590 0173 01       		.uleb128 0x1
 591 0174 50       		.byte	0x50
 592 0175 01       		.uleb128 0x1
 593 0176 30       		.byte	0x30
 594 0177 00       		.byte	0
 595 0178 08       		.uleb128 0x8
 596 0179 0C000000 		.4byte	.LVL9
 597 017d EA030000 		.4byte	0x3ea
 598 0181 08       		.uleb128 0x8
 599 0182 16000000 		.4byte	.LVL10
 600 0186 F5030000 		.4byte	0x3f5
 601 018a 00       		.byte	0
 602 018b 0C       		.uleb128 0xc
 603 018c 77000000 		.4byte	.LASF54
 604 0190 01       		.byte	0x1
 605 0191 17       		.byte	0x17
 606 0192 00000000 		.4byte	.LFB64
 607 0196 3C000000 		.4byte	.LFE64-.LFB64
 608 019a 01       		.uleb128 0x1
 609 019b 9C       		.byte	0x9c
 610 019c C4010000 		.4byte	0x1c4
 611 01a0 08       		.uleb128 0x8
 612 01a1 06000000 		.4byte	.LVL11
 613 01a5 00040000 		.4byte	0x400
 614 01a9 08       		.uleb128 0x8
 615 01aa 1C000000 		.4byte	.LVL12
 616 01ae DF030000 		.4byte	0x3df
 617 01b2 0D       		.uleb128 0xd
 618 01b3 2E000000 		.4byte	.LVL13
 619 01b7 0B040000 		.4byte	0x40b
 620 01bb 0B       		.uleb128 0xb
 621 01bc 01       		.uleb128 0x1
 622 01bd 50       		.byte	0x50
 623 01be 03       		.uleb128 0x3
 624 01bf 0A       		.byte	0xa
 625 01c0 E803     		.2byte	0x3e8
 626 01c2 00       		.byte	0
 627 01c3 00       		.byte	0
 628 01c4 0E       		.uleb128 0xe
 629 01c5 A2010000 		.4byte	.LASF55
 630 01c9 01       		.byte	0x1
 631 01ca 45       		.byte	0x45
 632 01cb 68000000 		.4byte	0x68
 633 01cf 00000000 		.4byte	.LFB68
 634 01d3 8C000000 		.4byte	.LFE68-.LFB68
ARM GAS  C:\Users\santa\AppData\Local\Temp\ccbLqrN9.s 			page 14


 635 01d7 01       		.uleb128 0x1
 636 01d8 9C       		.byte	0x9c
 637 01d9 DD020000 		.4byte	0x2dd
 638 01dd 0A       		.uleb128 0xa
 639 01de 0A000000 		.4byte	.LVL14
 640 01e2 16040000 		.4byte	0x416
 641 01e6 F4010000 		.4byte	0x1f4
 642 01ea 0B       		.uleb128 0xb
 643 01eb 01       		.uleb128 0x1
 644 01ec 50       		.byte	0x50
 645 01ed 05       		.uleb128 0x5
 646 01ee 03       		.byte	0x3
 647 01ef 00000000 		.4byte	Timer_ISR
 648 01f3 00       		.byte	0
 649 01f4 0A       		.uleb128 0xa
 650 01f5 10000000 		.4byte	.LVL15
 651 01f9 21040000 		.4byte	0x421
 652 01fd 0B020000 		.4byte	0x20b
 653 0201 0B       		.uleb128 0xb
 654 0202 01       		.uleb128 0x1
 655 0203 50       		.byte	0x50
 656 0204 05       		.uleb128 0x5
 657 0205 03       		.byte	0x3
 658 0206 00000000 		.4byte	Encoder_ISR
 659 020a 00       		.byte	0
 660 020b 0A       		.uleb128 0xa
 661 020c 16000000 		.4byte	.LVL16
 662 0210 2C040000 		.4byte	0x42c
 663 0214 22020000 		.4byte	0x222
 664 0218 0B       		.uleb128 0xb
 665 0219 01       		.uleb128 0x1
 666 021a 50       		.byte	0x50
 667 021b 05       		.uleb128 0x5
 668 021c 03       		.byte	0x3
 669 021d 00000000 		.4byte	sync
 670 0221 00       		.byte	0
 671 0222 08       		.uleb128 0x8
 672 0223 1A000000 		.4byte	.LVL17
 673 0227 37040000 		.4byte	0x437
 674 022b 0A       		.uleb128 0xa
 675 022c 26000000 		.4byte	.LVL18
 676 0230 B3030000 		.4byte	0x3b3
 677 0234 3E020000 		.4byte	0x23e
 678 0238 0B       		.uleb128 0xb
 679 0239 01       		.uleb128 0x1
 680 023a 50       		.byte	0x50
 681 023b 01       		.uleb128 0x1
 682 023c 30       		.byte	0x30
 683 023d 00       		.byte	0
 684 023e 08       		.uleb128 0x8
 685 023f 2A000000 		.4byte	.LVL19
 686 0243 42040000 		.4byte	0x442
 687 0247 0A       		.uleb128 0xa
 688 0248 32000000 		.4byte	.LVL20
 689 024c 4D040000 		.4byte	0x44d
 690 0250 5F020000 		.4byte	0x25f
 691 0254 0B       		.uleb128 0xb
ARM GAS  C:\Users\santa\AppData\Local\Temp\ccbLqrN9.s 			page 15


 692 0255 01       		.uleb128 0x1
 693 0256 50       		.byte	0x50
 694 0257 01       		.uleb128 0x1
 695 0258 31       		.byte	0x31
 696 0259 0B       		.uleb128 0xb
 697 025a 01       		.uleb128 0x1
 698 025b 51       		.byte	0x51
 699 025c 01       		.uleb128 0x1
 700 025d 32       		.byte	0x32
 701 025e 00       		.byte	0
 702 025f 0A       		.uleb128 0xa
 703 0260 42000000 		.4byte	.LVL21
 704 0264 58040000 		.4byte	0x458
 705 0268 79020000 		.4byte	0x279
 706 026c 0B       		.uleb128 0xb
 707 026d 01       		.uleb128 0x1
 708 026e 50       		.byte	0x50
 709 026f 02       		.uleb128 0x2
 710 0270 74       		.byte	0x74
 711 0271 00       		.sleb128 0
 712 0272 0B       		.uleb128 0xb
 713 0273 01       		.uleb128 0x1
 714 0274 51       		.byte	0x51
 715 0275 02       		.uleb128 0x2
 716 0276 75       		.byte	0x75
 717 0277 00       		.sleb128 0
 718 0278 00       		.byte	0
 719 0279 0A       		.uleb128 0xa
 720 027a 48000000 		.4byte	.LVL22
 721 027e 63040000 		.4byte	0x463
 722 0282 8D020000 		.4byte	0x28d
 723 0286 0B       		.uleb128 0xb
 724 0287 01       		.uleb128 0x1
 725 0288 50       		.byte	0x50
 726 0289 02       		.uleb128 0x2
 727 028a 74       		.byte	0x74
 728 028b 00       		.sleb128 0
 729 028c 00       		.byte	0
 730 028d 0A       		.uleb128 0xa
 731 028e 50000000 		.4byte	.LVL23
 732 0292 4D040000 		.4byte	0x44d
 733 0296 A5020000 		.4byte	0x2a5
 734 029a 0B       		.uleb128 0xb
 735 029b 01       		.uleb128 0x1
 736 029c 50       		.byte	0x50
 737 029d 01       		.uleb128 0x1
 738 029e 30       		.byte	0x30
 739 029f 0B       		.uleb128 0xb
 740 02a0 01       		.uleb128 0x1
 741 02a1 51       		.byte	0x51
 742 02a2 01       		.uleb128 0x1
 743 02a3 32       		.byte	0x32
 744 02a4 00       		.byte	0
 745 02a5 0A       		.uleb128 0xa
 746 02a6 5E000000 		.4byte	.LVL24
 747 02aa 58040000 		.4byte	0x458
 748 02ae BF020000 		.4byte	0x2bf
ARM GAS  C:\Users\santa\AppData\Local\Temp\ccbLqrN9.s 			page 16


 749 02b2 0B       		.uleb128 0xb
 750 02b3 01       		.uleb128 0x1
 751 02b4 50       		.byte	0x50
 752 02b5 02       		.uleb128 0x2
 753 02b6 74       		.byte	0x74
 754 02b7 00       		.sleb128 0
 755 02b8 0B       		.uleb128 0xb
 756 02b9 01       		.uleb128 0x1
 757 02ba 51       		.byte	0x51
 758 02bb 02       		.uleb128 0x2
 759 02bc 75       		.byte	0x75
 760 02bd 00       		.sleb128 0
 761 02be 00       		.byte	0
 762 02bf 0A       		.uleb128 0xa
 763 02c0 64000000 		.4byte	.LVL25
 764 02c4 63040000 		.4byte	0x463
 765 02c8 D3020000 		.4byte	0x2d3
 766 02cc 0B       		.uleb128 0xb
 767 02cd 01       		.uleb128 0x1
 768 02ce 50       		.byte	0x50
 769 02cf 02       		.uleb128 0x2
 770 02d0 74       		.byte	0x74
 771 02d1 00       		.sleb128 0
 772 02d2 00       		.byte	0
 773 02d3 08       		.uleb128 0x8
 774 02d4 68000000 		.4byte	.LVL26
 775 02d8 8B010000 		.4byte	0x18b
 776 02dc 00       		.byte	0
 777 02dd 0F       		.uleb128 0xf
 778 02de 5B010000 		.4byte	.LASF22
 779 02e2 05       		.byte	0x5
 780 02e3 1207     		.2byte	0x712
 781 02e5 E9020000 		.4byte	0x2e9
 782 02e9 06       		.uleb128 0x6
 783 02ea 76000000 		.4byte	0x76
 784 02ee 10       		.uleb128 0x10
 785 02ef 63000000 		.4byte	.LASF23
 786 02f3 01       		.byte	0x1
 787 02f4 10       		.byte	0x10
 788 02f5 BF000000 		.4byte	0xbf
 789 02f9 05       		.uleb128 0x5
 790 02fa 03       		.byte	0x3
 791 02fb 00000000 		.4byte	counter
 792 02ff 10       		.uleb128 0x10
 793 0300 C2010000 		.4byte	.LASF24
 794 0304 01       		.byte	0x1
 795 0305 10       		.byte	0x10
 796 0306 BF000000 		.4byte	0xbf
 797 030a 05       		.uleb128 0x5
 798 030b 03       		.byte	0x3
 799 030c 00000000 		.4byte	event
 800 0310 10       		.uleb128 0x10
 801 0311 2D020000 		.4byte	.LASF25
 802 0315 01       		.byte	0x1
 803 0316 11       		.byte	0x11
 804 0317 BA000000 		.4byte	0xba
 805 031b 05       		.uleb128 0x5
ARM GAS  C:\Users\santa\AppData\Local\Temp\ccbLqrN9.s 			page 17


 806 031c 03       		.byte	0x3
 807 031d 00000000 		.4byte	tiempo
 808 0321 10       		.uleb128 0x10
 809 0322 2F010000 		.4byte	.LASF26
 810 0326 01       		.byte	0x1
 811 0327 12       		.byte	0x12
 812 0328 BF000000 		.4byte	0xbf
 813 032c 05       		.uleb128 0x5
 814 032d 03       		.byte	0x3
 815 032e 00000000 		.4byte	temp
 816 0332 10       		.uleb128 0x10
 817 0333 49000000 		.4byte	.LASF27
 818 0337 01       		.byte	0x1
 819 0338 12       		.byte	0x12
 820 0339 BF000000 		.4byte	0xbf
 821 033d 05       		.uleb128 0x5
 822 033e 03       		.byte	0x3
 823 033f 00000000 		.4byte	diff1
 824 0343 10       		.uleb128 0x10
 825 0344 68010000 		.4byte	.LASF28
 826 0348 01       		.byte	0x1
 827 0349 13       		.byte	0x13
 828 034a BA000000 		.4byte	0xba
 829 034e 05       		.uleb128 0x5
 830 034f 03       		.byte	0x3
 831 0350 00000000 		.4byte	pwm_Com
 832 0354 10       		.uleb128 0x10
 833 0355 4B020000 		.4byte	.LASF29
 834 0359 01       		.byte	0x1
 835 035a 14       		.byte	0x14
 836 035b BA000000 		.4byte	0xba
 837 035f 05       		.uleb128 0x5
 838 0360 03       		.byte	0x3
 839 0361 00000000 		.4byte	speed
 840 0365 10       		.uleb128 0x10
 841 0366 88020000 		.4byte	.LASF30
 842 036a 01       		.byte	0x1
 843 036b 15       		.byte	0x15
 844 036c 68000000 		.4byte	0x68
 845 0370 05       		.uleb128 0x5
 846 0371 03       		.byte	0x3
 847 0372 00000000 		.4byte	flag_init
 848 0376 11       		.uleb128 0x11
 849 0377 B3000000 		.4byte	0xb3
 850 037b 86030000 		.4byte	0x386
 851 037f 12       		.uleb128 0x12
 852 0380 CB000000 		.4byte	0xcb
 853 0384 0F       		.byte	0xf
 854 0385 00       		.byte	0
 855 0386 13       		.uleb128 0x13
 856 0387 73747200 		.ascii	"str\000"
 857 038b 01       		.byte	0x1
 858 038c 16       		.byte	0x16
 859 038d 76030000 		.4byte	0x376
 860 0391 05       		.uleb128 0x5
 861 0392 03       		.byte	0x3
 862 0393 00000000 		.4byte	str
ARM GAS  C:\Users\santa\AppData\Local\Temp\ccbLqrN9.s 			page 18


 863 0397 10       		.uleb128 0x10
 864 0398 A7010000 		.4byte	.LASF31
 865 039c 01       		.byte	0x1
 866 039d 16       		.byte	0x16
 867 039e 76030000 		.4byte	0x376
 868 03a2 05       		.uleb128 0x5
 869 03a3 03       		.byte	0x3
 870 03a4 00000000 		.4byte	str2
 871 03a8 14       		.uleb128 0x14
 872 03a9 70010000 		.4byte	.LASF32
 873 03ad 70010000 		.4byte	.LASF32
 874 03b1 06       		.byte	0x6
 875 03b2 28       		.byte	0x28
 876 03b3 14       		.uleb128 0x14
 877 03b4 00000000 		.4byte	.LASF33
 878 03b8 00000000 		.4byte	.LASF33
 879 03bc 07       		.byte	0x7
 880 03bd 26       		.byte	0x26
 881 03be 14       		.uleb128 0x14
 882 03bf B1010000 		.4byte	.LASF34
 883 03c3 B1010000 		.4byte	.LASF34
 884 03c7 08       		.byte	0x8
 885 03c8 77       		.byte	0x77
 886 03c9 14       		.uleb128 0x14
 887 03ca 3E020000 		.4byte	.LASF35
 888 03ce 3E020000 		.4byte	.LASF35
 889 03d2 09       		.byte	0x9
 890 03d3 29       		.byte	0x29
 891 03d4 14       		.uleb128 0x14
 892 03d5 09020000 		.4byte	.LASF36
 893 03d9 09020000 		.4byte	.LASF36
 894 03dd 09       		.byte	0x9
 895 03de 2B       		.byte	0x2b
 896 03df 14       		.uleb128 0x14
 897 03e0 91010000 		.4byte	.LASF37
 898 03e4 91010000 		.4byte	.LASF37
 899 03e8 0A       		.byte	0xa
 900 03e9 C3       		.byte	0xc3
 901 03ea 14       		.uleb128 0x14
 902 03eb 7E020000 		.4byte	.LASF38
 903 03ef 7E020000 		.4byte	.LASF38
 904 03f3 0A       		.byte	0xa
 905 03f4 92       		.byte	0x92
 906 03f5 14       		.uleb128 0x14
 907 03f6 1B000000 		.4byte	.LASF39
 908 03fa 1B000000 		.4byte	.LASF39
 909 03fe 0B       		.byte	0xb
 910 03ff 2B       		.byte	0x2b
 911 0400 14       		.uleb128 0x14
 912 0401 0B000000 		.4byte	.LASF40
 913 0405 0B000000 		.4byte	.LASF40
 914 0409 0A       		.byte	0xa
 915 040a C5       		.byte	0xc5
 916 040b 14       		.uleb128 0x14
 917 040c 1C030000 		.4byte	.LASF41
 918 0410 1C030000 		.4byte	.LASF41
 919 0414 08       		.byte	0x8
ARM GAS  C:\Users\santa\AppData\Local\Temp\ccbLqrN9.s 			page 19


 920 0415 76       		.byte	0x76
 921 0416 14       		.uleb128 0x14
 922 0417 C2020000 		.4byte	.LASF42
 923 041b C2020000 		.4byte	.LASF42
 924 041f 06       		.byte	0x6
 925 0420 18       		.byte	0x18
 926 0421 14       		.uleb128 0x14
 927 0422 47010000 		.4byte	.LASF43
 928 0426 47010000 		.4byte	.LASF43
 929 042a 0C       		.byte	0xc
 930 042b 18       		.byte	0x18
 931 042c 14       		.uleb128 0x14
 932 042d B1020000 		.4byte	.LASF44
 933 0431 B1020000 		.4byte	.LASF44
 934 0435 0D       		.byte	0xd
 935 0436 18       		.byte	0x18
 936 0437 14       		.uleb128 0x14
 937 0438 34020000 		.4byte	.LASF45
 938 043c 34020000 		.4byte	.LASF45
 939 0440 0E       		.byte	0xe
 940 0441 38       		.byte	0x38
 941 0442 14       		.uleb128 0x14
 942 0443 C8010000 		.4byte	.LASF46
 943 0447 C8010000 		.4byte	.LASF46
 944 044b 0F       		.byte	0xf
 945 044c 5A       		.byte	0x5a
 946 044d 14       		.uleb128 0x14
 947 044e 20020000 		.4byte	.LASF47
 948 0452 20020000 		.4byte	.LASF47
 949 0456 0E       		.byte	0xe
 950 0457 3D       		.byte	0x3d
 951 0458 14       		.uleb128 0x14
 952 0459 14030000 		.4byte	.LASF48
 953 045d 14030000 		.4byte	.LASF48
 954 0461 10       		.byte	0x10
 955 0462 E7       		.byte	0xe7
 956 0463 14       		.uleb128 0x14
 957 0464 2F000000 		.4byte	.LASF49
 958 0468 2F000000 		.4byte	.LASF49
 959 046c 0E       		.byte	0xe
 960 046d 3C       		.byte	0x3c
 961 046e 00       		.byte	0
 962              		.section	.debug_abbrev,"",%progbits
 963              	.Ldebug_abbrev0:
 964 0000 01       		.uleb128 0x1
 965 0001 11       		.uleb128 0x11
 966 0002 01       		.byte	0x1
 967 0003 25       		.uleb128 0x25
 968 0004 0E       		.uleb128 0xe
 969 0005 13       		.uleb128 0x13
 970 0006 0B       		.uleb128 0xb
 971 0007 03       		.uleb128 0x3
 972 0008 0E       		.uleb128 0xe
 973 0009 1B       		.uleb128 0x1b
 974 000a 0E       		.uleb128 0xe
 975 000b 55       		.uleb128 0x55
 976 000c 17       		.uleb128 0x17
ARM GAS  C:\Users\santa\AppData\Local\Temp\ccbLqrN9.s 			page 20


 977 000d 11       		.uleb128 0x11
 978 000e 01       		.uleb128 0x1
 979 000f 10       		.uleb128 0x10
 980 0010 17       		.uleb128 0x17
 981 0011 00       		.byte	0
 982 0012 00       		.byte	0
 983 0013 02       		.uleb128 0x2
 984 0014 24       		.uleb128 0x24
 985 0015 00       		.byte	0
 986 0016 0B       		.uleb128 0xb
 987 0017 0B       		.uleb128 0xb
 988 0018 3E       		.uleb128 0x3e
 989 0019 0B       		.uleb128 0xb
 990 001a 03       		.uleb128 0x3
 991 001b 0E       		.uleb128 0xe
 992 001c 00       		.byte	0
 993 001d 00       		.byte	0
 994 001e 03       		.uleb128 0x3
 995 001f 16       		.uleb128 0x16
 996 0020 00       		.byte	0
 997 0021 03       		.uleb128 0x3
 998 0022 0E       		.uleb128 0xe
 999 0023 3A       		.uleb128 0x3a
 1000 0024 0B       		.uleb128 0xb
 1001 0025 3B       		.uleb128 0x3b
 1002 0026 0B       		.uleb128 0xb
 1003 0027 49       		.uleb128 0x49
 1004 0028 13       		.uleb128 0x13
 1005 0029 00       		.byte	0
 1006 002a 00       		.byte	0
 1007 002b 04       		.uleb128 0x4
 1008 002c 24       		.uleb128 0x24
 1009 002d 00       		.byte	0
 1010 002e 0B       		.uleb128 0xb
 1011 002f 0B       		.uleb128 0xb
 1012 0030 3E       		.uleb128 0x3e
 1013 0031 0B       		.uleb128 0xb
 1014 0032 03       		.uleb128 0x3
 1015 0033 08       		.uleb128 0x8
 1016 0034 00       		.byte	0
 1017 0035 00       		.byte	0
 1018 0036 05       		.uleb128 0x5
 1019 0037 16       		.uleb128 0x16
 1020 0038 00       		.byte	0
 1021 0039 03       		.uleb128 0x3
 1022 003a 0E       		.uleb128 0xe
 1023 003b 3A       		.uleb128 0x3a
 1024 003c 0B       		.uleb128 0xb
 1025 003d 3B       		.uleb128 0x3b
 1026 003e 05       		.uleb128 0x5
 1027 003f 49       		.uleb128 0x49
 1028 0040 13       		.uleb128 0x13
 1029 0041 00       		.byte	0
 1030 0042 00       		.byte	0
 1031 0043 06       		.uleb128 0x6
 1032 0044 35       		.uleb128 0x35
 1033 0045 00       		.byte	0
ARM GAS  C:\Users\santa\AppData\Local\Temp\ccbLqrN9.s 			page 21


 1034 0046 49       		.uleb128 0x49
 1035 0047 13       		.uleb128 0x13
 1036 0048 00       		.byte	0
 1037 0049 00       		.byte	0
 1038 004a 07       		.uleb128 0x7
 1039 004b 2E       		.uleb128 0x2e
 1040 004c 01       		.byte	0x1
 1041 004d 3F       		.uleb128 0x3f
 1042 004e 19       		.uleb128 0x19
 1043 004f 03       		.uleb128 0x3
 1044 0050 0E       		.uleb128 0xe
 1045 0051 3A       		.uleb128 0x3a
 1046 0052 0B       		.uleb128 0xb
 1047 0053 3B       		.uleb128 0x3b
 1048 0054 0B       		.uleb128 0xb
 1049 0055 27       		.uleb128 0x27
 1050 0056 19       		.uleb128 0x19
 1051 0057 11       		.uleb128 0x11
 1052 0058 01       		.uleb128 0x1
 1053 0059 12       		.uleb128 0x12
 1054 005a 06       		.uleb128 0x6
 1055 005b 40       		.uleb128 0x40
 1056 005c 18       		.uleb128 0x18
 1057 005d 9742     		.uleb128 0x2117
 1058 005f 19       		.uleb128 0x19
 1059 0060 01       		.uleb128 0x1
 1060 0061 13       		.uleb128 0x13
 1061 0062 00       		.byte	0
 1062 0063 00       		.byte	0
 1063 0064 08       		.uleb128 0x8
 1064 0065 898201   		.uleb128 0x4109
 1065 0068 00       		.byte	0
 1066 0069 11       		.uleb128 0x11
 1067 006a 01       		.uleb128 0x1
 1068 006b 31       		.uleb128 0x31
 1069 006c 13       		.uleb128 0x13
 1070 006d 00       		.byte	0
 1071 006e 00       		.byte	0
 1072 006f 09       		.uleb128 0x9
 1073 0070 34       		.uleb128 0x34
 1074 0071 00       		.byte	0
 1075 0072 03       		.uleb128 0x3
 1076 0073 0E       		.uleb128 0xe
 1077 0074 3A       		.uleb128 0x3a
 1078 0075 0B       		.uleb128 0xb
 1079 0076 3B       		.uleb128 0x3b
 1080 0077 0B       		.uleb128 0xb
 1081 0078 49       		.uleb128 0x49
 1082 0079 13       		.uleb128 0x13
 1083 007a 02       		.uleb128 0x2
 1084 007b 17       		.uleb128 0x17
 1085 007c 00       		.byte	0
 1086 007d 00       		.byte	0
 1087 007e 0A       		.uleb128 0xa
 1088 007f 898201   		.uleb128 0x4109
 1089 0082 01       		.byte	0x1
 1090 0083 11       		.uleb128 0x11
ARM GAS  C:\Users\santa\AppData\Local\Temp\ccbLqrN9.s 			page 22


 1091 0084 01       		.uleb128 0x1
 1092 0085 31       		.uleb128 0x31
 1093 0086 13       		.uleb128 0x13
 1094 0087 01       		.uleb128 0x1
 1095 0088 13       		.uleb128 0x13
 1096 0089 00       		.byte	0
 1097 008a 00       		.byte	0
 1098 008b 0B       		.uleb128 0xb
 1099 008c 8A8201   		.uleb128 0x410a
 1100 008f 00       		.byte	0
 1101 0090 02       		.uleb128 0x2
 1102 0091 18       		.uleb128 0x18
 1103 0092 9142     		.uleb128 0x2111
 1104 0094 18       		.uleb128 0x18
 1105 0095 00       		.byte	0
 1106 0096 00       		.byte	0
 1107 0097 0C       		.uleb128 0xc
 1108 0098 2E       		.uleb128 0x2e
 1109 0099 01       		.byte	0x1
 1110 009a 3F       		.uleb128 0x3f
 1111 009b 19       		.uleb128 0x19
 1112 009c 03       		.uleb128 0x3
 1113 009d 0E       		.uleb128 0xe
 1114 009e 3A       		.uleb128 0x3a
 1115 009f 0B       		.uleb128 0xb
 1116 00a0 3B       		.uleb128 0x3b
 1117 00a1 0B       		.uleb128 0xb
 1118 00a2 11       		.uleb128 0x11
 1119 00a3 01       		.uleb128 0x1
 1120 00a4 12       		.uleb128 0x12
 1121 00a5 06       		.uleb128 0x6
 1122 00a6 40       		.uleb128 0x40
 1123 00a7 18       		.uleb128 0x18
 1124 00a8 9742     		.uleb128 0x2117
 1125 00aa 19       		.uleb128 0x19
 1126 00ab 01       		.uleb128 0x1
 1127 00ac 13       		.uleb128 0x13
 1128 00ad 00       		.byte	0
 1129 00ae 00       		.byte	0
 1130 00af 0D       		.uleb128 0xd
 1131 00b0 898201   		.uleb128 0x4109
 1132 00b3 01       		.byte	0x1
 1133 00b4 11       		.uleb128 0x11
 1134 00b5 01       		.uleb128 0x1
 1135 00b6 31       		.uleb128 0x31
 1136 00b7 13       		.uleb128 0x13
 1137 00b8 00       		.byte	0
 1138 00b9 00       		.byte	0
 1139 00ba 0E       		.uleb128 0xe
 1140 00bb 2E       		.uleb128 0x2e
 1141 00bc 01       		.byte	0x1
 1142 00bd 3F       		.uleb128 0x3f
 1143 00be 19       		.uleb128 0x19
 1144 00bf 03       		.uleb128 0x3
 1145 00c0 0E       		.uleb128 0xe
 1146 00c1 3A       		.uleb128 0x3a
 1147 00c2 0B       		.uleb128 0xb
ARM GAS  C:\Users\santa\AppData\Local\Temp\ccbLqrN9.s 			page 23


 1148 00c3 3B       		.uleb128 0x3b
 1149 00c4 0B       		.uleb128 0xb
 1150 00c5 27       		.uleb128 0x27
 1151 00c6 19       		.uleb128 0x19
 1152 00c7 49       		.uleb128 0x49
 1153 00c8 13       		.uleb128 0x13
 1154 00c9 8701     		.uleb128 0x87
 1155 00cb 19       		.uleb128 0x19
 1156 00cc 11       		.uleb128 0x11
 1157 00cd 01       		.uleb128 0x1
 1158 00ce 12       		.uleb128 0x12
 1159 00cf 06       		.uleb128 0x6
 1160 00d0 40       		.uleb128 0x40
 1161 00d1 18       		.uleb128 0x18
 1162 00d2 9742     		.uleb128 0x2117
 1163 00d4 19       		.uleb128 0x19
 1164 00d5 01       		.uleb128 0x1
 1165 00d6 13       		.uleb128 0x13
 1166 00d7 00       		.byte	0
 1167 00d8 00       		.byte	0
 1168 00d9 0F       		.uleb128 0xf
 1169 00da 34       		.uleb128 0x34
 1170 00db 00       		.byte	0
 1171 00dc 03       		.uleb128 0x3
 1172 00dd 0E       		.uleb128 0xe
 1173 00de 3A       		.uleb128 0x3a
 1174 00df 0B       		.uleb128 0xb
 1175 00e0 3B       		.uleb128 0x3b
 1176 00e1 05       		.uleb128 0x5
 1177 00e2 49       		.uleb128 0x49
 1178 00e3 13       		.uleb128 0x13
 1179 00e4 3F       		.uleb128 0x3f
 1180 00e5 19       		.uleb128 0x19
 1181 00e6 3C       		.uleb128 0x3c
 1182 00e7 19       		.uleb128 0x19
 1183 00e8 00       		.byte	0
 1184 00e9 00       		.byte	0
 1185 00ea 10       		.uleb128 0x10
 1186 00eb 34       		.uleb128 0x34
 1187 00ec 00       		.byte	0
 1188 00ed 03       		.uleb128 0x3
 1189 00ee 0E       		.uleb128 0xe
 1190 00ef 3A       		.uleb128 0x3a
 1191 00f0 0B       		.uleb128 0xb
 1192 00f1 3B       		.uleb128 0x3b
 1193 00f2 0B       		.uleb128 0xb
 1194 00f3 49       		.uleb128 0x49
 1195 00f4 13       		.uleb128 0x13
 1196 00f5 3F       		.uleb128 0x3f
 1197 00f6 19       		.uleb128 0x19
 1198 00f7 02       		.uleb128 0x2
 1199 00f8 18       		.uleb128 0x18
 1200 00f9 00       		.byte	0
 1201 00fa 00       		.byte	0
 1202 00fb 11       		.uleb128 0x11
 1203 00fc 01       		.uleb128 0x1
 1204 00fd 01       		.byte	0x1
ARM GAS  C:\Users\santa\AppData\Local\Temp\ccbLqrN9.s 			page 24


 1205 00fe 49       		.uleb128 0x49
 1206 00ff 13       		.uleb128 0x13
 1207 0100 01       		.uleb128 0x1
 1208 0101 13       		.uleb128 0x13
 1209 0102 00       		.byte	0
 1210 0103 00       		.byte	0
 1211 0104 12       		.uleb128 0x12
 1212 0105 21       		.uleb128 0x21
 1213 0106 00       		.byte	0
 1214 0107 49       		.uleb128 0x49
 1215 0108 13       		.uleb128 0x13
 1216 0109 2F       		.uleb128 0x2f
 1217 010a 0B       		.uleb128 0xb
 1218 010b 00       		.byte	0
 1219 010c 00       		.byte	0
 1220 010d 13       		.uleb128 0x13
 1221 010e 34       		.uleb128 0x34
 1222 010f 00       		.byte	0
 1223 0110 03       		.uleb128 0x3
 1224 0111 08       		.uleb128 0x8
 1225 0112 3A       		.uleb128 0x3a
 1226 0113 0B       		.uleb128 0xb
 1227 0114 3B       		.uleb128 0x3b
 1228 0115 0B       		.uleb128 0xb
 1229 0116 49       		.uleb128 0x49
 1230 0117 13       		.uleb128 0x13
 1231 0118 3F       		.uleb128 0x3f
 1232 0119 19       		.uleb128 0x19
 1233 011a 02       		.uleb128 0x2
 1234 011b 18       		.uleb128 0x18
 1235 011c 00       		.byte	0
 1236 011d 00       		.byte	0
 1237 011e 14       		.uleb128 0x14
 1238 011f 2E       		.uleb128 0x2e
 1239 0120 00       		.byte	0
 1240 0121 3F       		.uleb128 0x3f
 1241 0122 19       		.uleb128 0x19
 1242 0123 3C       		.uleb128 0x3c
 1243 0124 19       		.uleb128 0x19
 1244 0125 6E       		.uleb128 0x6e
 1245 0126 0E       		.uleb128 0xe
 1246 0127 03       		.uleb128 0x3
 1247 0128 0E       		.uleb128 0xe
 1248 0129 3A       		.uleb128 0x3a
 1249 012a 0B       		.uleb128 0xb
 1250 012b 3B       		.uleb128 0x3b
 1251 012c 0B       		.uleb128 0xb
 1252 012d 00       		.byte	0
 1253 012e 00       		.byte	0
 1254 012f 00       		.byte	0
 1255              		.section	.debug_loc,"",%progbits
 1256              	.Ldebug_loc0:
 1257              	.LLST0:
 1258 0000 08000000 		.4byte	.LVL1
 1259 0004 0C000000 		.4byte	.LVL2
 1260 0008 0200     		.2byte	0x2
 1261 000a 30       		.byte	0x30
ARM GAS  C:\Users\santa\AppData\Local\Temp\ccbLqrN9.s 			page 25


 1262 000b 9F       		.byte	0x9f
 1263 000c 0C000000 		.4byte	.LVL2
 1264 0010 16000000 		.4byte	.LVL4
 1265 0014 0200     		.2byte	0x2
 1266 0016 31       		.byte	0x31
 1267 0017 9F       		.byte	0x9f
 1268 0018 16000000 		.4byte	.LVL4
 1269 001c 2E000000 		.4byte	.LVL7
 1270 0020 0100     		.2byte	0x1
 1271 0022 54       		.byte	0x54
 1272 0023 00000000 		.4byte	0
 1273 0027 00000000 		.4byte	0
 1274              		.section	.debug_aranges,"",%progbits
 1275 0000 3C000000 		.4byte	0x3c
 1276 0004 0200     		.2byte	0x2
 1277 0006 00000000 		.4byte	.Ldebug_info0
 1278 000a 04       		.byte	0x4
 1279 000b 00       		.byte	0
 1280 000c 0000     		.2byte	0
 1281 000e 0000     		.2byte	0
 1282 0010 00000000 		.4byte	.LFB65
 1283 0014 60000000 		.4byte	.LFE65-.LFB65
 1284 0018 00000000 		.4byte	.LFB66
 1285 001c 34000000 		.4byte	.LFE66-.LFB66
 1286 0020 00000000 		.4byte	.LFB67
 1287 0024 1C000000 		.4byte	.LFE67-.LFB67
 1288 0028 00000000 		.4byte	.LFB64
 1289 002c 3C000000 		.4byte	.LFE64-.LFB64
 1290 0030 00000000 		.4byte	.LFB68
 1291 0034 8C000000 		.4byte	.LFE68-.LFB68
 1292 0038 00000000 		.4byte	0
 1293 003c 00000000 		.4byte	0
 1294              		.section	.debug_ranges,"",%progbits
 1295              	.Ldebug_ranges0:
 1296 0000 00000000 		.4byte	.LFB65
 1297 0004 60000000 		.4byte	.LFE65
 1298 0008 00000000 		.4byte	.LFB66
 1299 000c 34000000 		.4byte	.LFE66
 1300 0010 00000000 		.4byte	.LFB67
 1301 0014 1C000000 		.4byte	.LFE67
 1302 0018 00000000 		.4byte	.LFB64
 1303 001c 3C000000 		.4byte	.LFE64
 1304 0020 00000000 		.4byte	.LFB68
 1305 0024 8C000000 		.4byte	.LFE68
 1306 0028 00000000 		.4byte	0
 1307 002c 00000000 		.4byte	0
 1308              		.section	.debug_line,"",%progbits
 1309              	.Ldebug_line0:
 1310 0000 EC020000 		.section	.debug_str,"MS",%progbits,1
 1310      02003202 
 1310      00000201 
 1310      FB0E0D00 
 1310      01010101 
 1311              	.LASF33:
 1312 0000 70696E31 		.ascii	"pin1_Write\000"
 1312      5F577269 
 1312      746500
ARM GAS  C:\Users\santa\AppData\Local\Temp\ccbLqrN9.s 			page 26


 1313              	.LASF40:
 1314 000b 50574D5F 		.ascii	"PWM_ReadCompare\000"
 1314      52656164 
 1314      436F6D70 
 1314      61726500 
 1315              	.LASF39:
 1316 001b 73796E63 		.ascii	"sync_ClearInterrupt\000"
 1316      5F436C65 
 1316      6172496E 
 1316      74657272 
 1316      75707400 
 1317              	.LASF49:
 1318 002f 4C43445F 		.ascii	"LCD_PrintString\000"
 1318      5072696E 
 1318      74537472 
 1318      696E6700 
 1319              	.LASF9:
 1320 003f 5F5F696E 		.ascii	"__int32_t\000"
 1320      7433325F 
 1320      7400
 1321              	.LASF27:
 1322 0049 64696666 		.ascii	"diff1\000"
 1322      3100
 1323              	.LASF11:
 1324 004f 75696E74 		.ascii	"uint8\000"
 1324      3800
 1325              	.LASF10:
 1326 0055 696E7433 		.ascii	"int32_t\000"
 1326      325F7400 
 1327              	.LASF14:
 1328 005d 666C6F61 		.ascii	"float\000"
 1328      7400
 1329              	.LASF23:
 1330 0063 636F756E 		.ascii	"counter\000"
 1330      74657200 
 1331              	.LASF0:
 1332 006b 7369676E 		.ascii	"signed char\000"
 1332      65642063 
 1332      68617200 
 1333              	.LASF54:
 1334 0077 5365745F 		.ascii	"Set_Speed\000"
 1334      53706565 
 1334      6400
 1335              	.LASF1:
 1336 0081 756E7369 		.ascii	"unsigned char\000"
 1336      676E6564 
 1336      20636861 
 1336      7200
 1337              	.LASF50:
 1338 008f 474E5520 		.ascii	"GNU C11 5.4.1 20160609 (release) [ARM/embedded-5-br"
 1338      43313120 
 1338      352E342E 
 1338      31203230 
 1338      31363036 
 1339 00c2 616E6368 		.ascii	"anch revision 237715] -mcpu=cortex-m3 -mthumb -g -O"
 1339      20726576 
 1339      6973696F 
ARM GAS  C:\Users\santa\AppData\Local\Temp\ccbLqrN9.s 			page 27


 1339      6E203233 
 1339      37373135 
 1340 00f5 67202D66 		.ascii	"g -ffunction-sections -ffat-lto-objects\000"
 1340      66756E63 
 1340      74696F6E 
 1340      2D736563 
 1340      74696F6E 
 1341              	.LASF5:
 1342 011d 6C6F6E67 		.ascii	"long unsigned int\000"
 1342      20756E73 
 1342      69676E65 
 1342      6420696E 
 1342      7400
 1343              	.LASF26:
 1344 012f 74656D70 		.ascii	"temp\000"
 1344      00
 1345              	.LASF3:
 1346 0134 73686F72 		.ascii	"short unsigned int\000"
 1346      7420756E 
 1346      7369676E 
 1346      65642069 
 1346      6E7400
 1347              	.LASF43:
 1348 0147 6973725F 		.ascii	"isr_Encoder_StartEx\000"
 1348      456E636F 
 1348      6465725F 
 1348      53746172 
 1348      74457800 
 1349              	.LASF22:
 1350 015b 49544D5F 		.ascii	"ITM_RxBuffer\000"
 1350      52784275 
 1350      66666572 
 1350      00
 1351              	.LASF28:
 1352 0168 70776D5F 		.ascii	"pwm_Com\000"
 1352      436F6D00 
 1353              	.LASF32:
 1354 0170 6973725F 		.ascii	"isr_1_ClearPending\000"
 1354      315F436C 
 1354      65617250 
 1354      656E6469 
 1354      6E6700
 1355              	.LASF15:
 1356 0183 646F7562 		.ascii	"double\000"
 1356      6C6500
 1357              	.LASF12:
 1358 018a 75696E74 		.ascii	"uint16\000"
 1358      313600
 1359              	.LASF37:
 1360 0191 50574D5F 		.ascii	"PWM_WriteCompare\000"
 1360      57726974 
 1360      65436F6D 
 1360      70617265 
 1360      00
 1361              	.LASF55:
 1362 01a2 6D61696E 		.ascii	"main\000"
 1362      00
ARM GAS  C:\Users\santa\AppData\Local\Temp\ccbLqrN9.s 			page 28


 1363              	.LASF31:
 1364 01a7 73747232 		.ascii	"str2\000"
 1364      00
 1365              	.LASF21:
 1366 01ac 73796E63 		.ascii	"sync\000"
 1366      00
 1367              	.LASF34:
 1368 01b1 43794465 		.ascii	"CyDelayUs\000"
 1368      6C617955 
 1368      7300
 1369              	.LASF13:
 1370 01bb 75696E74 		.ascii	"uint32\000"
 1370      333200
 1371              	.LASF24:
 1372 01c2 6576656E 		.ascii	"event\000"
 1372      7400
 1373              	.LASF46:
 1374 01c8 54696D65 		.ascii	"Timer_Start\000"
 1374      725F5374 
 1374      61727400 
 1375              	.LASF8:
 1376 01d4 756E7369 		.ascii	"unsigned int\000"
 1376      676E6564 
 1376      20696E74 
 1376      00
 1377              	.LASF20:
 1378 01e1 456E636F 		.ascii	"Encoder_ISR\000"
 1378      6465725F 
 1378      49535200 
 1379              	.LASF53:
 1380 01ed 666C6167 		.ascii	"flag\000"
 1380      00
 1381              	.LASF7:
 1382 01f2 6C6F6E67 		.ascii	"long long unsigned int\000"
 1382      206C6F6E 
 1382      6720756E 
 1382      7369676E 
 1382      65642069 
 1383              	.LASF36:
 1384 0209 456E636F 		.ascii	"Encoder_ClearInterrupt\000"
 1384      6465725F 
 1384      436C6561 
 1384      72496E74 
 1384      65727275 
 1385              	.LASF47:
 1386 0220 4C43445F 		.ascii	"LCD_Position\000"
 1386      506F7369 
 1386      74696F6E 
 1386      00
 1387              	.LASF25:
 1388 022d 7469656D 		.ascii	"tiempo\000"
 1388      706F00
 1389              	.LASF45:
 1390 0234 4C43445F 		.ascii	"LCD_Start\000"
 1390      53746172 
 1390      7400
 1391              	.LASF35:
ARM GAS  C:\Users\santa\AppData\Local\Temp\ccbLqrN9.s 			page 29


 1392 023e 456E636F 		.ascii	"Encoder_Read\000"
 1392      6465725F 
 1392      52656164 
 1392      00
 1393              	.LASF29:
 1394 024b 73706565 		.ascii	"speed\000"
 1394      6400
 1395              	.LASF18:
 1396 0251 73697A65 		.ascii	"sizetype\000"
 1396      74797065 
 1396      00
 1397              	.LASF6:
 1398 025a 6C6F6E67 		.ascii	"long long int\000"
 1398      206C6F6E 
 1398      6720696E 
 1398      7400
 1399              	.LASF51:
 1400 0268 6D61696E 		.ascii	"main.c\000"
 1400      2E6300
 1401              	.LASF16:
 1402 026f 63686172 		.ascii	"char\000"
 1402      00
 1403              	.LASF2:
 1404 0274 73686F72 		.ascii	"short int\000"
 1404      7420696E 
 1404      7400
 1405              	.LASF38:
 1406 027e 50574D5F 		.ascii	"PWM_Start\000"
 1406      53746172 
 1406      7400
 1407              	.LASF30:
 1408 0288 666C6167 		.ascii	"flag_init\000"
 1408      5F696E69 
 1408      7400
 1409              	.LASF4:
 1410 0292 6C6F6E67 		.ascii	"long int\000"
 1410      20696E74 
 1410      00
 1411              	.LASF19:
 1412 029b 54696D65 		.ascii	"Timer_ISR\000"
 1412      725F4953 
 1412      5200
 1413              	.LASF17:
 1414 02a5 6C6F6E67 		.ascii	"long double\000"
 1414      20646F75 
 1414      626C6500 
 1415              	.LASF44:
 1416 02b1 6973725F 		.ascii	"isr_sync_StartEx\000"
 1416      73796E63 
 1416      5F537461 
 1416      72744578 
 1416      00
 1417              	.LASF42:
 1418 02c2 6973725F 		.ascii	"isr_1_StartEx\000"
 1418      315F5374 
 1418      61727445 
 1418      7800
ARM GAS  C:\Users\santa\AppData\Local\Temp\ccbLqrN9.s 			page 30


 1419              	.LASF52:
 1420 02d0 433A5C55 		.ascii	"C:\\Users\\santa\\OneDrive\\Documentos\\PSoC Creato"
 1420      73657273 
 1420      5C73616E 
 1420      74615C4F 
 1420      6E654472 
 1421 02fe 725C4C61 		.ascii	"r\\Lab5\\Design01.cydsn\000"
 1421      62355C44 
 1421      65736967 
 1421      6E30312E 
 1421      63796473 
 1422              	.LASF48:
 1423 0314 73707269 		.ascii	"sprintf\000"
 1423      6E746600 
 1424              	.LASF41:
 1425 031c 43794465 		.ascii	"CyDelay\000"
 1425      6C617900 
 1426              		.ident	"GCC: (GNU Tools for ARM Embedded Processors) 5.4.1 20160609 (release) [ARM/embedded-5-bran
