ARM GAS  C:\Users\santa\AppData\Local\Temp\ccezXyZF.s 			page 1


   1              		.syntax unified
   2              		.cpu cortex-m3
   3              		.fpu softvfp
   4              		.eabi_attribute 20, 1
   5              		.eabi_attribute 21, 1
   6              		.eabi_attribute 23, 3
   7              		.eabi_attribute 24, 1
   8              		.eabi_attribute 25, 1
   9              		.eabi_attribute 26, 1
  10              		.eabi_attribute 30, 1
  11              		.eabi_attribute 34, 1
  12              		.eabi_attribute 18, 4
  13              		.thumb
  14              		.syntax unified
  15              		.file	"cymetadata.c"
  16              		.text
  17              	.Ltext0:
  18              		.cfi_sections	.debug_frame
  19              		.global	cy_metadata
  20              		.global	cy_meta_flashprotect
  21              		.global	cy_meta_wonvl
  22              		.global	cy_meta_custnvl
  23              		.global	cy_meta_configecc
  24              		.section	.cyconfigecc,"a",%progbits
  25              		.align	2
  26              		.type	cy_meta_configecc, %object
  27              		.size	cy_meta_configecc, 240
  28              	cy_meta_configecc:
  29 0000 01       		.byte	1
  30 0001 45       		.byte	69
  31 0002 00       		.byte	0
  32 0003 40       		.byte	64
  33 0004 01       		.byte	1
  34 0005 64       		.byte	100
  35 0006 00       		.byte	0
  36 0007 40       		.byte	64
  37 0008 01       		.byte	1
  38 0009 07       		.byte	7
  39 000a 01       		.byte	1
  40 000b 40       		.byte	64
  41 000c 01       		.byte	1
  42 000d 09       		.byte	9
  43 000e 01       		.byte	1
  44 000f 40       		.byte	64
  45 0010 30       		.byte	48
  46 0011 0A       		.byte	10
  47 0012 01       		.byte	1
  48 0013 40       		.byte	64
  49 0014 15       		.byte	21
  50 0015 0B       		.byte	11
  51 0016 01       		.byte	1
  52 0017 40       		.byte	64
  53 0018 02       		.byte	2
  54 0019 40       		.byte	64
  55 001a 01       		.byte	1
  56 001b 40       		.byte	64
  57 001c 01       		.byte	1
ARM GAS  C:\Users\santa\AppData\Local\Temp\ccezXyZF.s 			page 2


  58 001d 41       		.byte	65
  59 001e 01       		.byte	1
  60 001f 40       		.byte	64
  61 0020 01       		.byte	1
  62 0021 42       		.byte	66
  63 0022 01       		.byte	1
  64 0023 40       		.byte	64
  65 0024 02       		.byte	2
  66 0025 43       		.byte	67
  67 0026 01       		.byte	1
  68 0027 40       		.byte	64
  69 0028 02       		.byte	2
  70 0029 50       		.byte	80
  71 002a 01       		.byte	1
  72 002b 40       		.byte	64
  73 002c 01       		.byte	1
  74 002d 51       		.byte	81
  75 002e 01       		.byte	1
  76 002f 40       		.byte	64
  77 0030 13       		.byte	19
  78 0031 01       		.byte	1
  79 0032 8B       		.byte	-117
  80 0033 0D       		.byte	13
  81 0034 EE       		.byte	-18
  82 0035 08       		.byte	8
  83 0036 AF       		.byte	-81
  84 0037 20       		.byte	32
  85 0038 40       		.byte	64
  86 0039 54       		.byte	84
  87 003a 49       		.byte	73
  88 003b FF       		.byte	-1
  89 003c 4A       		.byte	74
  90 003d FF       		.byte	-1
  91 003e 4B       		.byte	75
  92 003f FF       		.byte	-1
  93 0040 4F       		.byte	79
  94 0041 01       		.byte	1
  95 0042 50       		.byte	80
  96 0043 18       		.byte	24
  97 0044 5A       		.byte	90
  98 0045 04       		.byte	4
  99 0046 5F       		.byte	95
 100 0047 01       		.byte	1
 101 0048 60       		.byte	96
 102 0049 40       		.byte	64
 103 004a 62       		.byte	98
 104 004b 40       		.byte	64
 105 004c 64       		.byte	100
 106 004d 40       		.byte	64
 107 004e 65       		.byte	101
 108 004f 40       		.byte	64
 109 0050 66       		.byte	102
 110 0051 80       		.byte	-128
 111 0052 68       		.byte	104
 112 0053 80       		.byte	-128
 113 0054 6A       		.byte	106
 114 0055 80       		.byte	-128
ARM GAS  C:\Users\santa\AppData\Local\Temp\ccezXyZF.s 			page 3


 115 0056 6C       		.byte	108
 116 0057 80       		.byte	-128
 117 0058 6E       		.byte	110
 118 0059 80       		.byte	-128
 119 005a 92       		.byte	-110
 120 005b 01       		.byte	1
 121 005c AE       		.byte	-82
 122 005d 01       		.byte	1
 123 005e B0       		.byte	-80
 124 005f 01       		.byte	1
 125 0060 B4       		.byte	-76
 126 0061 01       		.byte	1
 127 0062 BE       		.byte	-66
 128 0063 01       		.byte	1
 129 0064 C0       		.byte	-64
 130 0065 15       		.byte	21
 131 0066 C5       		.byte	-59
 132 0067 EC       		.byte	-20
 133 0068 C6       		.byte	-58
 134 0069 02       		.byte	2
 135 006a C8       		.byte	-56
 136 006b 07       		.byte	7
 137 006c C9       		.byte	-55
 138 006d FF       		.byte	-1
 139 006e CA       		.byte	-54
 140 006f FF       		.byte	-1
 141 0070 CB       		.byte	-53
 142 0071 FF       		.byte	-1
 143 0072 CD       		.byte	-51
 144 0073 83       		.byte	-125
 145 0074 CE       		.byte	-50
 146 0075 03       		.byte	3
 147 0076 CF       		.byte	-49
 148 0077 01       		.byte	1
 149 0078 D0       		.byte	-48
 150 0079 18       		.byte	24
 151 007a D2       		.byte	-46
 152 007b 80       		.byte	-128
 153 007c D4       		.byte	-44
 154 007d 01       		.byte	1
 155 007e D8       		.byte	-40
 156 007f 04       		.byte	4
 157 0080 DA       		.byte	-38
 158 0081 04       		.byte	4
 159 0082 DB       		.byte	-37
 160 0083 04       		.byte	4
 161 0084 DF       		.byte	-33
 162 0085 01       		.byte	1
 163 0086 E0       		.byte	-32
 164 0087 40       		.byte	64
 165 0088 E2       		.byte	-30
 166 0089 40       		.byte	64
 167 008a E4       		.byte	-28
 168 008b 40       		.byte	64
 169 008c E5       		.byte	-27
 170 008d 40       		.byte	64
 171 008e E6       		.byte	-26
ARM GAS  C:\Users\santa\AppData\Local\Temp\ccezXyZF.s 			page 4


 172 008f 80       		.byte	-128
 173 0090 E8       		.byte	-24
 174 0091 80       		.byte	-128
 175 0092 EA       		.byte	-22
 176 0093 80       		.byte	-128
 177 0094 EC       		.byte	-20
 178 0095 80       		.byte	-128
 179 0096 EE       		.byte	-18
 180 0097 80       		.byte	-128
 181 0098 0F       		.byte	15
 182 0099 80       		.byte	-128
 183 009a 17       		.byte	23
 184 009b 80       		.byte	-128
 185 009c 1E       		.byte	30
 186 009d 80       		.byte	-128
 187 009e 1F       		.byte	31
 188 009f 20       		.byte	32
 189 00a0 42       		.byte	66
 190 00a1 80       		.byte	-128
 191 00a2 47       		.byte	71
 192 00a3 80       		.byte	-128
 193 00a4 48       		.byte	72
 194 00a5 01       		.byte	1
 195 00a6 4D       		.byte	77
 196 00a7 04       		.byte	4
 197 00a8 4F       		.byte	79
 198 00a9 81       		.byte	-127
 199 00aa 56       		.byte	86
 200 00ab 80       		.byte	-128
 201 00ac 57       		.byte	87
 202 00ad 40       		.byte	64
 203 00ae 5D       		.byte	93
 204 00af 04       		.byte	4
 205 00b0 5E       		.byte	94
 206 00b1 80       		.byte	-128
 207 00b2 5F       		.byte	95
 208 00b3 01       		.byte	1
 209 00b4 74       		.byte	116
 210 00b5 01       		.byte	1
 211 00b6 77       		.byte	119
 212 00b7 80       		.byte	-128
 213 00b8 C2       		.byte	-62
 214 00b9 10       		.byte	16
 215 00ba C4       		.byte	-60
 216 00bb 80       		.byte	-128
 217 00bc D0       		.byte	-48
 218 00bd 11       		.byte	17
 219 00be D2       		.byte	-46
 220 00bf 18       		.byte	24
 221 00c0 D6       		.byte	-42
 222 00c1 D0       		.byte	-48
 223 00c2 33       		.byte	51
 224 00c3 20       		.byte	32
 225 00c4 CC       		.byte	-52
 226 00c5 10       		.byte	16
 227 00c6 A7       		.byte	-89
 228 00c7 20       		.byte	32
ARM GAS  C:\Users\santa\AppData\Local\Temp\ccezXyZF.s 			page 5


 229 00c8 A7       		.byte	-89
 230 00c9 20       		.byte	32
 231 00ca AF       		.byte	-81
 232 00cb 20       		.byte	32
 233 00cc EE       		.byte	-18
 234 00cd 10       		.byte	16
 235 00ce 00       		.byte	0
 236 00cf 01       		.byte	1
 237 00d0 0C       		.byte	12
 238 00d1 01       		.byte	1
 239 00d2 00       		.byte	0
 240 00d3 03       		.byte	3
 241 00d4 00       		.byte	0
 242 00d5 7F       		.byte	127
 243 00d6 7F       		.byte	127
 244 00d7 00       		.byte	0
 245 00d8 00       		.byte	0
 246 00d9 00       		.byte	0
 247 00da 00       		.byte	0
 248 00db 00       		.byte	0
 249 00dc 00       		.byte	0
 250 00dd 0B       		.byte	11
 251 00de 0B       		.byte	11
 252 00df 00       		.byte	0
 253 00e0 00       		.byte	0
 254 00e1 00       		.byte	0
 255 00e2 00       		.byte	0
 256 00e3 00       		.byte	0
 257 00e4 08       		.byte	8
 258 00e5 00       		.byte	0
 259 00e6 00       		.byte	0
 260 00e7 0A       		.byte	10
 261 00e8 02       		.byte	2
 262 00e9 00       		.byte	0
 263 00ea 00       		.byte	0
 264 00eb 00       		.byte	0
 265 00ec 00       		.byte	0
 266 00ed 00       		.byte	0
 267 00ee 00       		.byte	0
 268 00ef 00       		.byte	0
 269              		.section	.cywolatch,"a",%progbits
 270              		.align	2
 271              		.type	cy_meta_wonvl, %object
 272              		.size	cy_meta_wonvl, 4
 273              	cy_meta_wonvl:
 274 0000 BC       		.byte	-68
 275 0001 90       		.byte	-112
 276 0002 AC       		.byte	-84
 277 0003 AF       		.byte	-81
 278              		.section	.cycustnvl,"a",%progbits
 279              		.align	2
 280              		.type	cy_meta_custnvl, %object
 281              		.size	cy_meta_custnvl, 4
 282              	cy_meta_custnvl:
 283 0000 00       		.byte	0
 284 0001 00       		.byte	0
 285 0002 40       		.byte	64
ARM GAS  C:\Users\santa\AppData\Local\Temp\ccezXyZF.s 			page 6


 286 0003 05       		.byte	5
 287              		.section	.cymeta,"a",%progbits
 288              		.align	2
 289              		.type	cy_metadata, %object
 290              		.size	cy_metadata, 12
 291              	cy_metadata:
 292 0000 00       		.byte	0
 293 0001 01       		.byte	1
 294 0002 2E       		.byte	46
 295 0003 16       		.byte	22
 296 0004 10       		.byte	16
 297 0005 69       		.byte	105
 298 0006 00       		.byte	0
 299 0007 01       		.byte	1
 300 0008 00       		.byte	0
 301 0009 00       		.byte	0
 302 000a 00       		.byte	0
 303 000b 00       		.byte	0
 304              		.section	.cyflashprotect,"a",%progbits
 305              		.align	2
 306              		.type	cy_meta_flashprotect, %object
 307              		.size	cy_meta_flashprotect, 256
 308              	cy_meta_flashprotect:
 309 0000 00000000 		.space	256
 309      00000000 
 309      00000000 
 309      00000000 
 309      00000000 
 310              		.text
 311              	.Letext0:
 312              		.file 1 "c:\\program files (x86)\\cypress\\psoc creator\\4.2\\psoc creator\\import\\gnu\\arm\\5.4.
 313              		.file 2 "c:\\program files (x86)\\cypress\\psoc creator\\4.2\\psoc creator\\import\\gnu\\arm\\5.4.
 314              		.file 3 "Generated_Source\\PSoC5\\cymetadata.c"
 315              		.section	.debug_info,"",%progbits
 316              	.Ldebug_info0:
 317 0000 30010000 		.4byte	0x130
 318 0004 0400     		.2byte	0x4
 319 0006 00000000 		.4byte	.Ldebug_abbrev0
 320 000a 04       		.byte	0x4
 321 000b 01       		.uleb128 0x1
 322 000c 24000000 		.4byte	.LASF17
 323 0010 0C       		.byte	0xc
 324 0011 C2010000 		.4byte	.LASF18
 325 0015 7E010000 		.4byte	.LASF19
 326 0019 00000000 		.4byte	.Ldebug_line0
 327 001d 02       		.uleb128 0x2
 328 001e 01       		.byte	0x1
 329 001f 06       		.byte	0x6
 330 0020 72010000 		.4byte	.LASF0
 331 0024 03       		.uleb128 0x3
 332 0025 00000000 		.4byte	.LASF9
 333 0029 01       		.byte	0x1
 334 002a 1D       		.byte	0x1d
 335 002b 2F000000 		.4byte	0x2f
 336 002f 02       		.uleb128 0x2
 337 0030 01       		.byte	0x1
 338 0031 08       		.byte	0x8
ARM GAS  C:\Users\santa\AppData\Local\Temp\ccezXyZF.s 			page 7


 339 0032 16000000 		.4byte	.LASF1
 340 0036 02       		.uleb128 0x2
 341 0037 02       		.byte	0x2
 342 0038 05       		.byte	0x5
 343 0039 5F010000 		.4byte	.LASF2
 344 003d 02       		.uleb128 0x2
 345 003e 02       		.byte	0x2
 346 003f 07       		.byte	0x7
 347 0040 C4000000 		.4byte	.LASF3
 348 0044 02       		.uleb128 0x2
 349 0045 04       		.byte	0x4
 350 0046 05       		.byte	0x5
 351 0047 69010000 		.4byte	.LASF4
 352 004b 02       		.uleb128 0x2
 353 004c 04       		.byte	0x4
 354 004d 07       		.byte	0x7
 355 004e B2000000 		.4byte	.LASF5
 356 0052 02       		.uleb128 0x2
 357 0053 08       		.byte	0x8
 358 0054 05       		.byte	0x5
 359 0055 51010000 		.4byte	.LASF6
 360 0059 02       		.uleb128 0x2
 361 005a 08       		.byte	0x8
 362 005b 07       		.byte	0x7
 363 005c 06010000 		.4byte	.LASF7
 364 0060 04       		.uleb128 0x4
 365 0061 04       		.byte	0x4
 366 0062 05       		.byte	0x5
 367 0063 696E7400 		.ascii	"int\000"
 368 0067 02       		.uleb128 0x2
 369 0068 04       		.byte	0x4
 370 0069 07       		.byte	0x7
 371 006a F9000000 		.4byte	.LASF8
 372 006e 03       		.uleb128 0x3
 373 006f 1D010000 		.4byte	.LASF10
 374 0073 02       		.byte	0x2
 375 0074 18       		.byte	0x18
 376 0075 24000000 		.4byte	0x24
 377 0079 05       		.uleb128 0x5
 378 007a 90000000 		.4byte	0x90
 379 007e 89000000 		.4byte	0x89
 380 0082 06       		.uleb128 0x6
 381 0083 89000000 		.4byte	0x89
 382 0087 EF       		.byte	0xef
 383 0088 00       		.byte	0
 384 0089 02       		.uleb128 0x2
 385 008a 04       		.byte	0x4
 386 008b 07       		.byte	0x7
 387 008c 48010000 		.4byte	.LASF11
 388 0090 07       		.uleb128 0x7
 389 0091 6E000000 		.4byte	0x6e
 390 0095 08       		.uleb128 0x8
 391 0096 E7000000 		.4byte	.LASF12
 392 009a 03       		.byte	0x3
 393 009b 1F       		.byte	0x1f
 394 009c A6000000 		.4byte	0xa6
 395 00a0 05       		.uleb128 0x5
ARM GAS  C:\Users\santa\AppData\Local\Temp\ccezXyZF.s 			page 8


 396 00a1 03       		.byte	0x3
 397 00a2 00000000 		.4byte	cy_meta_configecc
 398 00a6 07       		.uleb128 0x7
 399 00a7 79000000 		.4byte	0x79
 400 00ab 05       		.uleb128 0x5
 401 00ac 90000000 		.4byte	0x90
 402 00b0 BB000000 		.4byte	0xbb
 403 00b4 06       		.uleb128 0x6
 404 00b5 89000000 		.4byte	0x89
 405 00b9 03       		.byte	0x3
 406 00ba 00       		.byte	0
 407 00bb 08       		.uleb128 0x8
 408 00bc D7000000 		.4byte	.LASF13
 409 00c0 03       		.byte	0x3
 410 00c1 4A       		.byte	0x4a
 411 00c2 CC000000 		.4byte	0xcc
 412 00c6 05       		.uleb128 0x5
 413 00c7 03       		.byte	0x3
 414 00c8 00000000 		.4byte	cy_meta_custnvl
 415 00cc 07       		.uleb128 0x7
 416 00cd AB000000 		.4byte	0xab
 417 00d1 08       		.uleb128 0x8
 418 00d2 3A010000 		.4byte	.LASF14
 419 00d6 03       		.byte	0x3
 420 00d7 58       		.byte	0x58
 421 00d8 E2000000 		.4byte	0xe2
 422 00dc 05       		.uleb128 0x5
 423 00dd 03       		.byte	0x3
 424 00de 00000000 		.4byte	cy_meta_wonvl
 425 00e2 07       		.uleb128 0x7
 426 00e3 AB000000 		.4byte	0xab
 427 00e7 05       		.uleb128 0x5
 428 00e8 90000000 		.4byte	0x90
 429 00ec F7000000 		.4byte	0xf7
 430 00f0 06       		.uleb128 0x6
 431 00f1 89000000 		.4byte	0x89
 432 00f5 FF       		.byte	0xff
 433 00f6 00       		.byte	0
 434 00f7 08       		.uleb128 0x8
 435 00f8 25010000 		.4byte	.LASF15
 436 00fc 03       		.byte	0x3
 437 00fd 66       		.byte	0x66
 438 00fe 08010000 		.4byte	0x108
 439 0102 05       		.uleb128 0x5
 440 0103 03       		.byte	0x3
 441 0104 00000000 		.4byte	cy_meta_flashprotect
 442 0108 07       		.uleb128 0x7
 443 0109 E7000000 		.4byte	0xe7
 444 010d 05       		.uleb128 0x5
 445 010e 90000000 		.4byte	0x90
 446 0112 1D010000 		.4byte	0x11d
 447 0116 06       		.uleb128 0x6
 448 0117 89000000 		.4byte	0x89
 449 011b 0B       		.byte	0xb
 450 011c 00       		.byte	0
 451 011d 08       		.uleb128 0x8
 452 011e 0A000000 		.4byte	.LASF16
ARM GAS  C:\Users\santa\AppData\Local\Temp\ccezXyZF.s 			page 9


 453 0122 03       		.byte	0x3
 454 0123 93       		.byte	0x93
 455 0124 2E010000 		.4byte	0x12e
 456 0128 05       		.uleb128 0x5
 457 0129 03       		.byte	0x3
 458 012a 00000000 		.4byte	cy_metadata
 459 012e 07       		.uleb128 0x7
 460 012f 0D010000 		.4byte	0x10d
 461 0133 00       		.byte	0
 462              		.section	.debug_abbrev,"",%progbits
 463              	.Ldebug_abbrev0:
 464 0000 01       		.uleb128 0x1
 465 0001 11       		.uleb128 0x11
 466 0002 01       		.byte	0x1
 467 0003 25       		.uleb128 0x25
 468 0004 0E       		.uleb128 0xe
 469 0005 13       		.uleb128 0x13
 470 0006 0B       		.uleb128 0xb
 471 0007 03       		.uleb128 0x3
 472 0008 0E       		.uleb128 0xe
 473 0009 1B       		.uleb128 0x1b
 474 000a 0E       		.uleb128 0xe
 475 000b 10       		.uleb128 0x10
 476 000c 17       		.uleb128 0x17
 477 000d 00       		.byte	0
 478 000e 00       		.byte	0
 479 000f 02       		.uleb128 0x2
 480 0010 24       		.uleb128 0x24
 481 0011 00       		.byte	0
 482 0012 0B       		.uleb128 0xb
 483 0013 0B       		.uleb128 0xb
 484 0014 3E       		.uleb128 0x3e
 485 0015 0B       		.uleb128 0xb
 486 0016 03       		.uleb128 0x3
 487 0017 0E       		.uleb128 0xe
 488 0018 00       		.byte	0
 489 0019 00       		.byte	0
 490 001a 03       		.uleb128 0x3
 491 001b 16       		.uleb128 0x16
 492 001c 00       		.byte	0
 493 001d 03       		.uleb128 0x3
 494 001e 0E       		.uleb128 0xe
 495 001f 3A       		.uleb128 0x3a
 496 0020 0B       		.uleb128 0xb
 497 0021 3B       		.uleb128 0x3b
 498 0022 0B       		.uleb128 0xb
 499 0023 49       		.uleb128 0x49
 500 0024 13       		.uleb128 0x13
 501 0025 00       		.byte	0
 502 0026 00       		.byte	0
 503 0027 04       		.uleb128 0x4
 504 0028 24       		.uleb128 0x24
 505 0029 00       		.byte	0
 506 002a 0B       		.uleb128 0xb
 507 002b 0B       		.uleb128 0xb
 508 002c 3E       		.uleb128 0x3e
 509 002d 0B       		.uleb128 0xb
ARM GAS  C:\Users\santa\AppData\Local\Temp\ccezXyZF.s 			page 10


 510 002e 03       		.uleb128 0x3
 511 002f 08       		.uleb128 0x8
 512 0030 00       		.byte	0
 513 0031 00       		.byte	0
 514 0032 05       		.uleb128 0x5
 515 0033 01       		.uleb128 0x1
 516 0034 01       		.byte	0x1
 517 0035 49       		.uleb128 0x49
 518 0036 13       		.uleb128 0x13
 519 0037 01       		.uleb128 0x1
 520 0038 13       		.uleb128 0x13
 521 0039 00       		.byte	0
 522 003a 00       		.byte	0
 523 003b 06       		.uleb128 0x6
 524 003c 21       		.uleb128 0x21
 525 003d 00       		.byte	0
 526 003e 49       		.uleb128 0x49
 527 003f 13       		.uleb128 0x13
 528 0040 2F       		.uleb128 0x2f
 529 0041 0B       		.uleb128 0xb
 530 0042 00       		.byte	0
 531 0043 00       		.byte	0
 532 0044 07       		.uleb128 0x7
 533 0045 26       		.uleb128 0x26
 534 0046 00       		.byte	0
 535 0047 49       		.uleb128 0x49
 536 0048 13       		.uleb128 0x13
 537 0049 00       		.byte	0
 538 004a 00       		.byte	0
 539 004b 08       		.uleb128 0x8
 540 004c 34       		.uleb128 0x34
 541 004d 00       		.byte	0
 542 004e 03       		.uleb128 0x3
 543 004f 0E       		.uleb128 0xe
 544 0050 3A       		.uleb128 0x3a
 545 0051 0B       		.uleb128 0xb
 546 0052 3B       		.uleb128 0x3b
 547 0053 0B       		.uleb128 0xb
 548 0054 49       		.uleb128 0x49
 549 0055 13       		.uleb128 0x13
 550 0056 3F       		.uleb128 0x3f
 551 0057 19       		.uleb128 0x19
 552 0058 02       		.uleb128 0x2
 553 0059 18       		.uleb128 0x18
 554 005a 00       		.byte	0
 555 005b 00       		.byte	0
 556 005c 00       		.byte	0
 557              		.section	.debug_aranges,"",%progbits
 558 0000 14000000 		.4byte	0x14
 559 0004 0200     		.2byte	0x2
 560 0006 00000000 		.4byte	.Ldebug_info0
 561 000a 04       		.byte	0x4
 562 000b 00       		.byte	0
 563 000c 0000     		.2byte	0
 564 000e 0000     		.2byte	0
 565 0010 00000000 		.4byte	0
 566 0014 00000000 		.4byte	0
ARM GAS  C:\Users\santa\AppData\Local\Temp\ccezXyZF.s 			page 11


 567              		.section	.debug_line,"",%progbits
 568              	.Ldebug_line0:
 569 0000 3D010000 		.section	.debug_str,"MS",%progbits,1
 569      02003701 
 569      00000201 
 569      FB0E0D00 
 569      01010101 
 570              	.LASF9:
 571 0000 5F5F7569 		.ascii	"__uint8_t\000"
 571      6E74385F 
 571      7400
 572              	.LASF16:
 573 000a 63795F6D 		.ascii	"cy_metadata\000"
 573      65746164 
 573      61746100 
 574              	.LASF1:
 575 0016 756E7369 		.ascii	"unsigned char\000"
 575      676E6564 
 575      20636861 
 575      7200
 576              	.LASF17:
 577 0024 474E5520 		.ascii	"GNU C11 5.4.1 20160609 (release) [ARM/embedded-5-br"
 577      43313120 
 577      352E342E 
 577      31203230 
 577      31363036 
 578 0057 616E6368 		.ascii	"anch revision 237715] -mcpu=cortex-m3 -mthumb -g -O"
 578      20726576 
 578      6973696F 
 578      6E203233 
 578      37373135 
 579 008a 67202D66 		.ascii	"g -ffunction-sections -ffat-lto-objects\000"
 579      66756E63 
 579      74696F6E 
 579      2D736563 
 579      74696F6E 
 580              	.LASF5:
 581 00b2 6C6F6E67 		.ascii	"long unsigned int\000"
 581      20756E73 
 581      69676E65 
 581      6420696E 
 581      7400
 582              	.LASF3:
 583 00c4 73686F72 		.ascii	"short unsigned int\000"
 583      7420756E 
 583      7369676E 
 583      65642069 
 583      6E7400
 584              	.LASF13:
 585 00d7 63795F6D 		.ascii	"cy_meta_custnvl\000"
 585      6574615F 
 585      63757374 
 585      6E766C00 
 586              	.LASF12:
 587 00e7 63795F6D 		.ascii	"cy_meta_configecc\000"
 587      6574615F 
 587      636F6E66 
ARM GAS  C:\Users\santa\AppData\Local\Temp\ccezXyZF.s 			page 12


 587      69676563 
 587      6300
 588              	.LASF8:
 589 00f9 756E7369 		.ascii	"unsigned int\000"
 589      676E6564 
 589      20696E74 
 589      00
 590              	.LASF7:
 591 0106 6C6F6E67 		.ascii	"long long unsigned int\000"
 591      206C6F6E 
 591      6720756E 
 591      7369676E 
 591      65642069 
 592              	.LASF10:
 593 011d 75696E74 		.ascii	"uint8_t\000"
 593      385F7400 
 594              	.LASF15:
 595 0125 63795F6D 		.ascii	"cy_meta_flashprotect\000"
 595      6574615F 
 595      666C6173 
 595      6870726F 
 595      74656374 
 596              	.LASF14:
 597 013a 63795F6D 		.ascii	"cy_meta_wonvl\000"
 597      6574615F 
 597      776F6E76 
 597      6C00
 598              	.LASF11:
 599 0148 73697A65 		.ascii	"sizetype\000"
 599      74797065 
 599      00
 600              	.LASF6:
 601 0151 6C6F6E67 		.ascii	"long long int\000"
 601      206C6F6E 
 601      6720696E 
 601      7400
 602              	.LASF2:
 603 015f 73686F72 		.ascii	"short int\000"
 603      7420696E 
 603      7400
 604              	.LASF4:
 605 0169 6C6F6E67 		.ascii	"long int\000"
 605      20696E74 
 605      00
 606              	.LASF0:
 607 0172 7369676E 		.ascii	"signed char\000"
 607      65642063 
 607      68617200 
 608              	.LASF19:
 609 017e 433A5C55 		.ascii	"C:\\Users\\santa\\OneDrive\\Documentos\\PSoC Creato"
 609      73657273 
 609      5C73616E 
 609      74615C4F 
 609      6E654472 
 610 01ac 725C4C61 		.ascii	"r\\Lab5\\Design01.cydsn\000"
 610      62355C44 
 610      65736967 
ARM GAS  C:\Users\santa\AppData\Local\Temp\ccezXyZF.s 			page 13


 610      6E30312E 
 610      63796473 
 611              	.LASF18:
 612 01c2 47656E65 		.ascii	"Generated_Source\\PSoC5\\cymetadata.c\000"
 612      72617465 
 612      645F536F 
 612      75726365 
 612      5C50536F 
 613              		.ident	"GCC: (GNU Tools for ARM Embedded Processors) 5.4.1 20160609 (release) [ARM/embedded-5-bran
