ARM GAS  C:\Users\JEANPI~1\AppData\Local\Temp\cckIswLR.s 			page 1


   1              		.syntax unified
   2              		.cpu cortex-m3
   3              		.fpu softvfp
   4              		.eabi_attribute 20, 1
   5              		.eabi_attribute 21, 1
   6              		.eabi_attribute 23, 3
   7              		.eabi_attribute 24, 1
   8              		.eabi_attribute 25, 1
   9              		.eabi_attribute 26, 1
  10              		.eabi_attribute 30, 1
  11              		.eabi_attribute 34, 1
  12              		.eabi_attribute 18, 4
  13              		.thumb
  14              		.syntax unified
  15              		.file	"cymetadata.c"
  16              		.text
  17              	.Ltext0:
  18              		.cfi_sections	.debug_frame
  19              		.global	cy_metadata
  20              		.global	cy_meta_flashprotect
  21              		.global	cy_meta_wonvl
  22              		.global	cy_meta_custnvl
  23              		.global	cy_meta_configecc
  24              		.section	.cyconfigecc,"a",%progbits
  25              		.align	2
  26              		.type	cy_meta_configecc, %object
  27              		.size	cy_meta_configecc, 744
  28              	cy_meta_configecc:
  29 0000 02       		.byte	2
  30 0001 45       		.byte	69
  31 0002 00       		.byte	0
  32 0003 40       		.byte	64
  33 0004 04       		.byte	4
  34 0005 52       		.byte	82
  35 0006 00       		.byte	0
  36 0007 40       		.byte	64
  37 0008 01       		.byte	1
  38 0009 64       		.byte	100
  39 000a 00       		.byte	0
  40 000b 40       		.byte	64
  41 000c 01       		.byte	1
  42 000d 65       		.byte	101
  43 000e 00       		.byte	0
  44 000f 40       		.byte	64
  45 0010 42       		.byte	66
  46 0011 02       		.byte	2
  47 0012 01       		.byte	1
  48 0013 40       		.byte	64
  49 0014 1F       		.byte	31
  50 0015 03       		.byte	3
  51 0016 01       		.byte	1
  52 0017 40       		.byte	64
  53 0018 02       		.byte	2
  54 0019 05       		.byte	5
  55 001a 01       		.byte	1
  56 001b 40       		.byte	64
  57 001c 01       		.byte	1
ARM GAS  C:\Users\JEANPI~1\AppData\Local\Temp\cckIswLR.s 			page 2


  58 001d 07       		.byte	7
  59 001e 01       		.byte	1
  60 001f 40       		.byte	64
  61 0020 28       		.byte	40
  62 0021 14       		.byte	20
  63 0022 01       		.byte	1
  64 0023 40       		.byte	64
  65 0024 27       		.byte	39
  66 0025 15       		.byte	21
  67 0026 01       		.byte	1
  68 0027 40       		.byte	64
  69 0028 36       		.byte	54
  70 0029 16       		.byte	22
  71 002a 01       		.byte	1
  72 002b 40       		.byte	64
  73 002c 16       		.byte	22
  74 002d 17       		.byte	23
  75 002e 01       		.byte	1
  76 002f 40       		.byte	64
  77 0030 03       		.byte	3
  78 0031 40       		.byte	64
  79 0032 01       		.byte	1
  80 0033 40       		.byte	64
  81 0034 05       		.byte	5
  82 0035 41       		.byte	65
  83 0036 01       		.byte	1
  84 0037 40       		.byte	64
  85 0038 03       		.byte	3
  86 0039 42       		.byte	66
  87 003a 01       		.byte	1
  88 003b 40       		.byte	64
  89 003c 01       		.byte	1
  90 003d 43       		.byte	67
  91 003e 01       		.byte	1
  92 003f 40       		.byte	64
  93 0040 01       		.byte	1
  94 0041 48       		.byte	72
  95 0042 01       		.byte	1
  96 0043 40       		.byte	64
  97 0044 17       		.byte	23
  98 0045 49       		.byte	73
  99 0046 01       		.byte	1
 100 0047 40       		.byte	64
 101 0048 04       		.byte	4
 102 0049 50       		.byte	80
 103 004a 01       		.byte	1
 104 004b 40       		.byte	64
 105 004c 01       		.byte	1
 106 004d 51       		.byte	81
 107 004e 01       		.byte	1
 108 004f 40       		.byte	64
 109 0050 00       		.byte	0
 110 0051 01       		.byte	1
 111 0052 0A       		.byte	10
 112 0053 03       		.byte	3
 113 0054 00       		.byte	0
 114 0055 02       		.byte	2
ARM GAS  C:\Users\JEANPI~1\AppData\Local\Temp\cckIswLR.s 			page 3


 115 0056 18       		.byte	24
 116 0057 30       		.byte	48
 117 0058 19       		.byte	25
 118 0059 90       		.byte	-112
 119 005a 1C       		.byte	28
 120 005b 0F       		.byte	15
 121 005c 83       		.byte	-125
 122 005d 0D       		.byte	13
 123 005e 87       		.byte	-121
 124 005f 0D       		.byte	13
 125 0060 02       		.byte	2
 126 0061 01       		.byte	1
 127 0062 12       		.byte	18
 128 0063 02       		.byte	2
 129 0064 2A       		.byte	42
 130 0065 02       		.byte	2
 131 0066 30       		.byte	48
 132 0067 01       		.byte	1
 133 0068 34       		.byte	52
 134 0069 02       		.byte	2
 135 006a 36       		.byte	54
 136 006b 01       		.byte	1
 137 006c 40       		.byte	64
 138 006d 10       		.byte	16
 139 006e 41       		.byte	65
 140 006f 06       		.byte	6
 141 0070 49       		.byte	73
 142 0071 FF       		.byte	-1
 143 0072 4A       		.byte	74
 144 0073 FF       		.byte	-1
 145 0074 4B       		.byte	75
 146 0075 FF       		.byte	-1
 147 0076 4D       		.byte	77
 148 0077 A0       		.byte	-96
 149 0078 4F       		.byte	79
 150 0079 04       		.byte	4
 151 007a 50       		.byte	80
 152 007b 18       		.byte	24
 153 007c 52       		.byte	82
 154 007d 80       		.byte	-128
 155 007e 58       		.byte	88
 156 007f 04       		.byte	4
 157 0080 5A       		.byte	90
 158 0081 04       		.byte	4
 159 0082 5B       		.byte	91
 160 0083 04       		.byte	4
 161 0084 5C       		.byte	92
 162 0085 01       		.byte	1
 163 0086 5D       		.byte	93
 164 0087 11       		.byte	17
 165 0088 5F       		.byte	95
 166 0089 01       		.byte	1
 167 008a 60       		.byte	96
 168 008b 40       		.byte	64
 169 008c 62       		.byte	98
 170 008d C0       		.byte	-64
 171 008e 64       		.byte	100
ARM GAS  C:\Users\JEANPI~1\AppData\Local\Temp\cckIswLR.s 			page 4


 172 008f 40       		.byte	64
 173 0090 65       		.byte	101
 174 0091 40       		.byte	64
 175 0092 66       		.byte	102
 176 0093 C0       		.byte	-64
 177 0094 68       		.byte	104
 178 0095 C0       		.byte	-64
 179 0096 6A       		.byte	106
 180 0097 C0       		.byte	-64
 181 0098 6C       		.byte	108
 182 0099 C0       		.byte	-64
 183 009a 6E       		.byte	110
 184 009b C0       		.byte	-64
 185 009c 80       		.byte	-128
 186 009d 02       		.byte	2
 187 009e 9E       		.byte	-98
 188 009f 04       		.byte	4
 189 00a0 A6       		.byte	-90
 190 00a1 03       		.byte	3
 191 00a2 AA       		.byte	-86
 192 00a3 04       		.byte	4
 193 00a4 B0       		.byte	-80
 194 00a5 01       		.byte	1
 195 00a6 B4       		.byte	-76
 196 00a7 04       		.byte	4
 197 00a8 B6       		.byte	-74
 198 00a9 02       		.byte	2
 199 00aa BE       		.byte	-66
 200 00ab 10       		.byte	16
 201 00ac C0       		.byte	-64
 202 00ad 40       		.byte	64
 203 00ae C1       		.byte	-63
 204 00af 06       		.byte	6
 205 00b0 C5       		.byte	-59
 206 00b1 D0       		.byte	-48
 207 00b2 C7       		.byte	-57
 208 00b3 02       		.byte	2
 209 00b4 C8       		.byte	-56
 210 00b5 13       		.byte	19
 211 00b6 C9       		.byte	-55
 212 00b7 FF       		.byte	-1
 213 00b8 CA       		.byte	-54
 214 00b9 FF       		.byte	-1
 215 00ba CB       		.byte	-53
 216 00bb FF       		.byte	-1
 217 00bc CD       		.byte	-51
 218 00bd AF       		.byte	-81
 219 00be CE       		.byte	-50
 220 00bf 0F       		.byte	15
 221 00c0 CF       		.byte	-49
 222 00c1 04       		.byte	4
 223 00c2 D0       		.byte	-48
 224 00c3 18       		.byte	24
 225 00c4 D4       		.byte	-44
 226 00c5 05       		.byte	5
 227 00c6 D8       		.byte	-40
 228 00c7 04       		.byte	4
ARM GAS  C:\Users\JEANPI~1\AppData\Local\Temp\cckIswLR.s 			page 5


 229 00c8 DA       		.byte	-38
 230 00c9 04       		.byte	4
 231 00ca DB       		.byte	-37
 232 00cb 04       		.byte	4
 233 00cc DC       		.byte	-36
 234 00cd 01       		.byte	1
 235 00ce DD       		.byte	-35
 236 00cf 11       		.byte	17
 237 00d0 DF       		.byte	-33
 238 00d1 01       		.byte	1
 239 00d2 E0       		.byte	-32
 240 00d3 40       		.byte	64
 241 00d4 E2       		.byte	-30
 242 00d5 C0       		.byte	-64
 243 00d6 E4       		.byte	-28
 244 00d7 40       		.byte	64
 245 00d8 E5       		.byte	-27
 246 00d9 40       		.byte	64
 247 00da E6       		.byte	-26
 248 00db C0       		.byte	-64
 249 00dc E8       		.byte	-24
 250 00dd C0       		.byte	-64
 251 00de EA       		.byte	-22
 252 00df C0       		.byte	-64
 253 00e0 EC       		.byte	-20
 254 00e1 C0       		.byte	-64
 255 00e2 EE       		.byte	-18
 256 00e3 C0       		.byte	-64
 257 00e4 01       		.byte	1
 258 00e5 02       		.byte	2
 259 00e6 07       		.byte	7
 260 00e7 80       		.byte	-128
 261 00e8 09       		.byte	9
 262 00e9 80       		.byte	-128
 263 00ea 0E       		.byte	14
 264 00eb 80       		.byte	-128
 265 00ec 10       		.byte	16
 266 00ed 20       		.byte	32
 267 00ee 12       		.byte	18
 268 00ef 08       		.byte	8
 269 00f0 16       		.byte	22
 270 00f1 04       		.byte	4
 271 00f2 19       		.byte	25
 272 00f3 42       		.byte	66
 273 00f4 1A       		.byte	26
 274 00f5 04       		.byte	4
 275 00f6 1C       		.byte	28
 276 00f7 40       		.byte	64
 277 00f8 1D       		.byte	29
 278 00f9 80       		.byte	-128
 279 00fa 1E       		.byte	30
 280 00fb 80       		.byte	-128
 281 00fc 1F       		.byte	31
 282 00fd 20       		.byte	32
 283 00fe 40       		.byte	64
 284 00ff 40       		.byte	64
 285 0100 45       		.byte	69
ARM GAS  C:\Users\JEANPI~1\AppData\Local\Temp\cckIswLR.s 			page 6


 286 0101 80       		.byte	-128
 287 0102 48       		.byte	72
 288 0103 20       		.byte	32
 289 0104 49       		.byte	73
 290 0105 01       		.byte	1
 291 0106 4A       		.byte	74
 292 0107 08       		.byte	8
 293 0108 4E       		.byte	78
 294 0109 08       		.byte	8
 295 010a 52       		.byte	82
 296 010b 0C       		.byte	12
 297 010c 59       		.byte	89
 298 010d 41       		.byte	65
 299 010e 5A       		.byte	90
 300 010f 04       		.byte	4
 301 0110 77       		.byte	119
 302 0111 80       		.byte	-128
 303 0112 8F       		.byte	-113
 304 0113 01       		.byte	1
 305 0114 C0       		.byte	-64
 306 0115 18       		.byte	24
 307 0116 C2       		.byte	-62
 308 0117 11       		.byte	17
 309 0118 C4       		.byte	-60
 310 0119 46       		.byte	70
 311 011a D0       		.byte	-48
 312 011b 11       		.byte	17
 313 011c D2       		.byte	-46
 314 011d 24       		.byte	36
 315 011e D6       		.byte	-42
 316 011f 0B       		.byte	11
 317 0120 E2       		.byte	-30
 318 0121 40       		.byte	64
 319 0122 97       		.byte	-105
 320 0123 02       		.byte	2
 321 0124 AB       		.byte	-85
 322 0125 20       		.byte	32
 323 0126 97       		.byte	-105
 324 0127 02       		.byte	2
 325 0128 01       		.byte	1
 326 0129 03       		.byte	3
 327 012a 03       		.byte	3
 328 012b 1C       		.byte	28
 329 012c 05       		.byte	5
 330 012d 11       		.byte	17
 331 012e 07       		.byte	7
 332 012f 0E       		.byte	14
 333 0130 19       		.byte	25
 334 0131 05       		.byte	5
 335 0132 1B       		.byte	27
 336 0133 1A       		.byte	26
 337 0134 1D       		.byte	29
 338 0135 09       		.byte	9
 339 0136 1F       		.byte	31
 340 0137 16       		.byte	22
 341 0138 35       		.byte	53
 342 0139 1C       		.byte	28
ARM GAS  C:\Users\JEANPI~1\AppData\Local\Temp\cckIswLR.s 			page 7


 343 013a 37       		.byte	55
 344 013b 0F       		.byte	15
 345 013c 59       		.byte	89
 346 013d 04       		.byte	4
 347 013e 5F       		.byte	95
 348 013f 01       		.byte	1
 349 0140 80       		.byte	-128
 350 0141 04       		.byte	4
 351 0142 81       		.byte	-127
 352 0143 03       		.byte	3
 353 0144 82       		.byte	-126
 354 0145 0B       		.byte	11
 355 0146 83       		.byte	-125
 356 0147 1C       		.byte	28
 357 0148 95       		.byte	-107
 358 0149 11       		.byte	17
 359 014a 97       		.byte	-105
 360 014b 0E       		.byte	14
 361 014c 99       		.byte	-103
 362 014d 09       		.byte	9
 363 014e 9B       		.byte	-101
 364 014f 16       		.byte	22
 365 0150 9C       		.byte	-100
 366 0151 02       		.byte	2
 367 0152 9D       		.byte	-99
 368 0153 05       		.byte	5
 369 0154 9E       		.byte	-98
 370 0155 0D       		.byte	13
 371 0156 9F       		.byte	-97
 372 0157 1A       		.byte	26
 373 0158 A0       		.byte	-96
 374 0159 01       		.byte	1
 375 015a A2       		.byte	-94
 376 015b 0E       		.byte	14
 377 015c AC       		.byte	-84
 378 015d 08       		.byte	8
 379 015e AE       		.byte	-82
 380 015f 07       		.byte	7
 381 0160 B0       		.byte	-80
 382 0161 0F       		.byte	15
 383 0162 B1       		.byte	-79
 384 0163 18       		.byte	24
 385 0164 B3       		.byte	-77
 386 0165 14       		.byte	20
 387 0166 B4       		.byte	-76
 388 0167 05       		.byte	5
 389 0168 B5       		.byte	-75
 390 0169 1B       		.byte	27
 391 016a B6       		.byte	-74
 392 016b 03       		.byte	3
 393 016c B7       		.byte	-73
 394 016d 0F       		.byte	15
 395 016e BE       		.byte	-66
 396 016f 51       		.byte	81
 397 0170 D8       		.byte	-40
 398 0171 04       		.byte	4
 399 0172 D9       		.byte	-39
ARM GAS  C:\Users\JEANPI~1\AppData\Local\Temp\cckIswLR.s 			page 8


 400 0173 04       		.byte	4
 401 0174 DB       		.byte	-37
 402 0175 04       		.byte	4
 403 0176 DF       		.byte	-33
 404 0177 01       		.byte	1
 405 0178 05       		.byte	5
 406 0179 02       		.byte	2
 407 017a 0C       		.byte	12
 408 017b 80       		.byte	-128
 409 017c 15       		.byte	21
 410 017d 01       		.byte	1
 411 017e 16       		.byte	22
 412 017f 01       		.byte	1
 413 0180 1E       		.byte	30
 414 0181 09       		.byte	9
 415 0182 1F       		.byte	31
 416 0183 01       		.byte	1
 417 0184 20       		.byte	32
 418 0185 04       		.byte	4
 419 0186 22       		.byte	34
 420 0187 A0       		.byte	-96
 421 0188 24       		.byte	36
 422 0189 51       		.byte	81
 423 018a 25       		.byte	37
 424 018b 20       		.byte	32
 425 018c 27       		.byte	39
 426 018d 08       		.byte	8
 427 018e 31       		.byte	49
 428 018f 20       		.byte	32
 429 0190 32       		.byte	50
 430 0191 80       		.byte	-128
 431 0192 36       		.byte	54
 432 0193 A0       		.byte	-96
 433 0194 37       		.byte	55
 434 0195 08       		.byte	8
 435 0196 38       		.byte	56
 436 0197 05       		.byte	5
 437 0198 3C       		.byte	60
 438 0199 01       		.byte	1
 439 019a 5C       		.byte	92
 440 019b 50       		.byte	80
 441 019c 5E       		.byte	94
 442 019d 09       		.byte	9
 443 019e 67       		.byte	103
 444 019f 02       		.byte	2
 445 01a0 82       		.byte	-126
 446 01a1 01       		.byte	1
 447 01a2 87       		.byte	-121
 448 01a3 08       		.byte	8
 449 01a4 89       		.byte	-119
 450 01a5 01       		.byte	1
 451 01a6 8A       		.byte	-118
 452 01a7 A0       		.byte	-96
 453 01a8 8C       		.byte	-116
 454 01a9 81       		.byte	-127
 455 01aa 8D       		.byte	-115
 456 01ab 02       		.byte	2
ARM GAS  C:\Users\JEANPI~1\AppData\Local\Temp\cckIswLR.s 			page 9


 457 01ac 97       		.byte	-105
 458 01ad 02       		.byte	2
 459 01ae AA       		.byte	-86
 460 01af 40       		.byte	64
 461 01b0 C0       		.byte	-64
 462 01b1 10       		.byte	16
 463 01b2 C2       		.byte	-62
 464 01b3 80       		.byte	-128
 465 01b4 C4       		.byte	-60
 466 01b5 90       		.byte	-112
 467 01b6 CC       		.byte	-52
 468 01b7 7C       		.byte	124
 469 01b8 CE       		.byte	-50
 470 01b9 83       		.byte	-125
 471 01ba D6       		.byte	-42
 472 01bb F0       		.byte	-16
 473 01bc D8       		.byte	-40
 474 01bd 10       		.byte	16
 475 01be E0       		.byte	-32
 476 01bf 40       		.byte	64
 477 01c0 E2       		.byte	-30
 478 01c1 A0       		.byte	-96
 479 01c2 E4       		.byte	-28
 480 01c3 C0       		.byte	-64
 481 01c4 E6       		.byte	-26
 482 01c5 10       		.byte	16
 483 01c6 02       		.byte	2
 484 01c7 01       		.byte	1
 485 01c8 12       		.byte	18
 486 01c9 01       		.byte	1
 487 01ca 30       		.byte	48
 488 01cb 01       		.byte	1
 489 01cc 3E       		.byte	62
 490 01cd 01       		.byte	1
 491 01ce 40       		.byte	64
 492 01cf 14       		.byte	20
 493 01d0 49       		.byte	73
 494 01d1 FF       		.byte	-1
 495 01d2 4A       		.byte	74
 496 01d3 FF       		.byte	-1
 497 01d4 4B       		.byte	75
 498 01d5 FF       		.byte	-1
 499 01d6 4F       		.byte	79
 500 01d7 01       		.byte	1
 501 01d8 50       		.byte	80
 502 01d9 18       		.byte	24
 503 01da 58       		.byte	88
 504 01db 04       		.byte	4
 505 01dc 5A       		.byte	90
 506 01dd 04       		.byte	4
 507 01de 5D       		.byte	93
 508 01df 01       		.byte	1
 509 01e0 5F       		.byte	95
 510 01e1 01       		.byte	1
 511 01e2 60       		.byte	96
 512 01e3 40       		.byte	64
 513 01e4 62       		.byte	98
ARM GAS  C:\Users\JEANPI~1\AppData\Local\Temp\cckIswLR.s 			page 10


 514 01e5 40       		.byte	64
 515 01e6 64       		.byte	100
 516 01e7 40       		.byte	64
 517 01e8 65       		.byte	101
 518 01e9 40       		.byte	64
 519 01ea 66       		.byte	102
 520 01eb 80       		.byte	-128
 521 01ec 68       		.byte	104
 522 01ed 80       		.byte	-128
 523 01ee 6A       		.byte	106
 524 01ef 80       		.byte	-128
 525 01f0 6C       		.byte	108
 526 01f1 80       		.byte	-128
 527 01f2 6E       		.byte	110
 528 01f3 80       		.byte	-128
 529 01f4 92       		.byte	-110
 530 01f5 01       		.byte	1
 531 01f6 AE       		.byte	-82
 532 01f7 01       		.byte	1
 533 01f8 B0       		.byte	-80
 534 01f9 01       		.byte	1
 535 01fa C0       		.byte	-64
 536 01fb 14       		.byte	20
 537 01fc C5       		.byte	-59
 538 01fd EC       		.byte	-20
 539 01fe C7       		.byte	-57
 540 01ff 20       		.byte	32
 541 0200 C8       		.byte	-56
 542 0201 23       		.byte	35
 543 0202 C9       		.byte	-55
 544 0203 FF       		.byte	-1
 545 0204 CA       		.byte	-54
 546 0205 FF       		.byte	-1
 547 0206 CB       		.byte	-53
 548 0207 FF       		.byte	-1
 549 0208 CD       		.byte	-51
 550 0209 83       		.byte	-125
 551 020a CE       		.byte	-50
 552 020b 03       		.byte	3
 553 020c CF       		.byte	-49
 554 020d 01       		.byte	1
 555 020e D0       		.byte	-48
 556 020f 18       		.byte	24
 557 0210 D2       		.byte	-46
 558 0211 80       		.byte	-128
 559 0212 D4       		.byte	-44
 560 0213 01       		.byte	1
 561 0214 D8       		.byte	-40
 562 0215 04       		.byte	4
 563 0216 DA       		.byte	-38
 564 0217 04       		.byte	4
 565 0218 DB       		.byte	-37
 566 0219 04       		.byte	4
 567 021a DC       		.byte	-36
 568 021b 01       		.byte	1
 569 021c DD       		.byte	-35
 570 021d 11       		.byte	17
ARM GAS  C:\Users\JEANPI~1\AppData\Local\Temp\cckIswLR.s 			page 11


 571 021e DF       		.byte	-33
 572 021f 01       		.byte	1
 573 0220 E0       		.byte	-32
 574 0221 40       		.byte	64
 575 0222 E2       		.byte	-30
 576 0223 40       		.byte	64
 577 0224 E4       		.byte	-28
 578 0225 40       		.byte	64
 579 0226 E5       		.byte	-27
 580 0227 40       		.byte	64
 581 0228 E6       		.byte	-26
 582 0229 80       		.byte	-128
 583 022a E8       		.byte	-24
 584 022b 80       		.byte	-128
 585 022c EA       		.byte	-22
 586 022d 80       		.byte	-128
 587 022e EC       		.byte	-20
 588 022f 80       		.byte	-128
 589 0230 EE       		.byte	-18
 590 0231 80       		.byte	-128
 591 0232 07       		.byte	7
 592 0233 80       		.byte	-128
 593 0234 09       		.byte	9
 594 0235 02       		.byte	2
 595 0236 0D       		.byte	13
 596 0237 02       		.byte	2
 597 0238 13       		.byte	19
 598 0239 80       		.byte	-128
 599 023a 1A       		.byte	26
 600 023b 80       		.byte	-128
 601 023c 1E       		.byte	30
 602 023d 40       		.byte	64
 603 023e 40       		.byte	64
 604 023f 02       		.byte	2
 605 0240 41       		.byte	65
 606 0241 02       		.byte	2
 607 0242 44       		.byte	68
 608 0243 02       		.byte	2
 609 0244 45       		.byte	69
 610 0245 02       		.byte	2
 611 0246 47       		.byte	71
 612 0247 80       		.byte	-128
 613 0248 49       		.byte	73
 614 0249 05       		.byte	5
 615 024a 51       		.byte	81
 616 024b 02       		.byte	2
 617 024c 59       		.byte	89
 618 024d 05       		.byte	5
 619 024e 5A       		.byte	90
 620 024f 40       		.byte	64
 621 0250 73       		.byte	115
 622 0251 80       		.byte	-128
 623 0252 97       		.byte	-105
 624 0253 02       		.byte	2
 625 0254 C0       		.byte	-64
 626 0255 10       		.byte	16
 627 0256 C2       		.byte	-62
ARM GAS  C:\Users\JEANPI~1\AppData\Local\Temp\cckIswLR.s 			page 12


 628 0257 18       		.byte	24
 629 0258 C4       		.byte	-60
 630 0259 01       		.byte	1
 631 025a D0       		.byte	-48
 632 025b 99       		.byte	-103
 633 025c D6       		.byte	-42
 634 025d 0B       		.byte	11
 635 025e 33       		.byte	51
 636 025f 40       		.byte	64
 637 0260 34       		.byte	52
 638 0261 20       		.byte	32
 639 0262 CC       		.byte	-52
 640 0263 30       		.byte	48
 641 0264 57       		.byte	87
 642 0265 80       		.byte	-128
 643 0266 8C       		.byte	-116
 644 0267 20       		.byte	32
 645 0268 9C       		.byte	-100
 646 0269 20       		.byte	32
 647 026a 9F       		.byte	-97
 648 026b 40       		.byte	64
 649 026c D4       		.byte	-44
 650 026d 40       		.byte	64
 651 026e 9F       		.byte	-97
 652 026f 40       		.byte	64
 653 0270 AB       		.byte	-85
 654 0271 80       		.byte	-128
 655 0272 EE       		.byte	-18
 656 0273 20       		.byte	32
 657 0274 9F       		.byte	-97
 658 0275 40       		.byte	64
 659 0276 9F       		.byte	-97
 660 0277 40       		.byte	64
 661 0278 00       		.byte	0
 662 0279 04       		.byte	4
 663 027a 01       		.byte	1
 664 027b 80       		.byte	-128
 665 027c 04       		.byte	4
 666 027d 02       		.byte	2
 667 027e 07       		.byte	7
 668 027f 08       		.byte	8
 669 0280 58       		.byte	88
 670 0281 04       		.byte	4
 671 0282 62       		.byte	98
 672 0283 04       		.byte	4
 673 0284 65       		.byte	101
 674 0285 40       		.byte	64
 675 0286 66       		.byte	102
 676 0287 08       		.byte	8
 677 0288 80       		.byte	-128
 678 0289 04       		.byte	4
 679 028a 84       		.byte	-124
 680 028b 04       		.byte	4
 681 028c 89       		.byte	-119
 682 028d 40       		.byte	64
 683 028e 8A       		.byte	-118
 684 028f 08       		.byte	8
ARM GAS  C:\Users\JEANPI~1\AppData\Local\Temp\cckIswLR.s 			page 13


 685 0290 8B       		.byte	-117
 686 0291 08       		.byte	8
 687 0292 8C       		.byte	-116
 688 0293 01       		.byte	1
 689 0294 8D       		.byte	-115
 690 0295 80       		.byte	-128
 691 0296 8E       		.byte	-114
 692 0297 04       		.byte	4
 693 0298 AB       		.byte	-85
 694 0299 40       		.byte	64
 695 029a C0       		.byte	-64
 696 029b F0       		.byte	-16
 697 029c D6       		.byte	-42
 698 029d C0       		.byte	-64
 699 029e D8       		.byte	-40
 700 029f C0       		.byte	-64
 701 02a0 E0       		.byte	-32
 702 02a1 20       		.byte	32
 703 02a2 E2       		.byte	-30
 704 02a3 10       		.byte	16
 705 02a4 EE       		.byte	-18
 706 02a5 80       		.byte	-128
 707 02a6 00       		.byte	0
 708 02a7 02       		.byte	2
 709 02a8 08       		.byte	8
 710 02a9 02       		.byte	2
 711 02aa 10       		.byte	16
 712 02ab 03       		.byte	3
 713 02ac 1A       		.byte	26
 714 02ad 03       		.byte	3
 715 02ae 00       		.byte	0
 716 02af 0F       		.byte	15
 717 02b0 01       		.byte	1
 718 02b1 00       		.byte	0
 719 02b2 00       		.byte	0
 720 02b3 03       		.byte	3
 721 02b4 02       		.byte	2
 722 02b5 00       		.byte	0
 723 02b6 02       		.byte	2
 724 02b7 00       		.byte	0
 725 02b8 00       		.byte	0
 726 02b9 00       		.byte	0
 727 02ba 00       		.byte	0
 728 02bb 00       		.byte	0
 729 02bc 00       		.byte	0
 730 02bd 7F       		.byte	127
 731 02be 7F       		.byte	127
 732 02bf 00       		.byte	0
 733 02c0 00       		.byte	0
 734 02c1 00       		.byte	0
 735 02c2 00       		.byte	0
 736 02c3 00       		.byte	0
 737 02c4 04       		.byte	4
 738 02c5 00       		.byte	0
 739 02c6 00       		.byte	0
 740 02c7 0F       		.byte	15
 741 02c8 0B       		.byte	11
ARM GAS  C:\Users\JEANPI~1\AppData\Local\Temp\cckIswLR.s 			page 14


 742 02c9 00       		.byte	0
 743 02ca 00       		.byte	0
 744 02cb 00       		.byte	0
 745 02cc 00       		.byte	0
 746 02cd 00       		.byte	0
 747 02ce 00       		.byte	0
 748 02cf 00       		.byte	0
 749 02d0 80       		.byte	-128
 750 02d1 00       		.byte	0
 751 02d2 00       		.byte	0
 752 02d3 84       		.byte	-124
 753 02d4 04       		.byte	4
 754 02d5 00       		.byte	0
 755 02d6 00       		.byte	0
 756 02d7 00       		.byte	0
 757 02d8 00       		.byte	0
 758 02d9 00       		.byte	0
 759 02da 00       		.byte	0
 760 02db 00       		.byte	0
 761 02dc FF       		.byte	-1
 762 02dd 00       		.byte	0
 763 02de 00       		.byte	0
 764 02df FF       		.byte	-1
 765 02e0 00       		.byte	0
 766 02e1 00       		.byte	0
 767 02e2 F0       		.byte	-16
 768 02e3 00       		.byte	0
 769 02e4 00       		.byte	0
 770 02e5 00       		.byte	0
 771 02e6 00       		.byte	0
 772 02e7 00       		.byte	0
 773              		.section	.cywolatch,"a",%progbits
 774              		.align	2
 775              		.type	cy_meta_wonvl, %object
 776              		.size	cy_meta_wonvl, 4
 777              	cy_meta_wonvl:
 778 0000 BC       		.byte	-68
 779 0001 90       		.byte	-112
 780 0002 AC       		.byte	-84
 781 0003 AF       		.byte	-81
 782              		.section	.cycustnvl,"a",%progbits
 783              		.align	2
 784              		.type	cy_meta_custnvl, %object
 785              		.size	cy_meta_custnvl, 4
 786              	cy_meta_custnvl:
 787 0000 00       		.byte	0
 788 0001 00       		.byte	0
 789 0002 40       		.byte	64
 790 0003 05       		.byte	5
 791              		.section	.cymeta,"a",%progbits
 792              		.align	2
 793              		.type	cy_metadata, %object
 794              		.size	cy_metadata, 12
 795              	cy_metadata:
 796 0000 00       		.byte	0
 797 0001 01       		.byte	1
 798 0002 2E       		.byte	46
ARM GAS  C:\Users\JEANPI~1\AppData\Local\Temp\cckIswLR.s 			page 15


 799 0003 16       		.byte	22
 800 0004 10       		.byte	16
 801 0005 69       		.byte	105
 802 0006 00       		.byte	0
 803 0007 01       		.byte	1
 804 0008 00       		.byte	0
 805 0009 00       		.byte	0
 806 000a 00       		.byte	0
 807 000b 00       		.byte	0
 808              		.section	.cyflashprotect,"a",%progbits
 809              		.align	2
 810              		.type	cy_meta_flashprotect, %object
 811              		.size	cy_meta_flashprotect, 256
 812              	cy_meta_flashprotect:
 813 0000 00000000 		.space	256
 813      00000000 
 813      00000000 
 813      00000000 
 813      00000000 
 814              		.text
 815              	.Letext0:
 816              		.file 1 "c:\\program files (x86)\\cypress\\psoc creator\\4.2\\psoc creator\\import\\gnu\\arm\\5.4.
 817              		.file 2 "c:\\program files (x86)\\cypress\\psoc creator\\4.2\\psoc creator\\import\\gnu\\arm\\5.4.
 818              		.file 3 "Generated_Source\\PSoC5\\cymetadata.c"
 819              		.section	.debug_info,"",%progbits
 820              	.Ldebug_info0:
 821 0000 31010000 		.4byte	0x131
 822 0004 0400     		.2byte	0x4
 823 0006 00000000 		.4byte	.Ldebug_abbrev0
 824 000a 04       		.byte	0x4
 825 000b 01       		.uleb128 0x1
 826 000c 24000000 		.4byte	.LASF17
 827 0010 0C       		.byte	0xc
 828 0011 BF010000 		.4byte	.LASF18
 829 0015 D7000000 		.4byte	.LASF19
 830 0019 00000000 		.4byte	.Ldebug_line0
 831 001d 02       		.uleb128 0x2
 832 001e 01       		.byte	0x1
 833 001f 06       		.byte	0x6
 834 0020 B3010000 		.4byte	.LASF0
 835 0024 03       		.uleb128 0x3
 836 0025 00000000 		.4byte	.LASF9
 837 0029 01       		.byte	0x1
 838 002a 1D       		.byte	0x1d
 839 002b 2F000000 		.4byte	0x2f
 840 002f 02       		.uleb128 0x2
 841 0030 01       		.byte	0x1
 842 0031 08       		.byte	0x8
 843 0032 16000000 		.4byte	.LASF1
 844 0036 02       		.uleb128 0x2
 845 0037 02       		.byte	0x2
 846 0038 05       		.byte	0x5
 847 0039 A0010000 		.4byte	.LASF2
 848 003d 02       		.uleb128 0x2
 849 003e 02       		.byte	0x2
 850 003f 07       		.byte	0x7
 851 0040 C4000000 		.4byte	.LASF3
ARM GAS  C:\Users\JEANPI~1\AppData\Local\Temp\cckIswLR.s 			page 16


 852 0044 02       		.uleb128 0x2
 853 0045 04       		.byte	0x4
 854 0046 05       		.byte	0x5
 855 0047 AA010000 		.4byte	.LASF4
 856 004b 02       		.uleb128 0x2
 857 004c 04       		.byte	0x4
 858 004d 07       		.byte	0x7
 859 004e B2000000 		.4byte	.LASF5
 860 0052 02       		.uleb128 0x2
 861 0053 08       		.byte	0x8
 862 0054 05       		.byte	0x5
 863 0055 92010000 		.4byte	.LASF6
 864 0059 02       		.uleb128 0x2
 865 005a 08       		.byte	0x8
 866 005b 07       		.byte	0x7
 867 005c 47010000 		.4byte	.LASF7
 868 0060 04       		.uleb128 0x4
 869 0061 04       		.byte	0x4
 870 0062 05       		.byte	0x5
 871 0063 696E7400 		.ascii	"int\000"
 872 0067 02       		.uleb128 0x2
 873 0068 04       		.byte	0x4
 874 0069 07       		.byte	0x7
 875 006a 3A010000 		.4byte	.LASF8
 876 006e 03       		.uleb128 0x3
 877 006f 5E010000 		.4byte	.LASF10
 878 0073 02       		.byte	0x2
 879 0074 18       		.byte	0x18
 880 0075 24000000 		.4byte	0x24
 881 0079 05       		.uleb128 0x5
 882 007a 91000000 		.4byte	0x91
 883 007e 8A000000 		.4byte	0x8a
 884 0082 06       		.uleb128 0x6
 885 0083 8A000000 		.4byte	0x8a
 886 0087 E702     		.2byte	0x2e7
 887 0089 00       		.byte	0
 888 008a 02       		.uleb128 0x2
 889 008b 04       		.byte	0x4
 890 008c 07       		.byte	0x7
 891 008d 89010000 		.4byte	.LASF11
 892 0091 07       		.uleb128 0x7
 893 0092 6E000000 		.4byte	0x6e
 894 0096 08       		.uleb128 0x8
 895 0097 28010000 		.4byte	.LASF12
 896 009b 03       		.byte	0x3
 897 009c 1F       		.byte	0x1f
 898 009d A7000000 		.4byte	0xa7
 899 00a1 05       		.uleb128 0x5
 900 00a2 03       		.byte	0x3
 901 00a3 00000000 		.4byte	cy_meta_configecc
 902 00a7 07       		.uleb128 0x7
 903 00a8 79000000 		.4byte	0x79
 904 00ac 05       		.uleb128 0x5
 905 00ad 91000000 		.4byte	0x91
 906 00b1 BC000000 		.4byte	0xbc
 907 00b5 09       		.uleb128 0x9
 908 00b6 8A000000 		.4byte	0x8a
ARM GAS  C:\Users\JEANPI~1\AppData\Local\Temp\cckIswLR.s 			page 17


 909 00ba 03       		.byte	0x3
 910 00bb 00       		.byte	0
 911 00bc 08       		.uleb128 0x8
 912 00bd 18010000 		.4byte	.LASF13
 913 00c1 03       		.byte	0x3
 914 00c2 89       		.byte	0x89
 915 00c3 CD000000 		.4byte	0xcd
 916 00c7 05       		.uleb128 0x5
 917 00c8 03       		.byte	0x3
 918 00c9 00000000 		.4byte	cy_meta_custnvl
 919 00cd 07       		.uleb128 0x7
 920 00ce AC000000 		.4byte	0xac
 921 00d2 08       		.uleb128 0x8
 922 00d3 7B010000 		.4byte	.LASF14
 923 00d7 03       		.byte	0x3
 924 00d8 97       		.byte	0x97
 925 00d9 E3000000 		.4byte	0xe3
 926 00dd 05       		.uleb128 0x5
 927 00de 03       		.byte	0x3
 928 00df 00000000 		.4byte	cy_meta_wonvl
 929 00e3 07       		.uleb128 0x7
 930 00e4 AC000000 		.4byte	0xac
 931 00e8 05       		.uleb128 0x5
 932 00e9 91000000 		.4byte	0x91
 933 00ed F8000000 		.4byte	0xf8
 934 00f1 09       		.uleb128 0x9
 935 00f2 8A000000 		.4byte	0x8a
 936 00f6 FF       		.byte	0xff
 937 00f7 00       		.byte	0
 938 00f8 08       		.uleb128 0x8
 939 00f9 66010000 		.4byte	.LASF15
 940 00fd 03       		.byte	0x3
 941 00fe A5       		.byte	0xa5
 942 00ff 09010000 		.4byte	0x109
 943 0103 05       		.uleb128 0x5
 944 0104 03       		.byte	0x3
 945 0105 00000000 		.4byte	cy_meta_flashprotect
 946 0109 07       		.uleb128 0x7
 947 010a E8000000 		.4byte	0xe8
 948 010e 05       		.uleb128 0x5
 949 010f 91000000 		.4byte	0x91
 950 0113 1E010000 		.4byte	0x11e
 951 0117 09       		.uleb128 0x9
 952 0118 8A000000 		.4byte	0x8a
 953 011c 0B       		.byte	0xb
 954 011d 00       		.byte	0
 955 011e 08       		.uleb128 0x8
 956 011f 0A000000 		.4byte	.LASF16
 957 0123 03       		.byte	0x3
 958 0124 D2       		.byte	0xd2
 959 0125 2F010000 		.4byte	0x12f
 960 0129 05       		.uleb128 0x5
 961 012a 03       		.byte	0x3
 962 012b 00000000 		.4byte	cy_metadata
 963 012f 07       		.uleb128 0x7
 964 0130 0E010000 		.4byte	0x10e
 965 0134 00       		.byte	0
ARM GAS  C:\Users\JEANPI~1\AppData\Local\Temp\cckIswLR.s 			page 18


 966              		.section	.debug_abbrev,"",%progbits
 967              	.Ldebug_abbrev0:
 968 0000 01       		.uleb128 0x1
 969 0001 11       		.uleb128 0x11
 970 0002 01       		.byte	0x1
 971 0003 25       		.uleb128 0x25
 972 0004 0E       		.uleb128 0xe
 973 0005 13       		.uleb128 0x13
 974 0006 0B       		.uleb128 0xb
 975 0007 03       		.uleb128 0x3
 976 0008 0E       		.uleb128 0xe
 977 0009 1B       		.uleb128 0x1b
 978 000a 0E       		.uleb128 0xe
 979 000b 10       		.uleb128 0x10
 980 000c 17       		.uleb128 0x17
 981 000d 00       		.byte	0
 982 000e 00       		.byte	0
 983 000f 02       		.uleb128 0x2
 984 0010 24       		.uleb128 0x24
 985 0011 00       		.byte	0
 986 0012 0B       		.uleb128 0xb
 987 0013 0B       		.uleb128 0xb
 988 0014 3E       		.uleb128 0x3e
 989 0015 0B       		.uleb128 0xb
 990 0016 03       		.uleb128 0x3
 991 0017 0E       		.uleb128 0xe
 992 0018 00       		.byte	0
 993 0019 00       		.byte	0
 994 001a 03       		.uleb128 0x3
 995 001b 16       		.uleb128 0x16
 996 001c 00       		.byte	0
 997 001d 03       		.uleb128 0x3
 998 001e 0E       		.uleb128 0xe
 999 001f 3A       		.uleb128 0x3a
 1000 0020 0B       		.uleb128 0xb
 1001 0021 3B       		.uleb128 0x3b
 1002 0022 0B       		.uleb128 0xb
 1003 0023 49       		.uleb128 0x49
 1004 0024 13       		.uleb128 0x13
 1005 0025 00       		.byte	0
 1006 0026 00       		.byte	0
 1007 0027 04       		.uleb128 0x4
 1008 0028 24       		.uleb128 0x24
 1009 0029 00       		.byte	0
 1010 002a 0B       		.uleb128 0xb
 1011 002b 0B       		.uleb128 0xb
 1012 002c 3E       		.uleb128 0x3e
 1013 002d 0B       		.uleb128 0xb
 1014 002e 03       		.uleb128 0x3
 1015 002f 08       		.uleb128 0x8
 1016 0030 00       		.byte	0
 1017 0031 00       		.byte	0
 1018 0032 05       		.uleb128 0x5
 1019 0033 01       		.uleb128 0x1
 1020 0034 01       		.byte	0x1
 1021 0035 49       		.uleb128 0x49
 1022 0036 13       		.uleb128 0x13
ARM GAS  C:\Users\JEANPI~1\AppData\Local\Temp\cckIswLR.s 			page 19


 1023 0037 01       		.uleb128 0x1
 1024 0038 13       		.uleb128 0x13
 1025 0039 00       		.byte	0
 1026 003a 00       		.byte	0
 1027 003b 06       		.uleb128 0x6
 1028 003c 21       		.uleb128 0x21
 1029 003d 00       		.byte	0
 1030 003e 49       		.uleb128 0x49
 1031 003f 13       		.uleb128 0x13
 1032 0040 2F       		.uleb128 0x2f
 1033 0041 05       		.uleb128 0x5
 1034 0042 00       		.byte	0
 1035 0043 00       		.byte	0
 1036 0044 07       		.uleb128 0x7
 1037 0045 26       		.uleb128 0x26
 1038 0046 00       		.byte	0
 1039 0047 49       		.uleb128 0x49
 1040 0048 13       		.uleb128 0x13
 1041 0049 00       		.byte	0
 1042 004a 00       		.byte	0
 1043 004b 08       		.uleb128 0x8
 1044 004c 34       		.uleb128 0x34
 1045 004d 00       		.byte	0
 1046 004e 03       		.uleb128 0x3
 1047 004f 0E       		.uleb128 0xe
 1048 0050 3A       		.uleb128 0x3a
 1049 0051 0B       		.uleb128 0xb
 1050 0052 3B       		.uleb128 0x3b
 1051 0053 0B       		.uleb128 0xb
 1052 0054 49       		.uleb128 0x49
 1053 0055 13       		.uleb128 0x13
 1054 0056 3F       		.uleb128 0x3f
 1055 0057 19       		.uleb128 0x19
 1056 0058 02       		.uleb128 0x2
 1057 0059 18       		.uleb128 0x18
 1058 005a 00       		.byte	0
 1059 005b 00       		.byte	0
 1060 005c 09       		.uleb128 0x9
 1061 005d 21       		.uleb128 0x21
 1062 005e 00       		.byte	0
 1063 005f 49       		.uleb128 0x49
 1064 0060 13       		.uleb128 0x13
 1065 0061 2F       		.uleb128 0x2f
 1066 0062 0B       		.uleb128 0xb
 1067 0063 00       		.byte	0
 1068 0064 00       		.byte	0
 1069 0065 00       		.byte	0
 1070              		.section	.debug_aranges,"",%progbits
 1071 0000 14000000 		.4byte	0x14
 1072 0004 0200     		.2byte	0x2
 1073 0006 00000000 		.4byte	.Ldebug_info0
 1074 000a 04       		.byte	0x4
 1075 000b 00       		.byte	0
 1076 000c 0000     		.2byte	0
 1077 000e 0000     		.2byte	0
 1078 0010 00000000 		.4byte	0
 1079 0014 00000000 		.4byte	0
ARM GAS  C:\Users\JEANPI~1\AppData\Local\Temp\cckIswLR.s 			page 20


 1080              		.section	.debug_line,"",%progbits
 1081              	.Ldebug_line0:
 1082 0000 3D010000 		.section	.debug_str,"MS",%progbits,1
 1082      02003701 
 1082      00000201 
 1082      FB0E0D00 
 1082      01010101 
 1083              	.LASF9:
 1084 0000 5F5F7569 		.ascii	"__uint8_t\000"
 1084      6E74385F 
 1084      7400
 1085              	.LASF16:
 1086 000a 63795F6D 		.ascii	"cy_metadata\000"
 1086      65746164 
 1086      61746100 
 1087              	.LASF1:
 1088 0016 756E7369 		.ascii	"unsigned char\000"
 1088      676E6564 
 1088      20636861 
 1088      7200
 1089              	.LASF17:
 1090 0024 474E5520 		.ascii	"GNU C11 5.4.1 20160609 (release) [ARM/embedded-5-br"
 1090      43313120 
 1090      352E342E 
 1090      31203230 
 1090      31363036 
 1091 0057 616E6368 		.ascii	"anch revision 237715] -mcpu=cortex-m3 -mthumb -g -O"
 1091      20726576 
 1091      6973696F 
 1091      6E203233 
 1091      37373135 
 1092 008a 67202D66 		.ascii	"g -ffunction-sections -ffat-lto-objects\000"
 1092      66756E63 
 1092      74696F6E 
 1092      2D736563 
 1092      74696F6E 
 1093              	.LASF5:
 1094 00b2 6C6F6E67 		.ascii	"long unsigned int\000"
 1094      20756E73 
 1094      69676E65 
 1094      6420696E 
 1094      7400
 1095              	.LASF3:
 1096 00c4 73686F72 		.ascii	"short unsigned int\000"
 1096      7420756E 
 1096      7369676E 
 1096      65642069 
 1096      6E7400
 1097              	.LASF19:
 1098 00d7 433A5C55 		.ascii	"C:\\Users\\jeanpierre\\Documents\\PSoC Creator\\tec"
 1098      73657273 
 1098      5C6A6561 
 1098      6E706965 
 1098      7272655C 
 1099 0105 6C61646F 		.ascii	"lado\\teclado.cydsn\000"
 1099      5C746563 
 1099      6C61646F 
ARM GAS  C:\Users\JEANPI~1\AppData\Local\Temp\cckIswLR.s 			page 21


 1099      2E637964 
 1099      736E00
 1100              	.LASF13:
 1101 0118 63795F6D 		.ascii	"cy_meta_custnvl\000"
 1101      6574615F 
 1101      63757374 
 1101      6E766C00 
 1102              	.LASF12:
 1103 0128 63795F6D 		.ascii	"cy_meta_configecc\000"
 1103      6574615F 
 1103      636F6E66 
 1103      69676563 
 1103      6300
 1104              	.LASF8:
 1105 013a 756E7369 		.ascii	"unsigned int\000"
 1105      676E6564 
 1105      20696E74 
 1105      00
 1106              	.LASF7:
 1107 0147 6C6F6E67 		.ascii	"long long unsigned int\000"
 1107      206C6F6E 
 1107      6720756E 
 1107      7369676E 
 1107      65642069 
 1108              	.LASF10:
 1109 015e 75696E74 		.ascii	"uint8_t\000"
 1109      385F7400 
 1110              	.LASF15:
 1111 0166 63795F6D 		.ascii	"cy_meta_flashprotect\000"
 1111      6574615F 
 1111      666C6173 
 1111      6870726F 
 1111      74656374 
 1112              	.LASF14:
 1113 017b 63795F6D 		.ascii	"cy_meta_wonvl\000"
 1113      6574615F 
 1113      776F6E76 
 1113      6C00
 1114              	.LASF11:
 1115 0189 73697A65 		.ascii	"sizetype\000"
 1115      74797065 
 1115      00
 1116              	.LASF6:
 1117 0192 6C6F6E67 		.ascii	"long long int\000"
 1117      206C6F6E 
 1117      6720696E 
 1117      7400
 1118              	.LASF2:
 1119 01a0 73686F72 		.ascii	"short int\000"
 1119      7420696E 
 1119      7400
 1120              	.LASF4:
 1121 01aa 6C6F6E67 		.ascii	"long int\000"
 1121      20696E74 
 1121      00
 1122              	.LASF0:
 1123 01b3 7369676E 		.ascii	"signed char\000"
ARM GAS  C:\Users\JEANPI~1\AppData\Local\Temp\cckIswLR.s 			page 22


 1123      65642063 
 1123      68617200 
 1124              	.LASF18:
 1125 01bf 47656E65 		.ascii	"Generated_Source\\PSoC5\\cymetadata.c\000"
 1125      72617465 
 1125      645F536F 
 1125      75726365 
 1125      5C50536F 
 1126              		.ident	"GCC: (GNU Tools for ARM Embedded Processors) 5.4.1 20160609 (release) [ARM/embedded-5-bran
