ARM GAS  C:\Users\JEANPI~1\AppData\Local\Temp\cc5bCXIp.s 			page 1


   1              		.syntax unified
   2              		.cpu cortex-m3
   3              		.fpu softvfp
   4              		.eabi_attribute 20, 1
   5              		.eabi_attribute 21, 1
   6              		.eabi_attribute 23, 3
   7              		.eabi_attribute 24, 1
   8              		.eabi_attribute 25, 1
   9              		.eabi_attribute 26, 1
  10              		.eabi_attribute 30, 1
  11              		.eabi_attribute 34, 1
  12              		.eabi_attribute 18, 4
  13              		.thumb
  14              		.syntax unified
  15              		.file	"main.c"
  16              		.text
  17              	.Ltext0:
  18              		.cfi_sections	.debug_frame
  19              		.section	.text.Timer_ISR,"ax",%progbits
  20              		.align	2
  21              		.global	Timer_ISR
  22              		.thumb
  23              		.thumb_func
  24              		.type	Timer_ISR, %function
  25              	Timer_ISR:
  26              	.LFB67:
  27              		.file 1 "main.c"
   1:main.c        **** #include "project.h"
   2:main.c        **** #include "device.h"
   3:main.c        **** #include "string.h"
   4:main.c        **** #include "project.h"
   5:main.c        **** #include <stdio.h>
   6:main.c        **** #include <stdlib.h>
   7:main.c        **** #define VMAX 400;
   8:main.c        **** 
   9:main.c        **** int flag=1;
  10:main.c        **** int flag_cont=0;
  11:main.c        **** char valor[4];
  12:main.c        **** uint8 contador;
  13:main.c        **** volatile uint32 counter,event=0;
  14:main.c        **** volatile uint16 tiempo=0;
  15:main.c        **** volatile uint32 temp,diff1=0;
  16:main.c        **** volatile uint16 pwm_Com=30;
  17:main.c        **** volatile uint16 speed,speed_read=0; //default user_speed;
  18:main.c        **** int flag1=0;
  19:main.c        **** int flag_init=0;
  20:main.c        **** char str[16],str2[16];
  21:main.c        **** 
  22:main.c        **** 
  23:main.c        **** char8 Keypad_1_Key[4][4] = {
  24:main.c        **** 					{'1','2','3','A'},		//Row 0
  25:main.c        **** 					
  26:main.c        **** 					{'4','5','6','B'},		//Row 1
  27:main.c        **** 										
  28:main.c        **** 					{'7','8','9','C'},		//Row 2
  29:main.c        **** 					
  30:main.c        **** 					{'*','0','#','D'}		//Row 3
ARM GAS  C:\Users\JEANPI~1\AppData\Local\Temp\cc5bCXIp.s 			page 2


  31:main.c        **** 				  };
  32:main.c        **** 
  33:main.c        **** 
  34:main.c        **** 
  35:main.c        **** 
  36:main.c        **** /////////////////convertir velocidad usuario a pwm valor//////////////////
  37:main.c        **** void Convert_Speed(){} 
  38:main.c        **** //////////////////////////////////////////////////////////////////////////
  39:main.c        **** 
  40:main.c        **** ///////////colocamos la velocidad/////////////////////////////////////////
  41:main.c        **** void Set_Speed(){ //Proposito Es Colocar la velocidad  
  42:main.c        ****     PWM_WriteCompare(pwm_Com); 
  43:main.c        **** }
  44:main.c        **** //////////////////////////////////////////////////////////////////////////
  45:main.c        **** 
  46:main.c        **** /////////////////////funcion de control///////////////////////////////////
  47:main.c        **** void Control_Motor(){
  48:main.c        ****     if(speed_read != speed){
  49:main.c        ****         pwm_Com++;
  50:main.c        ****         Set_Speed();
  51:main.c        ****         PWM_WriteCompare(pwm_Com);
  52:main.c        ****     }
  53:main.c        **** } 
  54:main.c        **** //////////////////////////////////////////////////////////////////////////
  55:main.c        **** 
  56:main.c        **** /////////////////////////////configuracion del timer//////////////////////
  57:main.c        **** CY_ISR(Timer_ISR){ //AL SEGUNDO
  28              		.loc 1 57 0
  29              		.cfi_startproc
  30              		@ args = 0, pretend = 0, frame = 0
  31              		@ frame_needed = 0, uses_anonymous_args = 0
  32 0000 10B5     		push	{r4, lr}
  33              		.cfi_def_cfa_offset 8
  34              		.cfi_offset 4, -8
  35              		.cfi_offset 14, -4
  58:main.c        **** if(tiempo<1){
  36              		.loc 1 58 0
  37 0002 114B     		ldr	r3, .L5
  38 0004 1B88     		ldrh	r3, [r3]
  39 0006 9BB2     		uxth	r3, r3
  40 0008 93B9     		cbnz	r3, .L2
  59:main.c        ****     tiempo++;
  41              		.loc 1 59 0
  42 000a 0F4A     		ldr	r2, .L5
  43 000c 1388     		ldrh	r3, [r2]
  44 000e 9BB2     		uxth	r3, r3
  45 0010 0133     		adds	r3, r3, #1
  46 0012 9BB2     		uxth	r3, r3
  47 0014 1380     		strh	r3, [r2]	@ movhi
  60:main.c        ****     diff1=0;
  48              		.loc 1 60 0
  49 0016 0023     		movs	r3, #0
  50 0018 5360     		str	r3, [r2, #4]
  61:main.c        ****     temp=counter;
  51              		.loc 1 61 0
  52 001a 0C4B     		ldr	r3, .L5+4
  53 001c 1968     		ldr	r1, [r3]
ARM GAS  C:\Users\JEANPI~1\AppData\Local\Temp\cc5bCXIp.s 			page 3


  54 001e 0C4B     		ldr	r3, .L5+8
  55 0020 1960     		str	r1, [r3]
  62:main.c        ****     speed_read=temp;
  56              		.loc 1 62 0
  57 0022 1B68     		ldr	r3, [r3]
  58 0024 9BB2     		uxth	r3, r3
  59 0026 1381     		strh	r3, [r2, #8]	@ movhi
  63:main.c        ****     Pin_1_Write(1);
  60              		.loc 1 63 0
  61 0028 0120     		movs	r0, #1
  62 002a FFF7FEFF 		bl	Pin_1_Write
  63              	.LVL0:
  64 002e 07E0     		b	.L3
  65              	.L2:
  64:main.c        **** }else{
  65:main.c        ****     tiempo=0; 
  66              		.loc 1 65 0
  67 0030 0024     		movs	r4, #0
  68 0032 054B     		ldr	r3, .L5
  69 0034 1C80     		strh	r4, [r3]	@ movhi
  66:main.c        ****     Pin_1_Write(0);
  70              		.loc 1 66 0
  71 0036 2046     		mov	r0, r4
  72 0038 FFF7FEFF 		bl	Pin_1_Write
  73              	.LVL1:
  67:main.c        ****     counter=0;
  74              		.loc 1 67 0
  75 003c 034B     		ldr	r3, .L5+4
  76 003e 1C60     		str	r4, [r3]
  77              	.L3:
  68:main.c        **** }
  69:main.c        ****  isr_1_ClearPending();
  78              		.loc 1 69 0
  79 0040 FFF7FEFF 		bl	isr_1_ClearPending
  80              	.LVL2:
  81 0044 10BD     		pop	{r4, pc}
  82              	.L6:
  83 0046 00BF     		.align	2
  84              	.L5:
  85 0048 00000000 		.word	.LANCHOR0
  86 004c 00000000 		.word	counter
  87 0050 00000000 		.word	temp
  88              		.cfi_endproc
  89              	.LFE67:
  90              		.size	Timer_ISR, .-Timer_ISR
  91              		.section	.text.Encoder_ISR,"ax",%progbits
  92              		.align	2
  93              		.global	Encoder_ISR
  94              		.thumb
  95              		.thumb_func
  96              		.type	Encoder_ISR, %function
  97              	Encoder_ISR:
  98              	.LFB68:
  70:main.c        **** }
  71:main.c        **** //////////////////////////////////////////////////////////////////////////
  72:main.c        **** 
  73:main.c        **** //////////////////funcion de lectura del encoder//////////////////////////
ARM GAS  C:\Users\JEANPI~1\AppData\Local\Temp\cc5bCXIp.s 			page 4


  74:main.c        **** CY_ISR(Encoder_ISR){
  99              		.loc 1 74 0
 100              		.cfi_startproc
 101              		@ args = 0, pretend = 0, frame = 0
 102              		@ frame_needed = 0, uses_anonymous_args = 0
 103 0000 08B5     		push	{r3, lr}
 104              		.cfi_def_cfa_offset 8
 105              		.cfi_offset 3, -8
 106              		.cfi_offset 14, -4
 107              	.LVL3:
  75:main.c        ****  uint8 flag2=0;
  76:main.c        **** if(Encoder_Read()==1){ 
 108              		.loc 1 76 0
 109 0002 FFF7FEFF 		bl	Encoder_Read
 110              	.LVL4:
 111 0006 0128     		cmp	r0, #1
 112 0008 05D1     		bne	.L10
 113              	.LVL5:
  77:main.c        ****      flag2=1;
  78:main.c        ****      CyDelayUs(2000);
 114              		.loc 1 78 0
 115 000a 4FF4FA60 		mov	r0, #2000
 116 000e FFF7FEFF 		bl	CyDelayUs
 117              	.LVL6:
  77:main.c        ****      flag2=1;
 118              		.loc 1 77 0
 119 0012 0123     		movs	r3, #1
 120 0014 00E0     		b	.L8
 121              	.LVL7:
 122              	.L10:
  75:main.c        ****  uint8 flag2=0;
 123              		.loc 1 75 0
 124 0016 0023     		movs	r3, #0
 125              	.LVL8:
 126              	.L8:
  79:main.c        **** }
  80:main.c        ****      if(flag2==1) 
 127              		.loc 1 80 0
 128 0018 1BB1     		cbz	r3, .L9
  81:main.c        ****      counter++;
 129              		.loc 1 81 0
 130 001a 034A     		ldr	r2, .L12
 131 001c 1368     		ldr	r3, [r2]
 132              	.LVL9:
 133 001e 0133     		adds	r3, r3, #1
 134 0020 1360     		str	r3, [r2]
 135              	.L9:
  82:main.c        ****      Encoder_ClearInterrupt();
 136              		.loc 1 82 0
 137 0022 FFF7FEFF 		bl	Encoder_ClearInterrupt
 138              	.LVL10:
 139 0026 08BD     		pop	{r3, pc}
 140              	.L13:
 141              		.align	2
 142              	.L12:
 143 0028 00000000 		.word	counter
 144              		.cfi_endproc
ARM GAS  C:\Users\JEANPI~1\AppData\Local\Temp\cc5bCXIp.s 			page 5


 145              	.LFE68:
 146              		.size	Encoder_ISR, .-Encoder_ISR
 147              		.section	.text.press_ISR,"ax",%progbits
 148              		.align	2
 149              		.global	press_ISR
 150              		.thumb
 151              		.thumb_func
 152              		.type	press_ISR, %function
 153              	press_ISR:
 154              	.LFB69:
  83:main.c        **** }
  84:main.c        **** //////////////////////////////////////////////////////////////////////////
  85:main.c        **** 
  86:main.c        **** //////////////////funcion de sincronismo y cruce por cero/////////////////
  87:main.c        **** //CY_ISR(sync){    
  88:main.c        **** //if (flag_cont == 0 && flag==0){    
  89:main.c        ****      
  90:main.c        ****    // CyDelay(50);
  91:main.c        ****   
  92:main.c        ****  //  flag_init=(flag1==1)?1:0;
  93:main.c        ****     //flag_cont++;    
  94:main.c        **** //}
  95:main.c        **** //    sync_ClearInterrupt();
  96:main.c        **** //}
  97:main.c        **** //////////////////////////////////////////////////////////////////////////
  98:main.c        **** 
  99:main.c        **** ////////////////////obtenemos de valor de velocidad///////////////////////
 100:main.c        **** CY_ISR(press_ISR){
 155              		.loc 1 100 0
 156              		.cfi_startproc
 157              		@ args = 0, pretend = 0, frame = 0
 158              		@ frame_needed = 0, uses_anonymous_args = 0
 159 0000 70B5     		push	{r4, r5, r6, lr}
 160              		.cfi_def_cfa_offset 16
 161              		.cfi_offset 4, -16
 162              		.cfi_offset 5, -12
 163              		.cfi_offset 6, -8
 164              		.cfi_offset 14, -4
 165              	.LVL11:
 101:main.c        **** 
 102:main.c        **** int valid=0;  //variable de control de interrupcion  
 103:main.c        **** int cont=0;// variable de conteo
 166              		.loc 1 103 0
 167 0002 0025     		movs	r5, #0
 102:main.c        **** int cont=0;// variable de conteo
 168              		.loc 1 102 0
 169 0004 2E46     		mov	r6, r5
 104:main.c        **** char t;//variable de letra
 105:main.c        ****     while (valid==0 && flag==1){                   
 170              		.loc 1 105 0
 171 0006 3BE0     		b	.L16
 172              	.LVL12:
 173              	.L21:
 106:main.c        ****             LCD_Position(0,0);
 174              		.loc 1 106 0
 175 0008 0021     		movs	r1, #0
 176 000a 0846     		mov	r0, r1
ARM GAS  C:\Users\JEANPI~1\AppData\Local\Temp\cc5bCXIp.s 			page 6


 177 000c FFF7FEFF 		bl	LCD_Position
 178              	.LVL13:
 107:main.c        ****             LCD_PrintString("vel de control");
 179              		.loc 1 107 0
 180 0010 1E48     		ldr	r0, .L23
 181 0012 FFF7FEFF 		bl	LCD_PrintString
 182              	.LVL14:
 108:main.c        ****             t=Keypad_1_GetButton();//obtenemos la letra
 183              		.loc 1 108 0
 184 0016 FFF7FEFF 		bl	Keypad_1_GetButton
 185              	.LVL15:
 186 001a 0446     		mov	r4, r0
 187              	.LVL16:
 109:main.c        ****             CyDelay(200);          //delay necesario para leer bien el teclado 
 188              		.loc 1 109 0
 189 001c C820     		movs	r0, #200
 190 001e FFF7FEFF 		bl	CyDelay
 191              	.LVL17:
 110:main.c        ****             LCD_Position(1,0);
 192              		.loc 1 110 0
 193 0022 0021     		movs	r1, #0
 194 0024 0120     		movs	r0, #1
 195 0026 FFF7FEFF 		bl	LCD_Position
 196              	.LVL18:
 111:main.c        ****             LCD_PrintString("valor:");             
 197              		.loc 1 111 0
 198 002a 1948     		ldr	r0, .L23+4
 199 002c FFF7FEFF 		bl	LCD_PrintString
 200              	.LVL19:
 112:main.c        ****             LCD_Position(1,6+cont);       
 201              		.loc 1 112 0
 202 0030 A91D     		adds	r1, r5, #6
 203 0032 C9B2     		uxtb	r1, r1
 204 0034 0120     		movs	r0, #1
 205 0036 FFF7FEFF 		bl	LCD_Position
 206              	.LVL20:
 113:main.c        ****             LCD_PutChar(t);
 207              		.loc 1 113 0
 208 003a 2046     		mov	r0, r4
 209 003c FFF7FEFF 		bl	LCD_PutChar
 210              	.LVL21:
 114:main.c        ****             if (Keypad_1_GetButton() == 'A'){//aceptacion de valor introducido
 211              		.loc 1 114 0
 212 0040 FFF7FEFF 		bl	Keypad_1_GetButton
 213              	.LVL22:
 214 0044 4128     		cmp	r0, #65
 215 0046 1BD1     		bne	.L16
 115:main.c        ****                 valor[cont]=t;// agregamos valor al array
 216              		.loc 1 115 0
 217 0048 124B     		ldr	r3, .L23+8
 218 004a 5C55     		strb	r4, [r3, r5]
 116:main.c        ****                 
 117:main.c        ****                 CyDelay(300);//delay para leer la aceptacion
 219              		.loc 1 117 0
 220 004c 4FF49670 		mov	r0, #300
 221 0050 FFF7FEFF 		bl	CyDelay
 222              	.LVL23:
ARM GAS  C:\Users\JEANPI~1\AppData\Local\Temp\cc5bCXIp.s 			page 7


 118:main.c        ****                 //LCD_Position(1,6+cont);
 119:main.c        ****                 //LCD_PutChar(valor[cont]);                            
 120:main.c        ****                 cont++;   //amentamos contador
 223              		.loc 1 120 0
 224 0054 0135     		adds	r5, r5, #1
 225              	.LVL24:
 121:main.c        ****                 if ((cont>=4 && Keypad_1_GetButton() == 'B')|| flag==0){ //decicion de salir de int
 226              		.loc 1 121 0
 227 0056 032D     		cmp	r5, #3
 228 0058 03DD     		ble	.L17
 229              		.loc 1 121 0 is_stmt 0 discriminator 1
 230 005a FFF7FEFF 		bl	Keypad_1_GetButton
 231              	.LVL25:
 232 005e 4228     		cmp	r0, #66
 233 0060 02D0     		beq	.L18
 234              	.L17:
 235              		.loc 1 121 0 discriminator 3
 236 0062 0D4B     		ldr	r3, .L23+12
 237 0064 1B68     		ldr	r3, [r3]
 238 0066 5BB9     		cbnz	r3, .L16
 239              	.L18:
 240              	.LVL26:
 122:main.c        ****                     valid=1;//terminamos control
 123:main.c        ****                     flag=0;//no dejamos que vuelva a entrar a la interrupcion
 241              		.loc 1 123 0 is_stmt 1
 242 0068 0022     		movs	r2, #0
 243 006a 0B4B     		ldr	r3, .L23+12
 244 006c 1A60     		str	r2, [r3]
 124:main.c        ****                     flag1=1;
 245              		.loc 1 124 0
 246 006e 0B4C     		ldr	r4, .L23+16
 247              	.LVL27:
 248 0070 0126     		movs	r6, #1
 249 0072 E660     		str	r6, [r4, #12]
 125:main.c        ****                     num_control_Write(1);
 250              		.loc 1 125 0
 251 0074 3046     		mov	r0, r6
 252 0076 FFF7FEFF 		bl	num_control_Write
 253              	.LVL28:
 126:main.c        ****                     flag_init=1;
 254              		.loc 1 126 0
 255 007a 2661     		str	r6, [r4, #16]
 127:main.c        ****                     isr_press_ClearPending();
 256              		.loc 1 127 0
 257 007c FFF7FEFF 		bl	isr_press_ClearPending
 258              	.LVL29:
 259              	.L16:
 105:main.c        ****             LCD_Position(0,0);
 260              		.loc 1 105 0
 261 0080 1EB9     		cbnz	r6, .L14
 105:main.c        ****             LCD_Position(0,0);
 262              		.loc 1 105 0 is_stmt 0 discriminator 1
 263 0082 054B     		ldr	r3, .L23+12
 264 0084 1B68     		ldr	r3, [r3]
 265 0086 012B     		cmp	r3, #1
 266 0088 BED0     		beq	.L21
 267              	.L14:
ARM GAS  C:\Users\JEANPI~1\AppData\Local\Temp\cc5bCXIp.s 			page 8


 268 008a 70BD     		pop	{r4, r5, r6, pc}
 269              	.LVL30:
 270              	.L24:
 271              		.align	2
 272              	.L23:
 273 008c 00000000 		.word	.LC0
 274 0090 10000000 		.word	.LC1
 275 0094 00000000 		.word	valor
 276 0098 00000000 		.word	.LANCHOR1
 277 009c 00000000 		.word	.LANCHOR0
 278              		.cfi_endproc
 279              	.LFE69:
 280              		.size	press_ISR, .-press_ISR
 281              		.section	.text.Convert_Speed,"ax",%progbits
 282              		.align	2
 283              		.global	Convert_Speed
 284              		.thumb
 285              		.thumb_func
 286              		.type	Convert_Speed, %function
 287              	Convert_Speed:
 288              	.LFB64:
  37:main.c        **** //////////////////////////////////////////////////////////////////////////
 289              		.loc 1 37 0 is_stmt 1
 290              		.cfi_startproc
 291              		@ args = 0, pretend = 0, frame = 0
 292              		@ frame_needed = 0, uses_anonymous_args = 0
 293              		@ link register save eliminated.
 294 0000 7047     		bx	lr
 295              		.cfi_endproc
 296              	.LFE64:
 297              		.size	Convert_Speed, .-Convert_Speed
 298 0002 00BF     		.section	.text.Set_Speed,"ax",%progbits
 299              		.align	2
 300              		.global	Set_Speed
 301              		.thumb
 302              		.thumb_func
 303              		.type	Set_Speed, %function
 304              	Set_Speed:
 305              	.LFB65:
  41:main.c        ****     PWM_WriteCompare(pwm_Com); 
 306              		.loc 1 41 0
 307              		.cfi_startproc
 308              		@ args = 0, pretend = 0, frame = 0
 309              		@ frame_needed = 0, uses_anonymous_args = 0
  41:main.c        ****     PWM_WriteCompare(pwm_Com); 
 310              		.loc 1 41 0
 311 0000 08B5     		push	{r3, lr}
 312              		.cfi_def_cfa_offset 8
 313              		.cfi_offset 3, -8
 314              		.cfi_offset 14, -4
  42:main.c        **** }
 315              		.loc 1 42 0
 316 0002 034B     		ldr	r3, .L28
 317 0004 9888     		ldrh	r0, [r3, #4]
 318 0006 C0B2     		uxtb	r0, r0
 319 0008 FFF7FEFF 		bl	PWM_WriteCompare
 320              	.LVL31:
ARM GAS  C:\Users\JEANPI~1\AppData\Local\Temp\cc5bCXIp.s 			page 9


 321 000c 08BD     		pop	{r3, pc}
 322              	.L29:
 323 000e 00BF     		.align	2
 324              	.L28:
 325 0010 00000000 		.word	.LANCHOR1
 326              		.cfi_endproc
 327              	.LFE65:
 328              		.size	Set_Speed, .-Set_Speed
 329              		.section	.text.Control_Motor,"ax",%progbits
 330              		.align	2
 331              		.global	Control_Motor
 332              		.thumb
 333              		.thumb_func
 334              		.type	Control_Motor, %function
 335              	Control_Motor:
 336              	.LFB66:
  47:main.c        ****     if(speed_read != speed){
 337              		.loc 1 47 0
 338              		.cfi_startproc
 339              		@ args = 0, pretend = 0, frame = 0
 340              		@ frame_needed = 0, uses_anonymous_args = 0
  48:main.c        ****         pwm_Com++;
 341              		.loc 1 48 0
 342 0000 0B4B     		ldr	r3, .L34
 343 0002 1A89     		ldrh	r2, [r3, #8]
 344 0004 92B2     		uxth	r2, r2
 345 0006 0B4B     		ldr	r3, .L34+4
 346 0008 1B88     		ldrh	r3, [r3]
 347 000a 9BB2     		uxth	r3, r3
 348 000c 9A42     		cmp	r2, r3
 349 000e 0DD0     		beq	.L33
  47:main.c        ****     if(speed_read != speed){
 350              		.loc 1 47 0
 351 0010 10B5     		push	{r4, lr}
 352              		.cfi_def_cfa_offset 8
 353              		.cfi_offset 4, -8
 354              		.cfi_offset 14, -4
  49:main.c        ****         Set_Speed();
 355              		.loc 1 49 0
 356 0012 094C     		ldr	r4, .L34+8
 357 0014 A388     		ldrh	r3, [r4, #4]
 358 0016 9BB2     		uxth	r3, r3
 359 0018 0133     		adds	r3, r3, #1
 360 001a 9BB2     		uxth	r3, r3
 361 001c A380     		strh	r3, [r4, #4]	@ movhi
  50:main.c        ****         PWM_WriteCompare(pwm_Com);
 362              		.loc 1 50 0
 363 001e FFF7FEFF 		bl	Set_Speed
 364              	.LVL32:
  51:main.c        ****     }
 365              		.loc 1 51 0
 366 0022 A088     		ldrh	r0, [r4, #4]
 367 0024 C0B2     		uxtb	r0, r0
 368 0026 FFF7FEFF 		bl	PWM_WriteCompare
 369              	.LVL33:
 370 002a 10BD     		pop	{r4, pc}
 371              	.L33:
ARM GAS  C:\Users\JEANPI~1\AppData\Local\Temp\cc5bCXIp.s 			page 10


 372              		.cfi_def_cfa_offset 0
 373              		.cfi_restore 4
 374              		.cfi_restore 14
 375 002c 7047     		bx	lr
 376              	.L35:
 377 002e 00BF     		.align	2
 378              	.L34:
 379 0030 00000000 		.word	.LANCHOR0
 380 0034 00000000 		.word	speed
 381 0038 00000000 		.word	.LANCHOR1
 382              		.cfi_endproc
 383              	.LFE66:
 384              		.size	Control_Motor, .-Control_Motor
 385              		.section	.text.main,"ax",%progbits
 386              		.align	2
 387              		.global	main
 388              		.thumb
 389              		.thumb_func
 390              		.type	main, %function
 391              	main:
 392              	.LFB70:
 128:main.c        ****                 }
 129:main.c        ****             }
 130:main.c        ****            
 131:main.c        ****     }
 132:main.c        ****     
 133:main.c        **** }
 134:main.c        **** //////////////////////////////////////////////////////////////////////////
 135:main.c        **** 
 136:main.c        **** 
 137:main.c        **** int main(void)
 138:main.c        **** {
 393              		.loc 1 138 0
 394              		.cfi_startproc
 395              		@ args = 0, pretend = 0, frame = 0
 396              		@ frame_needed = 0, uses_anonymous_args = 0
 397 0000 10B5     		push	{r4, lr}
 398              		.cfi_def_cfa_offset 8
 399              		.cfi_offset 4, -8
 400              		.cfi_offset 14, -4
 139:main.c        ****     //--------------interrupcione-----------
 140:main.c        ****     CyGlobalIntEnable;
 401              		.loc 1 140 0
 402              		.syntax unified
 403              	@ 140 "main.c" 1
 404 0002 62B6     		CPSIE   i
 405              	@ 0 "" 2
 141:main.c        ****     isr_press_StartEx(press_ISR);
 406              		.loc 1 141 0
 407              		.thumb
 408              		.syntax unified
 409 0004 2148     		ldr	r0, .L40
 410 0006 FFF7FEFF 		bl	isr_press_StartEx
 411              	.LVL34:
 142:main.c        ****     isr_1_StartEx(Timer_ISR);
 412              		.loc 1 142 0
 413 000a 2148     		ldr	r0, .L40+4
ARM GAS  C:\Users\JEANPI~1\AppData\Local\Temp\cc5bCXIp.s 			page 11


 414 000c FFF7FEFF 		bl	isr_1_StartEx
 415              	.LVL35:
 143:main.c        ****     isr_Encoder_StartEx(Encoder_ISR);
 416              		.loc 1 143 0
 417 0010 2048     		ldr	r0, .L40+8
 418 0012 FFF7FEFF 		bl	isr_Encoder_StartEx
 419              	.LVL36:
 144:main.c        ****    // isr_sync_StartEx(sync); 
 145:main.c        ****     
 146:main.c        ****    //--------incio de LCD---------------
 147:main.c        ****     LCD_Start();
 420              		.loc 1 147 0
 421 0016 FFF7FEFF 		bl	LCD_Start
 422              	.LVL37:
 148:main.c        ****     
 149:main.c        ****     //----variables--------------   
 150:main.c        ****     //pwm_Com=180;
 151:main.c        ****     //Pin_1_Write(_Read());
 152:main.c        ****     //CyDelay(1000);
 153:main.c        ****     event=0;
 423              		.loc 1 153 0
 424 001a 0022     		movs	r2, #0
 425 001c 1E4B     		ldr	r3, .L40+12
 426 001e 5A61     		str	r2, [r3, #20]
 427              	.L38:
 154:main.c        ****     char8 i;
 155:main.c        ****     
 156:main.c        ****     for(;;)
 157:main.c        ****     {
 158:main.c        ****         //PWM_Start();
 159:main.c        ****         if(flag_init==1){
 428              		.loc 1 159 0
 429 0020 1D4B     		ldr	r3, .L40+12
 430 0022 1B69     		ldr	r3, [r3, #16]
 431 0024 012B     		cmp	r3, #1
 432 0026 05D1     		bne	.L37
 160:main.c        ****             Set_Speed();    
 433              		.loc 1 160 0
 434 0028 FFF7FEFF 		bl	Set_Speed
 435              	.LVL38:
 161:main.c        ****             PWM_Start();         
 436              		.loc 1 161 0
 437 002c FFF7FEFF 		bl	PWM_Start
 438              	.LVL39:
 162:main.c        ****             Timer_Start();
 439              		.loc 1 162 0
 440 0030 FFF7FEFF 		bl	Timer_Start
 441              	.LVL40:
 442              	.L37:
 163:main.c        ****            // isr_sync_Disable();
 164:main.c        ****         } 
 165:main.c        ****         ////////////////////para reconocoer el cruce/////////
 166:main.c        ****        // if (cruce_por_cero_Read() == 1){
 167:main.c        ****        //     LCD_Position(0,0);
 168:main.c        ****        //     LCD_PrintString("cruce");
 169:main.c        ****             //CyDelay(500);
 170:main.c        ****        //     LCD_ClearDisplay();
ARM GAS  C:\Users\JEANPI~1\AppData\Local\Temp\cc5bCXIp.s 			page 12


 171:main.c        ****        // }
 172:main.c        ****         ///////////////////////////////////////////
 173:main.c        ****         //Pin_1_Write();
 174:main.c        ****         //LCD_Position(1,2);
 175:main.c        ****         sprintf(str,"%u",speed_read);
 443              		.loc 1 175 0
 444 0034 184B     		ldr	r3, .L40+12
 445 0036 1A89     		ldrh	r2, [r3, #8]
 446 0038 184C     		ldr	r4, .L40+16
 447 003a 92B2     		uxth	r2, r2
 448 003c 1849     		ldr	r1, .L40+20
 449 003e 2046     		mov	r0, r4
 450 0040 FFF7FEFF 		bl	sprintf
 451              	.LVL41:
 176:main.c        ****         //LCD_PrintString(str); 
 177:main.c        ****         //LCD_Position(0,2);       
 178:main.c        ****         //sprintf(str2,"%lu",diff1);
 179:main.c        ****        // LCD_PrintString(str2);
 180:main.c        ****         Set_Speed();
 452              		.loc 1 180 0
 453 0044 FFF7FEFF 		bl	Set_Speed
 454              	.LVL42:
 181:main.c        ****        
 182:main.c        ****         i=speed;   
 455              		.loc 1 182 0
 456 0048 164B     		ldr	r3, .L40+24
 457 004a 1B88     		ldrh	r3, [r3]
 458              	.LVL43:
 183:main.c        ****         CyDelay(200);
 459              		.loc 1 183 0
 460 004c C820     		movs	r0, #200
 461 004e FFF7FEFF 		bl	CyDelay
 462              	.LVL44:
 184:main.c        ****         LCD_Position(0,0);
 463              		.loc 1 184 0
 464 0052 0021     		movs	r1, #0
 465 0054 0846     		mov	r0, r1
 466 0056 FFF7FEFF 		bl	LCD_Position
 467              	.LVL45:
 185:main.c        ****         LCD_PrintString("Vel control:");
 468              		.loc 1 185 0
 469 005a 1348     		ldr	r0, .L40+28
 470 005c FFF7FEFF 		bl	LCD_PrintString
 471              	.LVL46:
 186:main.c        ****         LCD_Position(0,12);
 472              		.loc 1 186 0
 473 0060 0C21     		movs	r1, #12
 474 0062 0020     		movs	r0, #0
 475 0064 FFF7FEFF 		bl	LCD_Position
 476              	.LVL47:
 187:main.c        ****         LCD_PrintString(valor);//velocidad de control
 477              		.loc 1 187 0
 478 0068 1048     		ldr	r0, .L40+32
 479 006a FFF7FEFF 		bl	LCD_PrintString
 480              	.LVL48:
 188:main.c        ****         LCD_Position(1,0);
 481              		.loc 1 188 0
ARM GAS  C:\Users\JEANPI~1\AppData\Local\Temp\cc5bCXIp.s 			page 13


 482 006e 0021     		movs	r1, #0
 483 0070 0120     		movs	r0, #1
 484 0072 FFF7FEFF 		bl	LCD_Position
 485              	.LVL49:
 189:main.c        ****         LCD_PrintString("Vel sensor:");
 486              		.loc 1 189 0
 487 0076 0E48     		ldr	r0, .L40+36
 488 0078 FFF7FEFF 		bl	LCD_PrintString
 489              	.LVL50:
 190:main.c        ****         LCD_Position(01,11);
 490              		.loc 1 190 0
 491 007c 0B21     		movs	r1, #11
 492 007e 0120     		movs	r0, #1
 493 0080 FFF7FEFF 		bl	LCD_Position
 494              	.LVL51:
 191:main.c        ****         LCD_PrintString(str);//velocidad medida por el sensor
 495              		.loc 1 191 0
 496 0084 2046     		mov	r0, r4
 497 0086 FFF7FEFF 		bl	LCD_PrintString
 498              	.LVL52:
 192:main.c        ****     }
 499              		.loc 1 192 0
 500 008a C9E7     		b	.L38
 501              	.L41:
 502              		.align	2
 503              	.L40:
 504 008c 00000000 		.word	press_ISR
 505 0090 00000000 		.word	Timer_ISR
 506 0094 00000000 		.word	Encoder_ISR
 507 0098 00000000 		.word	.LANCHOR0
 508 009c 00000000 		.word	str
 509 00a0 18000000 		.word	.LC2
 510 00a4 00000000 		.word	speed
 511 00a8 1C000000 		.word	.LC3
 512 00ac 00000000 		.word	valor
 513 00b0 2C000000 		.word	.LC4
 514              		.cfi_endproc
 515              	.LFE70:
 516              		.size	main, .-main
 517              		.comm	str2,16,4
 518              		.comm	str,16,4
 519              		.global	flag_init
 520              		.global	flag1
 521              		.global	speed_read
 522              		.comm	speed,2,2
 523              		.global	pwm_Com
 524              		.global	diff1
 525              		.comm	temp,4,4
 526              		.global	tiempo
 527              		.global	event
 528              		.comm	counter,4,4
 529              		.comm	contador,1,1
 530              		.comm	valor,4,4
 531              		.global	flag_cont
 532              		.global	flag
 533              		.global	Keypad_1_Key
 534              		.data
ARM GAS  C:\Users\JEANPI~1\AppData\Local\Temp\cc5bCXIp.s 			page 14


 535              		.align	2
 536              		.set	.LANCHOR1,. + 0
 537              		.type	flag, %object
 538              		.size	flag, 4
 539              	flag:
 540 0000 01000000 		.word	1
 541              		.type	pwm_Com, %object
 542              		.size	pwm_Com, 2
 543              	pwm_Com:
 544 0004 1E00     		.short	30
 545 0006 0000     		.space	2
 546              		.type	Keypad_1_Key, %object
 547              		.size	Keypad_1_Key, 16
 548              	Keypad_1_Key:
 549 0008 31       		.byte	49
 550 0009 32       		.byte	50
 551 000a 33       		.byte	51
 552 000b 41       		.byte	65
 553 000c 34       		.byte	52
 554 000d 35       		.byte	53
 555 000e 36       		.byte	54
 556 000f 42       		.byte	66
 557 0010 37       		.byte	55
 558 0011 38       		.byte	56
 559 0012 39       		.byte	57
 560 0013 43       		.byte	67
 561 0014 2A       		.byte	42
 562 0015 30       		.byte	48
 563 0016 23       		.byte	35
 564 0017 44       		.byte	68
 565              		.section	.rodata.str1.4,"aMS",%progbits,1
 566              		.align	2
 567              	.LC0:
 568 0000 76656C20 		.ascii	"vel de control\000"
 568      64652063 
 568      6F6E7472 
 568      6F6C00
 569 000f 00       		.space	1
 570              	.LC1:
 571 0010 76616C6F 		.ascii	"valor:\000"
 571      723A00
 572 0017 00       		.space	1
 573              	.LC2:
 574 0018 257500   		.ascii	"%u\000"
 575 001b 00       		.space	1
 576              	.LC3:
 577 001c 56656C20 		.ascii	"Vel control:\000"
 577      636F6E74 
 577      726F6C3A 
 577      00
 578 0029 000000   		.space	3
 579              	.LC4:
 580 002c 56656C20 		.ascii	"Vel sensor:\000"
 580      73656E73 
 580      6F723A00 
 581              		.bss
 582              		.align	2
ARM GAS  C:\Users\JEANPI~1\AppData\Local\Temp\cc5bCXIp.s 			page 15


 583              		.set	.LANCHOR0,. + 0
 584              		.type	tiempo, %object
 585              		.size	tiempo, 2
 586              	tiempo:
 587 0000 0000     		.space	2
 588 0002 0000     		.space	2
 589              		.type	diff1, %object
 590              		.size	diff1, 4
 591              	diff1:
 592 0004 00000000 		.space	4
 593              		.type	speed_read, %object
 594              		.size	speed_read, 2
 595              	speed_read:
 596 0008 0000     		.space	2
 597 000a 0000     		.space	2
 598              		.type	flag1, %object
 599              		.size	flag1, 4
 600              	flag1:
 601 000c 00000000 		.space	4
 602              		.type	flag_init, %object
 603              		.size	flag_init, 4
 604              	flag_init:
 605 0010 00000000 		.space	4
 606              		.type	event, %object
 607              		.size	event, 4
 608              	event:
 609 0014 00000000 		.space	4
 610              		.type	flag_cont, %object
 611              		.size	flag_cont, 4
 612              	flag_cont:
 613 0018 00000000 		.space	4
 614              		.text
 615              	.Letext0:
 616              		.file 2 "c:\\program files (x86)\\cypress\\psoc creator\\4.2\\psoc creator\\import\\gnu\\arm\\5.4.
 617              		.file 3 "c:\\program files (x86)\\cypress\\psoc creator\\4.2\\psoc creator\\import\\gnu\\arm\\5.4.
 618              		.file 4 "Generated_Source\\PSoC5/cytypes.h"
 619              		.file 5 "Generated_Source\\PSoC5/core_cm3.h"
 620              		.file 6 "Generated_Source\\PSoC5/Pin_1.h"
 621              		.file 7 "Generated_Source\\PSoC5/isr_1.h"
 622              		.file 8 "Generated_Source\\PSoC5/Encoder.h"
 623              		.file 9 "Generated_Source\\PSoC5/CyLib.h"
 624              		.file 10 "Generated_Source\\PSoC5/LCD.h"
 625              		.file 11 "Generated_Source\\PSoC5/Keypad_1_Keypad1.h"
 626              		.file 12 "Generated_Source\\PSoC5/num_control.h"
 627              		.file 13 "Generated_Source\\PSoC5/isr_press.h"
 628              		.file 14 "Generated_Source\\PSoC5/PWM.h"
 629              		.file 15 "Generated_Source\\PSoC5/isr_Encoder.h"
 630              		.file 16 "Generated_Source\\PSoC5/Timer.h"
 631              		.file 17 "c:\\program files (x86)\\cypress\\psoc creator\\4.2\\psoc creator\\import\\gnu\\arm\\5.4
 632              		.section	.debug_info,"",%progbits
 633              	.Ldebug_info0:
 634 0000 B1060000 		.4byte	0x6b1
 635 0004 0400     		.2byte	0x4
 636 0006 00000000 		.4byte	.Ldebug_abbrev0
 637 000a 04       		.byte	0x4
 638 000b 01       		.uleb128 0x1
 639 000c 1D030000 		.4byte	.LASF65
ARM GAS  C:\Users\JEANPI~1\AppData\Local\Temp\cc5bCXIp.s 			page 16


 640 0010 0C       		.byte	0xc
 641 0011 5C020000 		.4byte	.LASF66
 642 0015 C2010000 		.4byte	.LASF67
 643 0019 00000000 		.4byte	.Ldebug_ranges0+0
 644 001d 00000000 		.4byte	0
 645 0021 00000000 		.4byte	.Ldebug_line0
 646 0025 02       		.uleb128 0x2
 647 0026 01       		.byte	0x1
 648 0027 06       		.byte	0x6
 649 0028 63010000 		.4byte	.LASF0
 650 002c 02       		.uleb128 0x2
 651 002d 01       		.byte	0x1
 652 002e 08       		.byte	0x8
 653 002f FB000000 		.4byte	.LASF1
 654 0033 02       		.uleb128 0x2
 655 0034 02       		.byte	0x2
 656 0035 05       		.byte	0x5
 657 0036 18000000 		.4byte	.LASF2
 658 003a 02       		.uleb128 0x2
 659 003b 02       		.byte	0x2
 660 003c 07       		.byte	0x7
 661 003d 3B020000 		.4byte	.LASF3
 662 0041 03       		.uleb128 0x3
 663 0042 92020000 		.4byte	.LASF9
 664 0046 02       		.byte	0x2
 665 0047 3F       		.byte	0x3f
 666 0048 4C000000 		.4byte	0x4c
 667 004c 02       		.uleb128 0x2
 668 004d 04       		.byte	0x4
 669 004e 05       		.byte	0x5
 670 004f DB000000 		.4byte	.LASF4
 671 0053 02       		.uleb128 0x2
 672 0054 04       		.byte	0x4
 673 0055 07       		.byte	0x7
 674 0056 63020000 		.4byte	.LASF5
 675 005a 02       		.uleb128 0x2
 676 005b 08       		.byte	0x8
 677 005c 05       		.byte	0x5
 678 005d C1000000 		.4byte	.LASF6
 679 0061 02       		.uleb128 0x2
 680 0062 08       		.byte	0x8
 681 0063 07       		.byte	0x7
 682 0064 6F010000 		.4byte	.LASF7
 683 0068 04       		.uleb128 0x4
 684 0069 04       		.byte	0x4
 685 006a 05       		.byte	0x5
 686 006b 696E7400 		.ascii	"int\000"
 687 006f 02       		.uleb128 0x2
 688 0070 04       		.byte	0x4
 689 0071 07       		.byte	0x7
 690 0072 86010000 		.4byte	.LASF8
 691 0076 03       		.uleb128 0x3
 692 0077 33020000 		.4byte	.LASF10
 693 007b 03       		.byte	0x3
 694 007c 2C       		.byte	0x2c
 695 007d 41000000 		.4byte	0x41
 696 0081 05       		.uleb128 0x5
ARM GAS  C:\Users\JEANPI~1\AppData\Local\Temp\cc5bCXIp.s 			page 17


 697 0082 8B000000 		.4byte	.LASF11
 698 0086 04       		.byte	0x4
 699 0087 E401     		.2byte	0x1e4
 700 0089 2C000000 		.4byte	0x2c
 701 008d 05       		.uleb128 0x5
 702 008e 79000000 		.4byte	.LASF12
 703 0092 04       		.byte	0x4
 704 0093 E501     		.2byte	0x1e5
 705 0095 3A000000 		.4byte	0x3a
 706 0099 05       		.uleb128 0x5
 707 009a 55020000 		.4byte	.LASF13
 708 009e 04       		.byte	0x4
 709 009f E601     		.2byte	0x1e6
 710 00a1 53000000 		.4byte	0x53
 711 00a5 02       		.uleb128 0x2
 712 00a6 04       		.byte	0x4
 713 00a7 04       		.byte	0x4
 714 00a8 AC000000 		.4byte	.LASF14
 715 00ac 02       		.uleb128 0x2
 716 00ad 08       		.byte	0x8
 717 00ae 04       		.byte	0x4
 718 00af 75020000 		.4byte	.LASF15
 719 00b3 05       		.uleb128 0x5
 720 00b4 3D000000 		.4byte	.LASF16
 721 00b8 04       		.byte	0x4
 722 00b9 F501     		.2byte	0x1f5
 723 00bb BF000000 		.4byte	0xbf
 724 00bf 02       		.uleb128 0x2
 725 00c0 01       		.byte	0x1
 726 00c1 08       		.byte	0x8
 727 00c2 17020000 		.4byte	.LASF17
 728 00c6 06       		.uleb128 0x6
 729 00c7 8D000000 		.4byte	0x8d
 730 00cb 06       		.uleb128 0x6
 731 00cc 99000000 		.4byte	0x99
 732 00d0 02       		.uleb128 0x2
 733 00d1 08       		.byte	0x8
 734 00d2 04       		.byte	0x4
 735 00d3 1F010000 		.4byte	.LASF18
 736 00d7 02       		.uleb128 0x2
 737 00d8 04       		.byte	0x4
 738 00d9 07       		.byte	0x7
 739 00da 34000000 		.4byte	.LASF19
 740 00de 07       		.uleb128 0x7
 741 00df 88020000 		.4byte	.LASF20
 742 00e3 01       		.byte	0x1
 743 00e4 39       		.byte	0x39
 744 00e5 00000000 		.4byte	.LFB67
 745 00e9 54000000 		.4byte	.LFE67-.LFB67
 746 00ed 01       		.uleb128 0x1
 747 00ee 9C       		.byte	0x9c
 748 00ef 24010000 		.4byte	0x124
 749 00f3 08       		.uleb128 0x8
 750 00f4 2E000000 		.4byte	.LVL0
 751 00f8 D8050000 		.4byte	0x5d8
 752 00fc 06010000 		.4byte	0x106
 753 0100 09       		.uleb128 0x9
ARM GAS  C:\Users\JEANPI~1\AppData\Local\Temp\cc5bCXIp.s 			page 18


 754 0101 01       		.uleb128 0x1
 755 0102 50       		.byte	0x50
 756 0103 01       		.uleb128 0x1
 757 0104 31       		.byte	0x31
 758 0105 00       		.byte	0
 759 0106 08       		.uleb128 0x8
 760 0107 3C000000 		.4byte	.LVL1
 761 010b D8050000 		.4byte	0x5d8
 762 010f 1A010000 		.4byte	0x11a
 763 0113 09       		.uleb128 0x9
 764 0114 01       		.uleb128 0x1
 765 0115 50       		.byte	0x50
 766 0116 02       		.uleb128 0x2
 767 0117 74       		.byte	0x74
 768 0118 00       		.sleb128 0
 769 0119 00       		.byte	0
 770 011a 0A       		.uleb128 0xa
 771 011b 44000000 		.4byte	.LVL2
 772 011f E3050000 		.4byte	0x5e3
 773 0123 00       		.byte	0
 774 0124 07       		.uleb128 0x7
 775 0125 93010000 		.4byte	.LASF21
 776 0129 01       		.byte	0x1
 777 012a 4A       		.byte	0x4a
 778 012b 00000000 		.4byte	.LFB68
 779 012f 2C000000 		.4byte	.LFE68-.LFB68
 780 0133 01       		.uleb128 0x1
 781 0134 9C       		.byte	0x9c
 782 0135 70010000 		.4byte	0x170
 783 0139 0B       		.uleb128 0xb
 784 013a 97000000 		.4byte	.LASF23
 785 013e 01       		.byte	0x1
 786 013f 4B       		.byte	0x4b
 787 0140 81000000 		.4byte	0x81
 788 0144 00000000 		.4byte	.LLST0
 789 0148 0A       		.uleb128 0xa
 790 0149 06000000 		.4byte	.LVL4
 791 014d EE050000 		.4byte	0x5ee
 792 0151 08       		.uleb128 0x8
 793 0152 12000000 		.4byte	.LVL6
 794 0156 F9050000 		.4byte	0x5f9
 795 015a 66010000 		.4byte	0x166
 796 015e 09       		.uleb128 0x9
 797 015f 01       		.uleb128 0x1
 798 0160 50       		.byte	0x50
 799 0161 03       		.uleb128 0x3
 800 0162 0A       		.byte	0xa
 801 0163 D007     		.2byte	0x7d0
 802 0165 00       		.byte	0
 803 0166 0A       		.uleb128 0xa
 804 0167 26000000 		.4byte	.LVL10
 805 016b 04060000 		.4byte	0x604
 806 016f 00       		.byte	0
 807 0170 07       		.uleb128 0x7
 808 0171 B2000000 		.4byte	.LASF22
 809 0175 01       		.byte	0x1
 810 0176 64       		.byte	0x64
ARM GAS  C:\Users\JEANPI~1\AppData\Local\Temp\cc5bCXIp.s 			page 19


 811 0177 00000000 		.4byte	.LFB69
 812 017b A0000000 		.4byte	.LFE69-.LFB69
 813 017f 01       		.uleb128 0x1
 814 0180 9C       		.byte	0x9c
 815 0181 9D020000 		.4byte	0x29d
 816 0185 0B       		.uleb128 0xb
 817 0186 00000000 		.4byte	.LASF24
 818 018a 01       		.byte	0x1
 819 018b 66       		.byte	0x66
 820 018c 68000000 		.4byte	0x68
 821 0190 37000000 		.4byte	.LLST1
 822 0194 0B       		.uleb128 0xb
 823 0195 A7000000 		.4byte	.LASF25
 824 0199 01       		.byte	0x1
 825 019a 67       		.byte	0x67
 826 019b 68000000 		.4byte	0x68
 827 019f 6D000000 		.4byte	.LLST2
 828 01a3 0C       		.uleb128 0xc
 829 01a4 7400     		.ascii	"t\000"
 830 01a6 01       		.byte	0x1
 831 01a7 68       		.byte	0x68
 832 01a8 BF000000 		.4byte	0xbf
 833 01ac 8C000000 		.4byte	.LLST3
 834 01b0 08       		.uleb128 0x8
 835 01b1 10000000 		.4byte	.LVL13
 836 01b5 0F060000 		.4byte	0x60f
 837 01b9 C8010000 		.4byte	0x1c8
 838 01bd 09       		.uleb128 0x9
 839 01be 01       		.uleb128 0x1
 840 01bf 50       		.byte	0x50
 841 01c0 01       		.uleb128 0x1
 842 01c1 30       		.byte	0x30
 843 01c2 09       		.uleb128 0x9
 844 01c3 01       		.uleb128 0x1
 845 01c4 51       		.byte	0x51
 846 01c5 01       		.uleb128 0x1
 847 01c6 30       		.byte	0x30
 848 01c7 00       		.byte	0
 849 01c8 08       		.uleb128 0x8
 850 01c9 16000000 		.4byte	.LVL14
 851 01cd 1A060000 		.4byte	0x61a
 852 01d1 DF010000 		.4byte	0x1df
 853 01d5 09       		.uleb128 0x9
 854 01d6 01       		.uleb128 0x1
 855 01d7 50       		.byte	0x50
 856 01d8 05       		.uleb128 0x5
 857 01d9 03       		.byte	0x3
 858 01da 00000000 		.4byte	.LC0
 859 01de 00       		.byte	0
 860 01df 0A       		.uleb128 0xa
 861 01e0 1A000000 		.4byte	.LVL15
 862 01e4 25060000 		.4byte	0x625
 863 01e8 08       		.uleb128 0x8
 864 01e9 22000000 		.4byte	.LVL17
 865 01ed 30060000 		.4byte	0x630
 866 01f1 FC010000 		.4byte	0x1fc
 867 01f5 09       		.uleb128 0x9
ARM GAS  C:\Users\JEANPI~1\AppData\Local\Temp\cc5bCXIp.s 			page 20


 868 01f6 01       		.uleb128 0x1
 869 01f7 50       		.byte	0x50
 870 01f8 02       		.uleb128 0x2
 871 01f9 08       		.byte	0x8
 872 01fa C8       		.byte	0xc8
 873 01fb 00       		.byte	0
 874 01fc 08       		.uleb128 0x8
 875 01fd 2A000000 		.4byte	.LVL18
 876 0201 0F060000 		.4byte	0x60f
 877 0205 14020000 		.4byte	0x214
 878 0209 09       		.uleb128 0x9
 879 020a 01       		.uleb128 0x1
 880 020b 50       		.byte	0x50
 881 020c 01       		.uleb128 0x1
 882 020d 31       		.byte	0x31
 883 020e 09       		.uleb128 0x9
 884 020f 01       		.uleb128 0x1
 885 0210 51       		.byte	0x51
 886 0211 01       		.uleb128 0x1
 887 0212 30       		.byte	0x30
 888 0213 00       		.byte	0
 889 0214 08       		.uleb128 0x8
 890 0215 30000000 		.4byte	.LVL19
 891 0219 1A060000 		.4byte	0x61a
 892 021d 2B020000 		.4byte	0x22b
 893 0221 09       		.uleb128 0x9
 894 0222 01       		.uleb128 0x1
 895 0223 50       		.byte	0x50
 896 0224 05       		.uleb128 0x5
 897 0225 03       		.byte	0x3
 898 0226 10000000 		.4byte	.LC1
 899 022a 00       		.byte	0
 900 022b 08       		.uleb128 0x8
 901 022c 3A000000 		.4byte	.LVL20
 902 0230 0F060000 		.4byte	0x60f
 903 0234 44020000 		.4byte	0x244
 904 0238 09       		.uleb128 0x9
 905 0239 01       		.uleb128 0x1
 906 023a 50       		.byte	0x50
 907 023b 01       		.uleb128 0x1
 908 023c 31       		.byte	0x31
 909 023d 09       		.uleb128 0x9
 910 023e 01       		.uleb128 0x1
 911 023f 51       		.byte	0x51
 912 0240 02       		.uleb128 0x2
 913 0241 75       		.byte	0x75
 914 0242 06       		.sleb128 6
 915 0243 00       		.byte	0
 916 0244 08       		.uleb128 0x8
 917 0245 40000000 		.4byte	.LVL21
 918 0249 3B060000 		.4byte	0x63b
 919 024d 58020000 		.4byte	0x258
 920 0251 09       		.uleb128 0x9
 921 0252 01       		.uleb128 0x1
 922 0253 50       		.byte	0x50
 923 0254 02       		.uleb128 0x2
 924 0255 74       		.byte	0x74
ARM GAS  C:\Users\JEANPI~1\AppData\Local\Temp\cc5bCXIp.s 			page 21


 925 0256 00       		.sleb128 0
 926 0257 00       		.byte	0
 927 0258 0A       		.uleb128 0xa
 928 0259 44000000 		.4byte	.LVL22
 929 025d 25060000 		.4byte	0x625
 930 0261 08       		.uleb128 0x8
 931 0262 54000000 		.4byte	.LVL23
 932 0266 30060000 		.4byte	0x630
 933 026a 76020000 		.4byte	0x276
 934 026e 09       		.uleb128 0x9
 935 026f 01       		.uleb128 0x1
 936 0270 50       		.byte	0x50
 937 0271 03       		.uleb128 0x3
 938 0272 0A       		.byte	0xa
 939 0273 2C01     		.2byte	0x12c
 940 0275 00       		.byte	0
 941 0276 0A       		.uleb128 0xa
 942 0277 5E000000 		.4byte	.LVL25
 943 027b 25060000 		.4byte	0x625
 944 027f 08       		.uleb128 0x8
 945 0280 7A000000 		.4byte	.LVL28
 946 0284 46060000 		.4byte	0x646
 947 0288 93020000 		.4byte	0x293
 948 028c 09       		.uleb128 0x9
 949 028d 01       		.uleb128 0x1
 950 028e 50       		.byte	0x50
 951 028f 02       		.uleb128 0x2
 952 0290 76       		.byte	0x76
 953 0291 00       		.sleb128 0
 954 0292 00       		.byte	0
 955 0293 0A       		.uleb128 0xa
 956 0294 80000000 		.4byte	.LVL29
 957 0298 51060000 		.4byte	0x651
 958 029c 00       		.byte	0
 959 029d 0D       		.uleb128 0xd
 960 029e 45010000 		.4byte	.LASF68
 961 02a2 01       		.byte	0x1
 962 02a3 25       		.byte	0x25
 963 02a4 00000000 		.4byte	.LFB64
 964 02a8 02000000 		.4byte	.LFE64-.LFB64
 965 02ac 01       		.uleb128 0x1
 966 02ad 9C       		.byte	0x9c
 967 02ae 0E       		.uleb128 0xe
 968 02af D3020000 		.4byte	.LASF26
 969 02b3 01       		.byte	0x1
 970 02b4 29       		.byte	0x29
 971 02b5 00000000 		.4byte	.LFB65
 972 02b9 14000000 		.4byte	.LFE65-.LFB65
 973 02bd 01       		.uleb128 0x1
 974 02be 9C       		.byte	0x9c
 975 02bf CD020000 		.4byte	0x2cd
 976 02c3 0A       		.uleb128 0xa
 977 02c4 0C000000 		.4byte	.LVL31
 978 02c8 5C060000 		.4byte	0x65c
 979 02cc 00       		.byte	0
 980 02cd 0E       		.uleb128 0xe
 981 02ce E9020000 		.4byte	.LASF27
ARM GAS  C:\Users\JEANPI~1\AppData\Local\Temp\cc5bCXIp.s 			page 22


 982 02d2 01       		.byte	0x1
 983 02d3 2F       		.byte	0x2f
 984 02d4 00000000 		.4byte	.LFB66
 985 02d8 3C000000 		.4byte	.LFE66-.LFB66
 986 02dc 01       		.uleb128 0x1
 987 02dd 9C       		.byte	0x9c
 988 02de F5020000 		.4byte	0x2f5
 989 02e2 0A       		.uleb128 0xa
 990 02e3 22000000 		.4byte	.LVL32
 991 02e7 AE020000 		.4byte	0x2ae
 992 02eb 0A       		.uleb128 0xa
 993 02ec 2A000000 		.4byte	.LVL33
 994 02f0 5C060000 		.4byte	0x65c
 995 02f4 00       		.byte	0
 996 02f5 0F       		.uleb128 0xf
 997 02f6 43000000 		.4byte	.LASF69
 998 02fa 01       		.byte	0x1
 999 02fb 89       		.byte	0x89
 1000 02fc 68000000 		.4byte	0x68
 1001 0300 00000000 		.4byte	.LFB70
 1002 0304 B4000000 		.4byte	.LFE70-.LFB70
 1003 0308 01       		.uleb128 0x1
 1004 0309 9C       		.byte	0x9c
 1005 030a 70040000 		.4byte	0x470
 1006 030e 10       		.uleb128 0x10
 1007 030f 6900     		.ascii	"i\000"
 1008 0311 01       		.byte	0x1
 1009 0312 9A       		.byte	0x9a
 1010 0313 B3000000 		.4byte	0xb3
 1011 0317 08       		.uleb128 0x8
 1012 0318 0A000000 		.4byte	.LVL34
 1013 031c 67060000 		.4byte	0x667
 1014 0320 2E030000 		.4byte	0x32e
 1015 0324 09       		.uleb128 0x9
 1016 0325 01       		.uleb128 0x1
 1017 0326 50       		.byte	0x50
 1018 0327 05       		.uleb128 0x5
 1019 0328 03       		.byte	0x3
 1020 0329 00000000 		.4byte	press_ISR
 1021 032d 00       		.byte	0
 1022 032e 08       		.uleb128 0x8
 1023 032f 10000000 		.4byte	.LVL35
 1024 0333 72060000 		.4byte	0x672
 1025 0337 45030000 		.4byte	0x345
 1026 033b 09       		.uleb128 0x9
 1027 033c 01       		.uleb128 0x1
 1028 033d 50       		.byte	0x50
 1029 033e 05       		.uleb128 0x5
 1030 033f 03       		.byte	0x3
 1031 0340 00000000 		.4byte	Timer_ISR
 1032 0344 00       		.byte	0
 1033 0345 08       		.uleb128 0x8
 1034 0346 16000000 		.4byte	.LVL36
 1035 034a 7D060000 		.4byte	0x67d
 1036 034e 5C030000 		.4byte	0x35c
 1037 0352 09       		.uleb128 0x9
 1038 0353 01       		.uleb128 0x1
ARM GAS  C:\Users\JEANPI~1\AppData\Local\Temp\cc5bCXIp.s 			page 23


 1039 0354 50       		.byte	0x50
 1040 0355 05       		.uleb128 0x5
 1041 0356 03       		.byte	0x3
 1042 0357 00000000 		.4byte	Encoder_ISR
 1043 035b 00       		.byte	0
 1044 035c 0A       		.uleb128 0xa
 1045 035d 1A000000 		.4byte	.LVL37
 1046 0361 88060000 		.4byte	0x688
 1047 0365 0A       		.uleb128 0xa
 1048 0366 2C000000 		.4byte	.LVL38
 1049 036a AE020000 		.4byte	0x2ae
 1050 036e 0A       		.uleb128 0xa
 1051 036f 30000000 		.4byte	.LVL39
 1052 0373 93060000 		.4byte	0x693
 1053 0377 0A       		.uleb128 0xa
 1054 0378 34000000 		.4byte	.LVL40
 1055 037c 9E060000 		.4byte	0x69e
 1056 0380 08       		.uleb128 0x8
 1057 0381 44000000 		.4byte	.LVL41
 1058 0385 A9060000 		.4byte	0x6a9
 1059 0389 9D030000 		.4byte	0x39d
 1060 038d 09       		.uleb128 0x9
 1061 038e 01       		.uleb128 0x1
 1062 038f 50       		.byte	0x50
 1063 0390 02       		.uleb128 0x2
 1064 0391 74       		.byte	0x74
 1065 0392 00       		.sleb128 0
 1066 0393 09       		.uleb128 0x9
 1067 0394 01       		.uleb128 0x1
 1068 0395 51       		.byte	0x51
 1069 0396 05       		.uleb128 0x5
 1070 0397 03       		.byte	0x3
 1071 0398 18000000 		.4byte	.LC2
 1072 039c 00       		.byte	0
 1073 039d 0A       		.uleb128 0xa
 1074 039e 48000000 		.4byte	.LVL42
 1075 03a2 AE020000 		.4byte	0x2ae
 1076 03a6 08       		.uleb128 0x8
 1077 03a7 52000000 		.4byte	.LVL44
 1078 03ab 30060000 		.4byte	0x630
 1079 03af BA030000 		.4byte	0x3ba
 1080 03b3 09       		.uleb128 0x9
 1081 03b4 01       		.uleb128 0x1
 1082 03b5 50       		.byte	0x50
 1083 03b6 02       		.uleb128 0x2
 1084 03b7 08       		.byte	0x8
 1085 03b8 C8       		.byte	0xc8
 1086 03b9 00       		.byte	0
 1087 03ba 08       		.uleb128 0x8
 1088 03bb 5A000000 		.4byte	.LVL45
 1089 03bf 0F060000 		.4byte	0x60f
 1090 03c3 D2030000 		.4byte	0x3d2
 1091 03c7 09       		.uleb128 0x9
 1092 03c8 01       		.uleb128 0x1
 1093 03c9 50       		.byte	0x50
 1094 03ca 01       		.uleb128 0x1
 1095 03cb 30       		.byte	0x30
ARM GAS  C:\Users\JEANPI~1\AppData\Local\Temp\cc5bCXIp.s 			page 24


 1096 03cc 09       		.uleb128 0x9
 1097 03cd 01       		.uleb128 0x1
 1098 03ce 51       		.byte	0x51
 1099 03cf 01       		.uleb128 0x1
 1100 03d0 30       		.byte	0x30
 1101 03d1 00       		.byte	0
 1102 03d2 08       		.uleb128 0x8
 1103 03d3 60000000 		.4byte	.LVL46
 1104 03d7 1A060000 		.4byte	0x61a
 1105 03db E9030000 		.4byte	0x3e9
 1106 03df 09       		.uleb128 0x9
 1107 03e0 01       		.uleb128 0x1
 1108 03e1 50       		.byte	0x50
 1109 03e2 05       		.uleb128 0x5
 1110 03e3 03       		.byte	0x3
 1111 03e4 1C000000 		.4byte	.LC3
 1112 03e8 00       		.byte	0
 1113 03e9 08       		.uleb128 0x8
 1114 03ea 68000000 		.4byte	.LVL47
 1115 03ee 0F060000 		.4byte	0x60f
 1116 03f2 01040000 		.4byte	0x401
 1117 03f6 09       		.uleb128 0x9
 1118 03f7 01       		.uleb128 0x1
 1119 03f8 50       		.byte	0x50
 1120 03f9 01       		.uleb128 0x1
 1121 03fa 30       		.byte	0x30
 1122 03fb 09       		.uleb128 0x9
 1123 03fc 01       		.uleb128 0x1
 1124 03fd 51       		.byte	0x51
 1125 03fe 01       		.uleb128 0x1
 1126 03ff 3C       		.byte	0x3c
 1127 0400 00       		.byte	0
 1128 0401 08       		.uleb128 0x8
 1129 0402 6E000000 		.4byte	.LVL48
 1130 0406 1A060000 		.4byte	0x61a
 1131 040a 18040000 		.4byte	0x418
 1132 040e 09       		.uleb128 0x9
 1133 040f 01       		.uleb128 0x1
 1134 0410 50       		.byte	0x50
 1135 0411 05       		.uleb128 0x5
 1136 0412 03       		.byte	0x3
 1137 0413 00000000 		.4byte	valor
 1138 0417 00       		.byte	0
 1139 0418 08       		.uleb128 0x8
 1140 0419 76000000 		.4byte	.LVL49
 1141 041d 0F060000 		.4byte	0x60f
 1142 0421 30040000 		.4byte	0x430
 1143 0425 09       		.uleb128 0x9
 1144 0426 01       		.uleb128 0x1
 1145 0427 50       		.byte	0x50
 1146 0428 01       		.uleb128 0x1
 1147 0429 31       		.byte	0x31
 1148 042a 09       		.uleb128 0x9
 1149 042b 01       		.uleb128 0x1
 1150 042c 51       		.byte	0x51
 1151 042d 01       		.uleb128 0x1
 1152 042e 30       		.byte	0x30
ARM GAS  C:\Users\JEANPI~1\AppData\Local\Temp\cc5bCXIp.s 			page 25


 1153 042f 00       		.byte	0
 1154 0430 08       		.uleb128 0x8
 1155 0431 7C000000 		.4byte	.LVL50
 1156 0435 1A060000 		.4byte	0x61a
 1157 0439 47040000 		.4byte	0x447
 1158 043d 09       		.uleb128 0x9
 1159 043e 01       		.uleb128 0x1
 1160 043f 50       		.byte	0x50
 1161 0440 05       		.uleb128 0x5
 1162 0441 03       		.byte	0x3
 1163 0442 2C000000 		.4byte	.LC4
 1164 0446 00       		.byte	0
 1165 0447 08       		.uleb128 0x8
 1166 0448 84000000 		.4byte	.LVL51
 1167 044c 0F060000 		.4byte	0x60f
 1168 0450 5F040000 		.4byte	0x45f
 1169 0454 09       		.uleb128 0x9
 1170 0455 01       		.uleb128 0x1
 1171 0456 50       		.byte	0x50
 1172 0457 01       		.uleb128 0x1
 1173 0458 31       		.byte	0x31
 1174 0459 09       		.uleb128 0x9
 1175 045a 01       		.uleb128 0x1
 1176 045b 51       		.byte	0x51
 1177 045c 01       		.uleb128 0x1
 1178 045d 3B       		.byte	0x3b
 1179 045e 00       		.byte	0
 1180 045f 11       		.uleb128 0x11
 1181 0460 8A000000 		.4byte	.LVL52
 1182 0464 1A060000 		.4byte	0x61a
 1183 0468 09       		.uleb128 0x9
 1184 0469 01       		.uleb128 0x1
 1185 046a 50       		.byte	0x50
 1186 046b 02       		.uleb128 0x2
 1187 046c 74       		.byte	0x74
 1188 046d 00       		.sleb128 0
 1189 046e 00       		.byte	0
 1190 046f 00       		.byte	0
 1191 0470 12       		.uleb128 0x12
 1192 0471 B3000000 		.4byte	0xb3
 1193 0475 86040000 		.4byte	0x486
 1194 0479 13       		.uleb128 0x13
 1195 047a D7000000 		.4byte	0xd7
 1196 047e 03       		.byte	0x3
 1197 047f 13       		.uleb128 0x13
 1198 0480 D7000000 		.4byte	0xd7
 1199 0484 03       		.byte	0x3
 1200 0485 00       		.byte	0
 1201 0486 14       		.uleb128 0x14
 1202 0487 C6020000 		.4byte	.LASF28
 1203 048b 01       		.byte	0x1
 1204 048c 17       		.byte	0x17
 1205 048d 70040000 		.4byte	0x470
 1206 0491 05       		.uleb128 0x5
 1207 0492 03       		.byte	0x3
 1208 0493 00000000 		.4byte	Keypad_1_Key
 1209 0497 15       		.uleb128 0x15
ARM GAS  C:\Users\JEANPI~1\AppData\Local\Temp\cc5bCXIp.s 			page 26


 1210 0498 10030000 		.4byte	.LASF29
 1211 049c 05       		.byte	0x5
 1212 049d 1207     		.2byte	0x712
 1213 049f A3040000 		.4byte	0x4a3
 1214 04a3 06       		.uleb128 0x6
 1215 04a4 76000000 		.4byte	0x76
 1216 04a8 14       		.uleb128 0x14
 1217 04a9 F7020000 		.4byte	.LASF30
 1218 04ad 01       		.byte	0x1
 1219 04ae 09       		.byte	0x9
 1220 04af 68000000 		.4byte	0x68
 1221 04b3 05       		.uleb128 0x5
 1222 04b4 03       		.byte	0x3
 1223 04b5 00000000 		.4byte	flag
 1224 04b9 14       		.uleb128 0x14
 1225 04ba 9D000000 		.4byte	.LASF31
 1226 04be 01       		.byte	0x1
 1227 04bf 0A       		.byte	0xa
 1228 04c0 68000000 		.4byte	0x68
 1229 04c4 05       		.uleb128 0x5
 1230 04c5 03       		.byte	0x3
 1231 04c6 00000000 		.4byte	flag_cont
 1232 04ca 12       		.uleb128 0x12
 1233 04cb BF000000 		.4byte	0xbf
 1234 04cf DA040000 		.4byte	0x4da
 1235 04d3 13       		.uleb128 0x13
 1236 04d4 D7000000 		.4byte	0xd7
 1237 04d8 03       		.byte	0x3
 1238 04d9 00       		.byte	0
 1239 04da 14       		.uleb128 0x14
 1240 04db 9C020000 		.4byte	.LASF32
 1241 04df 01       		.byte	0x1
 1242 04e0 0B       		.byte	0xb
 1243 04e1 CA040000 		.4byte	0x4ca
 1244 04e5 05       		.uleb128 0x5
 1245 04e6 03       		.byte	0x3
 1246 04e7 00000000 		.4byte	valor
 1247 04eb 14       		.uleb128 0x14
 1248 04ec E4000000 		.4byte	.LASF33
 1249 04f0 01       		.byte	0x1
 1250 04f1 0C       		.byte	0xc
 1251 04f2 81000000 		.4byte	0x81
 1252 04f6 05       		.uleb128 0x5
 1253 04f7 03       		.byte	0x3
 1254 04f8 00000000 		.4byte	contador
 1255 04fc 14       		.uleb128 0x14
 1256 04fd 53010000 		.4byte	.LASF34
 1257 0501 01       		.byte	0x1
 1258 0502 0D       		.byte	0xd
 1259 0503 CB000000 		.4byte	0xcb
 1260 0507 05       		.uleb128 0x5
 1261 0508 03       		.byte	0x3
 1262 0509 00000000 		.4byte	counter
 1263 050d 14       		.uleb128 0x14
 1264 050e 5B000000 		.4byte	.LASF35
 1265 0512 01       		.byte	0x1
 1266 0513 0D       		.byte	0xd
ARM GAS  C:\Users\JEANPI~1\AppData\Local\Temp\cc5bCXIp.s 			page 27


 1267 0514 CB000000 		.4byte	0xcb
 1268 0518 05       		.uleb128 0x5
 1269 0519 03       		.byte	0x3
 1270 051a 00000000 		.4byte	event
 1271 051e 14       		.uleb128 0x14
 1272 051f 4E020000 		.4byte	.LASF36
 1273 0523 01       		.byte	0x1
 1274 0524 0E       		.byte	0xe
 1275 0525 C6000000 		.4byte	0xc6
 1276 0529 05       		.uleb128 0x5
 1277 052a 03       		.byte	0x3
 1278 052b 00000000 		.4byte	tiempo
 1279 052f 14       		.uleb128 0x14
 1280 0530 BC000000 		.4byte	.LASF37
 1281 0534 01       		.byte	0x1
 1282 0535 0F       		.byte	0xf
 1283 0536 CB000000 		.4byte	0xcb
 1284 053a 05       		.uleb128 0x5
 1285 053b 03       		.byte	0x3
 1286 053c 00000000 		.4byte	temp
 1287 0540 14       		.uleb128 0x14
 1288 0541 09010000 		.4byte	.LASF38
 1289 0545 01       		.byte	0x1
 1290 0546 0F       		.byte	0xf
 1291 0547 CB000000 		.4byte	0xcb
 1292 054b 05       		.uleb128 0x5
 1293 054c 03       		.byte	0x3
 1294 054d 00000000 		.4byte	diff1
 1295 0551 14       		.uleb128 0x14
 1296 0552 B0010000 		.4byte	.LASF39
 1297 0556 01       		.byte	0x1
 1298 0557 10       		.byte	0x10
 1299 0558 C6000000 		.4byte	0xc6
 1300 055c 05       		.uleb128 0x5
 1301 055d 03       		.byte	0x3
 1302 055e 00000000 		.4byte	pwm_Com
 1303 0562 14       		.uleb128 0x14
 1304 0563 19010000 		.4byte	.LASF40
 1305 0567 01       		.byte	0x1
 1306 0568 11       		.byte	0x11
 1307 0569 C6000000 		.4byte	0xc6
 1308 056d 05       		.uleb128 0x5
 1309 056e 03       		.byte	0x3
 1310 056f 00000000 		.4byte	speed
 1311 0573 14       		.uleb128 0x14
 1312 0574 80000000 		.4byte	.LASF41
 1313 0578 01       		.byte	0x1
 1314 0579 11       		.byte	0x11
 1315 057a C6000000 		.4byte	0xc6
 1316 057e 05       		.uleb128 0x5
 1317 057f 03       		.byte	0x3
 1318 0580 00000000 		.4byte	speed_read
 1319 0584 14       		.uleb128 0x14
 1320 0585 91000000 		.4byte	.LASF42
 1321 0589 01       		.byte	0x1
 1322 058a 12       		.byte	0x12
 1323 058b 68000000 		.4byte	0x68
ARM GAS  C:\Users\JEANPI~1\AppData\Local\Temp\cc5bCXIp.s 			page 28


 1324 058f 05       		.uleb128 0x5
 1325 0590 03       		.byte	0x3
 1326 0591 00000000 		.4byte	flag1
 1327 0595 14       		.uleb128 0x14
 1328 0596 B8010000 		.4byte	.LASF43
 1329 059a 01       		.byte	0x1
 1330 059b 13       		.byte	0x13
 1331 059c 68000000 		.4byte	0x68
 1332 05a0 05       		.uleb128 0x5
 1333 05a1 03       		.byte	0x3
 1334 05a2 00000000 		.4byte	flag_init
 1335 05a6 12       		.uleb128 0x12
 1336 05a7 BF000000 		.4byte	0xbf
 1337 05ab B6050000 		.4byte	0x5b6
 1338 05af 13       		.uleb128 0x13
 1339 05b0 D7000000 		.4byte	0xd7
 1340 05b4 0F       		.byte	0xf
 1341 05b5 00       		.byte	0
 1342 05b6 16       		.uleb128 0x16
 1343 05b7 73747200 		.ascii	"str\000"
 1344 05bb 01       		.byte	0x1
 1345 05bc 14       		.byte	0x14
 1346 05bd A6050000 		.4byte	0x5a6
 1347 05c1 05       		.uleb128 0x5
 1348 05c2 03       		.byte	0x3
 1349 05c3 00000000 		.4byte	str
 1350 05c7 14       		.uleb128 0x14
 1351 05c8 61000000 		.4byte	.LASF44
 1352 05cc 01       		.byte	0x1
 1353 05cd 14       		.byte	0x14
 1354 05ce A6050000 		.4byte	0x5a6
 1355 05d2 05       		.uleb128 0x5
 1356 05d3 03       		.byte	0x3
 1357 05d4 00000000 		.4byte	str2
 1358 05d8 17       		.uleb128 0x17
 1359 05d9 DD020000 		.4byte	.LASF45
 1360 05dd DD020000 		.4byte	.LASF45
 1361 05e1 06       		.byte	0x6
 1362 05e2 26       		.byte	0x26
 1363 05e3 17       		.uleb128 0x17
 1364 05e4 66000000 		.4byte	.LASF46
 1365 05e8 66000000 		.4byte	.LASF46
 1366 05ec 07       		.byte	0x7
 1367 05ed 28       		.byte	0x28
 1368 05ee 17       		.uleb128 0x17
 1369 05ef A2020000 		.4byte	.LASF47
 1370 05f3 A2020000 		.4byte	.LASF47
 1371 05f7 08       		.byte	0x8
 1372 05f8 29       		.byte	0x29
 1373 05f9 17       		.uleb128 0x17
 1374 05fa 3B010000 		.4byte	.LASF48
 1375 05fe 3B010000 		.4byte	.LASF48
 1376 0602 09       		.byte	0x9
 1377 0603 77       		.byte	0x77
 1378 0604 17       		.uleb128 0x17
 1379 0605 B3030000 		.4byte	.LASF49
 1380 0609 B3030000 		.4byte	.LASF49
ARM GAS  C:\Users\JEANPI~1\AppData\Local\Temp\cc5bCXIp.s 			page 29


 1381 060d 08       		.byte	0x8
 1382 060e 2B       		.byte	0x2b
 1383 060f 17       		.uleb128 0x17
 1384 0610 B9020000 		.4byte	.LASF50
 1385 0614 B9020000 		.4byte	.LASF50
 1386 0618 0A       		.byte	0xa
 1387 0619 3D       		.byte	0x3d
 1388 061a 17       		.uleb128 0x17
 1389 061b 2B010000 		.4byte	.LASF51
 1390 061f 2B010000 		.4byte	.LASF51
 1391 0623 0A       		.byte	0xa
 1392 0624 3C       		.byte	0x3c
 1393 0625 17       		.uleb128 0x17
 1394 0626 48000000 		.4byte	.LASF52
 1395 062a 48000000 		.4byte	.LASF52
 1396 062e 0B       		.byte	0xb
 1397 062f 14       		.byte	0x14
 1398 0630 17       		.uleb128 0x17
 1399 0631 AB030000 		.4byte	.LASF53
 1400 0635 AB030000 		.4byte	.LASF53
 1401 0639 09       		.byte	0x9
 1402 063a 76       		.byte	0x76
 1403 063b 17       		.uleb128 0x17
 1404 063c 7C020000 		.4byte	.LASF54
 1405 0640 7C020000 		.4byte	.LASF54
 1406 0644 0A       		.byte	0xa
 1407 0645 3E       		.byte	0x3e
 1408 0646 17       		.uleb128 0x17
 1409 0647 06000000 		.4byte	.LASF55
 1410 064b 06000000 		.4byte	.LASF55
 1411 064f 0C       		.byte	0xc
 1412 0650 26       		.byte	0x26
 1413 0651 17       		.uleb128 0x17
 1414 0652 1C020000 		.4byte	.LASF56
 1415 0656 1C020000 		.4byte	.LASF56
 1416 065a 0D       		.byte	0xd
 1417 065b 28       		.byte	0x28
 1418 065c 17       		.uleb128 0x17
 1419 065d 9F010000 		.4byte	.LASF57
 1420 0661 9F010000 		.4byte	.LASF57
 1421 0665 0E       		.byte	0xe
 1422 0666 C3       		.byte	0xc3
 1423 0667 17       		.uleb128 0x17
 1424 0668 22000000 		.4byte	.LASF58
 1425 066c 22000000 		.4byte	.LASF58
 1426 0670 0D       		.byte	0xd
 1427 0671 18       		.byte	0x18
 1428 0672 17       		.uleb128 0x17
 1429 0673 ED000000 		.4byte	.LASF59
 1430 0677 ED000000 		.4byte	.LASF59
 1431 067b 07       		.byte	0x7
 1432 067c 18       		.byte	0x18
 1433 067d 17       		.uleb128 0x17
 1434 067e FC020000 		.4byte	.LASF60
 1435 0682 FC020000 		.4byte	.LASF60
 1436 0686 0F       		.byte	0xf
 1437 0687 18       		.byte	0x18
ARM GAS  C:\Users\JEANPI~1\AppData\Local\Temp\cc5bCXIp.s 			page 30


 1438 0688 17       		.uleb128 0x17
 1439 0689 0F010000 		.4byte	.LASF61
 1440 068d 0F010000 		.4byte	.LASF61
 1441 0691 0A       		.byte	0xa
 1442 0692 38       		.byte	0x38
 1443 0693 17       		.uleb128 0x17
 1444 0694 AF020000 		.4byte	.LASF62
 1445 0698 AF020000 		.4byte	.LASF62
 1446 069c 0E       		.byte	0xe
 1447 069d 92       		.byte	0x92
 1448 069e 17       		.uleb128 0x17
 1449 069f CF000000 		.4byte	.LASF63
 1450 06a3 CF000000 		.4byte	.LASF63
 1451 06a7 10       		.byte	0x10
 1452 06a8 5A       		.byte	0x5a
 1453 06a9 17       		.uleb128 0x17
 1454 06aa 5B010000 		.4byte	.LASF64
 1455 06ae 5B010000 		.4byte	.LASF64
 1456 06b2 11       		.byte	0x11
 1457 06b3 E7       		.byte	0xe7
 1458 06b4 00       		.byte	0
 1459              		.section	.debug_abbrev,"",%progbits
 1460              	.Ldebug_abbrev0:
 1461 0000 01       		.uleb128 0x1
 1462 0001 11       		.uleb128 0x11
 1463 0002 01       		.byte	0x1
 1464 0003 25       		.uleb128 0x25
 1465 0004 0E       		.uleb128 0xe
 1466 0005 13       		.uleb128 0x13
 1467 0006 0B       		.uleb128 0xb
 1468 0007 03       		.uleb128 0x3
 1469 0008 0E       		.uleb128 0xe
 1470 0009 1B       		.uleb128 0x1b
 1471 000a 0E       		.uleb128 0xe
 1472 000b 55       		.uleb128 0x55
 1473 000c 17       		.uleb128 0x17
 1474 000d 11       		.uleb128 0x11
 1475 000e 01       		.uleb128 0x1
 1476 000f 10       		.uleb128 0x10
 1477 0010 17       		.uleb128 0x17
 1478 0011 00       		.byte	0
 1479 0012 00       		.byte	0
 1480 0013 02       		.uleb128 0x2
 1481 0014 24       		.uleb128 0x24
 1482 0015 00       		.byte	0
 1483 0016 0B       		.uleb128 0xb
 1484 0017 0B       		.uleb128 0xb
 1485 0018 3E       		.uleb128 0x3e
 1486 0019 0B       		.uleb128 0xb
 1487 001a 03       		.uleb128 0x3
 1488 001b 0E       		.uleb128 0xe
 1489 001c 00       		.byte	0
 1490 001d 00       		.byte	0
 1491 001e 03       		.uleb128 0x3
 1492 001f 16       		.uleb128 0x16
 1493 0020 00       		.byte	0
 1494 0021 03       		.uleb128 0x3
ARM GAS  C:\Users\JEANPI~1\AppData\Local\Temp\cc5bCXIp.s 			page 31


 1495 0022 0E       		.uleb128 0xe
 1496 0023 3A       		.uleb128 0x3a
 1497 0024 0B       		.uleb128 0xb
 1498 0025 3B       		.uleb128 0x3b
 1499 0026 0B       		.uleb128 0xb
 1500 0027 49       		.uleb128 0x49
 1501 0028 13       		.uleb128 0x13
 1502 0029 00       		.byte	0
 1503 002a 00       		.byte	0
 1504 002b 04       		.uleb128 0x4
 1505 002c 24       		.uleb128 0x24
 1506 002d 00       		.byte	0
 1507 002e 0B       		.uleb128 0xb
 1508 002f 0B       		.uleb128 0xb
 1509 0030 3E       		.uleb128 0x3e
 1510 0031 0B       		.uleb128 0xb
 1511 0032 03       		.uleb128 0x3
 1512 0033 08       		.uleb128 0x8
 1513 0034 00       		.byte	0
 1514 0035 00       		.byte	0
 1515 0036 05       		.uleb128 0x5
 1516 0037 16       		.uleb128 0x16
 1517 0038 00       		.byte	0
 1518 0039 03       		.uleb128 0x3
 1519 003a 0E       		.uleb128 0xe
 1520 003b 3A       		.uleb128 0x3a
 1521 003c 0B       		.uleb128 0xb
 1522 003d 3B       		.uleb128 0x3b
 1523 003e 05       		.uleb128 0x5
 1524 003f 49       		.uleb128 0x49
 1525 0040 13       		.uleb128 0x13
 1526 0041 00       		.byte	0
 1527 0042 00       		.byte	0
 1528 0043 06       		.uleb128 0x6
 1529 0044 35       		.uleb128 0x35
 1530 0045 00       		.byte	0
 1531 0046 49       		.uleb128 0x49
 1532 0047 13       		.uleb128 0x13
 1533 0048 00       		.byte	0
 1534 0049 00       		.byte	0
 1535 004a 07       		.uleb128 0x7
 1536 004b 2E       		.uleb128 0x2e
 1537 004c 01       		.byte	0x1
 1538 004d 3F       		.uleb128 0x3f
 1539 004e 19       		.uleb128 0x19
 1540 004f 03       		.uleb128 0x3
 1541 0050 0E       		.uleb128 0xe
 1542 0051 3A       		.uleb128 0x3a
 1543 0052 0B       		.uleb128 0xb
 1544 0053 3B       		.uleb128 0x3b
 1545 0054 0B       		.uleb128 0xb
 1546 0055 27       		.uleb128 0x27
 1547 0056 19       		.uleb128 0x19
 1548 0057 11       		.uleb128 0x11
 1549 0058 01       		.uleb128 0x1
 1550 0059 12       		.uleb128 0x12
 1551 005a 06       		.uleb128 0x6
ARM GAS  C:\Users\JEANPI~1\AppData\Local\Temp\cc5bCXIp.s 			page 32


 1552 005b 40       		.uleb128 0x40
 1553 005c 18       		.uleb128 0x18
 1554 005d 9742     		.uleb128 0x2117
 1555 005f 19       		.uleb128 0x19
 1556 0060 01       		.uleb128 0x1
 1557 0061 13       		.uleb128 0x13
 1558 0062 00       		.byte	0
 1559 0063 00       		.byte	0
 1560 0064 08       		.uleb128 0x8
 1561 0065 898201   		.uleb128 0x4109
 1562 0068 01       		.byte	0x1
 1563 0069 11       		.uleb128 0x11
 1564 006a 01       		.uleb128 0x1
 1565 006b 31       		.uleb128 0x31
 1566 006c 13       		.uleb128 0x13
 1567 006d 01       		.uleb128 0x1
 1568 006e 13       		.uleb128 0x13
 1569 006f 00       		.byte	0
 1570 0070 00       		.byte	0
 1571 0071 09       		.uleb128 0x9
 1572 0072 8A8201   		.uleb128 0x410a
 1573 0075 00       		.byte	0
 1574 0076 02       		.uleb128 0x2
 1575 0077 18       		.uleb128 0x18
 1576 0078 9142     		.uleb128 0x2111
 1577 007a 18       		.uleb128 0x18
 1578 007b 00       		.byte	0
 1579 007c 00       		.byte	0
 1580 007d 0A       		.uleb128 0xa
 1581 007e 898201   		.uleb128 0x4109
 1582 0081 00       		.byte	0
 1583 0082 11       		.uleb128 0x11
 1584 0083 01       		.uleb128 0x1
 1585 0084 31       		.uleb128 0x31
 1586 0085 13       		.uleb128 0x13
 1587 0086 00       		.byte	0
 1588 0087 00       		.byte	0
 1589 0088 0B       		.uleb128 0xb
 1590 0089 34       		.uleb128 0x34
 1591 008a 00       		.byte	0
 1592 008b 03       		.uleb128 0x3
 1593 008c 0E       		.uleb128 0xe
 1594 008d 3A       		.uleb128 0x3a
 1595 008e 0B       		.uleb128 0xb
 1596 008f 3B       		.uleb128 0x3b
 1597 0090 0B       		.uleb128 0xb
 1598 0091 49       		.uleb128 0x49
 1599 0092 13       		.uleb128 0x13
 1600 0093 02       		.uleb128 0x2
 1601 0094 17       		.uleb128 0x17
 1602 0095 00       		.byte	0
 1603 0096 00       		.byte	0
 1604 0097 0C       		.uleb128 0xc
 1605 0098 34       		.uleb128 0x34
 1606 0099 00       		.byte	0
 1607 009a 03       		.uleb128 0x3
 1608 009b 08       		.uleb128 0x8
ARM GAS  C:\Users\JEANPI~1\AppData\Local\Temp\cc5bCXIp.s 			page 33


 1609 009c 3A       		.uleb128 0x3a
 1610 009d 0B       		.uleb128 0xb
 1611 009e 3B       		.uleb128 0x3b
 1612 009f 0B       		.uleb128 0xb
 1613 00a0 49       		.uleb128 0x49
 1614 00a1 13       		.uleb128 0x13
 1615 00a2 02       		.uleb128 0x2
 1616 00a3 17       		.uleb128 0x17
 1617 00a4 00       		.byte	0
 1618 00a5 00       		.byte	0
 1619 00a6 0D       		.uleb128 0xd
 1620 00a7 2E       		.uleb128 0x2e
 1621 00a8 00       		.byte	0
 1622 00a9 3F       		.uleb128 0x3f
 1623 00aa 19       		.uleb128 0x19
 1624 00ab 03       		.uleb128 0x3
 1625 00ac 0E       		.uleb128 0xe
 1626 00ad 3A       		.uleb128 0x3a
 1627 00ae 0B       		.uleb128 0xb
 1628 00af 3B       		.uleb128 0x3b
 1629 00b0 0B       		.uleb128 0xb
 1630 00b1 11       		.uleb128 0x11
 1631 00b2 01       		.uleb128 0x1
 1632 00b3 12       		.uleb128 0x12
 1633 00b4 06       		.uleb128 0x6
 1634 00b5 40       		.uleb128 0x40
 1635 00b6 18       		.uleb128 0x18
 1636 00b7 9742     		.uleb128 0x2117
 1637 00b9 19       		.uleb128 0x19
 1638 00ba 00       		.byte	0
 1639 00bb 00       		.byte	0
 1640 00bc 0E       		.uleb128 0xe
 1641 00bd 2E       		.uleb128 0x2e
 1642 00be 01       		.byte	0x1
 1643 00bf 3F       		.uleb128 0x3f
 1644 00c0 19       		.uleb128 0x19
 1645 00c1 03       		.uleb128 0x3
 1646 00c2 0E       		.uleb128 0xe
 1647 00c3 3A       		.uleb128 0x3a
 1648 00c4 0B       		.uleb128 0xb
 1649 00c5 3B       		.uleb128 0x3b
 1650 00c6 0B       		.uleb128 0xb
 1651 00c7 11       		.uleb128 0x11
 1652 00c8 01       		.uleb128 0x1
 1653 00c9 12       		.uleb128 0x12
 1654 00ca 06       		.uleb128 0x6
 1655 00cb 40       		.uleb128 0x40
 1656 00cc 18       		.uleb128 0x18
 1657 00cd 9742     		.uleb128 0x2117
 1658 00cf 19       		.uleb128 0x19
 1659 00d0 01       		.uleb128 0x1
 1660 00d1 13       		.uleb128 0x13
 1661 00d2 00       		.byte	0
 1662 00d3 00       		.byte	0
 1663 00d4 0F       		.uleb128 0xf
 1664 00d5 2E       		.uleb128 0x2e
 1665 00d6 01       		.byte	0x1
ARM GAS  C:\Users\JEANPI~1\AppData\Local\Temp\cc5bCXIp.s 			page 34


 1666 00d7 3F       		.uleb128 0x3f
 1667 00d8 19       		.uleb128 0x19
 1668 00d9 03       		.uleb128 0x3
 1669 00da 0E       		.uleb128 0xe
 1670 00db 3A       		.uleb128 0x3a
 1671 00dc 0B       		.uleb128 0xb
 1672 00dd 3B       		.uleb128 0x3b
 1673 00de 0B       		.uleb128 0xb
 1674 00df 27       		.uleb128 0x27
 1675 00e0 19       		.uleb128 0x19
 1676 00e1 49       		.uleb128 0x49
 1677 00e2 13       		.uleb128 0x13
 1678 00e3 8701     		.uleb128 0x87
 1679 00e5 19       		.uleb128 0x19
 1680 00e6 11       		.uleb128 0x11
 1681 00e7 01       		.uleb128 0x1
 1682 00e8 12       		.uleb128 0x12
 1683 00e9 06       		.uleb128 0x6
 1684 00ea 40       		.uleb128 0x40
 1685 00eb 18       		.uleb128 0x18
 1686 00ec 9742     		.uleb128 0x2117
 1687 00ee 19       		.uleb128 0x19
 1688 00ef 01       		.uleb128 0x1
 1689 00f0 13       		.uleb128 0x13
 1690 00f1 00       		.byte	0
 1691 00f2 00       		.byte	0
 1692 00f3 10       		.uleb128 0x10
 1693 00f4 34       		.uleb128 0x34
 1694 00f5 00       		.byte	0
 1695 00f6 03       		.uleb128 0x3
 1696 00f7 08       		.uleb128 0x8
 1697 00f8 3A       		.uleb128 0x3a
 1698 00f9 0B       		.uleb128 0xb
 1699 00fa 3B       		.uleb128 0x3b
 1700 00fb 0B       		.uleb128 0xb
 1701 00fc 49       		.uleb128 0x49
 1702 00fd 13       		.uleb128 0x13
 1703 00fe 00       		.byte	0
 1704 00ff 00       		.byte	0
 1705 0100 11       		.uleb128 0x11
 1706 0101 898201   		.uleb128 0x4109
 1707 0104 01       		.byte	0x1
 1708 0105 11       		.uleb128 0x11
 1709 0106 01       		.uleb128 0x1
 1710 0107 31       		.uleb128 0x31
 1711 0108 13       		.uleb128 0x13
 1712 0109 00       		.byte	0
 1713 010a 00       		.byte	0
 1714 010b 12       		.uleb128 0x12
 1715 010c 01       		.uleb128 0x1
 1716 010d 01       		.byte	0x1
 1717 010e 49       		.uleb128 0x49
 1718 010f 13       		.uleb128 0x13
 1719 0110 01       		.uleb128 0x1
 1720 0111 13       		.uleb128 0x13
 1721 0112 00       		.byte	0
 1722 0113 00       		.byte	0
ARM GAS  C:\Users\JEANPI~1\AppData\Local\Temp\cc5bCXIp.s 			page 35


 1723 0114 13       		.uleb128 0x13
 1724 0115 21       		.uleb128 0x21
 1725 0116 00       		.byte	0
 1726 0117 49       		.uleb128 0x49
 1727 0118 13       		.uleb128 0x13
 1728 0119 2F       		.uleb128 0x2f
 1729 011a 0B       		.uleb128 0xb
 1730 011b 00       		.byte	0
 1731 011c 00       		.byte	0
 1732 011d 14       		.uleb128 0x14
 1733 011e 34       		.uleb128 0x34
 1734 011f 00       		.byte	0
 1735 0120 03       		.uleb128 0x3
 1736 0121 0E       		.uleb128 0xe
 1737 0122 3A       		.uleb128 0x3a
 1738 0123 0B       		.uleb128 0xb
 1739 0124 3B       		.uleb128 0x3b
 1740 0125 0B       		.uleb128 0xb
 1741 0126 49       		.uleb128 0x49
 1742 0127 13       		.uleb128 0x13
 1743 0128 3F       		.uleb128 0x3f
 1744 0129 19       		.uleb128 0x19
 1745 012a 02       		.uleb128 0x2
 1746 012b 18       		.uleb128 0x18
 1747 012c 00       		.byte	0
 1748 012d 00       		.byte	0
 1749 012e 15       		.uleb128 0x15
 1750 012f 34       		.uleb128 0x34
 1751 0130 00       		.byte	0
 1752 0131 03       		.uleb128 0x3
 1753 0132 0E       		.uleb128 0xe
 1754 0133 3A       		.uleb128 0x3a
 1755 0134 0B       		.uleb128 0xb
 1756 0135 3B       		.uleb128 0x3b
 1757 0136 05       		.uleb128 0x5
 1758 0137 49       		.uleb128 0x49
 1759 0138 13       		.uleb128 0x13
 1760 0139 3F       		.uleb128 0x3f
 1761 013a 19       		.uleb128 0x19
 1762 013b 3C       		.uleb128 0x3c
 1763 013c 19       		.uleb128 0x19
 1764 013d 00       		.byte	0
 1765 013e 00       		.byte	0
 1766 013f 16       		.uleb128 0x16
 1767 0140 34       		.uleb128 0x34
 1768 0141 00       		.byte	0
 1769 0142 03       		.uleb128 0x3
 1770 0143 08       		.uleb128 0x8
 1771 0144 3A       		.uleb128 0x3a
 1772 0145 0B       		.uleb128 0xb
 1773 0146 3B       		.uleb128 0x3b
 1774 0147 0B       		.uleb128 0xb
 1775 0148 49       		.uleb128 0x49
 1776 0149 13       		.uleb128 0x13
 1777 014a 3F       		.uleb128 0x3f
 1778 014b 19       		.uleb128 0x19
 1779 014c 02       		.uleb128 0x2
ARM GAS  C:\Users\JEANPI~1\AppData\Local\Temp\cc5bCXIp.s 			page 36


 1780 014d 18       		.uleb128 0x18
 1781 014e 00       		.byte	0
 1782 014f 00       		.byte	0
 1783 0150 17       		.uleb128 0x17
 1784 0151 2E       		.uleb128 0x2e
 1785 0152 00       		.byte	0
 1786 0153 3F       		.uleb128 0x3f
 1787 0154 19       		.uleb128 0x19
 1788 0155 3C       		.uleb128 0x3c
 1789 0156 19       		.uleb128 0x19
 1790 0157 6E       		.uleb128 0x6e
 1791 0158 0E       		.uleb128 0xe
 1792 0159 03       		.uleb128 0x3
 1793 015a 0E       		.uleb128 0xe
 1794 015b 3A       		.uleb128 0x3a
 1795 015c 0B       		.uleb128 0xb
 1796 015d 3B       		.uleb128 0x3b
 1797 015e 0B       		.uleb128 0xb
 1798 015f 00       		.byte	0
 1799 0160 00       		.byte	0
 1800 0161 00       		.byte	0
 1801              		.section	.debug_loc,"",%progbits
 1802              	.Ldebug_loc0:
 1803              	.LLST0:
 1804 0000 02000000 		.4byte	.LVL3
 1805 0004 0A000000 		.4byte	.LVL5
 1806 0008 0200     		.2byte	0x2
 1807 000a 30       		.byte	0x30
 1808 000b 9F       		.byte	0x9f
 1809 000c 0A000000 		.4byte	.LVL5
 1810 0010 16000000 		.4byte	.LVL7
 1811 0014 0200     		.2byte	0x2
 1812 0016 31       		.byte	0x31
 1813 0017 9F       		.byte	0x9f
 1814 0018 16000000 		.4byte	.LVL7
 1815 001c 18000000 		.4byte	.LVL8
 1816 0020 0200     		.2byte	0x2
 1817 0022 30       		.byte	0x30
 1818 0023 9F       		.byte	0x9f
 1819 0024 18000000 		.4byte	.LVL8
 1820 0028 1E000000 		.4byte	.LVL9
 1821 002c 0100     		.2byte	0x1
 1822 002e 53       		.byte	0x53
 1823 002f 00000000 		.4byte	0
 1824 0033 00000000 		.4byte	0
 1825              	.LLST1:
 1826 0037 02000000 		.4byte	.LVL11
 1827 003b 08000000 		.4byte	.LVL12
 1828 003f 0200     		.2byte	0x2
 1829 0041 30       		.byte	0x30
 1830 0042 9F       		.byte	0x9f
 1831 0043 08000000 		.4byte	.LVL12
 1832 0047 68000000 		.4byte	.LVL26
 1833 004b 0100     		.2byte	0x1
 1834 004d 56       		.byte	0x56
 1835 004e 68000000 		.4byte	.LVL26
 1836 0052 80000000 		.4byte	.LVL29
ARM GAS  C:\Users\JEANPI~1\AppData\Local\Temp\cc5bCXIp.s 			page 37


 1837 0056 0200     		.2byte	0x2
 1838 0058 31       		.byte	0x31
 1839 0059 9F       		.byte	0x9f
 1840 005a 80000000 		.4byte	.LVL29
 1841 005e 8C000000 		.4byte	.LVL30
 1842 0062 0100     		.2byte	0x1
 1843 0064 56       		.byte	0x56
 1844 0065 00000000 		.4byte	0
 1845 0069 00000000 		.4byte	0
 1846              	.LLST2:
 1847 006d 02000000 		.4byte	.LVL11
 1848 0071 08000000 		.4byte	.LVL12
 1849 0075 0200     		.2byte	0x2
 1850 0077 30       		.byte	0x30
 1851 0078 9F       		.byte	0x9f
 1852 0079 08000000 		.4byte	.LVL12
 1853 007d 8C000000 		.4byte	.LVL30
 1854 0081 0100     		.2byte	0x1
 1855 0083 55       		.byte	0x55
 1856 0084 00000000 		.4byte	0
 1857 0088 00000000 		.4byte	0
 1858              	.LLST3:
 1859 008c 1C000000 		.4byte	.LVL16
 1860 0090 70000000 		.4byte	.LVL27
 1861 0094 0100     		.2byte	0x1
 1862 0096 54       		.byte	0x54
 1863 0097 00000000 		.4byte	0
 1864 009b 00000000 		.4byte	0
 1865              		.section	.debug_aranges,"",%progbits
 1866 0000 4C000000 		.4byte	0x4c
 1867 0004 0200     		.2byte	0x2
 1868 0006 00000000 		.4byte	.Ldebug_info0
 1869 000a 04       		.byte	0x4
 1870 000b 00       		.byte	0
 1871 000c 0000     		.2byte	0
 1872 000e 0000     		.2byte	0
 1873 0010 00000000 		.4byte	.LFB67
 1874 0014 54000000 		.4byte	.LFE67-.LFB67
 1875 0018 00000000 		.4byte	.LFB68
 1876 001c 2C000000 		.4byte	.LFE68-.LFB68
 1877 0020 00000000 		.4byte	.LFB69
 1878 0024 A0000000 		.4byte	.LFE69-.LFB69
 1879 0028 00000000 		.4byte	.LFB64
 1880 002c 02000000 		.4byte	.LFE64-.LFB64
 1881 0030 00000000 		.4byte	.LFB65
 1882 0034 14000000 		.4byte	.LFE65-.LFB65
 1883 0038 00000000 		.4byte	.LFB66
 1884 003c 3C000000 		.4byte	.LFE66-.LFB66
 1885 0040 00000000 		.4byte	.LFB70
 1886 0044 B4000000 		.4byte	.LFE70-.LFB70
 1887 0048 00000000 		.4byte	0
 1888 004c 00000000 		.4byte	0
 1889              		.section	.debug_ranges,"",%progbits
 1890              	.Ldebug_ranges0:
 1891 0000 00000000 		.4byte	.LFB67
 1892 0004 54000000 		.4byte	.LFE67
 1893 0008 00000000 		.4byte	.LFB68
ARM GAS  C:\Users\JEANPI~1\AppData\Local\Temp\cc5bCXIp.s 			page 38


 1894 000c 2C000000 		.4byte	.LFE68
 1895 0010 00000000 		.4byte	.LFB69
 1896 0014 A0000000 		.4byte	.LFE69
 1897 0018 00000000 		.4byte	.LFB64
 1898 001c 02000000 		.4byte	.LFE64
 1899 0020 00000000 		.4byte	.LFB65
 1900 0024 14000000 		.4byte	.LFE65
 1901 0028 00000000 		.4byte	.LFB66
 1902 002c 3C000000 		.4byte	.LFE66
 1903 0030 00000000 		.4byte	.LFB70
 1904 0034 B4000000 		.4byte	.LFE70
 1905 0038 00000000 		.4byte	0
 1906 003c 00000000 		.4byte	0
 1907              		.section	.debug_line,"",%progbits
 1908              	.Ldebug_line0:
 1909 0000 1E030000 		.section	.debug_str,"MS",%progbits,1
 1909      02005102 
 1909      00000201 
 1909      FB0E0D00 
 1909      01010101 
 1910              	.LASF24:
 1911 0000 76616C69 		.ascii	"valid\000"
 1911      6400
 1912              	.LASF55:
 1913 0006 6E756D5F 		.ascii	"num_control_Write\000"
 1913      636F6E74 
 1913      726F6C5F 
 1913      57726974 
 1913      6500
 1914              	.LASF2:
 1915 0018 73686F72 		.ascii	"short int\000"
 1915      7420696E 
 1915      7400
 1916              	.LASF58:
 1917 0022 6973725F 		.ascii	"isr_press_StartEx\000"
 1917      70726573 
 1917      735F5374 
 1917      61727445 
 1917      7800
 1918              	.LASF19:
 1919 0034 73697A65 		.ascii	"sizetype\000"
 1919      74797065 
 1919      00
 1920              	.LASF16:
 1921 003d 63686172 		.ascii	"char8\000"
 1921      3800
 1922              	.LASF69:
 1923 0043 6D61696E 		.ascii	"main\000"
 1923      00
 1924              	.LASF52:
 1925 0048 4B657970 		.ascii	"Keypad_1_GetButton\000"
 1925      61645F31 
 1925      5F476574 
 1925      42757474 
 1925      6F6E00
 1926              	.LASF35:
 1927 005b 6576656E 		.ascii	"event\000"
ARM GAS  C:\Users\JEANPI~1\AppData\Local\Temp\cc5bCXIp.s 			page 39


 1927      7400
 1928              	.LASF44:
 1929 0061 73747232 		.ascii	"str2\000"
 1929      00
 1930              	.LASF46:
 1931 0066 6973725F 		.ascii	"isr_1_ClearPending\000"
 1931      315F436C 
 1931      65617250 
 1931      656E6469 
 1931      6E6700
 1932              	.LASF12:
 1933 0079 75696E74 		.ascii	"uint16\000"
 1933      313600
 1934              	.LASF41:
 1935 0080 73706565 		.ascii	"speed_read\000"
 1935      645F7265 
 1935      616400
 1936              	.LASF11:
 1937 008b 75696E74 		.ascii	"uint8\000"
 1937      3800
 1938              	.LASF42:
 1939 0091 666C6167 		.ascii	"flag1\000"
 1939      3100
 1940              	.LASF23:
 1941 0097 666C6167 		.ascii	"flag2\000"
 1941      3200
 1942              	.LASF31:
 1943 009d 666C6167 		.ascii	"flag_cont\000"
 1943      5F636F6E 
 1943      7400
 1944              	.LASF25:
 1945 00a7 636F6E74 		.ascii	"cont\000"
 1945      00
 1946              	.LASF14:
 1947 00ac 666C6F61 		.ascii	"float\000"
 1947      7400
 1948              	.LASF22:
 1949 00b2 70726573 		.ascii	"press_ISR\000"
 1949      735F4953 
 1949      5200
 1950              	.LASF37:
 1951 00bc 74656D70 		.ascii	"temp\000"
 1951      00
 1952              	.LASF6:
 1953 00c1 6C6F6E67 		.ascii	"long long int\000"
 1953      206C6F6E 
 1953      6720696E 
 1953      7400
 1954              	.LASF63:
 1955 00cf 54696D65 		.ascii	"Timer_Start\000"
 1955      725F5374 
 1955      61727400 
 1956              	.LASF4:
 1957 00db 6C6F6E67 		.ascii	"long int\000"
 1957      20696E74 
 1957      00
 1958              	.LASF33:
ARM GAS  C:\Users\JEANPI~1\AppData\Local\Temp\cc5bCXIp.s 			page 40


 1959 00e4 636F6E74 		.ascii	"contador\000"
 1959      61646F72 
 1959      00
 1960              	.LASF59:
 1961 00ed 6973725F 		.ascii	"isr_1_StartEx\000"
 1961      315F5374 
 1961      61727445 
 1961      7800
 1962              	.LASF1:
 1963 00fb 756E7369 		.ascii	"unsigned char\000"
 1963      676E6564 
 1963      20636861 
 1963      7200
 1964              	.LASF38:
 1965 0109 64696666 		.ascii	"diff1\000"
 1965      3100
 1966              	.LASF61:
 1967 010f 4C43445F 		.ascii	"LCD_Start\000"
 1967      53746172 
 1967      7400
 1968              	.LASF40:
 1969 0119 73706565 		.ascii	"speed\000"
 1969      6400
 1970              	.LASF18:
 1971 011f 6C6F6E67 		.ascii	"long double\000"
 1971      20646F75 
 1971      626C6500 
 1972              	.LASF51:
 1973 012b 4C43445F 		.ascii	"LCD_PrintString\000"
 1973      5072696E 
 1973      74537472 
 1973      696E6700 
 1974              	.LASF48:
 1975 013b 43794465 		.ascii	"CyDelayUs\000"
 1975      6C617955 
 1975      7300
 1976              	.LASF68:
 1977 0145 436F6E76 		.ascii	"Convert_Speed\000"
 1977      6572745F 
 1977      53706565 
 1977      6400
 1978              	.LASF34:
 1979 0153 636F756E 		.ascii	"counter\000"
 1979      74657200 
 1980              	.LASF64:
 1981 015b 73707269 		.ascii	"sprintf\000"
 1981      6E746600 
 1982              	.LASF0:
 1983 0163 7369676E 		.ascii	"signed char\000"
 1983      65642063 
 1983      68617200 
 1984              	.LASF7:
 1985 016f 6C6F6E67 		.ascii	"long long unsigned int\000"
 1985      206C6F6E 
 1985      6720756E 
 1985      7369676E 
 1985      65642069 
ARM GAS  C:\Users\JEANPI~1\AppData\Local\Temp\cc5bCXIp.s 			page 41


 1986              	.LASF8:
 1987 0186 756E7369 		.ascii	"unsigned int\000"
 1987      676E6564 
 1987      20696E74 
 1987      00
 1988              	.LASF21:
 1989 0193 456E636F 		.ascii	"Encoder_ISR\000"
 1989      6465725F 
 1989      49535200 
 1990              	.LASF57:
 1991 019f 50574D5F 		.ascii	"PWM_WriteCompare\000"
 1991      57726974 
 1991      65436F6D 
 1991      70617265 
 1991      00
 1992              	.LASF39:
 1993 01b0 70776D5F 		.ascii	"pwm_Com\000"
 1993      436F6D00 
 1994              	.LASF43:
 1995 01b8 666C6167 		.ascii	"flag_init\000"
 1995      5F696E69 
 1995      7400
 1996              	.LASF67:
 1997 01c2 433A5C55 		.ascii	"C:\\Users\\jeanpierre\\Documents\\PSoC Creator\\tec"
 1997      73657273 
 1997      5C6A6561 
 1997      6E706965 
 1997      7272655C 
 1998 01f0 6C61646F 		.ascii	"lado\\Lab5_VelocidadMotor\\teclado.cydsn\000"
 1998      5C4C6162 
 1998      355F5665 
 1998      6C6F6369 
 1998      6461644D 
 1999              	.LASF17:
 2000 0217 63686172 		.ascii	"char\000"
 2000      00
 2001              	.LASF56:
 2002 021c 6973725F 		.ascii	"isr_press_ClearPending\000"
 2002      70726573 
 2002      735F436C 
 2002      65617250 
 2002      656E6469 
 2003              	.LASF10:
 2004 0233 696E7433 		.ascii	"int32_t\000"
 2004      325F7400 
 2005              	.LASF3:
 2006 023b 73686F72 		.ascii	"short unsigned int\000"
 2006      7420756E 
 2006      7369676E 
 2006      65642069 
 2006      6E7400
 2007              	.LASF36:
 2008 024e 7469656D 		.ascii	"tiempo\000"
 2008      706F00
 2009              	.LASF13:
 2010 0255 75696E74 		.ascii	"uint32\000"
 2010      333200
ARM GAS  C:\Users\JEANPI~1\AppData\Local\Temp\cc5bCXIp.s 			page 42


 2011              	.LASF66:
 2012 025c 6D61696E 		.ascii	"main.c\000"
 2012      2E6300
 2013              	.LASF5:
 2014 0263 6C6F6E67 		.ascii	"long unsigned int\000"
 2014      20756E73 
 2014      69676E65 
 2014      6420696E 
 2014      7400
 2015              	.LASF15:
 2016 0275 646F7562 		.ascii	"double\000"
 2016      6C6500
 2017              	.LASF54:
 2018 027c 4C43445F 		.ascii	"LCD_PutChar\000"
 2018      50757443 
 2018      68617200 
 2019              	.LASF20:
 2020 0288 54696D65 		.ascii	"Timer_ISR\000"
 2020      725F4953 
 2020      5200
 2021              	.LASF9:
 2022 0292 5F5F696E 		.ascii	"__int32_t\000"
 2022      7433325F 
 2022      7400
 2023              	.LASF32:
 2024 029c 76616C6F 		.ascii	"valor\000"
 2024      7200
 2025              	.LASF47:
 2026 02a2 456E636F 		.ascii	"Encoder_Read\000"
 2026      6465725F 
 2026      52656164 
 2026      00
 2027              	.LASF62:
 2028 02af 50574D5F 		.ascii	"PWM_Start\000"
 2028      53746172 
 2028      7400
 2029              	.LASF50:
 2030 02b9 4C43445F 		.ascii	"LCD_Position\000"
 2030      506F7369 
 2030      74696F6E 
 2030      00
 2031              	.LASF28:
 2032 02c6 4B657970 		.ascii	"Keypad_1_Key\000"
 2032      61645F31 
 2032      5F4B6579 
 2032      00
 2033              	.LASF26:
 2034 02d3 5365745F 		.ascii	"Set_Speed\000"
 2034      53706565 
 2034      6400
 2035              	.LASF45:
 2036 02dd 50696E5F 		.ascii	"Pin_1_Write\000"
 2036      315F5772 
 2036      69746500 
 2037              	.LASF27:
 2038 02e9 436F6E74 		.ascii	"Control_Motor\000"
 2038      726F6C5F 
ARM GAS  C:\Users\JEANPI~1\AppData\Local\Temp\cc5bCXIp.s 			page 43


 2038      4D6F746F 
 2038      7200
 2039              	.LASF30:
 2040 02f7 666C6167 		.ascii	"flag\000"
 2040      00
 2041              	.LASF60:
 2042 02fc 6973725F 		.ascii	"isr_Encoder_StartEx\000"
 2042      456E636F 
 2042      6465725F 
 2042      53746172 
 2042      74457800 
 2043              	.LASF29:
 2044 0310 49544D5F 		.ascii	"ITM_RxBuffer\000"
 2044      52784275 
 2044      66666572 
 2044      00
 2045              	.LASF65:
 2046 031d 474E5520 		.ascii	"GNU C11 5.4.1 20160609 (release) [ARM/embedded-5-br"
 2046      43313120 
 2046      352E342E 
 2046      31203230 
 2046      31363036 
 2047 0350 616E6368 		.ascii	"anch revision 237715] -mcpu=cortex-m3 -mthumb -g -O"
 2047      20726576 
 2047      6973696F 
 2047      6E203233 
 2047      37373135 
 2048 0383 67202D66 		.ascii	"g -ffunction-sections -ffat-lto-objects\000"
 2048      66756E63 
 2048      74696F6E 
 2048      2D736563 
 2048      74696F6E 
 2049              	.LASF53:
 2050 03ab 43794465 		.ascii	"CyDelay\000"
 2050      6C617900 
 2051              	.LASF49:
 2052 03b3 456E636F 		.ascii	"Encoder_ClearInterrupt\000"
 2052      6465725F 
 2052      436C6561 
 2052      72496E74 
 2052      65727275 
 2053              		.ident	"GCC: (GNU Tools for ARM Embedded Processors) 5.4.1 20160609 (release) [ARM/embedded-5-bran
